<?xml version="1.0" encoding="UTF-8"?><TestSessionContainer xmlns="http://www.codecover.org/xml/testsession-container" Date="1620809166346" TestSessionContainerId="f324dab9-80a7-4583-9a78-04c2d54f316e" version="1.0">
<SrcFileList>
<SrcFile Content="package libFSTest.session;&#13;&#10;&#13;&#10;&#13;&#10;&#13;&#10;import libFSTest.session.Test_session.Result;&#13;&#10;&#13;&#10;&#13;&#10;/**&#13;&#10; * Algoritmo PEST &#13;&#10; */&#13;&#10;&#13;&#10;public class BestPestElaboratorNew extends PestBase {&#13;&#10;&#13;&#10;&#9;private int nextDepth=-1;&#13;&#10;&#9;public int getNextDepth() {&#13;&#10;&#9;&#9;return nextDepth;&#13;&#10;&#9;}&#13;&#10;&#13;&#10;&#9;public void setNextDepth(int nextDepth) {&#13;&#10;&#9;&#9;if(nextDepth&lt;=maxDepth &amp;&amp; nextDepth&gt;=rightLimit)&#13;&#10;&#9;&#9;&#9;this.nextDepth = nextDepth;&#13;&#10;&#9;&#9;else&#13;&#10;&#9;&#9;&#9;throw new IllegalArgumentException();&#13;&#10;&#9;}&#13;&#10;&#13;&#10;&#9;private int maxDepth=-1;&#13;&#10;&#9;private int leftLimit=-1;&#13;&#10;&#9;protected int rightLimit=-1;&#13;&#10;&#9;private int chance=-1;&#13;&#10;&#9;private double value=-1;&#13;&#10;&#13;&#10;&#9;&#13;&#10;&#13;&#10;&#9;public BestPestElaboratorNew(int maxValue,int minValue) {&#13;&#10;&#9;&#9;certifierStatus = new CertifierStatus();&#13;&#10;&#9;&#9;if (maxValue &gt;= 1)&#13;&#10;&#9;&#9;&#9;certifierStatus.currentDepth = maxValue;&#13;&#10;&#9;&#9;else&#13;&#10;&#9;&#9;&#9;throw new IllegalArgumentException();&#13;&#10;&#9;&#9;if(minValue&lt;1 || minValue&gt;maxValue) {&#13;&#10;&#9;&#9;&#9;minValue=maxValue;&#13;&#10;&#9;&#9;}&#13;&#10;&#9;&#9;maxDepth = maxValue;&#13;&#10;&#9;&#9;leftLimit = maxValue;&#13;&#10;&#9;&#9;rightLimit = minValue;&#13;&#10;&#9;&#9;nextDepth=maxValue;&#13;&#10;&#9;&#9;chance = 1;&#13;&#10;&#13;&#10;&#9;&#9;certifierStatus.currentResult = Result.CONTINUA;&#13;&#10;&#9;}&#13;&#10;&#13;&#10;&#9;&#13;&#10;&#9;@Override&#13;&#10;&#9;void computeNextDepth(PestBase.Soluzione solution) {&#13;&#10;&#9;&#9;&#13;&#10;&#13;&#10;&#9;&#9;if (solution == PestBase.Soluzione.SBAGLIATA &amp;&amp; chance &gt; 0 &amp;&amp; certifierStatus.currentDepth == maxDepth) {&#13;&#10;&#9;&#9;&#9;chance--;&#13;&#10;&#9;&#9;} else if (solution == PestBase.Soluzione.SBAGLIATA &amp;&amp; chance == 0&#13;&#10;&#9;&#9;&#9;&#9;&amp;&amp; certifierStatus.currentDepth == maxDepth) {&#13;&#10;&#9;&#9;&#9;certifierStatus.currentResult = Result.FINE_NON_CERTIFICATA;&#13;&#10;&#9;&#9;} else if (solution == PestBase.Soluzione.STOP) {&#13;&#10;&#9;&#9;&#9;// Nothing (end button)&#13;&#10;&#9;&#9;&#9;certifierStatus.currentResult=Result.FINE_NON_CERTIFICATA;&#13;&#10;&#9;&#9;} else if (solution == PestBase.Soluzione.GIUSTA) {&#13;&#10;&#9;&#9;&#9;leftLimit = certifierStatus.currentDepth;&#13;&#10;&#13;&#10;&#9;&#9;&#9;// Numerical rounding (Floor: round down)&#13;&#10;&#9;&#9;&#9;value = ((double) leftLimit + rightLimit) / 2;&#13;&#10;&#9;&#9;&#9;nextDepth = (int) (Math.floor(value));&#13;&#10;&#13;&#10;&#9;&#9;&#9;// Next depth&#13;&#10;&#9;&#9;&#9;certifierStatus.currentDepth = nextDepth;&#13;&#10;&#13;&#10;&#9;&#9;&#9;if ((leftLimit - rightLimit) &lt;= 1) {&#13;&#10;&#9;&#9;&#9;&#9;certifierStatus.currentResult = Result.FINE_CERTIFICATA;&#13;&#10;&#9;&#9;&#9;&#9;certifierStatus.currentDepth = leftLimit;&#13;&#10;&#9;&#9;&#9;}&#13;&#10;&#9;&#9;} else {&#13;&#10;&#9;&#9;&#9;rightLimit = certifierStatus.currentDepth;&#13;&#10;&#13;&#10;&#9;&#9;&#9;// Numerical rounding (Ceil: round up)&#13;&#10;&#9;&#9;&#9;value = ((double) leftLimit + rightLimit) / 2;&#13;&#10;&#9;&#9;&#9;nextDepth = (int) (Math.ceil(value));&#13;&#10;&#13;&#10;&#9;&#9;&#9;// Next depth&#13;&#10;&#9;&#9;&#9;certifierStatus.currentDepth = nextDepth;&#13;&#10;&#13;&#10;&#9;&#9;&#9;if ((leftLimit - rightLimit) &lt;= 1) {&#13;&#10;&#9;&#9;&#9;&#9;certifierStatus.currentResult = Result.FINE_CERTIFICATA;&#13;&#10;&#9;&#9;&#9;&#9;certifierStatus.currentDepth = leftLimit;&#13;&#10;&#9;&#9;&#9;}&#13;&#10;&#9;&#9;}&#13;&#10;&#9;}&#13;&#10;&#13;&#10;&#9;@Override&#13;&#10;&#9;public CertifierStatus getCurrentStatus() {&#13;&#10;&#9;&#9;assert maxDepth!=-1;&#13;&#10;&#9;&#9;return certifierStatus;&#13;&#10;&#9;}&#13;&#10;}&#13;&#10;" Filename="BestPestElaboratorNew.java" Intrnl_Id="1"/>
<SrcFile Content="package libFSTest.session;&#13;&#10;&#13;&#10;import java.util.ArrayList;&#13;&#10;import java.util.Date;&#13;&#10;import java.util.List;&#13;&#10;&#13;&#10;import libFSTest.session.PestBase.CertifierStatus;&#13;&#10;import libFSTest.test.DatiGenerazione;&#13;&#10;import libFSTest.test.FSTest.Scelta;&#13;&#10;&#13;&#10;public class Test_session{&#13;&#10;&#9;&#13;&#10;    private static DatiGenerazione risultato=new DatiGenerazione();&#13;&#10;&#9;/** the tester. */&#13;&#10;&#9;private static BestPestElaboratorNew testElab;&#13;&#10;&#9;&#13;&#10;&#9;// Single answer given by the user&#13;&#10;&#9;&#9;public static class rispostaSingola {&#13;&#10;&#9;&#9;&#9;String risposta;&#13;&#10;&#13;&#10;&#9;&#9;&#9;/**&#13;&#10;&#9;&#9;&#9; * Costruzione della singola risposta della sessione&#13;&#10;&#9;&#9;&#9; * &#13;&#10;&#9;&#9;&#9; * @param timeTaken istante nel quale è stata data la risposta risposta &#13;&#10;&#9;&#9;&#9; */&#13;&#10;&#9;&#9;&#9;public rispostaSingola(String sceltaFatta, String sceltaCorrente, int profonditaCorrente, double angolo, Date timeTaken) {&#13;&#10;&#9;&#9;&#9;&#9;String sceltaFattaS = (sceltaFatta == &quot;stop&quot;) ? &quot;skip&quot; : sceltaFatta.toString();&#13;&#10;&#9;&#9;&#9;&#9;risposta = sceltaFattaS + &quot;,&quot; + sceltaCorrente.toString() + &quot;,&quot; + profonditaCorrente + &quot;,&quot; + angolo + &quot;,&quot; + timeTaken;&#13;&#10;&#9;&#9;&#9;}&#13;&#10;&#13;&#10;&#9;&#9;&#9;@Override&#13;&#10;&#9;&#9;&#9;public String toString() {&#13;&#10;&#9;&#9;&#9;&#9;return risposta;&#13;&#10;&#9;&#9;&#9;}&#13;&#10;&#9;&#9;}&#13;&#10;&#9;&#13;&#10;&#9;/**&#13;&#10;&#9; * The Enum Result della sessione alla fine&#13;&#10;&#9; */&#13;&#10;&#9;public enum Result {&#13;&#10;&#9;&#9;/** Continua test */&#13;&#10;&#9;&#9;CONTINUA,&#13;&#10;&#9;&#9;/** Fine certificata */&#13;&#10;&#9;&#9;FINE_CERTIFICATA,&#13;&#10;&#9;&#9;/** Fine non certificata */&#13;&#10;&#9;&#9;FINE_NON_CERTIFICATA // non può essere registrata profondità&#13;&#10;&#9;}&#13;&#10;&#9;&#13;&#10;&#9;static List&lt;rispostaSingola&gt; sessionStory = new ArrayList&lt;rispostaSingola&gt;();&#9;&#13;&#10;&#9;&#13;&#10;&#9;/**&#13;&#10;&#9; * costruttore&#13;&#10;&#9; */&#13;&#10;&#9;public Test_session() {&#13;&#10;&#9;&#9;sessionStory.clear();&#13;&#10;&#9;}&#13;&#10;&#9;&#13;&#10;&#9;&#9;&#13;&#10;&#9;&#13;&#10;&#9;&#13;&#10;&#9;&#13;&#10;&#9;/**&#13;&#10;&#9; * Ritorna la profondità corrente (come stabilito dal certificatore) - fare attenzione &#13;&#10;&#9; * che il certificatore potrebbe voler concluder il test&#13;&#10;&#9; *&#13;&#10;&#9; * @return profondità corrente&#13;&#10;&#9; */&#13;&#10;&#9;public int getProfonditaCorrente() {&#13;&#10;&#9;&#9;return testElab.getCurrentDepth();&#13;&#10;&#9;}&#13;&#10;&#13;&#10;&#9;/**&#13;&#10;&#9; * Ritorna lo stato corrente&#13;&#10;&#9; *&#13;&#10;&#9; * @return stato corrente&#13;&#10;&#9; */&#13;&#10;&#9;public CertifierStatus getStatoCorrente() {&#13;&#10;&#9;&#9;return testElab.getCurrentStatus();&#13;&#10;&#9;}&#13;&#10;&#9;&#13;&#10;&#9;&#13;&#10;&#9;&#9;/**&#13;&#10;&#9;&#9;* funzione di inzio del test dati i dati di generazione&#13;&#10;&#9;&#9;*&#13;&#10;&#9;&#9;* @param result    dati di generazione strutturati come DatiGenerazione&#13;&#10;&#9;&#9;* &#13;&#10;&#9;&#9;* @return      Stream immagine&#13;&#10;&#9;&#9;*/&#9;&#9;&#13;&#10;&#9;public static Scelta IniziaTest(DatiGenerazione result) {&#13;&#10;&#9;&#9;&#13;&#10;&#9;&#9;&#13;&#10;&#9;&#9;if(risultato.getAngolo()==-1) {&#13;&#10;&#9;&#9;&#9;risultato=result;&#13;&#10;&#9;&#9;}&#13;&#10;&#9;&#9;else {&#13;&#10;&#9;&#9;&#9;risultato.setXBar(risultato.getLivMax());&#13;&#10;&#9;&#9;}&#13;&#10;&#9;&#9;&#13;&#10;&#9;&#9;testElab=new BestPestElaboratorNew(risultato.getLivMax(), risultato.getLivMin());&#13;&#10;&#9;&#9;return Scelta.CORRETTO;&#13;&#10;&#9;&#9;&#13;&#10;&#9;&#9;&#9;&#9;&#13;&#10;&#9;}&#13;&#10;&#9;/**&#13;&#10;&#9; * controllo della risposta e restituzione della scelta&#13;&#10;&#9; * &#13;&#10;&#9; * @param rispostaData la risposta data dall'utente&#13;&#10;&#9; * @return Scelta scelta decisa dal tester&#13;&#10;&#9; */&#13;&#10;&#9;public Scelta ControlloRisposta(String rispostaData) {&#13;&#10;&#9;&#9;Scelta res;&#13;&#10;&#9;&#9;int currentDepth = testElab.getCurrentDepth(); // Initialized before computeNextDepth()&#13;&#10;&#9;&#9;if (rispostaData== &quot;stop&quot;) {&#13;&#10;&#9;&#9;&#9;testElab.computeNextDepth(PestBase.Soluzione.STOP);&#13;&#10;&#9;&#9;&#9;res = Scelta.FINISCI;&#13;&#10;&#9;&#9;} else if (rispostaData==(risultato.getPos()==true ? &quot;forward&quot; : &quot;behind&quot;)) {&#13;&#10;&#9;&#9;&#9;testElab.computeNextDepth(PestBase.Soluzione.GIUSTA);&#13;&#10;&#9;&#9;&#9;if(testElab.getCurrentStatus().currentResult!=Result.CONTINUA) {&#13;&#10;&#9;&#9;&#9;&#9;res=Scelta.FINISCI;&#13;&#10;&#9;&#9;&#9;}else {&#13;&#10;&#9;&#9;&#9;&#9;res = Scelta.CORRETTO;&#13;&#10;&#9;&#9;&#9;}&#13;&#10;&#9;&#9;} else {&#13;&#10;&#9;&#9;&#9;assert (rispostaData != (risultato.getPos()==true ? &quot;forward&quot; : &quot;behind&quot;) &amp;&amp; rispostaData != &quot;stop&quot;);&#13;&#10;&#9;&#9;&#9;testElab.computeNextDepth(PestBase.Soluzione.SBAGLIATA);&#13;&#10;&#9;&#9;&#9;if(testElab.getCurrentStatus().currentResult!=Result.CONTINUA) {&#13;&#10;&#9;&#9;&#9;&#9;res=Scelta.FINISCI;&#13;&#10;&#9;&#9;&#9;}else {&#13;&#10;&#9;&#9;&#9;&#9;res = Scelta.SBAGLIATO;&#13;&#10;&#9;&#9;&#9;}&#13;&#10;&#13;&#10;&#13;&#10;&#9;&#9;}&#13;&#10;&#13;&#10;&#9;&#9;risultato.setXBar(getProfonditaCorrente());&#13;&#10;&#9;&#9;sessionStory.add(new rispostaSingola(rispostaData, risultato.getPos()==true ? &quot;forward&quot; : &quot;behind&quot;, currentDepth, risultato.getAngolo(), new Date()));&#13;&#10;&#13;&#10;&#9;&#9;return res;&#13;&#10;&#9;}&#13;&#10;&#9;&#13;&#10;&#9;/**&#13;&#10;&#9; * Ritorna la lista di stringhe rappresentanti la sessione&#13;&#10;&#9; * &#13;&#10;&#9; * @return result&#13;&#10;&#9; */&#13;&#10;&#9;public List&lt;String&gt; getSessionResults() {&#13;&#10;&#9;&#9;List&lt;String&gt; result = new ArrayList&lt;String&gt;();&#13;&#10;&#9;&#9;for (rispostaSingola sa : sessionStory) {&#13;&#10;&#9;&#9;&#9;result.add(sa.toString());&#13;&#10;&#9;&#9;}&#13;&#10;&#9;&#9;return result;&#13;&#10;&#9;}&#13;&#10;&#13;&#10;&#9;/**&#13;&#10;&#9; * Ritorna le risposte della sessione&#13;&#10;&#9; *&#13;&#10;&#9; * @return risposte della sessione&#13;&#10;&#9; */&#13;&#10;&#9;public List&lt;rispostaSingola&gt; getSessionAnswers() {&#13;&#10;&#9;&#9;return java.util.Collections.unmodifiableList(sessionStory);&#13;&#10;&#9;}&#13;&#10;&#9;&#13;&#10;&#9;&#13;&#10;}&#13;&#10;" Filename="Test_session.java" Intrnl_Id="2"/>
</SrcFileList>
<CritList>
<CritListEntry Name="org.codecover.model.utils.criteria.LoopCoverage" PluginName="org.codecover"/>
<CritListEntry Name="org.codecover.model.utils.criteria.ConditionCoverage" PluginName="org.codecover"/>
<CritListEntry Name="org.codecover.model.utils.criteria.BranchCoverage" PluginName="org.codecover"/>
<CritListEntry Name="org.codecover.model.utils.criteria.StatementCoverage" PluginName="org.codecover"/>
</CritList>
<BoolOpList>
<BoolOp Arity="2" Intrnl_Id="3" Name="conditional and (&amp;&amp;)">
<BoolAssgnmntBoolMapList>
<MapEntry BoolAssgnmnt="02" Value="false"/>
<MapEntry BoolAssgnmnt="10" Value="false"/>
<MapEntry BoolAssgnmnt="11" Value="true"/>
</BoolAssgnmntBoolMapList>
</BoolOp>
<BoolOp Arity="2" Intrnl_Id="4" Name="conditional or (||)">
<BoolAssgnmntBoolMapList>
<MapEntry BoolAssgnmnt="00" Value="false"/>
<MapEntry BoolAssgnmnt="01" Value="true"/>
<MapEntry BoolAssgnmnt="12" Value="true"/>
</BoolAssgnmntBoolMapList>
</BoolOp>
</BoolOpList>
<HierarchyLvlTypeList>
<HierarchyLvlType EnglishName="enumeration" IntrnlName="enum" Intrnl_Id="5"/>
<HierarchyLvlType EnglishName="package" IntrnlName="package" Intrnl_Id="6"/>
<HierarchyLvlType EnglishName="method" IntrnlName="method" Intrnl_Id="7"/>
<HierarchyLvlType EnglishName="class" IntrnlName="class" Intrnl_Id="8"/>
<HierarchyLvlType EnglishName="default package" IntrnlName="default package" Intrnl_Id="9"/>
</HierarchyLvlTypeList>
<MASTRoot>
<HierarchyLvl HierarchyLvlId="60" HierarchyLvlTypeId="9" Intrnl_Id="10" Name="default package">
<Header/>
<LocList/>
<HierarchyLvl HierarchyLvlId="59" HierarchyLvlTypeId="6" Intrnl_Id="11" Name="libFSTest">
<Header/>
<LocList/>
<HierarchyLvl HierarchyLvlId="58" HierarchyLvlTypeId="6" Intrnl_Id="12" Name="session">
<Header/>
<LocList/>
<HierarchyLvl HierarchyLvlId="45" HierarchyLvlTypeId="8" Intrnl_Id="13" Name="BestPestElaboratorNew">
<Header>
<Loc EndOffset="168" SrcFileId="1" StartOffset="117"/>
</Header>
<LocList>
<Loc EndOffset="2594" SrcFileId="1" StartOffset="117"/>
</LocList>
<StmntSeq Intrnl_Id="14">
<LocList>
<Loc EndOffset="200" SrcFileId="1" StartOffset="175"/>
<Loc EndOffset="468" SrcFileId="1" StartOffset="444"/>
<Loc EndOffset="496" SrcFileId="1" StartOffset="471"/>
<Loc EndOffset="527" SrcFileId="1" StartOffset="499"/>
<Loc EndOffset="552" SrcFileId="1" StartOffset="530"/>
<Loc EndOffset="579" SrcFileId="1" StartOffset="555"/>
</LocList>
<BasicStmnt CovItemId="S1" CovItemPrefix="libFSTest.session.BestPestElaboratorNew.java" Intrnl_Id="15">
<LocList>
<Loc EndOffset="200" SrcFileId="1" StartOffset="175"/>
</LocList>
</BasicStmnt>
<BasicStmnt CovItemId="S6" CovItemPrefix="libFSTest.session.BestPestElaboratorNew.java" Intrnl_Id="16">
<LocList>
<Loc EndOffset="468" SrcFileId="1" StartOffset="444"/>
</LocList>
</BasicStmnt>
<BasicStmnt CovItemId="S7" CovItemPrefix="libFSTest.session.BestPestElaboratorNew.java" Intrnl_Id="17">
<LocList>
<Loc EndOffset="496" SrcFileId="1" StartOffset="471"/>
</LocList>
</BasicStmnt>
<BasicStmnt CovItemId="S8" CovItemPrefix="libFSTest.session.BestPestElaboratorNew.java" Intrnl_Id="18">
<LocList>
<Loc EndOffset="527" SrcFileId="1" StartOffset="499"/>
</LocList>
</BasicStmnt>
<BasicStmnt CovItemId="S9" CovItemPrefix="libFSTest.session.BestPestElaboratorNew.java" Intrnl_Id="19">
<LocList>
<Loc EndOffset="552" SrcFileId="1" StartOffset="530"/>
</LocList>
</BasicStmnt>
<BasicStmnt CovItemId="S10" CovItemPrefix="libFSTest.session.BestPestElaboratorNew.java" Intrnl_Id="20">
<LocList>
<Loc EndOffset="579" SrcFileId="1" StartOffset="555"/>
</LocList>
</BasicStmnt>
</StmntSeq>
<HierarchyLvl HierarchyLvlId="40" HierarchyLvlTypeId="7" Intrnl_Id="21" Name="getNextDepth">
<Header>
<Loc EndOffset="228" SrcFileId="1" StartOffset="203"/>
</Header>
<LocList>
<Loc EndOffset="255" SrcFileId="1" StartOffset="203"/>
</LocList>
<StmntSeq Intrnl_Id="22">
<LocList>
<Loc EndOffset="251" SrcFileId="1" StartOffset="234"/>
</LocList>
<BasicStmnt CovItemId="S2" CovItemPrefix="libFSTest.session.BestPestElaboratorNew.java" Intrnl_Id="23">
<LocList>
<Loc EndOffset="251" SrcFileId="1" StartOffset="234"/>
</LocList>
</BasicStmnt>
</StmntSeq>
</HierarchyLvl>
<HierarchyLvl HierarchyLvlId="41" HierarchyLvlTypeId="7" Intrnl_Id="24" Name="setNextDepth">
<Header>
<Loc EndOffset="299" SrcFileId="1" StartOffset="260"/>
</Header>
<LocList>
<Loc EndOffset="439" SrcFileId="1" StartOffset="260"/>
</LocList>
<StmntSeq Intrnl_Id="25">
<LocList>
<Loc EndOffset="435" SrcFileId="1" StartOffset="305"/>
</LocList>
<CondStmnt CovItemId="S3" CovItemPrefix="libFSTest.session.BestPestElaboratorNew.java" Intrnl_Id="26">
<Branch CovItemId="B1" CovItemPrefix="libFSTest.session.BestPestElaboratorNew.java" Implct="false" Intrnl_Id="27">
<Cond/>
<LocList>
<Loc EndOffset="385" SrcFileId="1" StartOffset="358"/>
</LocList>
<StmntSeq Intrnl_Id="28">
<LocList>
<Loc EndOffset="385" SrcFileId="1" StartOffset="358"/>
</LocList>
<BasicStmnt CovItemId="S4" CovItemPrefix="libFSTest.session.BestPestElaboratorNew.java" Intrnl_Id="29">
<LocList>
<Loc EndOffset="385" SrcFileId="1" StartOffset="358"/>
</LocList>
</BasicStmnt>
</StmntSeq>
</Branch>
<Branch CovItemId="B2" CovItemPrefix="libFSTest.session.BestPestElaboratorNew.java" Implct="false" Intrnl_Id="30">
<Cond>
<Loc EndOffset="393" SrcFileId="1" StartOffset="389"/>
</Cond>
<LocList>
<Loc EndOffset="435" SrcFileId="1" StartOffset="398"/>
</LocList>
<StmntSeq Intrnl_Id="31">
<LocList>
<Loc EndOffset="435" SrcFileId="1" StartOffset="398"/>
</LocList>
<BasicStmnt CovItemId="S5" CovItemPrefix="libFSTest.session.BestPestElaboratorNew.java" Intrnl_Id="32">
<LocList>
<Loc EndOffset="435" SrcFileId="1" StartOffset="398"/>
</LocList>
</BasicStmnt>
</StmntSeq>
</Branch>
<Keyword EndOffset="307" SrcFileId="1" StartOffset="305"/>
<LocList>
<Loc EndOffset="435" SrcFileId="1" StartOffset="305"/>
</LocList>
<RootTerm CovItemId="C1" CovItemPrefix="libFSTest.session.BestPestElaboratorNew.java" Intrnl_Id="33">
<OpTerm BooleanOpId="3" Intrnl_Id="34">
<BasicBoolTerm Intrnl_Id="35">
<LocList>
<Loc EndOffset="327" SrcFileId="1" StartOffset="308"/>
</LocList>
</BasicBoolTerm>
<BasicBoolTerm Intrnl_Id="36">
<LocList>
<Loc EndOffset="352" SrcFileId="1" StartOffset="331"/>
</LocList>
</BasicBoolTerm>
<LocList>
<Loc EndOffset="330" SrcFileId="1" StartOffset="328"/>
</LocList>
</OpTerm>
</RootTerm>
</CondStmnt>
</StmntSeq>
</HierarchyLvl>
<HierarchyLvl HierarchyLvlId="42" HierarchyLvlTypeId="7" Intrnl_Id="37" Name="BestPestElaboratorNew">
<Header>
<Loc EndOffset="644" SrcFileId="1" StartOffset="589"/>
</Header>
<LocList>
<Loc EndOffset="1047" SrcFileId="1" StartOffset="589"/>
</LocList>
<StmntSeq Intrnl_Id="38">
<LocList>
<Loc EndOffset="690" SrcFileId="1" StartOffset="650"/>
<Loc EndOffset="807" SrcFileId="1" StartOffset="694"/>
<Loc EndOffset="876" SrcFileId="1" StartOffset="811"/>
<Loc EndOffset="900" SrcFileId="1" StartOffset="880"/>
<Loc EndOffset="925" SrcFileId="1" StartOffset="904"/>
<Loc EndOffset="951" SrcFileId="1" StartOffset="929"/>
<Loc EndOffset="974" SrcFileId="1" StartOffset="955"/>
<Loc EndOffset="989" SrcFileId="1" StartOffset="978"/>
<Loc EndOffset="1043" SrcFileId="1" StartOffset="995"/>
</LocList>
<BasicStmnt CovItemId="S11" CovItemPrefix="libFSTest.session.BestPestElaboratorNew.java" Intrnl_Id="39">
<LocList>
<Loc EndOffset="690" SrcFileId="1" StartOffset="650"/>
</LocList>
</BasicStmnt>
<CondStmnt CovItemId="S12" CovItemPrefix="libFSTest.session.BestPestElaboratorNew.java" Intrnl_Id="40">
<Branch CovItemId="B3" CovItemPrefix="libFSTest.session.BestPestElaboratorNew.java" Implct="false" Intrnl_Id="41">
<Cond/>
<LocList>
<Loc EndOffset="757" SrcFileId="1" StartOffset="717"/>
</LocList>
<StmntSeq Intrnl_Id="42">
<LocList>
<Loc EndOffset="757" SrcFileId="1" StartOffset="717"/>
</LocList>
<BasicStmnt CovItemId="S13" CovItemPrefix="libFSTest.session.BestPestElaboratorNew.java" Intrnl_Id="43">
<LocList>
<Loc EndOffset="757" SrcFileId="1" StartOffset="717"/>
</LocList>
</BasicStmnt>
</StmntSeq>
</Branch>
<Branch CovItemId="B4" CovItemPrefix="libFSTest.session.BestPestElaboratorNew.java" Implct="false" Intrnl_Id="44">
<Cond>
<Loc EndOffset="765" SrcFileId="1" StartOffset="761"/>
</Cond>
<LocList>
<Loc EndOffset="807" SrcFileId="1" StartOffset="770"/>
</LocList>
<StmntSeq Intrnl_Id="45">
<LocList>
<Loc EndOffset="807" SrcFileId="1" StartOffset="770"/>
</LocList>
<BasicStmnt CovItemId="S14" CovItemPrefix="libFSTest.session.BestPestElaboratorNew.java" Intrnl_Id="46">
<LocList>
<Loc EndOffset="807" SrcFileId="1" StartOffset="770"/>
</LocList>
</BasicStmnt>
</StmntSeq>
</Branch>
<Keyword EndOffset="696" SrcFileId="1" StartOffset="694"/>
<LocList>
<Loc EndOffset="807" SrcFileId="1" StartOffset="694"/>
</LocList>
<RootTerm CovItemId="C2" CovItemPrefix="libFSTest.session.BestPestElaboratorNew.java" Intrnl_Id="47">
<BasicBoolTerm Intrnl_Id="48">
<LocList>
<Loc EndOffset="711" SrcFileId="1" StartOffset="698"/>
</LocList>
</BasicBoolTerm>
</RootTerm>
</CondStmnt>
<CondStmnt CovItemId="S15" CovItemPrefix="libFSTest.session.BestPestElaboratorNew.java" Intrnl_Id="49">
<Branch CovItemId="B5" CovItemPrefix="libFSTest.session.BestPestElaboratorNew.java" Implct="false" Intrnl_Id="50">
<Cond/>
<LocList>
<Loc EndOffset="876" SrcFileId="1" StartOffset="847"/>
</LocList>
<StmntSeq Intrnl_Id="51">
<LocList>
<Loc EndOffset="871" SrcFileId="1" StartOffset="853"/>
</LocList>
<BasicStmnt CovItemId="S16" CovItemPrefix="libFSTest.session.BestPestElaboratorNew.java" Intrnl_Id="52">
<LocList>
<Loc EndOffset="871" SrcFileId="1" StartOffset="853"/>
</LocList>
</BasicStmnt>
</StmntSeq>
</Branch>
<Branch CovItemId="B6" CovItemPrefix="libFSTest.session.BestPestElaboratorNew.java" Implct="true" Intrnl_Id="53">
<Cond/>
<LocList/>
<StmntSeq Intrnl_Id="54">
<LocList/>
</StmntSeq>
</Branch>
<Keyword EndOffset="813" SrcFileId="1" StartOffset="811"/>
<LocList>
<Loc EndOffset="876" SrcFileId="1" StartOffset="811"/>
</LocList>
<RootTerm CovItemId="C3" CovItemPrefix="libFSTest.session.BestPestElaboratorNew.java" Intrnl_Id="55">
<OpTerm BooleanOpId="4" Intrnl_Id="56">
<BasicBoolTerm Intrnl_Id="57">
<LocList>
<Loc EndOffset="824" SrcFileId="1" StartOffset="814"/>
</LocList>
</BasicBoolTerm>
<BasicBoolTerm Intrnl_Id="58">
<LocList>
<Loc EndOffset="845" SrcFileId="1" StartOffset="828"/>
</LocList>
</BasicBoolTerm>
<LocList>
<Loc EndOffset="827" SrcFileId="1" StartOffset="825"/>
</LocList>
</OpTerm>
</RootTerm>
</CondStmnt>
<BasicStmnt CovItemId="S17" CovItemPrefix="libFSTest.session.BestPestElaboratorNew.java" Intrnl_Id="59">
<LocList>
<Loc EndOffset="900" SrcFileId="1" StartOffset="880"/>
</LocList>
</BasicStmnt>
<BasicStmnt CovItemId="S18" CovItemPrefix="libFSTest.session.BestPestElaboratorNew.java" Intrnl_Id="60">
<LocList>
<Loc EndOffset="925" SrcFileId="1" StartOffset="904"/>
</LocList>
</BasicStmnt>
<BasicStmnt CovItemId="S19" CovItemPrefix="libFSTest.session.BestPestElaboratorNew.java" Intrnl_Id="61">
<LocList>
<Loc EndOffset="951" SrcFileId="1" StartOffset="929"/>
</LocList>
</BasicStmnt>
<BasicStmnt CovItemId="S20" CovItemPrefix="libFSTest.session.BestPestElaboratorNew.java" Intrnl_Id="62">
<LocList>
<Loc EndOffset="974" SrcFileId="1" StartOffset="955"/>
</LocList>
</BasicStmnt>
<BasicStmnt CovItemId="S21" CovItemPrefix="libFSTest.session.BestPestElaboratorNew.java" Intrnl_Id="63">
<LocList>
<Loc EndOffset="989" SrcFileId="1" StartOffset="978"/>
</LocList>
</BasicStmnt>
<BasicStmnt CovItemId="S22" CovItemPrefix="libFSTest.session.BestPestElaboratorNew.java" Intrnl_Id="64">
<LocList>
<Loc EndOffset="1043" SrcFileId="1" StartOffset="995"/>
</LocList>
</BasicStmnt>
</StmntSeq>
</HierarchyLvl>
<HierarchyLvl HierarchyLvlId="43" HierarchyLvlTypeId="7" Intrnl_Id="65" Name="computeNextDepth">
<Header>
<Loc EndOffset="1117" SrcFileId="1" StartOffset="1055"/>
</Header>
<LocList>
<Loc EndOffset="2476" SrcFileId="1" StartOffset="1055"/>
</LocList>
<StmntSeq Intrnl_Id="66">
<LocList>
<Loc EndOffset="2472" SrcFileId="1" StartOffset="1129"/>
</LocList>
<CondStmnt CovItemId="S23" CovItemPrefix="libFSTest.session.BestPestElaboratorNew.java" Intrnl_Id="67">
<Branch CovItemId="B7" CovItemPrefix="libFSTest.session.BestPestElaboratorNew.java" Implct="false" Intrnl_Id="68">
<Cond/>
<LocList>
<Loc EndOffset="1253" SrcFileId="1" StartOffset="1233"/>
</LocList>
<StmntSeq Intrnl_Id="69">
<LocList>
<Loc EndOffset="1248" SrcFileId="1" StartOffset="1239"/>
</LocList>
<BasicStmnt CovItemId="S24" CovItemPrefix="libFSTest.session.BestPestElaboratorNew.java" Intrnl_Id="70">
<LocList>
<Loc EndOffset="1248" SrcFileId="1" StartOffset="1239"/>
</LocList>
</BasicStmnt>
</StmntSeq>
</Branch>
<Branch CovItemId="B8" CovItemPrefix="libFSTest.session.BestPestElaboratorNew.java" Implct="false" Intrnl_Id="71">
<Cond>
<Loc EndOffset="1258" SrcFileId="1" StartOffset="1254"/>
</Cond>
<LocList>
<Loc EndOffset="2472" SrcFileId="1" StartOffset="1259"/>
</LocList>
<StmntSeq Intrnl_Id="72">
<LocList>
<Loc EndOffset="2472" SrcFileId="1" StartOffset="1259"/>
</LocList>
<CondStmnt CovItemId="S25" CovItemPrefix="libFSTest.session.BestPestElaboratorNew.java" Intrnl_Id="73">
<Branch CovItemId="B9" CovItemPrefix="libFSTest.session.BestPestElaboratorNew.java" Implct="false" Intrnl_Id="74">
<Cond/>
<LocList>
<Loc EndOffset="1440" SrcFileId="1" StartOffset="1369"/>
</LocList>
<StmntSeq Intrnl_Id="75">
<LocList>
<Loc EndOffset="1435" SrcFileId="1" StartOffset="1375"/>
</LocList>
<BasicStmnt CovItemId="S26" CovItemPrefix="libFSTest.session.BestPestElaboratorNew.java" Intrnl_Id="76">
<LocList>
<Loc EndOffset="1435" SrcFileId="1" StartOffset="1375"/>
</LocList>
</BasicStmnt>
</StmntSeq>
</Branch>
<Branch CovItemId="B10" CovItemPrefix="libFSTest.session.BestPestElaboratorNew.java" Implct="false" Intrnl_Id="77">
<Cond>
<Loc EndOffset="1445" SrcFileId="1" StartOffset="1441"/>
</Cond>
<LocList>
<Loc EndOffset="2472" SrcFileId="1" StartOffset="1446"/>
</LocList>
<StmntSeq Intrnl_Id="78">
<LocList>
<Loc EndOffset="2472" SrcFileId="1" StartOffset="1446"/>
</LocList>
<CondStmnt CovItemId="S27" CovItemPrefix="libFSTest.session.BestPestElaboratorNew.java" Intrnl_Id="79">
<Branch CovItemId="B11" CovItemPrefix="libFSTest.session.BestPestElaboratorNew.java" Implct="false" Intrnl_Id="80">
<Cond/>
<LocList>
<Loc EndOffset="1584" SrcFileId="1" StartOffset="1487"/>
</LocList>
<StmntSeq Intrnl_Id="81">
<LocList>
<Loc EndOffset="1579" SrcFileId="1" StartOffset="1521"/>
</LocList>
<BasicStmnt CovItemId="S28" CovItemPrefix="libFSTest.session.BestPestElaboratorNew.java" Intrnl_Id="82">
<LocList>
<Loc EndOffset="1579" SrcFileId="1" StartOffset="1521"/>
</LocList>
</BasicStmnt>
</StmntSeq>
</Branch>
<Branch CovItemId="B12" CovItemPrefix="libFSTest.session.BestPestElaboratorNew.java" Implct="false" Intrnl_Id="83">
<Cond>
<Loc EndOffset="1589" SrcFileId="1" StartOffset="1585"/>
</Cond>
<LocList>
<Loc EndOffset="2472" SrcFileId="1" StartOffset="1590"/>
</LocList>
<StmntSeq Intrnl_Id="84">
<LocList>
<Loc EndOffset="2472" SrcFileId="1" StartOffset="1590"/>
</LocList>
<CondStmnt CovItemId="S29" CovItemPrefix="libFSTest.session.BestPestElaboratorNew.java" Intrnl_Id="85">
<Branch CovItemId="B13" CovItemPrefix="libFSTest.session.BestPestElaboratorNew.java" Implct="false" Intrnl_Id="86">
<Cond/>
<LocList>
<Loc EndOffset="2051" SrcFileId="1" StartOffset="1633"/>
</LocList>
<StmntSeq Intrnl_Id="87">
<LocList>
<Loc EndOffset="1680" SrcFileId="1" StartOffset="1639"/>
<Loc EndOffset="1779" SrcFileId="1" StartOffset="1733"/>
<Loc EndOffset="1822" SrcFileId="1" StartOffset="1784"/>
<Loc EndOffset="1888" SrcFileId="1" StartOffset="1847"/>
<Loc EndOffset="2046" SrcFileId="1" StartOffset="1895"/>
</LocList>
<BasicStmnt CovItemId="S30" CovItemPrefix="libFSTest.session.BestPestElaboratorNew.java" Intrnl_Id="88">
<LocList>
<Loc EndOffset="1680" SrcFileId="1" StartOffset="1639"/>
</LocList>
</BasicStmnt>
<BasicStmnt CovItemId="S31" CovItemPrefix="libFSTest.session.BestPestElaboratorNew.java" Intrnl_Id="89">
<LocList>
<Loc EndOffset="1779" SrcFileId="1" StartOffset="1733"/>
</LocList>
</BasicStmnt>
<BasicStmnt CovItemId="S32" CovItemPrefix="libFSTest.session.BestPestElaboratorNew.java" Intrnl_Id="90">
<LocList>
<Loc EndOffset="1822" SrcFileId="1" StartOffset="1784"/>
</LocList>
</BasicStmnt>
<BasicStmnt CovItemId="S33" CovItemPrefix="libFSTest.session.BestPestElaboratorNew.java" Intrnl_Id="91">
<LocList>
<Loc EndOffset="1888" SrcFileId="1" StartOffset="1847"/>
</LocList>
</BasicStmnt>
<CondStmnt CovItemId="S34" CovItemPrefix="libFSTest.session.BestPestElaboratorNew.java" Intrnl_Id="92">
<Branch CovItemId="B15" CovItemPrefix="libFSTest.session.BestPestElaboratorNew.java" Implct="false" Intrnl_Id="93">
<Cond/>
<LocList>
<Loc EndOffset="2046" SrcFileId="1" StartOffset="1930"/>
</LocList>
<StmntSeq Intrnl_Id="94">
<LocList>
<Loc EndOffset="1993" SrcFileId="1" StartOffset="1937"/>
<Loc EndOffset="2040" SrcFileId="1" StartOffset="1999"/>
</LocList>
<BasicStmnt CovItemId="S35" CovItemPrefix="libFSTest.session.BestPestElaboratorNew.java" Intrnl_Id="95">
<LocList>
<Loc EndOffset="1993" SrcFileId="1" StartOffset="1937"/>
</LocList>
</BasicStmnt>
<BasicStmnt CovItemId="S36" CovItemPrefix="libFSTest.session.BestPestElaboratorNew.java" Intrnl_Id="96">
<LocList>
<Loc EndOffset="2040" SrcFileId="1" StartOffset="1999"/>
</LocList>
</BasicStmnt>
</StmntSeq>
</Branch>
<Branch CovItemId="B16" CovItemPrefix="libFSTest.session.BestPestElaboratorNew.java" Implct="true" Intrnl_Id="97">
<Cond/>
<LocList/>
<StmntSeq Intrnl_Id="98">
<LocList/>
</StmntSeq>
</Branch>
<Keyword EndOffset="1897" SrcFileId="1" StartOffset="1895"/>
<LocList>
<Loc EndOffset="2046" SrcFileId="1" StartOffset="1895"/>
</LocList>
<RootTerm CovItemId="C8" CovItemPrefix="libFSTest.session.BestPestElaboratorNew.java" Intrnl_Id="99">
<BasicBoolTerm Intrnl_Id="100">
<LocList>
<Loc EndOffset="1928" SrcFileId="1" StartOffset="1899"/>
</LocList>
</BasicBoolTerm>
</RootTerm>
</CondStmnt>
</StmntSeq>
</Branch>
<Branch CovItemId="B14" CovItemPrefix="libFSTest.session.BestPestElaboratorNew.java" Implct="false" Intrnl_Id="101">
<Cond>
<Loc EndOffset="2056" SrcFileId="1" StartOffset="2052"/>
</Cond>
<LocList>
<Loc EndOffset="2472" SrcFileId="1" StartOffset="2057"/>
</LocList>
<StmntSeq Intrnl_Id="102">
<LocList>
<Loc EndOffset="2105" SrcFileId="1" StartOffset="2063"/>
<Loc EndOffset="2201" SrcFileId="1" StartOffset="2155"/>
<Loc EndOffset="2243" SrcFileId="1" StartOffset="2206"/>
<Loc EndOffset="2309" SrcFileId="1" StartOffset="2268"/>
<Loc EndOffset="2467" SrcFileId="1" StartOffset="2316"/>
</LocList>
<BasicStmnt CovItemId="S37" CovItemPrefix="libFSTest.session.BestPestElaboratorNew.java" Intrnl_Id="103">
<LocList>
<Loc EndOffset="2105" SrcFileId="1" StartOffset="2063"/>
</LocList>
</BasicStmnt>
<BasicStmnt CovItemId="S38" CovItemPrefix="libFSTest.session.BestPestElaboratorNew.java" Intrnl_Id="104">
<LocList>
<Loc EndOffset="2201" SrcFileId="1" StartOffset="2155"/>
</LocList>
</BasicStmnt>
<BasicStmnt CovItemId="S39" CovItemPrefix="libFSTest.session.BestPestElaboratorNew.java" Intrnl_Id="105">
<LocList>
<Loc EndOffset="2243" SrcFileId="1" StartOffset="2206"/>
</LocList>
</BasicStmnt>
<BasicStmnt CovItemId="S40" CovItemPrefix="libFSTest.session.BestPestElaboratorNew.java" Intrnl_Id="106">
<LocList>
<Loc EndOffset="2309" SrcFileId="1" StartOffset="2268"/>
</LocList>
</BasicStmnt>
<CondStmnt CovItemId="S41" CovItemPrefix="libFSTest.session.BestPestElaboratorNew.java" Intrnl_Id="107">
<Branch CovItemId="B17" CovItemPrefix="libFSTest.session.BestPestElaboratorNew.java" Implct="false" Intrnl_Id="108">
<Cond/>
<LocList>
<Loc EndOffset="2467" SrcFileId="1" StartOffset="2351"/>
</LocList>
<StmntSeq Intrnl_Id="109">
<LocList>
<Loc EndOffset="2414" SrcFileId="1" StartOffset="2358"/>
<Loc EndOffset="2461" SrcFileId="1" StartOffset="2420"/>
</LocList>
<BasicStmnt CovItemId="S42" CovItemPrefix="libFSTest.session.BestPestElaboratorNew.java" Intrnl_Id="110">
<LocList>
<Loc EndOffset="2414" SrcFileId="1" StartOffset="2358"/>
</LocList>
</BasicStmnt>
<BasicStmnt CovItemId="S43" CovItemPrefix="libFSTest.session.BestPestElaboratorNew.java" Intrnl_Id="111">
<LocList>
<Loc EndOffset="2461" SrcFileId="1" StartOffset="2420"/>
</LocList>
</BasicStmnt>
</StmntSeq>
</Branch>
<Branch CovItemId="B18" CovItemPrefix="libFSTest.session.BestPestElaboratorNew.java" Implct="true" Intrnl_Id="112">
<Cond/>
<LocList/>
<StmntSeq Intrnl_Id="113">
<LocList/>
</StmntSeq>
</Branch>
<Keyword EndOffset="2318" SrcFileId="1" StartOffset="2316"/>
<LocList>
<Loc EndOffset="2467" SrcFileId="1" StartOffset="2316"/>
</LocList>
<RootTerm CovItemId="C9" CovItemPrefix="libFSTest.session.BestPestElaboratorNew.java" Intrnl_Id="114">
<BasicBoolTerm Intrnl_Id="115">
<LocList>
<Loc EndOffset="2349" SrcFileId="1" StartOffset="2320"/>
</LocList>
</BasicBoolTerm>
</RootTerm>
</CondStmnt>
</StmntSeq>
</Branch>
<Keyword EndOffset="1592" SrcFileId="1" StartOffset="1590"/>
<LocList>
<Loc EndOffset="2472" SrcFileId="1" StartOffset="1590"/>
</LocList>
<RootTerm CovItemId="C7" CovItemPrefix="libFSTest.session.BestPestElaboratorNew.java" Intrnl_Id="116">
<BasicBoolTerm Intrnl_Id="117">
<LocList>
<Loc EndOffset="1631" SrcFileId="1" StartOffset="1594"/>
</LocList>
</BasicBoolTerm>
</RootTerm>
</CondStmnt>
</StmntSeq>
</Branch>
<Keyword EndOffset="1448" SrcFileId="1" StartOffset="1446"/>
<LocList>
<Loc EndOffset="2472" SrcFileId="1" StartOffset="1446"/>
</LocList>
<RootTerm CovItemId="C6" CovItemPrefix="libFSTest.session.BestPestElaboratorNew.java" Intrnl_Id="118">
<BasicBoolTerm Intrnl_Id="119">
<LocList>
<Loc EndOffset="1485" SrcFileId="1" StartOffset="1450"/>
</LocList>
</BasicBoolTerm>
</RootTerm>
</CondStmnt>
</StmntSeq>
</Branch>
<Keyword EndOffset="1261" SrcFileId="1" StartOffset="1259"/>
<LocList>
<Loc EndOffset="2472" SrcFileId="1" StartOffset="1259"/>
</LocList>
<RootTerm CovItemId="C5" CovItemPrefix="libFSTest.session.BestPestElaboratorNew.java" Intrnl_Id="120">
<OpTerm BooleanOpId="3" Intrnl_Id="121">
<OpTerm BooleanOpId="3" Intrnl_Id="122">
<BasicBoolTerm Intrnl_Id="123">
<LocList>
<Loc EndOffset="1303" SrcFileId="1" StartOffset="1263"/>
</LocList>
</BasicBoolTerm>
<BasicBoolTerm Intrnl_Id="124">
<LocList>
<Loc EndOffset="1318" SrcFileId="1" StartOffset="1307"/>
</LocList>
</BasicBoolTerm>
<LocList>
<Loc EndOffset="1306" SrcFileId="1" StartOffset="1304"/>
</LocList>
</OpTerm>
<BasicBoolTerm Intrnl_Id="125">
<LocList>
<Loc EndOffset="1367" SrcFileId="1" StartOffset="1327"/>
</LocList>
</BasicBoolTerm>
<LocList>
<Loc EndOffset="1326" SrcFileId="1" StartOffset="1324"/>
</LocList>
</OpTerm>
</RootTerm>
</CondStmnt>
</StmntSeq>
</Branch>
<Keyword EndOffset="1131" SrcFileId="1" StartOffset="1129"/>
<LocList>
<Loc EndOffset="2472" SrcFileId="1" StartOffset="1129"/>
</LocList>
<RootTerm CovItemId="C4" CovItemPrefix="libFSTest.session.BestPestElaboratorNew.java" Intrnl_Id="126">
<OpTerm BooleanOpId="3" Intrnl_Id="127">
<OpTerm BooleanOpId="3" Intrnl_Id="128">
<BasicBoolTerm Intrnl_Id="129">
<LocList>
<Loc EndOffset="1173" SrcFileId="1" StartOffset="1133"/>
</LocList>
</BasicBoolTerm>
<BasicBoolTerm Intrnl_Id="130">
<LocList>
<Loc EndOffset="1187" SrcFileId="1" StartOffset="1177"/>
</LocList>
</BasicBoolTerm>
<LocList>
<Loc EndOffset="1176" SrcFileId="1" StartOffset="1174"/>
</LocList>
</OpTerm>
<BasicBoolTerm Intrnl_Id="131">
<LocList>
<Loc EndOffset="1231" SrcFileId="1" StartOffset="1191"/>
</LocList>
</BasicBoolTerm>
<LocList>
<Loc EndOffset="1190" SrcFileId="1" StartOffset="1188"/>
</LocList>
</OpTerm>
</RootTerm>
</CondStmnt>
</StmntSeq>
</HierarchyLvl>
<HierarchyLvl HierarchyLvlId="44" HierarchyLvlTypeId="7" Intrnl_Id="132" Name="getCurrentStatus">
<Header>
<Loc EndOffset="2534" SrcFileId="1" StartOffset="2481"/>
</Header>
<LocList>
<Loc EndOffset="2591" SrcFileId="1" StartOffset="2481"/>
</LocList>
<StmntSeq Intrnl_Id="133">
<LocList>
<Loc EndOffset="2587" SrcFileId="1" StartOffset="2564"/>
</LocList>
<BasicStmnt CovItemId="S44" CovItemPrefix="libFSTest.session.BestPestElaboratorNew.java" Intrnl_Id="134">
<LocList>
<Loc EndOffset="2587" SrcFileId="1" StartOffset="2564"/>
</LocList>
</BasicStmnt>
</StmntSeq>
</HierarchyLvl>
</HierarchyLvl>
<HierarchyLvl HierarchyLvlId="57" HierarchyLvlTypeId="8" Intrnl_Id="135" Name="Test_session">
<Header>
<Loc EndOffset="266" SrcFileId="2" StartOffset="241"/>
</Header>
<LocList>
<Loc EndOffset="453" SrcFileId="2" StartOffset="241"/>
<Loc EndOffset="1158" SrcFileId="2" StartOffset="1094"/>
<Loc EndOffset="4326" SrcFileId="2" StartOffset="1362"/>
</LocList>
<StmntSeq Intrnl_Id="136">
<LocList>
<Loc EndOffset="339" SrcFileId="2" StartOffset="276"/>
<Loc EndOffset="1445" SrcFileId="2" StartOffset="1368"/>
</LocList>
<BasicStmnt CovItemId="S1" CovItemPrefix="libFSTest.session.Test_session.java" Intrnl_Id="137">
<LocList>
<Loc EndOffset="339" SrcFileId="2" StartOffset="276"/>
</LocList>
</BasicStmnt>
<BasicStmnt CovItemId="S5" CovItemPrefix="libFSTest.session.Test_session.java" Intrnl_Id="138">
<LocList>
<Loc EndOffset="1445" SrcFileId="2" StartOffset="1368"/>
</LocList>
</BasicStmnt>
</StmntSeq>
<HierarchyLvl HierarchyLvlId="48" HierarchyLvlTypeId="8" Intrnl_Id="139" Name="rispostaSingola">
<Header>
<Loc EndOffset="488" SrcFileId="2" StartOffset="453"/>
</Header>
<LocList>
<Loc EndOffset="1094" SrcFileId="2" StartOffset="453"/>
</LocList>
<HierarchyLvl HierarchyLvlId="46" HierarchyLvlTypeId="7" Intrnl_Id="140" Name="rispostaSingola">
<Header>
<Loc EndOffset="796" SrcFileId="2" StartOffset="676"/>
</Header>
<LocList>
<Loc EndOffset="1014" SrcFileId="2" StartOffset="676"/>
</LocList>
<StmntSeq Intrnl_Id="141">
<LocList>
<Loc EndOffset="884" SrcFileId="2" StartOffset="804"/>
<Loc EndOffset="1008" SrcFileId="2" StartOffset="890"/>
</LocList>
<BasicStmnt CovItemId="S2" CovItemPrefix="libFSTest.session.Test_session.java" Intrnl_Id="142">
<LocList>
<Loc EndOffset="884" SrcFileId="2" StartOffset="804"/>
</LocList>
<QMO CovItemId="Q0" CovItemPrefix="libFSTest.session.Test_session.java" Intrnl_Id="143">
<LocList>
<Loc EndOffset="849" SrcFileId="2" StartOffset="826"/>
</LocList>
<QMO_E CovItemId="Q0-0" CovItemPrefix="libFSTest.session.Test_session.java" Intrnl_Id="144">
<LocList>
<Loc EndOffset="858" SrcFileId="2" StartOffset="852"/>
</LocList>
</QMO_E>
<QMO_E CovItemId="Q0-1" CovItemPrefix="libFSTest.session.Test_session.java" Intrnl_Id="145">
<LocList>
<Loc EndOffset="883" SrcFileId="2" StartOffset="861"/>
</LocList>
</QMO_E>
</QMO>
</BasicStmnt>
<BasicStmnt CovItemId="S3" CovItemPrefix="libFSTest.session.Test_session.java" Intrnl_Id="146">
<LocList>
<Loc EndOffset="1008" SrcFileId="2" StartOffset="890"/>
</LocList>
</BasicStmnt>
</StmntSeq>
</HierarchyLvl>
<HierarchyLvl HierarchyLvlId="47" HierarchyLvlTypeId="7" Intrnl_Id="147" Name="toString">
<Header>
<Loc EndOffset="1059" SrcFileId="2" StartOffset="1021"/>
</Header>
<LocList>
<Loc EndOffset="1089" SrcFileId="2" StartOffset="1021"/>
</LocList>
<StmntSeq Intrnl_Id="148">
<LocList>
<Loc EndOffset="1083" SrcFileId="2" StartOffset="1067"/>
</LocList>
<BasicStmnt CovItemId="S4" CovItemPrefix="libFSTest.session.Test_session.java" Intrnl_Id="149">
<LocList>
<Loc EndOffset="1083" SrcFileId="2" StartOffset="1067"/>
</LocList>
</BasicStmnt>
</StmntSeq>
</HierarchyLvl>
</HierarchyLvl>
<HierarchyLvl HierarchyLvlId="49" HierarchyLvlTypeId="5" Intrnl_Id="150" Name="Result">
<Header>
<Loc EndOffset="1176" SrcFileId="2" StartOffset="1158"/>
</Header>
<LocList>
<Loc EndOffset="1362" SrcFileId="2" StartOffset="1158"/>
</LocList>
</HierarchyLvl>
<HierarchyLvl HierarchyLvlId="50" HierarchyLvlTypeId="7" Intrnl_Id="151" Name="Test_session">
<Header>
<Loc EndOffset="1502" SrcFileId="2" StartOffset="1481"/>
</Header>
<LocList>
<Loc EndOffset="1533" SrcFileId="2" StartOffset="1481"/>
</LocList>
<StmntSeq Intrnl_Id="152">
<LocList>
<Loc EndOffset="1529" SrcFileId="2" StartOffset="1508"/>
</LocList>
<BasicStmnt CovItemId="S6" CovItemPrefix="libFSTest.session.Test_session.java" Intrnl_Id="153">
<LocList>
<Loc EndOffset="1529" SrcFileId="2" StartOffset="1508"/>
</LocList>
</BasicStmnt>
</StmntSeq>
</HierarchyLvl>
<HierarchyLvl HierarchyLvlId="51" HierarchyLvlTypeId="7" Intrnl_Id="154" Name="getProfonditaCorrente">
<Header>
<Loc EndOffset="1785" SrcFileId="2" StartOffset="1751"/>
</Header>
<LocList>
<Loc EndOffset="1829" SrcFileId="2" StartOffset="1751"/>
</LocList>
<StmntSeq Intrnl_Id="155">
<LocList>
<Loc EndOffset="1825" SrcFileId="2" StartOffset="1791"/>
</LocList>
<BasicStmnt CovItemId="S7" CovItemPrefix="libFSTest.session.Test_session.java" Intrnl_Id="156">
<LocList>
<Loc EndOffset="1825" SrcFileId="2" StartOffset="1791"/>
</LocList>
</BasicStmnt>
</StmntSeq>
</HierarchyLvl>
<HierarchyLvl HierarchyLvlId="52" HierarchyLvlTypeId="7" Intrnl_Id="157" Name="getStatoCorrente">
<Header>
<Loc EndOffset="1951" SrcFileId="2" StartOffset="1910"/>
</Header>
<LocList>
<Loc EndOffset="1996" SrcFileId="2" StartOffset="1910"/>
</LocList>
<StmntSeq Intrnl_Id="158">
<LocList>
<Loc EndOffset="1992" SrcFileId="2" StartOffset="1957"/>
</LocList>
<BasicStmnt CovItemId="S8" CovItemPrefix="libFSTest.session.Test_session.java" Intrnl_Id="159">
<LocList>
<Loc EndOffset="1992" SrcFileId="2" StartOffset="1957"/>
</LocList>
</BasicStmnt>
</StmntSeq>
</HierarchyLvl>
<HierarchyLvl HierarchyLvlId="53" HierarchyLvlTypeId="7" Intrnl_Id="160" Name="IniziaTest">
<Header>
<Loc EndOffset="2254" SrcFileId="2" StartOffset="2199"/>
</Header>
<LocList>
<Loc EndOffset="2517" SrcFileId="2" StartOffset="2199"/>
</LocList>
<StmntSeq Intrnl_Id="161">
<LocList>
<Loc EndOffset="2387" SrcFileId="2" StartOffset="2268"/>
<Loc EndOffset="2476" SrcFileId="2" StartOffset="2395"/>
<Loc EndOffset="2503" SrcFileId="2" StartOffset="2480"/>
</LocList>
<CondStmnt CovItemId="S9" CovItemPrefix="libFSTest.session.Test_session.java" Intrnl_Id="162">
<Branch CovItemId="B1" CovItemPrefix="libFSTest.session.Test_session.java" Implct="false" Intrnl_Id="163">
<Cond/>
<LocList>
<Loc EndOffset="2326" SrcFileId="2" StartOffset="2298"/>
</LocList>
<StmntSeq Intrnl_Id="164">
<LocList>
<Loc EndOffset="2321" SrcFileId="2" StartOffset="2304"/>
</LocList>
<BasicStmnt CovItemId="S10" CovItemPrefix="libFSTest.session.Test_session.java" Intrnl_Id="165">
<LocList>
<Loc EndOffset="2321" SrcFileId="2" StartOffset="2304"/>
</LocList>
</BasicStmnt>
</StmntSeq>
</Branch>
<Branch CovItemId="B2" CovItemPrefix="libFSTest.session.Test_session.java" Implct="false" Intrnl_Id="166">
<Cond>
<Loc EndOffset="2334" SrcFileId="2" StartOffset="2330"/>
</Cond>
<LocList>
<Loc EndOffset="2387" SrcFileId="2" StartOffset="2335"/>
</LocList>
<StmntSeq Intrnl_Id="167">
<LocList>
<Loc EndOffset="2382" SrcFileId="2" StartOffset="2341"/>
</LocList>
<BasicStmnt CovItemId="S11" CovItemPrefix="libFSTest.session.Test_session.java" Intrnl_Id="168">
<LocList>
<Loc EndOffset="2382" SrcFileId="2" StartOffset="2341"/>
</LocList>
</BasicStmnt>
</StmntSeq>
</Branch>
<Keyword EndOffset="2270" SrcFileId="2" StartOffset="2268"/>
<LocList>
<Loc EndOffset="2387" SrcFileId="2" StartOffset="2268"/>
</LocList>
<RootTerm CovItemId="C1" CovItemPrefix="libFSTest.session.Test_session.java" Intrnl_Id="169">
<BasicBoolTerm Intrnl_Id="170">
<LocList>
<Loc EndOffset="2296" SrcFileId="2" StartOffset="2271"/>
</LocList>
</BasicBoolTerm>
</RootTerm>
</CondStmnt>
<BasicStmnt CovItemId="S12" CovItemPrefix="libFSTest.session.Test_session.java" Intrnl_Id="171">
<LocList>
<Loc EndOffset="2476" SrcFileId="2" StartOffset="2395"/>
</LocList>
</BasicStmnt>
<BasicStmnt CovItemId="S13" CovItemPrefix="libFSTest.session.Test_session.java" Intrnl_Id="172">
<LocList>
<Loc EndOffset="2503" SrcFileId="2" StartOffset="2480"/>
</LocList>
</BasicStmnt>
</StmntSeq>
</HierarchyLvl>
<HierarchyLvl HierarchyLvlId="54" HierarchyLvlTypeId="7" Intrnl_Id="173" Name="ControlloRisposta">
<Header>
<Loc EndOffset="2747" SrcFileId="2" StartOffset="2695"/>
</Header>
<LocList>
<Loc EndOffset="3801" SrcFileId="2" StartOffset="2695"/>
</LocList>
<StmntSeq Intrnl_Id="174">
<LocList>
<Loc EndOffset="2814" SrcFileId="2" StartOffset="2768"/>
<Loc EndOffset="3577" SrcFileId="2" StartOffset="2859"/>
<Loc EndOffset="3626" SrcFileId="2" StartOffset="3583"/>
<Loc EndOffset="3780" SrcFileId="2" StartOffset="3630"/>
<Loc EndOffset="3797" SrcFileId="2" StartOffset="3786"/>
</LocList>
<BasicStmnt CovItemId="S14" CovItemPrefix="libFSTest.session.Test_session.java" Intrnl_Id="175">
<LocList>
<Loc EndOffset="2814" SrcFileId="2" StartOffset="2768"/>
</LocList>
</BasicStmnt>
<CondStmnt CovItemId="S15" CovItemPrefix="libFSTest.session.Test_session.java" Intrnl_Id="176">
<Branch CovItemId="B3" CovItemPrefix="libFSTest.session.Test_session.java" Implct="false" Intrnl_Id="177">
<Cond/>
<LocList>
<Loc EndOffset="2974" SrcFileId="2" StartOffset="2886"/>
</LocList>
<StmntSeq Intrnl_Id="178">
<LocList>
<Loc EndOffset="2943" SrcFileId="2" StartOffset="2892"/>
<Loc EndOffset="2969" SrcFileId="2" StartOffset="2948"/>
</LocList>
<BasicStmnt CovItemId="S16" CovItemPrefix="libFSTest.session.Test_session.java" Intrnl_Id="179">
<LocList>
<Loc EndOffset="2943" SrcFileId="2" StartOffset="2892"/>
</LocList>
</BasicStmnt>
<BasicStmnt CovItemId="S17" CovItemPrefix="libFSTest.session.Test_session.java" Intrnl_Id="180">
<LocList>
<Loc EndOffset="2969" SrcFileId="2" StartOffset="2948"/>
</LocList>
</BasicStmnt>
</StmntSeq>
</Branch>
<Branch CovItemId="B4" CovItemPrefix="libFSTest.session.Test_session.java" Implct="false" Intrnl_Id="181">
<Cond>
<Loc EndOffset="2979" SrcFileId="2" StartOffset="2975"/>
</Cond>
<LocList>
<Loc EndOffset="3577" SrcFileId="2" StartOffset="2980"/>
</LocList>
<StmntSeq Intrnl_Id="182">
<LocList>
<Loc EndOffset="3577" SrcFileId="2" StartOffset="2980"/>
</LocList>
<CondStmnt CovItemId="S18" CovItemPrefix="libFSTest.session.Test_session.java" Intrnl_Id="183">
<Branch CovItemId="B5" CovItemPrefix="libFSTest.session.Test_session.java" Implct="false" Intrnl_Id="184">
<Cond/>
<LocList>
<Loc EndOffset="3253" SrcFileId="2" StartOffset="3049"/>
</LocList>
<StmntSeq Intrnl_Id="185">
<LocList>
<Loc EndOffset="3108" SrcFileId="2" StartOffset="3055"/>
<Loc EndOffset="3248" SrcFileId="2" StartOffset="3113"/>
</LocList>
<BasicStmnt CovItemId="S19" CovItemPrefix="libFSTest.session.Test_session.java" Intrnl_Id="186">
<LocList>
<Loc EndOffset="3108" SrcFileId="2" StartOffset="3055"/>
</LocList>
</BasicStmnt>
<CondStmnt CovItemId="S20" CovItemPrefix="libFSTest.session.Test_session.java" Intrnl_Id="187">
<Branch CovItemId="B7" CovItemPrefix="libFSTest.session.Test_session.java" Implct="false" Intrnl_Id="188">
<Cond/>
<LocList>
<Loc EndOffset="3208" SrcFileId="2" StartOffset="3176"/>
</LocList>
<StmntSeq Intrnl_Id="189">
<LocList>
<Loc EndOffset="3202" SrcFileId="2" StartOffset="3183"/>
</LocList>
<BasicStmnt CovItemId="S21" CovItemPrefix="libFSTest.session.Test_session.java" Intrnl_Id="190">
<LocList>
<Loc EndOffset="3202" SrcFileId="2" StartOffset="3183"/>
</LocList>
</BasicStmnt>
</StmntSeq>
</Branch>
<Branch CovItemId="B8" CovItemPrefix="libFSTest.session.Test_session.java" Implct="false" Intrnl_Id="191">
<Cond>
<Loc EndOffset="3212" SrcFileId="2" StartOffset="3208"/>
</Cond>
<LocList>
<Loc EndOffset="3248" SrcFileId="2" StartOffset="3213"/>
</LocList>
<StmntSeq Intrnl_Id="192">
<LocList>
<Loc EndOffset="3242" SrcFileId="2" StartOffset="3220"/>
</LocList>
<BasicStmnt CovItemId="S22" CovItemPrefix="libFSTest.session.Test_session.java" Intrnl_Id="193">
<LocList>
<Loc EndOffset="3242" SrcFileId="2" StartOffset="3220"/>
</LocList>
</BasicStmnt>
</StmntSeq>
</Branch>
<Keyword EndOffset="3115" SrcFileId="2" StartOffset="3113"/>
<LocList>
<Loc EndOffset="3248" SrcFileId="2" StartOffset="3113"/>
</LocList>
<RootTerm CovItemId="C4" CovItemPrefix="libFSTest.session.Test_session.java" Intrnl_Id="194">
<BasicBoolTerm Intrnl_Id="195">
<LocList>
<Loc EndOffset="3174" SrcFileId="2" StartOffset="3116"/>
</LocList>
</BasicBoolTerm>
</RootTerm>
</CondStmnt>
</StmntSeq>
</Branch>
<Branch CovItemId="B6" CovItemPrefix="libFSTest.session.Test_session.java" Implct="false" Intrnl_Id="196">
<Cond>
<Loc EndOffset="3258" SrcFileId="2" StartOffset="3254"/>
</Cond>
<LocList>
<Loc EndOffset="3577" SrcFileId="2" StartOffset="3259"/>
</LocList>
<StmntSeq Intrnl_Id="197">
<LocList>
<Loc EndOffset="3427" SrcFileId="2" StartOffset="3371"/>
<Loc EndOffset="3568" SrcFileId="2" StartOffset="3432"/>
</LocList>
<BasicStmnt CovItemId="S23" CovItemPrefix="libFSTest.session.Test_session.java" Intrnl_Id="198">
<LocList>
<Loc EndOffset="3427" SrcFileId="2" StartOffset="3371"/>
</LocList>
<QMO CovItemId="Q1" CovItemPrefix="libFSTest.session.Test_session.java" Intrnl_Id="199">
<LocList>
<Loc EndOffset="3314" SrcFileId="2" StartOffset="3290"/>
</LocList>
<QMO_E CovItemId="Q1-0" CovItemPrefix="libFSTest.session.Test_session.java" Intrnl_Id="200">
<LocList>
<Loc EndOffset="3326" SrcFileId="2" StartOffset="3317"/>
</LocList>
</QMO_E>
<QMO_E CovItemId="Q1-1" CovItemPrefix="libFSTest.session.Test_session.java" Intrnl_Id="201">
<LocList>
<Loc EndOffset="3337" SrcFileId="2" StartOffset="3329"/>
</LocList>
</QMO_E>
</QMO>
</BasicStmnt>
<CondStmnt CovItemId="S24" CovItemPrefix="libFSTest.session.Test_session.java" Intrnl_Id="202">
<Branch CovItemId="B9" CovItemPrefix="libFSTest.session.Test_session.java" Implct="false" Intrnl_Id="203">
<Cond/>
<LocList>
<Loc EndOffset="3527" SrcFileId="2" StartOffset="3495"/>
</LocList>
<StmntSeq Intrnl_Id="204">
<LocList>
<Loc EndOffset="3521" SrcFileId="2" StartOffset="3502"/>
</LocList>
<BasicStmnt CovItemId="S25" CovItemPrefix="libFSTest.session.Test_session.java" Intrnl_Id="205">
<LocList>
<Loc EndOffset="3521" SrcFileId="2" StartOffset="3502"/>
</LocList>
</BasicStmnt>
</StmntSeq>
</Branch>
<Branch CovItemId="B10" CovItemPrefix="libFSTest.session.Test_session.java" Implct="false" Intrnl_Id="206">
<Cond>
<Loc EndOffset="3531" SrcFileId="2" StartOffset="3527"/>
</Cond>
<LocList>
<Loc EndOffset="3568" SrcFileId="2" StartOffset="3532"/>
</LocList>
<StmntSeq Intrnl_Id="207">
<LocList>
<Loc EndOffset="3562" SrcFileId="2" StartOffset="3539"/>
</LocList>
<BasicStmnt CovItemId="S26" CovItemPrefix="libFSTest.session.Test_session.java" Intrnl_Id="208">
<LocList>
<Loc EndOffset="3562" SrcFileId="2" StartOffset="3539"/>
</LocList>
</BasicStmnt>
</StmntSeq>
</Branch>
<Keyword EndOffset="3434" SrcFileId="2" StartOffset="3432"/>
<LocList>
<Loc EndOffset="3568" SrcFileId="2" StartOffset="3432"/>
</LocList>
<RootTerm CovItemId="C5" CovItemPrefix="libFSTest.session.Test_session.java" Intrnl_Id="209">
<BasicBoolTerm Intrnl_Id="210">
<LocList>
<Loc EndOffset="3493" SrcFileId="2" StartOffset="3435"/>
</LocList>
</BasicBoolTerm>
</RootTerm>
</CondStmnt>
</StmntSeq>
</Branch>
<Keyword EndOffset="2982" SrcFileId="2" StartOffset="2980"/>
<LocList>
<Loc EndOffset="3577" SrcFileId="2" StartOffset="2980"/>
</LocList>
<RootTerm CovItemId="C3" CovItemPrefix="libFSTest.session.Test_session.java" Intrnl_Id="211">
<BasicBoolTerm Intrnl_Id="212">
<LocList>
<Loc EndOffset="3047" SrcFileId="2" StartOffset="2984"/>
</LocList>
</BasicBoolTerm>
</RootTerm>
</CondStmnt>
</StmntSeq>
</Branch>
<Keyword EndOffset="2861" SrcFileId="2" StartOffset="2859"/>
<LocList>
<Loc EndOffset="3577" SrcFileId="2" StartOffset="2859"/>
</LocList>
<RootTerm CovItemId="C2" CovItemPrefix="libFSTest.session.Test_session.java" Intrnl_Id="213">
<BasicBoolTerm Intrnl_Id="214">
<LocList>
<Loc EndOffset="2884" SrcFileId="2" StartOffset="2863"/>
</LocList>
</BasicBoolTerm>
</RootTerm>
</CondStmnt>
<BasicStmnt CovItemId="S27" CovItemPrefix="libFSTest.session.Test_session.java" Intrnl_Id="215">
<LocList>
<Loc EndOffset="3626" SrcFileId="2" StartOffset="3583"/>
</LocList>
</BasicStmnt>
<BasicStmnt CovItemId="S28" CovItemPrefix="libFSTest.session.Test_session.java" Intrnl_Id="216">
<LocList>
<Loc EndOffset="3780" SrcFileId="2" StartOffset="3630"/>
</LocList>
<QMO CovItemId="Q2" CovItemPrefix="libFSTest.session.Test_session.java" Intrnl_Id="217">
<LocList>
<Loc EndOffset="3705" SrcFileId="2" StartOffset="3681"/>
</LocList>
<QMO_E CovItemId="Q2-0" CovItemPrefix="libFSTest.session.Test_session.java" Intrnl_Id="218">
<LocList>
<Loc EndOffset="3717" SrcFileId="2" StartOffset="3708"/>
</LocList>
</QMO_E>
<QMO_E CovItemId="Q2-1" CovItemPrefix="libFSTest.session.Test_session.java" Intrnl_Id="219">
<LocList>
<Loc EndOffset="3728" SrcFileId="2" StartOffset="3720"/>
</LocList>
</QMO_E>
</QMO>
</BasicStmnt>
<BasicStmnt CovItemId="S29" CovItemPrefix="libFSTest.session.Test_session.java" Intrnl_Id="220">
<LocList>
<Loc EndOffset="3797" SrcFileId="2" StartOffset="3786"/>
</LocList>
</BasicStmnt>
</StmntSeq>
</HierarchyLvl>
<HierarchyLvl HierarchyLvlId="55" HierarchyLvlTypeId="7" Intrnl_Id="221" Name="getSessionResults">
<Header>
<Loc EndOffset="3945" SrcFileId="2" StartOffset="3906"/>
</Header>
<LocList>
<Loc EndOffset="4100" SrcFileId="2" StartOffset="3906"/>
</LocList>
<StmntSeq Intrnl_Id="222">
<LocList>
<Loc EndOffset="3997" SrcFileId="2" StartOffset="3951"/>
<Loc EndOffset="4078" SrcFileId="2" StartOffset="4001"/>
<Loc EndOffset="4096" SrcFileId="2" StartOffset="4082"/>
</LocList>
<BasicStmnt CovItemId="S30" CovItemPrefix="libFSTest.session.Test_session.java" Intrnl_Id="223">
<LocList>
<Loc EndOffset="3997" SrcFileId="2" StartOffset="3951"/>
</LocList>
</BasicStmnt>
<LoopStmnt CovItemId="S31" CovItemPrefix="libFSTest.session.Test_session.java" Intrnl_Id="224" MltplExecId="L1-2" MltplExecPrefix="libFSTest.session.Test_session.java" NvrExecId="L1-0" NvrExecPrefix="libFSTest.session.Test_session.java" OnceExecutedId="L1-1" OnceExecutedPrefix="libFSTest.session.Test_session.java" OptBodyExec="true">
<StmntSeq Intrnl_Id="225">
<LocList>
<Loc EndOffset="4073" SrcFileId="2" StartOffset="4047"/>
</LocList>
<BasicStmnt CovItemId="S32" CovItemPrefix="libFSTest.session.Test_session.java" Intrnl_Id="226">
<LocList>
<Loc EndOffset="4073" SrcFileId="2" StartOffset="4047"/>
</LocList>
</BasicStmnt>
</StmntSeq>
<Keyword EndOffset="4004" SrcFileId="2" StartOffset="4001"/>
<LocList>
<Loc EndOffset="4078" SrcFileId="2" StartOffset="4001"/>
</LocList>
</LoopStmnt>
<BasicStmnt CovItemId="S33" CovItemPrefix="libFSTest.session.Test_session.java" Intrnl_Id="227">
<LocList>
<Loc EndOffset="4096" SrcFileId="2" StartOffset="4082"/>
</LocList>
</BasicStmnt>
</StmntSeq>
</HierarchyLvl>
<HierarchyLvl HierarchyLvlId="56" HierarchyLvlTypeId="7" Intrnl_Id="228" Name="getSessionAnswers">
<Header>
<Loc EndOffset="4247" SrcFileId="2" StartOffset="4199"/>
</Header>
<LocList>
<Loc EndOffset="4317" SrcFileId="2" StartOffset="4199"/>
</LocList>
<StmntSeq Intrnl_Id="229">
<LocList>
<Loc EndOffset="4313" SrcFileId="2" StartOffset="4253"/>
</LocList>
<BasicStmnt CovItemId="S34" CovItemPrefix="libFSTest.session.Test_session.java" Intrnl_Id="230">
<LocList>
<Loc EndOffset="4313" SrcFileId="2" StartOffset="4253"/>
</LocList>
</BasicStmnt>
</StmntSeq>
</HierarchyLvl>
</HierarchyLvl>
</HierarchyLvl>
</HierarchyLvl>
</HierarchyLvl>
</MASTRoot>
</TestSessionContainer>
