<?xml version="1.0" encoding="UTF-8"?><TestSessionContainer xmlns="http://www.codecover.org/xml/testsession-container" Date="1620377935801" TestSessionContainerId="6adc7447-6e15-4e8a-a089-43d5ee812ae9" version="1.0">
<SrcFileList>
<SrcFile Content="package libFSTest.test;&#13;&#10;&#13;&#10;import java.awt.Color;&#13;&#10;import java.awt.Dimension;&#13;&#10;import java.util.Calendar;&#13;&#10;import java.util.GregorianCalendar;&#13;&#10;import java.util.Locale;&#13;&#10;import java.util.TimeZone;&#13;&#10;&#13;&#10;public class DatiGenerazione {&#13;&#10;&#9;private Dimension dimensione;&#13;&#10;&#9;private String Nome;&#13;&#10;&#9;private String Sesso;&#13;&#10;&#9;private Calendar dataNasc;&#13;&#10;&#9;private int MonitorSize;&#13;&#10;&#9;private int WRect;&#13;&#10;&#9;private int HRect;&#13;&#10;&#9;private int HBar;&#13;&#10;&#9;private int XBar;&#13;&#10;&#9;private int livMax;&#13;&#10;&#9;private int livMin;&#13;&#10;&#9;private int distSchermo;&#13;&#10;&#9;private Color c1;&#13;&#10;&#9;private Color c2;&#13;&#10;&#9;private boolean Pos;&#13;&#10;&#9;private double Livello;&#13;&#10;&#9;private double Angolo;&#13;&#10;&#9;private Calendar DataEsame;&#13;&#10;&#9;&#13;&#10;&#9;/**&#13;&#10;&#9; * Costruttore&#13;&#10;&#9; */&#13;&#10;&#9;public DatiGenerazione(){&#13;&#10;&#9;&#9;dimensione=new Dimension(1,1);&#13;&#10;&#9;&#9;Nome=&quot;Unnamed&quot;;&#13;&#10;&#9;&#9;Sesso=&quot;null&quot;;&#13;&#10;&#9;&#9;dataNasc=Calendar.getInstance(TimeZone.getTimeZone(&quot;Europe/Rome&quot;),Locale.ITALY);&#13;&#10;&#9;&#9;MonitorSize=0;&#13;&#10;&#9;&#9;WRect=-1;&#13;&#10;&#9;&#9;HRect=-1;&#13;&#10;&#9;&#9;HBar=-1;&#13;&#10;&#9;&#9;XBar=-1;&#13;&#10;&#9;&#9;distSchermo=0;&#13;&#10;&#9;&#9;c1=Color.RED;&#13;&#10;&#9;&#9;c2=Color.BLUE;&#13;&#10;&#9;&#9;livMin=-1;&#13;&#10;&#9;&#9;livMax=-2;&#13;&#10;&#9;&#9;Pos=false;&#13;&#10;&#9;&#9;Livello=-1;&#13;&#10;&#9;&#9;Angolo=-1;&#13;&#10;&#9;&#9;DataEsame=Calendar.getInstance();&#13;&#10;&#9;&#9;&#13;&#10;&#9;}&#13;&#10;&#9;&#13;&#10;&#9;&#13;&#10;&#9;/**&#13;&#10;&#9; * @return the nome&#13;&#10;&#9; */&#13;&#10;&#9;public String getNome() {&#13;&#10;&#9;&#9;return Nome;&#13;&#10;&#9;}&#13;&#10;&#9;/**&#13;&#10;&#9; * @param nome the nome to set&#13;&#10;&#9; */&#13;&#10;&#9;public void setNome(String nome) {&#13;&#10;&#9;&#9;Nome = nome;&#13;&#10;&#9;}&#13;&#10;&#9;/**&#13;&#10;&#9; * @return the sesso&#13;&#10;&#9; */&#13;&#10;&#9;public String getSesso() {&#13;&#10;&#9;&#9;return Sesso;&#13;&#10;&#9;}&#13;&#10;&#9;/**&#13;&#10;&#9; * @param sesso the sesso to set&#13;&#10;&#9; */&#13;&#10;&#9;public void setSesso(String sesso) {&#13;&#10;&#9;&#9;Sesso = sesso;&#13;&#10;&#9;}&#13;&#10;&#9;&#13;&#10;&#9;/**&#13;&#10;&#9; * @return the dataNasc&#13;&#10;&#9; */&#13;&#10;&#9;public Calendar getDataNasc() {&#13;&#10;&#9;&#9;return dataNasc;&#13;&#10;&#9;}&#13;&#10;&#9;/**&#13;&#10;&#9; * @param dn the dataNasc to set&#13;&#10;&#9; */&#13;&#10;&#9;public void setDataNasc(Calendar dn) {&#13;&#10;&#9;&#9;Calendar dateNow=Calendar.getInstance(TimeZone.getTimeZone(&quot;Europe/Rome&quot;),Locale.ITALY);&#13;&#10;&#9;&#9;if(dateNow.after(dn)) {&#13;&#10;&#9;&#9;this.dataNasc = dn;}&#13;&#10;&#9;}&#13;&#10;&#9;/**&#13;&#10;&#9; * @param dataNasc the dataNasc to set in dd/mm/yyyy&#13;&#10;&#9; */&#13;&#10;&#9;public void setDataNasc(String dataNascString) {&#13;&#10;&#9;&#9;if(dataNascString.charAt(2)=='/' &amp;&amp; dataNascString.charAt(5)=='/') {&#13;&#10;&#9;&#9;&#9;Calendar d = Calendar.getInstance(TimeZone.getTimeZone(&quot;Europe/Rome&quot;),Locale.ITALY);&#13;&#10;&#9;&#9;&#9;GregorianCalendar data=new GregorianCalendar();&#13;&#10;&#9;&#9;&#9;DataEsame=dataNasc;&#13;&#10;&#9;&#9;&#9;DataEsame.setTime(data.getTime());&#13;&#10;&#9;&#9;&#9;char[] cD=dataNascString.toCharArray();&#13;&#10;&#9;&#9;&#9;String a=&quot;&quot;+cD[6]+cD[7]+cD[8]+cD[9];&#13;&#10;&#9;&#9;&#9;String m=&quot;&quot;+cD[3]+cD[4];&#13;&#10;&#9;&#9;&#9;String g=&quot;&quot;+cD[0]+cD[1];&#13;&#10;&#9;&#9;&#9;if(Integer.parseInt(m)&lt;=11&amp;&amp;Integer.parseInt(g)&lt;=31) {&#13;&#10;&#9;&#9;&#9;&#9;data=new GregorianCalendar(Integer.parseInt(a),Integer.parseInt(m)-1, Integer.parseInt(g));&#13;&#10;&#9;&#9;&#13;&#10;&#9;&#9;&#9;&#9;if(DataEsame.getTime().after(data.getTime())) {&#13;&#10;&#9;&#9;&#9;&#9;&#9;this.dataNasc.setTime(data.getTime());&#13;&#10;&#9;&#9;&#9;&#9;}&#13;&#10;&#9;&#9;&#9;}&#13;&#10;&#9;&#9;}&#13;&#10;&#9;}&#13;&#10;&#9;/**&#13;&#10;&#9; * @return the monitorSize&#13;&#10;&#9; */&#13;&#10;&#9;public int getMonitorSize() {&#13;&#10;&#9;&#9;return MonitorSize;&#13;&#10;&#9;}&#13;&#10;&#9;/**&#13;&#10;&#9; * @param d the monitorSize to set&#13;&#10;&#9; */&#13;&#10;&#9;public void setMonitorSize(int d) {&#13;&#10;&#9;&#9;if(d&gt;0)&#13;&#10;&#9;&#9;MonitorSize = d;&#13;&#10;&#9;}&#13;&#10;&#9;/**&#13;&#10;&#9; * @return the wRect&#13;&#10;&#9; */&#13;&#10;&#9;public int getWRect() {&#13;&#10;&#9;&#9;return WRect;&#13;&#10;&#9;}&#13;&#10;&#9;/**&#13;&#10;&#9; * @param wRect the wRect to set&#13;&#10;&#9; */&#13;&#10;&#9;public void setWRect(int wRect) {&#13;&#10;&#9;&#9;if(wRect&lt;(dimensione.getWidth()-20)&amp;&amp;wRect&gt;0) WRect = wRect;&#13;&#10;&#9;&#9;else WRect=(int) (dimensione.getWidth()-20);&#13;&#10;&#9;}&#13;&#10;&#9;/**&#13;&#10;&#9; * @return the hRect&#13;&#10;&#9; */&#13;&#10;&#9;public int getHRect() {&#13;&#10;&#9;&#9;return HRect;&#13;&#10;&#9;}&#13;&#10;&#9;/**&#13;&#10;&#9; * @param hRect the hRect to set&#13;&#10;&#9; */&#13;&#10;&#9;public void setHRect(int hRect) {&#13;&#10;&#9;&#9;if(hRect&lt;(dimensione.getHeight()-20)&amp;&amp;hRect&gt;0) HRect = hRect;&#13;&#10;&#9;&#9;else HRect=(int) (dimensione.getHeight()-20);&#13;&#10;&#9;}&#13;&#10;&#9;/**&#13;&#10;&#9; * @return the hBar&#13;&#10;&#9; */&#13;&#10;&#9;public int getHBar() {&#13;&#10;&#9;&#9;return HBar;&#13;&#10;&#9;}&#13;&#10;&#9;/**&#13;&#10;&#9; * @param hBar the hBar to set&#13;&#10;&#9; */&#13;&#10;&#9;public void setHBar(int hBar) {&#13;&#10;&#9;&#9;if(hBar&lt;(HRect-10)&amp;&amp;hBar&gt;0)&#9;HBar = hBar;&#13;&#10;&#9;&#9;else HBar=HRect-10;&#13;&#10;&#9;}&#13;&#10;&#9;/**&#13;&#10;&#9; * @return the xBar&#13;&#10;&#9; */&#13;&#10;&#9;public int getXBar() {&#13;&#10;&#9;&#9;return XBar;&#13;&#10;&#9;}&#13;&#10;&#9;/**&#13;&#10;&#9; * @param xBar the xBar to set&#13;&#10;&#9; */&#13;&#10;&#9;public void setXBar(int xBar) throws ArithmeticException {&#13;&#10;&#9;&#9;if(livMin==-1&amp;&amp;livMax&gt;=livMin)&#13;&#10;&#9;&#9;&#9;this.livMin=livMax;&#13;&#10;&#9;&#9;if(xBar&lt;=livMax &amp;&amp; xBar&gt;=livMin)&#9;this.XBar = xBar;&#13;&#10;&#9;&#9;else if(livMax==-2) new ArithmeticException(&quot;Inserisci un livello massimo corretto&quot;);&#13;&#10;&#9;&#9;&#9;else&#13;&#10;&#9;&#9;&#9;this.XBar=livMax;&#13;&#10;&#9;}&#13;&#10;&#9;/**&#13;&#10;&#9; * @return the livMax&#13;&#10;&#9; */&#13;&#10;&#9;public int getLivMax() {&#13;&#10;&#9;&#9;return livMax;&#13;&#10;&#9;}&#13;&#10;&#13;&#10;&#13;&#10;&#9;/**&#13;&#10;&#9; * @param livMax the livMax to set&#13;&#10;&#9; */&#13;&#10;&#9;public void setLivMax(int livMax) {&#13;&#10;&#9;&#9;if(livMax&lt;(WRect-10)&amp;&amp;livMax&gt;0)&#9;this.livMax = livMax;&#13;&#10;&#9;&#9;else this.livMax = WRect-10;&#13;&#10;&#9;&#9;this.XBar=this.livMax;&#13;&#10;&#9;}&#13;&#10;&#13;&#10;&#13;&#10;&#9;/**&#13;&#10;&#9; * @return the livMin&#13;&#10;&#9; */&#13;&#10;&#9;public int getLivMin() {&#13;&#10;&#9;&#9;return livMin;&#13;&#10;&#9;}&#13;&#10;&#13;&#10;&#13;&#10;&#9;/**&#13;&#10;&#9; * @param livMin the livMin to set&#13;&#10;&#9; */&#13;&#10;&#9;public void setLivMin(int livMin) {&#13;&#10;&#9;&#9;if(livMax==-2)&#13;&#10;&#9;&#9;&#9;livMax=livMin;&#13;&#10;&#9;&#9;if(livMin&lt;(WRect-10)&amp;&amp;livMin&gt;0&amp;&amp;livMin&lt;=livMax)&#9;this.livMin = livMin;&#13;&#10;&#9;&#9;else this.livMin=livMax;&#13;&#10;&#9;}&#13;&#10;&#13;&#10;&#13;&#10;&#9;/**&#13;&#10;&#9; * @return the distSchermo&#13;&#10;&#9; */&#13;&#10;&#9;public int getDistSchermo() {&#13;&#10;&#9;&#9;return distSchermo;&#13;&#10;&#9;}&#13;&#10;&#9;/**&#13;&#10;&#9; * @param distSchermo the distSchermo to set&#13;&#10;&#9; */&#13;&#10;&#9;public void setDistSchermo(int distSchermo) {&#13;&#10;&#9;&#9;this.distSchermo = distSchermo*10;&#13;&#10;&#9;}&#13;&#10;&#9;/**&#13;&#10;&#9; * @return the c1&#13;&#10;&#9; */&#13;&#10;&#9;public Color getC1() {&#13;&#10;&#9;&#9;return c1;&#13;&#10;&#9;}&#13;&#10;&#9;/**&#13;&#10;&#9; * @param c1 the c1 to set&#13;&#10;&#9; */&#13;&#10;&#9;public void setC1(Color c1) {&#13;&#10;&#9;&#9;this.c1 = c1;&#13;&#10;&#9;}&#13;&#10;&#9;/**&#13;&#10;&#9; * @return the c2&#13;&#10;&#9; */&#13;&#10;&#9;public Color getC2() {&#13;&#10;&#9;&#9;return c2;&#13;&#10;&#9;}&#13;&#10;&#9;/**&#13;&#10;&#9; * @param c2 the c2 to set&#13;&#10;&#9; */&#13;&#10;&#9;public void setC2(Color c2) {&#13;&#10;&#9;&#9;this.c2 = c2;&#13;&#10;&#9;}&#13;&#10;&#9;&#13;&#10;&#9;/**&#13;&#10;&#9; * @return the pos&#13;&#10;&#9; */&#13;&#10;&#9;public boolean getPos() {&#13;&#10;&#9;&#9;return Pos;&#13;&#10;&#9;}&#13;&#10;&#13;&#10;&#13;&#10;&#9;/**&#13;&#10;&#9; * @param pos the position to set, false if behind or true if in front&#13;&#10;&#9; */&#13;&#10;&#9;public void setPos(boolean pos) {&#13;&#10;&#9;&#9;if(pos!=Pos) {&#13;&#10;&#9;&#9;&#9;Color cTemp=getC1();&#13;&#10;&#9;&#9;&#9;this.setC1(getC2());&#13;&#10;&#9;&#9;&#9;this.setC2(cTemp);&#13;&#10;&#9;&#9;}&#13;&#10;&#9;&#9;Pos = pos;&#13;&#10;&#9;&#9;&#13;&#10;&#9;}&#13;&#10;&#13;&#10;&#13;&#10;&#9;&#13;&#10;&#9;/**&#13;&#10;&#9; * @return the livello in µm&#13;&#10;&#9; */&#13;&#10;&#9;public double getLivello() {&#13;&#10;&#9;&#9;return Livello;&#13;&#10;&#9;}&#13;&#10;&#9;/**&#13;&#10;&#9; * @param i the livello to set (in µm)&#13;&#10;&#9; */&#13;&#10;&#9;public void setLivello(double i) {&#13;&#10;&#9;&#9;Livello = i;&#13;&#10;&#9;}&#13;&#10;&#9;/**&#13;&#10;&#9; * @return the angolo&#13;&#10;&#9; */&#13;&#10;&#9;public double getAngolo() {&#13;&#10;&#9;&#9;return Angolo;&#13;&#10;&#9;}&#13;&#10;&#9;/**&#13;&#10;&#9; * @param d the angolo to set&#13;&#10;&#9; */&#13;&#10;&#9;public void setAngolo(double d) {&#13;&#10;&#9;&#9;this.Angolo = d;&#13;&#10;&#9;}&#13;&#10;&#9;/**&#13;&#10;&#9; * @return the dataEsame&#13;&#10;&#9; */&#13;&#10;&#9;public Calendar getDataEsame() {&#13;&#10;&#9;&#9;return DataEsame;&#13;&#10;&#9;}&#13;&#10;&#9;&#13;&#10;&#9;/**&#13;&#10;&#9; * @param dimensione the dimension to set (Dimension format)&#13;&#10;&#9; */&#13;&#10;&#9;public void setDimensione(Dimension dimensione) {&#13;&#10;&#9;&#9;this.dimensione = dimensione;&#13;&#10;&#9;}&#13;&#10;&#9;/**&#13;&#10;&#9; * @return dimensione&#13;&#10;&#9; */&#13;&#10;&#9;public Dimension getDimensione() {&#13;&#10;&#9;&#9;return dimensione;&#13;&#10;&#9;}&#13;&#10;&#9;/**&#13;&#10;&#9; * @param dimensione the dimension to set (width and height in integer)&#13;&#10;&#9; */&#13;&#10;&#9;public void setDimensione(int w,int h) {&#13;&#10;&#9;&#9;this.dimensione = new Dimension(w,h);&#13;&#10;&#9;}&#13;&#10;&#9;/**&#13;&#10;&#9; * @param dimensione the dimension to set (width and height in double)&#13;&#10;&#9; */&#13;&#10;&#9;public void setDimensione(double w,double h) {&#13;&#10;&#9;&#9;this.dimensione = new Dimension((int)w,(int)h);&#13;&#10;&#9;}&#13;&#10;&#13;&#10;&#13;&#10;&#9;&#13;&#10;&#9;&#13;&#10;}&#13;&#10;" Filename="DatiGenerazione.java" Intrnl_Id="1"/>
</SrcFileList>
<CritList>
<CritListEntry Name="org.codecover.model.utils.criteria.LoopCoverage" PluginName="org.codecover"/>
<CritListEntry Name="org.codecover.model.utils.criteria.ConditionCoverage" PluginName="org.codecover"/>
<CritListEntry Name="org.codecover.model.utils.criteria.BranchCoverage" PluginName="org.codecover"/>
<CritListEntry Name="org.codecover.model.utils.criteria.StatementCoverage" PluginName="org.codecover"/>
</CritList>
<BoolOpList>
<BoolOp Arity="2" Intrnl_Id="2" Name="conditional and (&amp;&amp;)">
<BoolAssgnmntBoolMapList>
<MapEntry BoolAssgnmnt="02" Value="false"/>
<MapEntry BoolAssgnmnt="10" Value="false"/>
<MapEntry BoolAssgnmnt="11" Value="true"/>
</BoolAssgnmntBoolMapList>
</BoolOp>
</BoolOpList>
<HierarchyLvlTypeList>
<HierarchyLvlType EnglishName="package" IntrnlName="package" Intrnl_Id="3"/>
<HierarchyLvlType EnglishName="method" IntrnlName="method" Intrnl_Id="4"/>
<HierarchyLvlType EnglishName="class" IntrnlName="class" Intrnl_Id="5"/>
<HierarchyLvlType EnglishName="default package" IntrnlName="default package" Intrnl_Id="6"/>
</HierarchyLvlTypeList>
<MASTRoot>
<HierarchyLvl HierarchyLvlId="1302" HierarchyLvlTypeId="6" Intrnl_Id="7" Name="default package">
<Header/>
<LocList/>
<HierarchyLvl HierarchyLvlId="1301" HierarchyLvlTypeId="3" Intrnl_Id="8" Name="libFSTest">
<Header/>
<LocList/>
<HierarchyLvl HierarchyLvlId="1300" HierarchyLvlTypeId="3" Intrnl_Id="9" Name="test">
<Header/>
<LocList/>
<HierarchyLvl HierarchyLvlId="1299" HierarchyLvlTypeId="5" Intrnl_Id="10" Name="DatiGenerazione">
<Header>
<Loc EndOffset="228" SrcFileId="1" StartOffset="200"/>
</Header>
<LocList>
<Loc EndOffset="6764" SrcFileId="1" StartOffset="200"/>
</LocList>
<HierarchyLvl HierarchyLvlId="1260" HierarchyLvlTypeId="4" Intrnl_Id="11" Name="DatiGenerazione">
<Header>
<Loc EndOffset="721" SrcFileId="1" StartOffset="697"/>
</Header>
<LocList>
<Loc EndOffset="1113" SrcFileId="1" StartOffset="697"/>
</LocList>
<StmntSeq Intrnl_Id="12">
<LocList>
<Loc EndOffset="756" SrcFileId="1" StartOffset="726"/>
<Loc EndOffset="775" SrcFileId="1" StartOffset="760"/>
<Loc EndOffset="792" SrcFileId="1" StartOffset="779"/>
<Loc EndOffset="876" SrcFileId="1" StartOffset="796"/>
<Loc EndOffset="894" SrcFileId="1" StartOffset="880"/>
<Loc EndOffset="907" SrcFileId="1" StartOffset="898"/>
<Loc EndOffset="920" SrcFileId="1" StartOffset="911"/>
<Loc EndOffset="932" SrcFileId="1" StartOffset="924"/>
<Loc EndOffset="944" SrcFileId="1" StartOffset="936"/>
<Loc EndOffset="962" SrcFileId="1" StartOffset="948"/>
<Loc EndOffset="979" SrcFileId="1" StartOffset="966"/>
<Loc EndOffset="997" SrcFileId="1" StartOffset="983"/>
<Loc EndOffset="1011" SrcFileId="1" StartOffset="1001"/>
<Loc EndOffset="1025" SrcFileId="1" StartOffset="1015"/>
<Loc EndOffset="1039" SrcFileId="1" StartOffset="1029"/>
<Loc EndOffset="1054" SrcFileId="1" StartOffset="1043"/>
<Loc EndOffset="1068" SrcFileId="1" StartOffset="1058"/>
<Loc EndOffset="1105" SrcFileId="1" StartOffset="1072"/>
</LocList>
<BasicStmnt CovItemId="S1" CovItemPrefix="libFSTest.test.DatiGenerazione.java" Intrnl_Id="13">
<LocList>
<Loc EndOffset="756" SrcFileId="1" StartOffset="726"/>
</LocList>
</BasicStmnt>
<BasicStmnt CovItemId="S2" CovItemPrefix="libFSTest.test.DatiGenerazione.java" Intrnl_Id="14">
<LocList>
<Loc EndOffset="775" SrcFileId="1" StartOffset="760"/>
</LocList>
</BasicStmnt>
<BasicStmnt CovItemId="S3" CovItemPrefix="libFSTest.test.DatiGenerazione.java" Intrnl_Id="15">
<LocList>
<Loc EndOffset="792" SrcFileId="1" StartOffset="779"/>
</LocList>
</BasicStmnt>
<BasicStmnt CovItemId="S4" CovItemPrefix="libFSTest.test.DatiGenerazione.java" Intrnl_Id="16">
<LocList>
<Loc EndOffset="876" SrcFileId="1" StartOffset="796"/>
</LocList>
</BasicStmnt>
<BasicStmnt CovItemId="S5" CovItemPrefix="libFSTest.test.DatiGenerazione.java" Intrnl_Id="17">
<LocList>
<Loc EndOffset="894" SrcFileId="1" StartOffset="880"/>
</LocList>
</BasicStmnt>
<BasicStmnt CovItemId="S6" CovItemPrefix="libFSTest.test.DatiGenerazione.java" Intrnl_Id="18">
<LocList>
<Loc EndOffset="907" SrcFileId="1" StartOffset="898"/>
</LocList>
</BasicStmnt>
<BasicStmnt CovItemId="S7" CovItemPrefix="libFSTest.test.DatiGenerazione.java" Intrnl_Id="19">
<LocList>
<Loc EndOffset="920" SrcFileId="1" StartOffset="911"/>
</LocList>
</BasicStmnt>
<BasicStmnt CovItemId="S8" CovItemPrefix="libFSTest.test.DatiGenerazione.java" Intrnl_Id="20">
<LocList>
<Loc EndOffset="932" SrcFileId="1" StartOffset="924"/>
</LocList>
</BasicStmnt>
<BasicStmnt CovItemId="S9" CovItemPrefix="libFSTest.test.DatiGenerazione.java" Intrnl_Id="21">
<LocList>
<Loc EndOffset="944" SrcFileId="1" StartOffset="936"/>
</LocList>
</BasicStmnt>
<BasicStmnt CovItemId="S10" CovItemPrefix="libFSTest.test.DatiGenerazione.java" Intrnl_Id="22">
<LocList>
<Loc EndOffset="962" SrcFileId="1" StartOffset="948"/>
</LocList>
</BasicStmnt>
<BasicStmnt CovItemId="S11" CovItemPrefix="libFSTest.test.DatiGenerazione.java" Intrnl_Id="23">
<LocList>
<Loc EndOffset="979" SrcFileId="1" StartOffset="966"/>
</LocList>
</BasicStmnt>
<BasicStmnt CovItemId="S12" CovItemPrefix="libFSTest.test.DatiGenerazione.java" Intrnl_Id="24">
<LocList>
<Loc EndOffset="997" SrcFileId="1" StartOffset="983"/>
</LocList>
</BasicStmnt>
<BasicStmnt CovItemId="S13" CovItemPrefix="libFSTest.test.DatiGenerazione.java" Intrnl_Id="25">
<LocList>
<Loc EndOffset="1011" SrcFileId="1" StartOffset="1001"/>
</LocList>
</BasicStmnt>
<BasicStmnt CovItemId="S14" CovItemPrefix="libFSTest.test.DatiGenerazione.java" Intrnl_Id="26">
<LocList>
<Loc EndOffset="1025" SrcFileId="1" StartOffset="1015"/>
</LocList>
</BasicStmnt>
<BasicStmnt CovItemId="S15" CovItemPrefix="libFSTest.test.DatiGenerazione.java" Intrnl_Id="27">
<LocList>
<Loc EndOffset="1039" SrcFileId="1" StartOffset="1029"/>
</LocList>
</BasicStmnt>
<BasicStmnt CovItemId="S16" CovItemPrefix="libFSTest.test.DatiGenerazione.java" Intrnl_Id="28">
<LocList>
<Loc EndOffset="1054" SrcFileId="1" StartOffset="1043"/>
</LocList>
</BasicStmnt>
<BasicStmnt CovItemId="S17" CovItemPrefix="libFSTest.test.DatiGenerazione.java" Intrnl_Id="29">
<LocList>
<Loc EndOffset="1068" SrcFileId="1" StartOffset="1058"/>
</LocList>
</BasicStmnt>
<BasicStmnt CovItemId="S18" CovItemPrefix="libFSTest.test.DatiGenerazione.java" Intrnl_Id="30">
<LocList>
<Loc EndOffset="1105" SrcFileId="1" StartOffset="1072"/>
</LocList>
</BasicStmnt>
</StmntSeq>
</HierarchyLvl>
<HierarchyLvl HierarchyLvlId="1261" HierarchyLvlTypeId="4" Intrnl_Id="31" Name="getNome">
<Header>
<Loc EndOffset="1179" SrcFileId="1" StartOffset="1156"/>
</Header>
<LocList>
<Loc EndOffset="1201" SrcFileId="1" StartOffset="1156"/>
</LocList>
<StmntSeq Intrnl_Id="32">
<LocList>
<Loc EndOffset="1197" SrcFileId="1" StartOffset="1185"/>
</LocList>
<BasicStmnt CovItemId="S19" CovItemPrefix="libFSTest.test.DatiGenerazione.java" Intrnl_Id="33">
<LocList>
<Loc EndOffset="1197" SrcFileId="1" StartOffset="1185"/>
</LocList>
</BasicStmnt>
</StmntSeq>
</HierarchyLvl>
<HierarchyLvl HierarchyLvlId="1262" HierarchyLvlTypeId="4" Intrnl_Id="34" Name="setNome">
<Header>
<Loc EndOffset="1281" SrcFileId="1" StartOffset="1249"/>
</Header>
<LocList>
<Loc EndOffset="1303" SrcFileId="1" StartOffset="1249"/>
</LocList>
<StmntSeq Intrnl_Id="35">
<LocList>
<Loc EndOffset="1299" SrcFileId="1" StartOffset="1287"/>
</LocList>
<BasicStmnt CovItemId="S20" CovItemPrefix="libFSTest.test.DatiGenerazione.java" Intrnl_Id="36">
<LocList>
<Loc EndOffset="1299" SrcFileId="1" StartOffset="1287"/>
</LocList>
</BasicStmnt>
</StmntSeq>
</HierarchyLvl>
<HierarchyLvl HierarchyLvlId="1263" HierarchyLvlTypeId="4" Intrnl_Id="37" Name="getSesso">
<Header>
<Loc EndOffset="1365" SrcFileId="1" StartOffset="1341"/>
</Header>
<LocList>
<Loc EndOffset="1388" SrcFileId="1" StartOffset="1341"/>
</LocList>
<StmntSeq Intrnl_Id="38">
<LocList>
<Loc EndOffset="1384" SrcFileId="1" StartOffset="1371"/>
</LocList>
<BasicStmnt CovItemId="S21" CovItemPrefix="libFSTest.test.DatiGenerazione.java" Intrnl_Id="39">
<LocList>
<Loc EndOffset="1384" SrcFileId="1" StartOffset="1371"/>
</LocList>
</BasicStmnt>
</StmntSeq>
</HierarchyLvl>
<HierarchyLvl HierarchyLvlId="1264" HierarchyLvlTypeId="4" Intrnl_Id="40" Name="setSesso">
<Header>
<Loc EndOffset="1472" SrcFileId="1" StartOffset="1438"/>
</Header>
<LocList>
<Loc EndOffset="1496" SrcFileId="1" StartOffset="1438"/>
</LocList>
<StmntSeq Intrnl_Id="41">
<LocList>
<Loc EndOffset="1492" SrcFileId="1" StartOffset="1478"/>
</LocList>
<BasicStmnt CovItemId="S22" CovItemPrefix="libFSTest.test.DatiGenerazione.java" Intrnl_Id="42">
<LocList>
<Loc EndOffset="1492" SrcFileId="1" StartOffset="1478"/>
</LocList>
</BasicStmnt>
</StmntSeq>
</HierarchyLvl>
<HierarchyLvl HierarchyLvlId="1265" HierarchyLvlTypeId="4" Intrnl_Id="43" Name="getDataNasc">
<Header>
<Loc EndOffset="1569" SrcFileId="1" StartOffset="1540"/>
</Header>
<LocList>
<Loc EndOffset="1595" SrcFileId="1" StartOffset="1540"/>
</LocList>
<StmntSeq Intrnl_Id="44">
<LocList>
<Loc EndOffset="1591" SrcFileId="1" StartOffset="1575"/>
</LocList>
<BasicStmnt CovItemId="S23" CovItemPrefix="libFSTest.test.DatiGenerazione.java" Intrnl_Id="45">
<LocList>
<Loc EndOffset="1591" SrcFileId="1" StartOffset="1575"/>
</LocList>
</BasicStmnt>
</StmntSeq>
</HierarchyLvl>
<HierarchyLvl HierarchyLvlId="1266" HierarchyLvlTypeId="4" Intrnl_Id="46" Name="setDataNasc">
<Header>
<Loc EndOffset="1681" SrcFileId="1" StartOffset="1645"/>
</Header>
<LocList>
<Loc EndOffset="1830" SrcFileId="1" StartOffset="1645"/>
</LocList>
<StmntSeq Intrnl_Id="47">
<LocList>
<Loc EndOffset="1775" SrcFileId="1" StartOffset="1687"/>
<Loc EndOffset="1826" SrcFileId="1" StartOffset="1779"/>
</LocList>
<BasicStmnt CovItemId="S24" CovItemPrefix="libFSTest.test.DatiGenerazione.java" Intrnl_Id="48">
<LocList>
<Loc EndOffset="1775" SrcFileId="1" StartOffset="1687"/>
</LocList>
</BasicStmnt>
<CondStmnt CovItemId="S25" CovItemPrefix="libFSTest.test.DatiGenerazione.java" Intrnl_Id="49">
<Branch CovItemId="B1" CovItemPrefix="libFSTest.test.DatiGenerazione.java" Implct="false" Intrnl_Id="50">
<Cond/>
<LocList>
<Loc EndOffset="1826" SrcFileId="1" StartOffset="1801"/>
</LocList>
<StmntSeq Intrnl_Id="51">
<LocList>
<Loc EndOffset="1825" SrcFileId="1" StartOffset="1806"/>
</LocList>
<BasicStmnt CovItemId="S26" CovItemPrefix="libFSTest.test.DatiGenerazione.java" Intrnl_Id="52">
<LocList>
<Loc EndOffset="1825" SrcFileId="1" StartOffset="1806"/>
</LocList>
</BasicStmnt>
</StmntSeq>
</Branch>
<Branch CovItemId="B2" CovItemPrefix="libFSTest.test.DatiGenerazione.java" Implct="true" Intrnl_Id="53">
<Cond/>
<LocList/>
<StmntSeq Intrnl_Id="54">
<LocList/>
</StmntSeq>
</Branch>
<Keyword EndOffset="1781" SrcFileId="1" StartOffset="1779"/>
<LocList>
<Loc EndOffset="1826" SrcFileId="1" StartOffset="1779"/>
</LocList>
<RootTerm CovItemId="C1" CovItemPrefix="libFSTest.test.DatiGenerazione.java" Intrnl_Id="55">
<BasicBoolTerm Intrnl_Id="56">
<LocList>
<Loc EndOffset="1799" SrcFileId="1" StartOffset="1782"/>
</LocList>
</BasicBoolTerm>
</RootTerm>
</CondStmnt>
</StmntSeq>
</HierarchyLvl>
<HierarchyLvl HierarchyLvlId="1267" HierarchyLvlTypeId="4" Intrnl_Id="57" Name="setDataNasc">
<Header>
<Loc EndOffset="1946" SrcFileId="1" StartOffset="1900"/>
</Header>
<LocList>
<Loc EndOffset="2647" SrcFileId="1" StartOffset="1900"/>
</LocList>
<StmntSeq Intrnl_Id="58">
<LocList>
<Loc EndOffset="2643" SrcFileId="1" StartOffset="1952"/>
</LocList>
<CondStmnt CovItemId="S27" CovItemPrefix="libFSTest.test.DatiGenerazione.java" Intrnl_Id="59">
<Branch CovItemId="B3" CovItemPrefix="libFSTest.test.DatiGenerazione.java" Implct="false" Intrnl_Id="60">
<Cond/>
<LocList>
<Loc EndOffset="2643" SrcFileId="1" StartOffset="2019"/>
</LocList>
<StmntSeq Intrnl_Id="61">
<LocList>
<Loc EndOffset="2109" SrcFileId="1" StartOffset="2025"/>
<Loc EndOffset="2161" SrcFileId="1" StartOffset="2114"/>
<Loc EndOffset="2185" SrcFileId="1" StartOffset="2166"/>
<Loc EndOffset="2224" SrcFileId="1" StartOffset="2190"/>
<Loc EndOffset="2268" SrcFileId="1" StartOffset="2229"/>
<Loc EndOffset="2309" SrcFileId="1" StartOffset="2273"/>
<Loc EndOffset="2338" SrcFileId="1" StartOffset="2314"/>
<Loc EndOffset="2367" SrcFileId="1" StartOffset="2343"/>
<Loc EndOffset="2638" SrcFileId="1" StartOffset="2372"/>
</LocList>
<BasicStmnt CovItemId="S28" CovItemPrefix="libFSTest.test.DatiGenerazione.java" Intrnl_Id="62">
<LocList>
<Loc EndOffset="2109" SrcFileId="1" StartOffset="2025"/>
</LocList>
</BasicStmnt>
<BasicStmnt CovItemId="S29" CovItemPrefix="libFSTest.test.DatiGenerazione.java" Intrnl_Id="63">
<LocList>
<Loc EndOffset="2161" SrcFileId="1" StartOffset="2114"/>
</LocList>
</BasicStmnt>
<BasicStmnt CovItemId="S30" CovItemPrefix="libFSTest.test.DatiGenerazione.java" Intrnl_Id="64">
<LocList>
<Loc EndOffset="2185" SrcFileId="1" StartOffset="2166"/>
</LocList>
</BasicStmnt>
<BasicStmnt CovItemId="S31" CovItemPrefix="libFSTest.test.DatiGenerazione.java" Intrnl_Id="65">
<LocList>
<Loc EndOffset="2224" SrcFileId="1" StartOffset="2190"/>
</LocList>
</BasicStmnt>
<BasicStmnt CovItemId="S32" CovItemPrefix="libFSTest.test.DatiGenerazione.java" Intrnl_Id="66">
<LocList>
<Loc EndOffset="2268" SrcFileId="1" StartOffset="2229"/>
</LocList>
</BasicStmnt>
<BasicStmnt CovItemId="S33" CovItemPrefix="libFSTest.test.DatiGenerazione.java" Intrnl_Id="67">
<LocList>
<Loc EndOffset="2309" SrcFileId="1" StartOffset="2273"/>
</LocList>
</BasicStmnt>
<BasicStmnt CovItemId="S34" CovItemPrefix="libFSTest.test.DatiGenerazione.java" Intrnl_Id="68">
<LocList>
<Loc EndOffset="2338" SrcFileId="1" StartOffset="2314"/>
</LocList>
</BasicStmnt>
<BasicStmnt CovItemId="S35" CovItemPrefix="libFSTest.test.DatiGenerazione.java" Intrnl_Id="69">
<LocList>
<Loc EndOffset="2367" SrcFileId="1" StartOffset="2343"/>
</LocList>
</BasicStmnt>
<CondStmnt CovItemId="S36" CovItemPrefix="libFSTest.test.DatiGenerazione.java" Intrnl_Id="70">
<Branch CovItemId="B5" CovItemPrefix="libFSTest.test.DatiGenerazione.java" Implct="false" Intrnl_Id="71">
<Cond/>
<LocList>
<Loc EndOffset="2638" SrcFileId="1" StartOffset="2425"/>
</LocList>
<StmntSeq Intrnl_Id="72">
<LocList>
<Loc EndOffset="2523" SrcFileId="1" StartOffset="2432"/>
<Loc EndOffset="2632" SrcFileId="1" StartOffset="2533"/>
</LocList>
<BasicStmnt CovItemId="S37" CovItemPrefix="libFSTest.test.DatiGenerazione.java" Intrnl_Id="73">
<LocList>
<Loc EndOffset="2523" SrcFileId="1" StartOffset="2432"/>
</LocList>
</BasicStmnt>
<CondStmnt CovItemId="S38" CovItemPrefix="libFSTest.test.DatiGenerazione.java" Intrnl_Id="74">
<Branch CovItemId="B7" CovItemPrefix="libFSTest.test.DatiGenerazione.java" Implct="false" Intrnl_Id="75">
<Cond/>
<LocList>
<Loc EndOffset="2632" SrcFileId="1" StartOffset="2579"/>
</LocList>
<StmntSeq Intrnl_Id="76">
<LocList>
<Loc EndOffset="2625" SrcFileId="1" StartOffset="2587"/>
</LocList>
<BasicStmnt CovItemId="S39" CovItemPrefix="libFSTest.test.DatiGenerazione.java" Intrnl_Id="77">
<LocList>
<Loc EndOffset="2625" SrcFileId="1" StartOffset="2587"/>
</LocList>
</BasicStmnt>
</StmntSeq>
</Branch>
<Branch CovItemId="B8" CovItemPrefix="libFSTest.test.DatiGenerazione.java" Implct="true" Intrnl_Id="78">
<Cond/>
<LocList/>
<StmntSeq Intrnl_Id="79">
<LocList/>
</StmntSeq>
</Branch>
<Keyword EndOffset="2535" SrcFileId="1" StartOffset="2533"/>
<LocList>
<Loc EndOffset="2632" SrcFileId="1" StartOffset="2533"/>
</LocList>
<RootTerm CovItemId="C4" CovItemPrefix="libFSTest.test.DatiGenerazione.java" Intrnl_Id="80">
<BasicBoolTerm Intrnl_Id="81">
<LocList>
<Loc EndOffset="2577" SrcFileId="1" StartOffset="2536"/>
</LocList>
</BasicBoolTerm>
</RootTerm>
</CondStmnt>
</StmntSeq>
</Branch>
<Branch CovItemId="B6" CovItemPrefix="libFSTest.test.DatiGenerazione.java" Implct="true" Intrnl_Id="82">
<Cond/>
<LocList/>
<StmntSeq Intrnl_Id="83">
<LocList/>
</StmntSeq>
</Branch>
<Keyword EndOffset="2374" SrcFileId="1" StartOffset="2372"/>
<LocList>
<Loc EndOffset="2638" SrcFileId="1" StartOffset="2372"/>
</LocList>
<RootTerm CovItemId="C3" CovItemPrefix="libFSTest.test.DatiGenerazione.java" Intrnl_Id="84">
<OpTerm BooleanOpId="2" Intrnl_Id="85">
<BasicBoolTerm Intrnl_Id="86">
<LocList>
<Loc EndOffset="2398" SrcFileId="1" StartOffset="2375"/>
</LocList>
</BasicBoolTerm>
<BasicBoolTerm Intrnl_Id="87">
<LocList>
<Loc EndOffset="2423" SrcFileId="1" StartOffset="2400"/>
</LocList>
</BasicBoolTerm>
<LocList>
<Loc EndOffset="2400" SrcFileId="1" StartOffset="2398"/>
</LocList>
</OpTerm>
</RootTerm>
</CondStmnt>
</StmntSeq>
</Branch>
<Branch CovItemId="B4" CovItemPrefix="libFSTest.test.DatiGenerazione.java" Implct="true" Intrnl_Id="88">
<Cond/>
<LocList/>
<StmntSeq Intrnl_Id="89">
<LocList/>
</StmntSeq>
</Branch>
<Keyword EndOffset="1954" SrcFileId="1" StartOffset="1952"/>
<LocList>
<Loc EndOffset="2643" SrcFileId="1" StartOffset="1952"/>
</LocList>
<RootTerm CovItemId="C2" CovItemPrefix="libFSTest.test.DatiGenerazione.java" Intrnl_Id="90">
<OpTerm BooleanOpId="2" Intrnl_Id="91">
<BasicBoolTerm Intrnl_Id="92">
<LocList>
<Loc EndOffset="1984" SrcFileId="1" StartOffset="1955"/>
</LocList>
</BasicBoolTerm>
<BasicBoolTerm Intrnl_Id="93">
<LocList>
<Loc EndOffset="2017" SrcFileId="1" StartOffset="1988"/>
</LocList>
</BasicBoolTerm>
<LocList>
<Loc EndOffset="1987" SrcFileId="1" StartOffset="1985"/>
</LocList>
</OpTerm>
</RootTerm>
</CondStmnt>
</StmntSeq>
</HierarchyLvl>
<HierarchyLvl HierarchyLvlId="1268" HierarchyLvlTypeId="4" Intrnl_Id="94" Name="getMonitorSize">
<Header>
<Loc EndOffset="2718" SrcFileId="1" StartOffset="2691"/>
</Header>
<LocList>
<Loc EndOffset="2747" SrcFileId="1" StartOffset="2691"/>
</LocList>
<StmntSeq Intrnl_Id="95">
<LocList>
<Loc EndOffset="2743" SrcFileId="1" StartOffset="2724"/>
</LocList>
<BasicStmnt CovItemId="S40" CovItemPrefix="libFSTest.test.DatiGenerazione.java" Intrnl_Id="96">
<LocList>
<Loc EndOffset="2743" SrcFileId="1" StartOffset="2724"/>
</LocList>
</BasicStmnt>
</StmntSeq>
</HierarchyLvl>
<HierarchyLvl HierarchyLvlId="1269" HierarchyLvlTypeId="4" Intrnl_Id="97" Name="setMonitorSize">
<Header>
<Loc EndOffset="2832" SrcFileId="1" StartOffset="2799"/>
</Header>
<LocList>
<Loc EndOffset="2869" SrcFileId="1" StartOffset="2799"/>
</LocList>
<StmntSeq Intrnl_Id="98">
<LocList>
<Loc EndOffset="2865" SrcFileId="1" StartOffset="2838"/>
</LocList>
<CondStmnt CovItemId="S41" CovItemPrefix="libFSTest.test.DatiGenerazione.java" Intrnl_Id="99">
<Branch CovItemId="B9" CovItemPrefix="libFSTest.test.DatiGenerazione.java" Implct="false" Intrnl_Id="100">
<Cond/>
<LocList>
<Loc EndOffset="2865" SrcFileId="1" StartOffset="2849"/>
</LocList>
<StmntSeq Intrnl_Id="101">
<LocList>
<Loc EndOffset="2865" SrcFileId="1" StartOffset="2849"/>
</LocList>
<BasicStmnt CovItemId="S42" CovItemPrefix="libFSTest.test.DatiGenerazione.java" Intrnl_Id="102">
<LocList>
<Loc EndOffset="2865" SrcFileId="1" StartOffset="2849"/>
</LocList>
</BasicStmnt>
</StmntSeq>
</Branch>
<Branch CovItemId="B10" CovItemPrefix="libFSTest.test.DatiGenerazione.java" Implct="true" Intrnl_Id="103">
<Cond/>
<LocList/>
<StmntSeq Intrnl_Id="104">
<LocList/>
</StmntSeq>
</Branch>
<Keyword EndOffset="2840" SrcFileId="1" StartOffset="2838"/>
<LocList>
<Loc EndOffset="2865" SrcFileId="1" StartOffset="2838"/>
</LocList>
<RootTerm CovItemId="C5" CovItemPrefix="libFSTest.test.DatiGenerazione.java" Intrnl_Id="105">
<BasicBoolTerm Intrnl_Id="106">
<LocList>
<Loc EndOffset="2844" SrcFileId="1" StartOffset="2841"/>
</LocList>
</BasicBoolTerm>
</RootTerm>
</CondStmnt>
</StmntSeq>
</HierarchyLvl>
<HierarchyLvl HierarchyLvlId="1270" HierarchyLvlTypeId="4" Intrnl_Id="107" Name="getWRect">
<Header>
<Loc EndOffset="2928" SrcFileId="1" StartOffset="2907"/>
</Header>
<LocList>
<Loc EndOffset="2951" SrcFileId="1" StartOffset="2907"/>
</LocList>
<StmntSeq Intrnl_Id="108">
<LocList>
<Loc EndOffset="2947" SrcFileId="1" StartOffset="2934"/>
</LocList>
<BasicStmnt CovItemId="S43" CovItemPrefix="libFSTest.test.DatiGenerazione.java" Intrnl_Id="109">
<LocList>
<Loc EndOffset="2947" SrcFileId="1" StartOffset="2934"/>
</LocList>
</BasicStmnt>
</StmntSeq>
</HierarchyLvl>
<HierarchyLvl HierarchyLvlId="1271" HierarchyLvlTypeId="4" Intrnl_Id="110" Name="setWRect">
<Header>
<Loc EndOffset="3032" SrcFileId="1" StartOffset="3001"/>
</Header>
<LocList>
<Loc EndOffset="3150" SrcFileId="1" StartOffset="3001"/>
</LocList>
<StmntSeq Intrnl_Id="111">
<LocList>
<Loc EndOffset="3146" SrcFileId="1" StartOffset="3038"/>
</LocList>
<CondStmnt CovItemId="S44" CovItemPrefix="libFSTest.test.DatiGenerazione.java" Intrnl_Id="112">
<Branch CovItemId="B11" CovItemPrefix="libFSTest.test.DatiGenerazione.java" Implct="false" Intrnl_Id="113">
<Cond/>
<LocList>
<Loc EndOffset="3098" SrcFileId="1" StartOffset="3084"/>
</LocList>
<StmntSeq Intrnl_Id="114">
<LocList>
<Loc EndOffset="3098" SrcFileId="1" StartOffset="3084"/>
</LocList>
<BasicStmnt CovItemId="S45" CovItemPrefix="libFSTest.test.DatiGenerazione.java" Intrnl_Id="115">
<LocList>
<Loc EndOffset="3098" SrcFileId="1" StartOffset="3084"/>
</LocList>
</BasicStmnt>
</StmntSeq>
</Branch>
<Branch CovItemId="B12" CovItemPrefix="libFSTest.test.DatiGenerazione.java" Implct="false" Intrnl_Id="116">
<Cond>
<Loc EndOffset="3106" SrcFileId="1" StartOffset="3102"/>
</Cond>
<LocList>
<Loc EndOffset="3146" SrcFileId="1" StartOffset="3107"/>
</LocList>
<StmntSeq Intrnl_Id="117">
<LocList>
<Loc EndOffset="3146" SrcFileId="1" StartOffset="3107"/>
</LocList>
<BasicStmnt CovItemId="S46" CovItemPrefix="libFSTest.test.DatiGenerazione.java" Intrnl_Id="118">
<LocList>
<Loc EndOffset="3146" SrcFileId="1" StartOffset="3107"/>
</LocList>
</BasicStmnt>
</StmntSeq>
</Branch>
<Keyword EndOffset="3040" SrcFileId="1" StartOffset="3038"/>
<LocList>
<Loc EndOffset="3146" SrcFileId="1" StartOffset="3038"/>
</LocList>
<RootTerm CovItemId="C6" CovItemPrefix="libFSTest.test.DatiGenerazione.java" Intrnl_Id="119">
<OpTerm BooleanOpId="2" Intrnl_Id="120">
<BasicBoolTerm Intrnl_Id="121">
<LocList>
<Loc EndOffset="3073" SrcFileId="1" StartOffset="3041"/>
</LocList>
</BasicBoolTerm>
<BasicBoolTerm Intrnl_Id="122">
<LocList>
<Loc EndOffset="3082" SrcFileId="1" StartOffset="3075"/>
</LocList>
</BasicBoolTerm>
<LocList>
<Loc EndOffset="3075" SrcFileId="1" StartOffset="3073"/>
</LocList>
</OpTerm>
</RootTerm>
</CondStmnt>
</StmntSeq>
</HierarchyLvl>
<HierarchyLvl HierarchyLvlId="1272" HierarchyLvlTypeId="4" Intrnl_Id="123" Name="getHRect">
<Header>
<Loc EndOffset="3209" SrcFileId="1" StartOffset="3188"/>
</Header>
<LocList>
<Loc EndOffset="3232" SrcFileId="1" StartOffset="3188"/>
</LocList>
<StmntSeq Intrnl_Id="124">
<LocList>
<Loc EndOffset="3228" SrcFileId="1" StartOffset="3215"/>
</LocList>
<BasicStmnt CovItemId="S47" CovItemPrefix="libFSTest.test.DatiGenerazione.java" Intrnl_Id="125">
<LocList>
<Loc EndOffset="3228" SrcFileId="1" StartOffset="3215"/>
</LocList>
</BasicStmnt>
</StmntSeq>
</HierarchyLvl>
<HierarchyLvl HierarchyLvlId="1273" HierarchyLvlTypeId="4" Intrnl_Id="126" Name="setHRect">
<Header>
<Loc EndOffset="3313" SrcFileId="1" StartOffset="3282"/>
</Header>
<LocList>
<Loc EndOffset="3433" SrcFileId="1" StartOffset="3282"/>
</LocList>
<StmntSeq Intrnl_Id="127">
<LocList>
<Loc EndOffset="3429" SrcFileId="1" StartOffset="3319"/>
</LocList>
<CondStmnt CovItemId="S48" CovItemPrefix="libFSTest.test.DatiGenerazione.java" Intrnl_Id="128">
<Branch CovItemId="B13" CovItemPrefix="libFSTest.test.DatiGenerazione.java" Implct="false" Intrnl_Id="129">
<Cond/>
<LocList>
<Loc EndOffset="3380" SrcFileId="1" StartOffset="3366"/>
</LocList>
<StmntSeq Intrnl_Id="130">
<LocList>
<Loc EndOffset="3380" SrcFileId="1" StartOffset="3366"/>
</LocList>
<BasicStmnt CovItemId="S49" CovItemPrefix="libFSTest.test.DatiGenerazione.java" Intrnl_Id="131">
<LocList>
<Loc EndOffset="3380" SrcFileId="1" StartOffset="3366"/>
</LocList>
</BasicStmnt>
</StmntSeq>
</Branch>
<Branch CovItemId="B14" CovItemPrefix="libFSTest.test.DatiGenerazione.java" Implct="false" Intrnl_Id="132">
<Cond>
<Loc EndOffset="3388" SrcFileId="1" StartOffset="3384"/>
</Cond>
<LocList>
<Loc EndOffset="3429" SrcFileId="1" StartOffset="3389"/>
</LocList>
<StmntSeq Intrnl_Id="133">
<LocList>
<Loc EndOffset="3429" SrcFileId="1" StartOffset="3389"/>
</LocList>
<BasicStmnt CovItemId="S50" CovItemPrefix="libFSTest.test.DatiGenerazione.java" Intrnl_Id="134">
<LocList>
<Loc EndOffset="3429" SrcFileId="1" StartOffset="3389"/>
</LocList>
</BasicStmnt>
</StmntSeq>
</Branch>
<Keyword EndOffset="3321" SrcFileId="1" StartOffset="3319"/>
<LocList>
<Loc EndOffset="3429" SrcFileId="1" StartOffset="3319"/>
</LocList>
<RootTerm CovItemId="C7" CovItemPrefix="libFSTest.test.DatiGenerazione.java" Intrnl_Id="135">
<OpTerm BooleanOpId="2" Intrnl_Id="136">
<BasicBoolTerm Intrnl_Id="137">
<LocList>
<Loc EndOffset="3355" SrcFileId="1" StartOffset="3322"/>
</LocList>
</BasicBoolTerm>
<BasicBoolTerm Intrnl_Id="138">
<LocList>
<Loc EndOffset="3364" SrcFileId="1" StartOffset="3357"/>
</LocList>
</BasicBoolTerm>
<LocList>
<Loc EndOffset="3357" SrcFileId="1" StartOffset="3355"/>
</LocList>
</OpTerm>
</RootTerm>
</CondStmnt>
</StmntSeq>
</HierarchyLvl>
<HierarchyLvl HierarchyLvlId="1274" HierarchyLvlTypeId="4" Intrnl_Id="139" Name="getHBar">
<Header>
<Loc EndOffset="3490" SrcFileId="1" StartOffset="3470"/>
</Header>
<LocList>
<Loc EndOffset="3512" SrcFileId="1" StartOffset="3470"/>
</LocList>
<StmntSeq Intrnl_Id="140">
<LocList>
<Loc EndOffset="3508" SrcFileId="1" StartOffset="3496"/>
</LocList>
<BasicStmnt CovItemId="S51" CovItemPrefix="libFSTest.test.DatiGenerazione.java" Intrnl_Id="141">
<LocList>
<Loc EndOffset="3508" SrcFileId="1" StartOffset="3496"/>
</LocList>
</BasicStmnt>
</StmntSeq>
</HierarchyLvl>
<HierarchyLvl HierarchyLvlId="1275" HierarchyLvlTypeId="4" Intrnl_Id="142" Name="setHBar">
<Header>
<Loc EndOffset="3589" SrcFileId="1" StartOffset="3560"/>
</Header>
<LocList>
<Loc EndOffset="3662" SrcFileId="1" StartOffset="3560"/>
</LocList>
<StmntSeq Intrnl_Id="143">
<LocList>
<Loc EndOffset="3658" SrcFileId="1" StartOffset="3595"/>
</LocList>
<CondStmnt CovItemId="S52" CovItemPrefix="libFSTest.test.DatiGenerazione.java" Intrnl_Id="144">
<Branch CovItemId="B15" CovItemPrefix="libFSTest.test.DatiGenerazione.java" Implct="false" Intrnl_Id="145">
<Cond/>
<LocList>
<Loc EndOffset="3635" SrcFileId="1" StartOffset="3623"/>
</LocList>
<StmntSeq Intrnl_Id="146">
<LocList>
<Loc EndOffset="3635" SrcFileId="1" StartOffset="3623"/>
</LocList>
<BasicStmnt CovItemId="S53" CovItemPrefix="libFSTest.test.DatiGenerazione.java" Intrnl_Id="147">
<LocList>
<Loc EndOffset="3635" SrcFileId="1" StartOffset="3623"/>
</LocList>
</BasicStmnt>
</StmntSeq>
</Branch>
<Branch CovItemId="B16" CovItemPrefix="libFSTest.test.DatiGenerazione.java" Implct="false" Intrnl_Id="148">
<Cond>
<Loc EndOffset="3643" SrcFileId="1" StartOffset="3639"/>
</Cond>
<LocList>
<Loc EndOffset="3658" SrcFileId="1" StartOffset="3644"/>
</LocList>
<StmntSeq Intrnl_Id="149">
<LocList>
<Loc EndOffset="3658" SrcFileId="1" StartOffset="3644"/>
</LocList>
<BasicStmnt CovItemId="S54" CovItemPrefix="libFSTest.test.DatiGenerazione.java" Intrnl_Id="150">
<LocList>
<Loc EndOffset="3658" SrcFileId="1" StartOffset="3644"/>
</LocList>
</BasicStmnt>
</StmntSeq>
</Branch>
<Keyword EndOffset="3597" SrcFileId="1" StartOffset="3595"/>
<LocList>
<Loc EndOffset="3658" SrcFileId="1" StartOffset="3595"/>
</LocList>
<RootTerm CovItemId="C8" CovItemPrefix="libFSTest.test.DatiGenerazione.java" Intrnl_Id="151">
<OpTerm BooleanOpId="2" Intrnl_Id="152">
<BasicBoolTerm Intrnl_Id="153">
<LocList>
<Loc EndOffset="3613" SrcFileId="1" StartOffset="3598"/>
</LocList>
</BasicBoolTerm>
<BasicBoolTerm Intrnl_Id="154">
<LocList>
<Loc EndOffset="3621" SrcFileId="1" StartOffset="3615"/>
</LocList>
</BasicBoolTerm>
<LocList>
<Loc EndOffset="3615" SrcFileId="1" StartOffset="3613"/>
</LocList>
</OpTerm>
</RootTerm>
</CondStmnt>
</StmntSeq>
</HierarchyLvl>
<HierarchyLvl HierarchyLvlId="1276" HierarchyLvlTypeId="4" Intrnl_Id="155" Name="getXBar">
<Header>
<Loc EndOffset="3719" SrcFileId="1" StartOffset="3699"/>
</Header>
<LocList>
<Loc EndOffset="3741" SrcFileId="1" StartOffset="3699"/>
</LocList>
<StmntSeq Intrnl_Id="156">
<LocList>
<Loc EndOffset="3737" SrcFileId="1" StartOffset="3725"/>
</LocList>
<BasicStmnt CovItemId="S55" CovItemPrefix="libFSTest.test.DatiGenerazione.java" Intrnl_Id="157">
<LocList>
<Loc EndOffset="3737" SrcFileId="1" StartOffset="3725"/>
</LocList>
</BasicStmnt>
</StmntSeq>
</HierarchyLvl>
<HierarchyLvl HierarchyLvlId="1277" HierarchyLvlTypeId="4" Intrnl_Id="158" Name="setXBar">
<Header>
<Loc EndOffset="3845" SrcFileId="1" StartOffset="3789"/>
</Header>
<LocList>
<Loc EndOffset="4083" SrcFileId="1" StartOffset="3789"/>
</LocList>
<StmntSeq Intrnl_Id="159">
<LocList>
<Loc EndOffset="3905" SrcFileId="1" StartOffset="3851"/>
<Loc EndOffset="4079" SrcFileId="1" StartOffset="3909"/>
</LocList>
<CondStmnt CovItemId="S56" CovItemPrefix="libFSTest.test.DatiGenerazione.java" Intrnl_Id="160">
<Branch CovItemId="B17" CovItemPrefix="libFSTest.test.DatiGenerazione.java" Implct="false" Intrnl_Id="161">
<Cond/>
<LocList>
<Loc EndOffset="3905" SrcFileId="1" StartOffset="3886"/>
</LocList>
<StmntSeq Intrnl_Id="162">
<LocList>
<Loc EndOffset="3905" SrcFileId="1" StartOffset="3886"/>
</LocList>
<BasicStmnt CovItemId="S57" CovItemPrefix="libFSTest.test.DatiGenerazione.java" Intrnl_Id="163">
<LocList>
<Loc EndOffset="3905" SrcFileId="1" StartOffset="3886"/>
</LocList>
</BasicStmnt>
</StmntSeq>
</Branch>
<Branch CovItemId="B18" CovItemPrefix="libFSTest.test.DatiGenerazione.java" Implct="true" Intrnl_Id="164">
<Cond/>
<LocList/>
<StmntSeq Intrnl_Id="165">
<LocList/>
</StmntSeq>
</Branch>
<Keyword EndOffset="3853" SrcFileId="1" StartOffset="3851"/>
<LocList>
<Loc EndOffset="3905" SrcFileId="1" StartOffset="3851"/>
</LocList>
<RootTerm CovItemId="C9" CovItemPrefix="libFSTest.test.DatiGenerazione.java" Intrnl_Id="166">
<OpTerm BooleanOpId="2" Intrnl_Id="167">
<BasicBoolTerm Intrnl_Id="168">
<LocList>
<Loc EndOffset="3864" SrcFileId="1" StartOffset="3854"/>
</LocList>
</BasicBoolTerm>
<BasicBoolTerm Intrnl_Id="169">
<LocList>
<Loc EndOffset="3880" SrcFileId="1" StartOffset="3866"/>
</LocList>
</BasicBoolTerm>
<LocList>
<Loc EndOffset="3866" SrcFileId="1" StartOffset="3864"/>
</LocList>
</OpTerm>
</RootTerm>
</CondStmnt>
<CondStmnt CovItemId="S58" CovItemPrefix="libFSTest.test.DatiGenerazione.java" Intrnl_Id="170">
<Branch CovItemId="B19" CovItemPrefix="libFSTest.test.DatiGenerazione.java" Implct="false" Intrnl_Id="171">
<Cond/>
<LocList>
<Loc EndOffset="3959" SrcFileId="1" StartOffset="3942"/>
</LocList>
<StmntSeq Intrnl_Id="172">
<LocList>
<Loc EndOffset="3959" SrcFileId="1" StartOffset="3942"/>
</LocList>
<BasicStmnt CovItemId="S59" CovItemPrefix="libFSTest.test.DatiGenerazione.java" Intrnl_Id="173">
<LocList>
<Loc EndOffset="3959" SrcFileId="1" StartOffset="3942"/>
</LocList>
</BasicStmnt>
</StmntSeq>
</Branch>
<Branch CovItemId="B20" CovItemPrefix="libFSTest.test.DatiGenerazione.java" Implct="false" Intrnl_Id="174">
<Cond>
<Loc EndOffset="3967" SrcFileId="1" StartOffset="3963"/>
</Cond>
<LocList>
<Loc EndOffset="4079" SrcFileId="1" StartOffset="3968"/>
</LocList>
<StmntSeq Intrnl_Id="175">
<LocList>
<Loc EndOffset="4079" SrcFileId="1" StartOffset="3968"/>
</LocList>
<CondStmnt CovItemId="S60" CovItemPrefix="libFSTest.test.DatiGenerazione.java" Intrnl_Id="176">
<Branch CovItemId="B21" CovItemPrefix="libFSTest.test.DatiGenerazione.java" Implct="false" Intrnl_Id="177">
<Cond/>
<LocList>
<Loc EndOffset="4048" SrcFileId="1" StartOffset="3983"/>
</LocList>
<StmntSeq Intrnl_Id="178">
<LocList>
<Loc EndOffset="4048" SrcFileId="1" StartOffset="3983"/>
</LocList>
<BasicStmnt CovItemId="S61" CovItemPrefix="libFSTest.test.DatiGenerazione.java" Intrnl_Id="179">
<LocList>
<Loc EndOffset="4048" SrcFileId="1" StartOffset="3983"/>
</LocList>
</BasicStmnt>
</StmntSeq>
</Branch>
<Branch CovItemId="B22" CovItemPrefix="libFSTest.test.DatiGenerazione.java" Implct="false" Intrnl_Id="180">
<Cond>
<Loc EndOffset="4057" SrcFileId="1" StartOffset="4053"/>
</Cond>
<LocList>
<Loc EndOffset="4079" SrcFileId="1" StartOffset="4062"/>
</LocList>
<StmntSeq Intrnl_Id="181">
<LocList>
<Loc EndOffset="4079" SrcFileId="1" StartOffset="4062"/>
</LocList>
<BasicStmnt CovItemId="S62" CovItemPrefix="libFSTest.test.DatiGenerazione.java" Intrnl_Id="182">
<LocList>
<Loc EndOffset="4079" SrcFileId="1" StartOffset="4062"/>
</LocList>
</BasicStmnt>
</StmntSeq>
</Branch>
<Keyword EndOffset="3970" SrcFileId="1" StartOffset="3968"/>
<LocList>
<Loc EndOffset="4079" SrcFileId="1" StartOffset="3968"/>
</LocList>
<RootTerm CovItemId="C11" CovItemPrefix="libFSTest.test.DatiGenerazione.java" Intrnl_Id="183">
<BasicBoolTerm Intrnl_Id="184">
<LocList>
<Loc EndOffset="3981" SrcFileId="1" StartOffset="3971"/>
</LocList>
</BasicBoolTerm>
</RootTerm>
</CondStmnt>
</StmntSeq>
</Branch>
<Keyword EndOffset="3911" SrcFileId="1" StartOffset="3909"/>
<LocList>
<Loc EndOffset="4079" SrcFileId="1" StartOffset="3909"/>
</LocList>
<RootTerm CovItemId="C10" CovItemPrefix="libFSTest.test.DatiGenerazione.java" Intrnl_Id="185">
<OpTerm BooleanOpId="2" Intrnl_Id="186">
<BasicBoolTerm Intrnl_Id="187">
<LocList>
<Loc EndOffset="3924" SrcFileId="1" StartOffset="3912"/>
</LocList>
</BasicBoolTerm>
<BasicBoolTerm Intrnl_Id="188">
<LocList>
<Loc EndOffset="3940" SrcFileId="1" StartOffset="3928"/>
</LocList>
</BasicBoolTerm>
<LocList>
<Loc EndOffset="3927" SrcFileId="1" StartOffset="3925"/>
</LocList>
</OpTerm>
</RootTerm>
</CondStmnt>
</StmntSeq>
</HierarchyLvl>
<HierarchyLvl HierarchyLvlId="1278" HierarchyLvlTypeId="4" Intrnl_Id="189" Name="getLivMax">
<Header>
<Loc EndOffset="4144" SrcFileId="1" StartOffset="4122"/>
</Header>
<LocList>
<Loc EndOffset="4168" SrcFileId="1" StartOffset="4122"/>
</LocList>
<StmntSeq Intrnl_Id="190">
<LocList>
<Loc EndOffset="4164" SrcFileId="1" StartOffset="4150"/>
</LocList>
<BasicStmnt CovItemId="S63" CovItemPrefix="libFSTest.test.DatiGenerazione.java" Intrnl_Id="191">
<LocList>
<Loc EndOffset="4164" SrcFileId="1" StartOffset="4150"/>
</LocList>
</BasicStmnt>
</StmntSeq>
</HierarchyLvl>
<HierarchyLvl HierarchyLvlId="1279" HierarchyLvlTypeId="4" Intrnl_Id="192" Name="setLivMax">
<Header>
<Loc EndOffset="4257" SrcFileId="1" StartOffset="4224"/>
</Header>
<LocList>
<Loc EndOffset="4378" SrcFileId="1" StartOffset="4224"/>
</LocList>
<StmntSeq Intrnl_Id="193">
<LocList>
<Loc EndOffset="4348" SrcFileId="1" StartOffset="4263"/>
<Loc EndOffset="4374" SrcFileId="1" StartOffset="4352"/>
</LocList>
<CondStmnt CovItemId="S64" CovItemPrefix="libFSTest.test.DatiGenerazione.java" Intrnl_Id="194">
<Branch CovItemId="B23" CovItemPrefix="libFSTest.test.DatiGenerazione.java" Implct="false" Intrnl_Id="195">
<Cond/>
<LocList>
<Loc EndOffset="4316" SrcFileId="1" StartOffset="4295"/>
</LocList>
<StmntSeq Intrnl_Id="196">
<LocList>
<Loc EndOffset="4316" SrcFileId="1" StartOffset="4295"/>
</LocList>
<BasicStmnt CovItemId="S65" CovItemPrefix="libFSTest.test.DatiGenerazione.java" Intrnl_Id="197">
<LocList>
<Loc EndOffset="4316" SrcFileId="1" StartOffset="4295"/>
</LocList>
</BasicStmnt>
</StmntSeq>
</Branch>
<Branch CovItemId="B24" CovItemPrefix="libFSTest.test.DatiGenerazione.java" Implct="false" Intrnl_Id="198">
<Cond>
<Loc EndOffset="4324" SrcFileId="1" StartOffset="4320"/>
</Cond>
<LocList>
<Loc EndOffset="4348" SrcFileId="1" StartOffset="4325"/>
</LocList>
<StmntSeq Intrnl_Id="199">
<LocList>
<Loc EndOffset="4348" SrcFileId="1" StartOffset="4325"/>
</LocList>
<BasicStmnt CovItemId="S66" CovItemPrefix="libFSTest.test.DatiGenerazione.java" Intrnl_Id="200">
<LocList>
<Loc EndOffset="4348" SrcFileId="1" StartOffset="4325"/>
</LocList>
</BasicStmnt>
</StmntSeq>
</Branch>
<Keyword EndOffset="4265" SrcFileId="1" StartOffset="4263"/>
<LocList>
<Loc EndOffset="4348" SrcFileId="1" StartOffset="4263"/>
</LocList>
<RootTerm CovItemId="C12" CovItemPrefix="libFSTest.test.DatiGenerazione.java" Intrnl_Id="201">
<OpTerm BooleanOpId="2" Intrnl_Id="202">
<BasicBoolTerm Intrnl_Id="203">
<LocList>
<Loc EndOffset="4283" SrcFileId="1" StartOffset="4266"/>
</LocList>
</BasicBoolTerm>
<BasicBoolTerm Intrnl_Id="204">
<LocList>
<Loc EndOffset="4293" SrcFileId="1" StartOffset="4285"/>
</LocList>
</BasicBoolTerm>
<LocList>
<Loc EndOffset="4285" SrcFileId="1" StartOffset="4283"/>
</LocList>
</OpTerm>
</RootTerm>
</CondStmnt>
<BasicStmnt CovItemId="S67" CovItemPrefix="libFSTest.test.DatiGenerazione.java" Intrnl_Id="205">
<LocList>
<Loc EndOffset="4374" SrcFileId="1" StartOffset="4352"/>
</LocList>
</BasicStmnt>
</StmntSeq>
</HierarchyLvl>
<HierarchyLvl HierarchyLvlId="1280" HierarchyLvlTypeId="4" Intrnl_Id="206" Name="getLivMin">
<Header>
<Loc EndOffset="4443" SrcFileId="1" StartOffset="4421"/>
</Header>
<LocList>
<Loc EndOffset="4467" SrcFileId="1" StartOffset="4421"/>
</LocList>
<StmntSeq Intrnl_Id="207">
<LocList>
<Loc EndOffset="4463" SrcFileId="1" StartOffset="4449"/>
</LocList>
<BasicStmnt CovItemId="S68" CovItemPrefix="libFSTest.test.DatiGenerazione.java" Intrnl_Id="208">
<LocList>
<Loc EndOffset="4463" SrcFileId="1" StartOffset="4449"/>
</LocList>
</BasicStmnt>
</StmntSeq>
</HierarchyLvl>
<HierarchyLvl HierarchyLvlId="1281" HierarchyLvlTypeId="4" Intrnl_Id="209" Name="setLivMin">
<Header>
<Loc EndOffset="4556" SrcFileId="1" StartOffset="4523"/>
</Header>
<LocList>
<Loc EndOffset="4700" SrcFileId="1" StartOffset="4523"/>
</LocList>
<StmntSeq Intrnl_Id="210">
<LocList>
<Loc EndOffset="4595" SrcFileId="1" StartOffset="4562"/>
<Loc EndOffset="4696" SrcFileId="1" StartOffset="4599"/>
</LocList>
<CondStmnt CovItemId="S69" CovItemPrefix="libFSTest.test.DatiGenerazione.java" Intrnl_Id="211">
<Branch CovItemId="B25" CovItemPrefix="libFSTest.test.DatiGenerazione.java" Implct="false" Intrnl_Id="212">
<Cond/>
<LocList>
<Loc EndOffset="4595" SrcFileId="1" StartOffset="4581"/>
</LocList>
<StmntSeq Intrnl_Id="213">
<LocList>
<Loc EndOffset="4595" SrcFileId="1" StartOffset="4581"/>
</LocList>
<BasicStmnt CovItemId="S70" CovItemPrefix="libFSTest.test.DatiGenerazione.java" Intrnl_Id="214">
<LocList>
<Loc EndOffset="4595" SrcFileId="1" StartOffset="4581"/>
</LocList>
</BasicStmnt>
</StmntSeq>
</Branch>
<Branch CovItemId="B26" CovItemPrefix="libFSTest.test.DatiGenerazione.java" Implct="true" Intrnl_Id="215">
<Cond/>
<LocList/>
<StmntSeq Intrnl_Id="216">
<LocList/>
</StmntSeq>
</Branch>
<Keyword EndOffset="4564" SrcFileId="1" StartOffset="4562"/>
<LocList>
<Loc EndOffset="4595" SrcFileId="1" StartOffset="4562"/>
</LocList>
<RootTerm CovItemId="C13" CovItemPrefix="libFSTest.test.DatiGenerazione.java" Intrnl_Id="217">
<BasicBoolTerm Intrnl_Id="218">
<LocList>
<Loc EndOffset="4575" SrcFileId="1" StartOffset="4565"/>
</LocList>
</BasicBoolTerm>
</RootTerm>
</CondStmnt>
<CondStmnt CovItemId="S71" CovItemPrefix="libFSTest.test.DatiGenerazione.java" Intrnl_Id="219">
<Branch CovItemId="B27" CovItemPrefix="libFSTest.test.DatiGenerazione.java" Implct="false" Intrnl_Id="220">
<Cond/>
<LocList>
<Loc EndOffset="4668" SrcFileId="1" StartOffset="4647"/>
</LocList>
<StmntSeq Intrnl_Id="221">
<LocList>
<Loc EndOffset="4668" SrcFileId="1" StartOffset="4647"/>
</LocList>
<BasicStmnt CovItemId="S72" CovItemPrefix="libFSTest.test.DatiGenerazione.java" Intrnl_Id="222">
<LocList>
<Loc EndOffset="4668" SrcFileId="1" StartOffset="4647"/>
</LocList>
</BasicStmnt>
</StmntSeq>
</Branch>
<Branch CovItemId="B28" CovItemPrefix="libFSTest.test.DatiGenerazione.java" Implct="false" Intrnl_Id="223">
<Cond>
<Loc EndOffset="4676" SrcFileId="1" StartOffset="4672"/>
</Cond>
<LocList>
<Loc EndOffset="4696" SrcFileId="1" StartOffset="4677"/>
</LocList>
<StmntSeq Intrnl_Id="224">
<LocList>
<Loc EndOffset="4696" SrcFileId="1" StartOffset="4677"/>
</LocList>
<BasicStmnt CovItemId="S73" CovItemPrefix="libFSTest.test.DatiGenerazione.java" Intrnl_Id="225">
<LocList>
<Loc EndOffset="4696" SrcFileId="1" StartOffset="4677"/>
</LocList>
</BasicStmnt>
</StmntSeq>
</Branch>
<Keyword EndOffset="4601" SrcFileId="1" StartOffset="4599"/>
<LocList>
<Loc EndOffset="4696" SrcFileId="1" StartOffset="4599"/>
</LocList>
<RootTerm CovItemId="C14" CovItemPrefix="libFSTest.test.DatiGenerazione.java" Intrnl_Id="226">
<OpTerm BooleanOpId="2" Intrnl_Id="227">
<OpTerm BooleanOpId="2" Intrnl_Id="228">
<BasicBoolTerm Intrnl_Id="229">
<LocList>
<Loc EndOffset="4619" SrcFileId="1" StartOffset="4602"/>
</LocList>
</BasicBoolTerm>
<BasicBoolTerm Intrnl_Id="230">
<LocList>
<Loc EndOffset="4629" SrcFileId="1" StartOffset="4621"/>
</LocList>
</BasicBoolTerm>
<LocList>
<Loc EndOffset="4621" SrcFileId="1" StartOffset="4619"/>
</LocList>
</OpTerm>
<BasicBoolTerm Intrnl_Id="231">
<LocList>
<Loc EndOffset="4645" SrcFileId="1" StartOffset="4631"/>
</LocList>
</BasicBoolTerm>
<LocList>
<Loc EndOffset="4631" SrcFileId="1" StartOffset="4629"/>
</LocList>
</OpTerm>
</RootTerm>
</CondStmnt>
</StmntSeq>
</HierarchyLvl>
<HierarchyLvl HierarchyLvlId="1282" HierarchyLvlTypeId="4" Intrnl_Id="232" Name="getDistSchermo">
<Header>
<Loc EndOffset="4775" SrcFileId="1" StartOffset="4748"/>
</Header>
<LocList>
<Loc EndOffset="4804" SrcFileId="1" StartOffset="4748"/>
</LocList>
<StmntSeq Intrnl_Id="233">
<LocList>
<Loc EndOffset="4800" SrcFileId="1" StartOffset="4781"/>
</LocList>
<BasicStmnt CovItemId="S74" CovItemPrefix="libFSTest.test.DatiGenerazione.java" Intrnl_Id="234">
<LocList>
<Loc EndOffset="4800" SrcFileId="1" StartOffset="4781"/>
</LocList>
</BasicStmnt>
</StmntSeq>
</HierarchyLvl>
<HierarchyLvl HierarchyLvlId="1283" HierarchyLvlTypeId="4" Intrnl_Id="235" Name="setDistSchermo">
<Header>
<Loc EndOffset="4909" SrcFileId="1" StartOffset="4866"/>
</Header>
<LocList>
<Loc EndOffset="4953" SrcFileId="1" StartOffset="4866"/>
</LocList>
<StmntSeq Intrnl_Id="236">
<LocList>
<Loc EndOffset="4949" SrcFileId="1" StartOffset="4915"/>
</LocList>
<BasicStmnt CovItemId="S75" CovItemPrefix="libFSTest.test.DatiGenerazione.java" Intrnl_Id="237">
<LocList>
<Loc EndOffset="4949" SrcFileId="1" StartOffset="4915"/>
</LocList>
</BasicStmnt>
</StmntSeq>
</HierarchyLvl>
<HierarchyLvl HierarchyLvlId="1284" HierarchyLvlTypeId="4" Intrnl_Id="238" Name="getC1">
<Header>
<Loc EndOffset="5008" SrcFileId="1" StartOffset="4988"/>
</Header>
<LocList>
<Loc EndOffset="5028" SrcFileId="1" StartOffset="4988"/>
</LocList>
<StmntSeq Intrnl_Id="239">
<LocList>
<Loc EndOffset="5024" SrcFileId="1" StartOffset="5014"/>
</LocList>
<BasicStmnt CovItemId="S76" CovItemPrefix="libFSTest.test.DatiGenerazione.java" Intrnl_Id="240">
<LocList>
<Loc EndOffset="5024" SrcFileId="1" StartOffset="5014"/>
</LocList>
</BasicStmnt>
</StmntSeq>
</HierarchyLvl>
<HierarchyLvl HierarchyLvlId="1285" HierarchyLvlTypeId="4" Intrnl_Id="241" Name="setC1">
<Header>
<Loc EndOffset="5099" SrcFileId="1" StartOffset="5072"/>
</Header>
<LocList>
<Loc EndOffset="5122" SrcFileId="1" StartOffset="5072"/>
</LocList>
<StmntSeq Intrnl_Id="242">
<LocList>
<Loc EndOffset="5118" SrcFileId="1" StartOffset="5105"/>
</LocList>
<BasicStmnt CovItemId="S77" CovItemPrefix="libFSTest.test.DatiGenerazione.java" Intrnl_Id="243">
<LocList>
<Loc EndOffset="5118" SrcFileId="1" StartOffset="5105"/>
</LocList>
</BasicStmnt>
</StmntSeq>
</HierarchyLvl>
<HierarchyLvl HierarchyLvlId="1286" HierarchyLvlTypeId="4" Intrnl_Id="244" Name="getC2">
<Header>
<Loc EndOffset="5177" SrcFileId="1" StartOffset="5157"/>
</Header>
<LocList>
<Loc EndOffset="5197" SrcFileId="1" StartOffset="5157"/>
</LocList>
<StmntSeq Intrnl_Id="245">
<LocList>
<Loc EndOffset="5193" SrcFileId="1" StartOffset="5183"/>
</LocList>
<BasicStmnt CovItemId="S78" CovItemPrefix="libFSTest.test.DatiGenerazione.java" Intrnl_Id="246">
<LocList>
<Loc EndOffset="5193" SrcFileId="1" StartOffset="5183"/>
</LocList>
</BasicStmnt>
</StmntSeq>
</HierarchyLvl>
<HierarchyLvl HierarchyLvlId="1287" HierarchyLvlTypeId="4" Intrnl_Id="247" Name="setC2">
<Header>
<Loc EndOffset="5268" SrcFileId="1" StartOffset="5241"/>
</Header>
<LocList>
<Loc EndOffset="5291" SrcFileId="1" StartOffset="5241"/>
</LocList>
<StmntSeq Intrnl_Id="248">
<LocList>
<Loc EndOffset="5287" SrcFileId="1" StartOffset="5274"/>
</LocList>
<BasicStmnt CovItemId="S79" CovItemPrefix="libFSTest.test.DatiGenerazione.java" Intrnl_Id="249">
<LocList>
<Loc EndOffset="5287" SrcFileId="1" StartOffset="5274"/>
</LocList>
</BasicStmnt>
</StmntSeq>
</HierarchyLvl>
<HierarchyLvl HierarchyLvlId="1288" HierarchyLvlTypeId="4" Intrnl_Id="250" Name="getPos">
<Header>
<Loc EndOffset="5353" SrcFileId="1" StartOffset="5330"/>
</Header>
<LocList>
<Loc EndOffset="5374" SrcFileId="1" StartOffset="5330"/>
</LocList>
<StmntSeq Intrnl_Id="251">
<LocList>
<Loc EndOffset="5370" SrcFileId="1" StartOffset="5359"/>
</LocList>
<BasicStmnt CovItemId="S80" CovItemPrefix="libFSTest.test.DatiGenerazione.java" Intrnl_Id="252">
<LocList>
<Loc EndOffset="5370" SrcFileId="1" StartOffset="5359"/>
</LocList>
</BasicStmnt>
</StmntSeq>
</HierarchyLvl>
<HierarchyLvl HierarchyLvlId="1289" HierarchyLvlTypeId="4" Intrnl_Id="253" Name="setPos">
<Header>
<Loc EndOffset="5497" SrcFileId="1" StartOffset="5466"/>
</Header>
<LocList>
<Loc EndOffset="5617" SrcFileId="1" StartOffset="5466"/>
</LocList>
<StmntSeq Intrnl_Id="254">
<LocList>
<Loc EndOffset="5595" SrcFileId="1" StartOffset="5503"/>
<Loc EndOffset="5609" SrcFileId="1" StartOffset="5599"/>
</LocList>
<CondStmnt CovItemId="S81" CovItemPrefix="libFSTest.test.DatiGenerazione.java" Intrnl_Id="255">
<Branch CovItemId="B29" CovItemPrefix="libFSTest.test.DatiGenerazione.java" Implct="false" Intrnl_Id="256">
<Cond/>
<LocList>
<Loc EndOffset="5595" SrcFileId="1" StartOffset="5516"/>
</LocList>
<StmntSeq Intrnl_Id="257">
<LocList>
<Loc EndOffset="5542" SrcFileId="1" StartOffset="5522"/>
<Loc EndOffset="5567" SrcFileId="1" StartOffset="5547"/>
<Loc EndOffset="5590" SrcFileId="1" StartOffset="5572"/>
</LocList>
<BasicStmnt CovItemId="S82" CovItemPrefix="libFSTest.test.DatiGenerazione.java" Intrnl_Id="258">
<LocList>
<Loc EndOffset="5542" SrcFileId="1" StartOffset="5522"/>
</LocList>
</BasicStmnt>
<BasicStmnt CovItemId="S83" CovItemPrefix="libFSTest.test.DatiGenerazione.java" Intrnl_Id="259">
<LocList>
<Loc EndOffset="5567" SrcFileId="1" StartOffset="5547"/>
</LocList>
</BasicStmnt>
<BasicStmnt CovItemId="S84" CovItemPrefix="libFSTest.test.DatiGenerazione.java" Intrnl_Id="260">
<LocList>
<Loc EndOffset="5590" SrcFileId="1" StartOffset="5572"/>
</LocList>
</BasicStmnt>
</StmntSeq>
</Branch>
<Branch CovItemId="B30" CovItemPrefix="libFSTest.test.DatiGenerazione.java" Implct="true" Intrnl_Id="261">
<Cond/>
<LocList/>
<StmntSeq Intrnl_Id="262">
<LocList/>
</StmntSeq>
</Branch>
<Keyword EndOffset="5505" SrcFileId="1" StartOffset="5503"/>
<LocList>
<Loc EndOffset="5595" SrcFileId="1" StartOffset="5503"/>
</LocList>
<RootTerm CovItemId="C15" CovItemPrefix="libFSTest.test.DatiGenerazione.java" Intrnl_Id="263">
<BasicBoolTerm Intrnl_Id="264">
<LocList>
<Loc EndOffset="5514" SrcFileId="1" StartOffset="5506"/>
</LocList>
</BasicBoolTerm>
</RootTerm>
</CondStmnt>
<BasicStmnt CovItemId="S85" CovItemPrefix="libFSTest.test.DatiGenerazione.java" Intrnl_Id="265">
<LocList>
<Loc EndOffset="5609" SrcFileId="1" StartOffset="5599"/>
</LocList>
</BasicStmnt>
</StmntSeq>
</HierarchyLvl>
<HierarchyLvl HierarchyLvlId="1290" HierarchyLvlTypeId="4" Intrnl_Id="266" Name="getLivello">
<Header>
<Loc EndOffset="5696" SrcFileId="1" StartOffset="5670"/>
</Header>
<LocList>
<Loc EndOffset="5721" SrcFileId="1" StartOffset="5670"/>
</LocList>
<StmntSeq Intrnl_Id="267">
<LocList>
<Loc EndOffset="5717" SrcFileId="1" StartOffset="5702"/>
</LocList>
<BasicStmnt CovItemId="S86" CovItemPrefix="libFSTest.test.DatiGenerazione.java" Intrnl_Id="268">
<LocList>
<Loc EndOffset="5717" SrcFileId="1" StartOffset="5702"/>
</LocList>
</BasicStmnt>
</StmntSeq>
</HierarchyLvl>
<HierarchyLvl HierarchyLvlId="1291" HierarchyLvlTypeId="4" Intrnl_Id="269" Name="setLivello">
<Header>
<Loc EndOffset="5809" SrcFileId="1" StartOffset="5777"/>
</Header>
<LocList>
<Loc EndOffset="5831" SrcFileId="1" StartOffset="5777"/>
</LocList>
<StmntSeq Intrnl_Id="270">
<LocList>
<Loc EndOffset="5827" SrcFileId="1" StartOffset="5815"/>
</LocList>
<BasicStmnt CovItemId="S87" CovItemPrefix="libFSTest.test.DatiGenerazione.java" Intrnl_Id="271">
<LocList>
<Loc EndOffset="5827" SrcFileId="1" StartOffset="5815"/>
</LocList>
</BasicStmnt>
</StmntSeq>
</HierarchyLvl>
<HierarchyLvl HierarchyLvlId="1292" HierarchyLvlTypeId="4" Intrnl_Id="272" Name="getAngolo">
<Header>
<Loc EndOffset="5895" SrcFileId="1" StartOffset="5870"/>
</Header>
<LocList>
<Loc EndOffset="5919" SrcFileId="1" StartOffset="5870"/>
</LocList>
<StmntSeq Intrnl_Id="273">
<LocList>
<Loc EndOffset="5915" SrcFileId="1" StartOffset="5901"/>
</LocList>
<BasicStmnt CovItemId="S88" CovItemPrefix="libFSTest.test.DatiGenerazione.java" Intrnl_Id="274">
<LocList>
<Loc EndOffset="5915" SrcFileId="1" StartOffset="5901"/>
</LocList>
</BasicStmnt>
</StmntSeq>
</HierarchyLvl>
<HierarchyLvl HierarchyLvlId="1293" HierarchyLvlTypeId="4" Intrnl_Id="275" Name="setAngolo">
<Header>
<Loc EndOffset="5997" SrcFileId="1" StartOffset="5966"/>
</Header>
<LocList>
<Loc EndOffset="6023" SrcFileId="1" StartOffset="5966"/>
</LocList>
<StmntSeq Intrnl_Id="276">
<LocList>
<Loc EndOffset="6019" SrcFileId="1" StartOffset="6003"/>
</LocList>
<BasicStmnt CovItemId="S89" CovItemPrefix="libFSTest.test.DatiGenerazione.java" Intrnl_Id="277">
<LocList>
<Loc EndOffset="6019" SrcFileId="1" StartOffset="6003"/>
</LocList>
</BasicStmnt>
</StmntSeq>
</HierarchyLvl>
<HierarchyLvl HierarchyLvlId="1294" HierarchyLvlTypeId="4" Intrnl_Id="278" Name="getDataEsame">
<Header>
<Loc EndOffset="6095" SrcFileId="1" StartOffset="6065"/>
</Header>
<LocList>
<Loc EndOffset="6122" SrcFileId="1" StartOffset="6065"/>
</LocList>
<StmntSeq Intrnl_Id="279">
<LocList>
<Loc EndOffset="6118" SrcFileId="1" StartOffset="6101"/>
</LocList>
<BasicStmnt CovItemId="S90" CovItemPrefix="libFSTest.test.DatiGenerazione.java" Intrnl_Id="280">
<LocList>
<Loc EndOffset="6118" SrcFileId="1" StartOffset="6101"/>
</LocList>
</BasicStmnt>
</StmntSeq>
</HierarchyLvl>
<HierarchyLvl HierarchyLvlId="1295" HierarchyLvlTypeId="4" Intrnl_Id="281" Name="setDimensione">
<Header>
<Loc EndOffset="6250" SrcFileId="1" StartOffset="6203"/>
</Header>
<LocList>
<Loc EndOffset="6289" SrcFileId="1" StartOffset="6203"/>
</LocList>
<StmntSeq Intrnl_Id="282">
<LocList>
<Loc EndOffset="6285" SrcFileId="1" StartOffset="6256"/>
</LocList>
<BasicStmnt CovItemId="S91" CovItemPrefix="libFSTest.test.DatiGenerazione.java" Intrnl_Id="283">
<LocList>
<Loc EndOffset="6285" SrcFileId="1" StartOffset="6256"/>
</LocList>
</BasicStmnt>
</StmntSeq>
</HierarchyLvl>
<HierarchyLvl HierarchyLvlId="1296" HierarchyLvlTypeId="4" Intrnl_Id="284" Name="getDimensione">
<Header>
<Loc EndOffset="6360" SrcFileId="1" StartOffset="6328"/>
</Header>
<LocList>
<Loc EndOffset="6388" SrcFileId="1" StartOffset="6328"/>
</LocList>
<StmntSeq Intrnl_Id="285">
<LocList>
<Loc EndOffset="6384" SrcFileId="1" StartOffset="6366"/>
</LocList>
<BasicStmnt CovItemId="S92" CovItemPrefix="libFSTest.test.DatiGenerazione.java" Intrnl_Id="286">
<LocList>
<Loc EndOffset="6384" SrcFileId="1" StartOffset="6366"/>
</LocList>
</BasicStmnt>
</StmntSeq>
</HierarchyLvl>
<HierarchyLvl HierarchyLvlId="1297" HierarchyLvlTypeId="4" Intrnl_Id="287" Name="setDimensione">
<Header>
<Loc EndOffset="6515" SrcFileId="1" StartOffset="6477"/>
</Header>
<LocList>
<Loc EndOffset="6562" SrcFileId="1" StartOffset="6477"/>
</LocList>
<StmntSeq Intrnl_Id="288">
<LocList>
<Loc EndOffset="6558" SrcFileId="1" StartOffset="6521"/>
</LocList>
<BasicStmnt CovItemId="S93" CovItemPrefix="libFSTest.test.DatiGenerazione.java" Intrnl_Id="289">
<LocList>
<Loc EndOffset="6558" SrcFileId="1" StartOffset="6521"/>
</LocList>
</BasicStmnt>
</StmntSeq>
</HierarchyLvl>
<HierarchyLvl HierarchyLvlId="1298" HierarchyLvlTypeId="4" Intrnl_Id="290" Name="setDimensione">
<Header>
<Loc EndOffset="6694" SrcFileId="1" StartOffset="6650"/>
</Header>
<LocList>
<Loc EndOffset="6751" SrcFileId="1" StartOffset="6650"/>
</LocList>
<StmntSeq Intrnl_Id="291">
<LocList>
<Loc EndOffset="6747" SrcFileId="1" StartOffset="6700"/>
</LocList>
<BasicStmnt CovItemId="S94" CovItemPrefix="libFSTest.test.DatiGenerazione.java" Intrnl_Id="292">
<LocList>
<Loc EndOffset="6747" SrcFileId="1" StartOffset="6700"/>
</LocList>
</BasicStmnt>
</StmntSeq>
</HierarchyLvl>
</HierarchyLvl>
</HierarchyLvl>
</HierarchyLvl>
</HierarchyLvl>
</MASTRoot>
</TestSessionContainer>
