<?xml version="1.0" encoding="UTF-8"?><TestSessionContainer xmlns="http://www.codecover.org/xml/testsession-container" Date="1620375122465" TestSessionContainerId="07c25426-c9ec-4403-a9f0-6251b0d4fe9d" version="1.0">
<SrcFileList>
<SrcFile Content="package libFSTest.test;&#13;&#10;&#13;&#10;import java.awt.Color;&#13;&#10;import java.awt.Dimension;&#13;&#10;import java.util.Calendar;&#13;&#10;import java.util.GregorianCalendar;&#13;&#10;import java.util.Locale;&#13;&#10;import java.util.TimeZone;&#13;&#10;&#13;&#10;public class DatiGenerazione {&#13;&#10;&#9;private Dimension dimensione;&#13;&#10;&#9;private String Nome;&#13;&#10;&#9;private String Sesso;&#13;&#10;&#9;private Calendar dataNasc;&#13;&#10;&#9;private int MonitorSize;&#13;&#10;&#9;private int WRect;&#13;&#10;&#9;private int HRect;&#13;&#10;&#9;private int HBar;&#13;&#10;&#9;private int XBar;&#13;&#10;&#9;private int livMax;&#13;&#10;&#9;private int livMin;&#13;&#10;&#9;private int distSchermo;&#13;&#10;&#9;private Color c1;&#13;&#10;&#9;private Color c2;&#13;&#10;&#9;private boolean Pos;&#13;&#10;&#9;private double Livello;&#13;&#10;&#9;private double Angolo;&#13;&#10;&#9;private Calendar DataEsame;&#13;&#10;&#9;&#13;&#10;&#9;/**&#13;&#10;&#9; * Costruttore&#13;&#10;&#9; */&#13;&#10;&#9;public DatiGenerazione(){&#13;&#10;&#9;&#9;dimensione=new Dimension(1,1);&#13;&#10;&#9;&#9;Nome=&quot;Unnamed&quot;;&#13;&#10;&#9;&#9;Sesso=&quot;null&quot;;&#13;&#10;&#9;&#9;dataNasc=Calendar.getInstance(TimeZone.getTimeZone(&quot;Europe/Rome&quot;),Locale.ITALY);&#13;&#10;&#9;&#9;MonitorSize=0;&#13;&#10;&#9;&#9;WRect=-1;&#13;&#10;&#9;&#9;HRect=-1;&#13;&#10;&#9;&#9;HBar=-1;&#13;&#10;&#9;&#9;XBar=-1;&#13;&#10;&#9;&#9;distSchermo=0;&#13;&#10;&#9;&#9;c1=Color.RED;&#13;&#10;&#9;&#9;c2=Color.BLUE;&#13;&#10;&#9;&#9;livMin=-1;&#13;&#10;&#9;&#9;livMax=-1;&#13;&#10;&#9;&#9;Pos=false;&#13;&#10;&#9;&#9;Livello=-1;&#13;&#10;&#9;&#9;Angolo=-1;&#13;&#10;&#9;&#9;DataEsame=Calendar.getInstance();&#13;&#10;&#9;&#9;&#13;&#10;&#9;}&#13;&#10;&#9;&#13;&#10;&#9;&#13;&#10;&#9;/**&#13;&#10;&#9; * @return the nome&#13;&#10;&#9; */&#13;&#10;&#9;public String getNome() {&#13;&#10;&#9;&#9;return Nome;&#13;&#10;&#9;}&#13;&#10;&#9;/**&#13;&#10;&#9; * @param nome the nome to set&#13;&#10;&#9; */&#13;&#10;&#9;public void setNome(String nome) {&#13;&#10;&#9;&#9;Nome = nome;&#13;&#10;&#9;}&#13;&#10;&#9;/**&#13;&#10;&#9; * @return the sesso&#13;&#10;&#9; */&#13;&#10;&#9;public String getSesso() {&#13;&#10;&#9;&#9;return Sesso;&#13;&#10;&#9;}&#13;&#10;&#9;/**&#13;&#10;&#9; * @param sesso the sesso to set&#13;&#10;&#9; */&#13;&#10;&#9;public void setSesso(String sesso) {&#13;&#10;&#9;&#9;Sesso = sesso;&#13;&#10;&#9;}&#13;&#10;&#9;&#13;&#10;&#9;/**&#13;&#10;&#9; * @return the dataNasc&#13;&#10;&#9; */&#13;&#10;&#9;public Calendar getDataNasc() {&#13;&#10;&#9;&#9;return dataNasc;&#13;&#10;&#9;}&#13;&#10;&#9;/**&#13;&#10;&#9; * @param dn the dataNasc to set&#13;&#10;&#9; */&#13;&#10;&#9;public void setDataNasc(Calendar dn) {&#13;&#10;&#9;&#9;Calendar dateNow=Calendar.getInstance(TimeZone.getTimeZone(&quot;Europe/Rome&quot;),Locale.ITALY);&#13;&#10;&#9;&#9;if(dateNow.after(dn)) {&#13;&#10;&#9;&#9;this.dataNasc = dn;}&#13;&#10;&#9;}&#13;&#10;&#9;/**&#13;&#10;&#9; * @param dataNasc the dataNasc to set in dd/mm/yyyy&#13;&#10;&#9; */&#13;&#10;&#9;public void setDataNasc(String dataNascString) {&#13;&#10;&#9;&#9;if(dataNascString.charAt(2)=='/' &amp;&amp; dataNascString.charAt(5)=='/') {&#13;&#10;&#9;&#9;&#9;Calendar d = Calendar.getInstance(TimeZone.getTimeZone(&quot;Europe/Rome&quot;),Locale.ITALY);&#13;&#10;&#9;&#9;&#9;GregorianCalendar data=new GregorianCalendar();&#13;&#10;&#9;&#9;&#9;DataEsame=dataNasc;&#13;&#10;&#9;&#9;&#9;DataEsame.setTime(data.getTime());&#13;&#10;&#9;&#9;&#9;char[] cD=dataNascString.toCharArray();&#13;&#10;&#9;&#9;&#9;String a=&quot;&quot;+cD[6]+cD[7]+cD[8]+cD[9];&#13;&#10;&#9;&#9;&#9;String m=&quot;&quot;+cD[3]+cD[4];&#13;&#10;&#9;&#9;&#9;String g=&quot;&quot;+cD[0]+cD[1];&#13;&#10;&#9;&#9;&#9;if(Integer.parseInt(m)&lt;11||Integer.parseInt(g)&lt;31) {&#13;&#10;&#9;&#9;&#9;&#9;data=new GregorianCalendar(Integer.parseInt(a),Integer.parseInt(m)-1, Integer.parseInt(g));&#13;&#10;&#9;&#9;&#13;&#10;&#9;&#9;&#9;&#9;if(DataEsame.getTime().after(data.getTime())) {&#13;&#10;&#9;&#9;&#9;&#9;&#9;this.dataNasc.setTime(data.getTime());&#13;&#10;&#9;&#9;&#9;&#9;}&#13;&#10;&#9;&#9;&#9;}&#13;&#10;&#9;&#9;}&#13;&#10;&#9;}&#13;&#10;&#9;/**&#13;&#10;&#9; * @return the monitorSize&#13;&#10;&#9; */&#13;&#10;&#9;public int getMonitorSize() {&#13;&#10;&#9;&#9;return MonitorSize;&#13;&#10;&#9;}&#13;&#10;&#9;/**&#13;&#10;&#9; * @param d the monitorSize to set&#13;&#10;&#9; */&#13;&#10;&#9;public void setMonitorSize(int d) {&#13;&#10;&#9;&#9;if(d&gt;0)&#13;&#10;&#9;&#9;MonitorSize = d;&#13;&#10;&#9;}&#13;&#10;&#9;/**&#13;&#10;&#9; * @return the wRect&#13;&#10;&#9; */&#13;&#10;&#9;public int getWRect() {&#13;&#10;&#9;&#9;return WRect;&#13;&#10;&#9;}&#13;&#10;&#9;/**&#13;&#10;&#9; * @param wRect the wRect to set&#13;&#10;&#9; */&#13;&#10;&#9;public void setWRect(int wRect) {&#13;&#10;&#9;&#9;if(wRect&lt;(dimensione.getWidth()-20)&amp;&amp;wRect&gt;0) WRect = wRect;&#13;&#10;&#9;&#9;else WRect=(int) (dimensione.getWidth()-20);&#13;&#10;&#9;}&#13;&#10;&#9;/**&#13;&#10;&#9; * @return the hRect&#13;&#10;&#9; */&#13;&#10;&#9;public int getHRect() {&#13;&#10;&#9;&#9;return HRect;&#13;&#10;&#9;}&#13;&#10;&#9;/**&#13;&#10;&#9; * @param hRect the hRect to set&#13;&#10;&#9; */&#13;&#10;&#9;public void setHRect(int hRect) {&#13;&#10;&#9;&#9;if(hRect&lt;(dimensione.getHeight()-20)&amp;&amp;hRect&gt;0) HRect = hRect;&#13;&#10;&#9;&#9;else HRect=(int) (dimensione.getHeight()-20);&#13;&#10;&#9;}&#13;&#10;&#9;/**&#13;&#10;&#9; * @return the hBar&#13;&#10;&#9; */&#13;&#10;&#9;public int getHBar() {&#13;&#10;&#9;&#9;return HBar;&#13;&#10;&#9;}&#13;&#10;&#9;/**&#13;&#10;&#9; * @param hBar the hBar to set&#13;&#10;&#9; */&#13;&#10;&#9;public void setHBar(int hBar) {&#13;&#10;&#9;&#9;if(hBar&lt;(HRect-10)&amp;&amp;hBar&gt;0)&#9;HBar = hBar;&#13;&#10;&#9;&#9;else HBar=HRect-10;&#13;&#10;&#9;}&#13;&#10;&#9;/**&#13;&#10;&#9; * @return the xBar&#13;&#10;&#9; */&#13;&#10;&#9;public int getXBar() {&#13;&#10;&#9;&#9;return XBar;&#13;&#10;&#9;}&#13;&#10;&#9;/**&#13;&#10;&#9; * @param xBar the xBar to set&#13;&#10;&#9; */&#13;&#10;&#9;public void setXBar(int xBar) {&#13;&#10;&#9;&#9;if(livMin==-1&amp;&amp;livMax&gt;=livMin)&#13;&#10;&#9;&#9;&#9;this.livMin=livMax;&#13;&#10;&#9;&#9;if(xBar&lt;=livMax &amp;&amp; xBar&gt;=livMin)&#9;this.XBar = xBar;&#13;&#10;&#9;&#9;else this.XBar=livMax;&#13;&#10;&#9;}&#13;&#10;&#9;/**&#13;&#10;&#9; * @return the livMax&#13;&#10;&#9; */&#13;&#10;&#9;public int getLivMax() {&#13;&#10;&#9;&#9;return livMax;&#13;&#10;&#9;}&#13;&#10;&#13;&#10;&#13;&#10;&#9;/**&#13;&#10;&#9; * @param livMax the livMax to set&#13;&#10;&#9; */&#13;&#10;&#9;public void setLivMax(int livMax) {&#13;&#10;&#9;&#9;if(livMax&lt;(WRect-10)&amp;&amp;livMax&gt;0)&#9;this.livMax = livMax;&#13;&#10;&#9;&#9;else this.livMax = WRect-10;&#13;&#10;&#9;&#9;this.XBar=this.livMax;&#13;&#10;&#9;}&#13;&#10;&#13;&#10;&#13;&#10;&#9;/**&#13;&#10;&#9; * @return the livMin&#13;&#10;&#9; */&#13;&#10;&#9;public int getLivMin() {&#13;&#10;&#9;&#9;return livMin;&#13;&#10;&#9;}&#13;&#10;&#13;&#10;&#13;&#10;&#9;/**&#13;&#10;&#9; * @param livMin the livMin to set&#13;&#10;&#9; */&#13;&#10;&#9;public void setLivMin(int livMin) {&#13;&#10;&#9;&#9;if(livMax==-1)&#13;&#10;&#9;&#9;&#9;livMax=livMin;&#13;&#10;&#9;&#9;if(livMin&lt;(WRect-10)&amp;&amp;livMin&gt;0&amp;&amp;livMin&lt;=livMax)&#9;this.livMin = livMin;&#13;&#10;&#9;&#9;else this.livMin=livMax;&#13;&#10;&#9;}&#13;&#10;&#13;&#10;&#13;&#10;&#9;/**&#13;&#10;&#9; * @return the distSchermo&#13;&#10;&#9; */&#13;&#10;&#9;public int getDistSchermo() {&#13;&#10;&#9;&#9;return distSchermo;&#13;&#10;&#9;}&#13;&#10;&#9;/**&#13;&#10;&#9; * @param distSchermo the distSchermo to set&#13;&#10;&#9; */&#13;&#10;&#9;public void setDistSchermo(int distSchermo) {&#13;&#10;&#9;&#9;this.distSchermo = distSchermo*10;&#13;&#10;&#9;}&#13;&#10;&#9;/**&#13;&#10;&#9; * @return the c1&#13;&#10;&#9; */&#13;&#10;&#9;public Color getC1() {&#13;&#10;&#9;&#9;return c1;&#13;&#10;&#9;}&#13;&#10;&#9;/**&#13;&#10;&#9; * @param c1 the c1 to set&#13;&#10;&#9; */&#13;&#10;&#9;public void setC1(Color c1) {&#13;&#10;&#9;&#9;this.c1 = c1;&#13;&#10;&#9;}&#13;&#10;&#9;/**&#13;&#10;&#9; * @return the c2&#13;&#10;&#9; */&#13;&#10;&#9;public Color getC2() {&#13;&#10;&#9;&#9;return c2;&#13;&#10;&#9;}&#13;&#10;&#9;/**&#13;&#10;&#9; * @param c2 the c2 to set&#13;&#10;&#9; */&#13;&#10;&#9;public void setC2(Color c2) {&#13;&#10;&#9;&#9;this.c2 = c2;&#13;&#10;&#9;}&#13;&#10;&#9;&#13;&#10;&#9;/**&#13;&#10;&#9; * @return the pos&#13;&#10;&#9; */&#13;&#10;&#9;public boolean getPos() {&#13;&#10;&#9;&#9;return Pos;&#13;&#10;&#9;}&#13;&#10;&#13;&#10;&#13;&#10;&#9;/**&#13;&#10;&#9; * @param pos the position to set, false if behind or true if in front&#13;&#10;&#9; */&#13;&#10;&#9;public void setPos(boolean pos) {&#13;&#10;&#9;&#9;if(pos!=Pos) {&#13;&#10;&#9;&#9;&#9;Color cTemp=getC1();&#13;&#10;&#9;&#9;&#9;this.setC1(getC2());&#13;&#10;&#9;&#9;&#9;this.setC2(cTemp);&#13;&#10;&#9;&#9;}&#13;&#10;&#9;&#9;Pos = pos;&#13;&#10;&#9;&#9;&#13;&#10;&#9;}&#13;&#10;&#13;&#10;&#13;&#10;&#9;&#13;&#10;&#9;/**&#13;&#10;&#9; * @return the livello in µm&#13;&#10;&#9; */&#13;&#10;&#9;public double getLivello() {&#13;&#10;&#9;&#9;return Livello;&#13;&#10;&#9;}&#13;&#10;&#9;/**&#13;&#10;&#9; * @param i the livello to set (in µm)&#13;&#10;&#9; */&#13;&#10;&#9;public void setLivello(double i) {&#13;&#10;&#9;&#9;Livello = i;&#13;&#10;&#9;}&#13;&#10;&#9;/**&#13;&#10;&#9; * @return the angolo&#13;&#10;&#9; */&#13;&#10;&#9;public double getAngolo() {&#13;&#10;&#9;&#9;return Angolo;&#13;&#10;&#9;}&#13;&#10;&#9;/**&#13;&#10;&#9; * @param d the angolo to set&#13;&#10;&#9; */&#13;&#10;&#9;public void setAngolo(double d) {&#13;&#10;&#9;&#9;this.Angolo = d;&#13;&#10;&#9;}&#13;&#10;&#9;/**&#13;&#10;&#9; * @return the dataEsame&#13;&#10;&#9; */&#13;&#10;&#9;public Calendar getDataEsame() {&#13;&#10;&#9;&#9;return DataEsame;&#13;&#10;&#9;}&#13;&#10;&#9;&#13;&#10;&#9;/**&#13;&#10;&#9; * @param dimensione the dimension to set (Dimension format)&#13;&#10;&#9; */&#13;&#10;&#9;public void setDimensione(Dimension dimensione) {&#13;&#10;&#9;&#9;this.dimensione = dimensione;&#13;&#10;&#9;}&#13;&#10;&#9;/**&#13;&#10;&#9; * @return dimensione&#13;&#10;&#9; */&#13;&#10;&#9;public Dimension getDimensione() {&#13;&#10;&#9;&#9;return dimensione;&#13;&#10;&#9;}&#13;&#10;&#9;/**&#13;&#10;&#9; * @param dimensione the dimension to set (width and height in integer)&#13;&#10;&#9; */&#13;&#10;&#9;public void setDimensione(int w,int h) {&#13;&#10;&#9;&#9;this.dimensione = new Dimension(w,h);&#13;&#10;&#9;}&#13;&#10;&#9;/**&#13;&#10;&#9; * @param dimensione the dimension to set (width and height in double)&#13;&#10;&#9; */&#13;&#10;&#9;public void setDimensione(double w,double h) {&#13;&#10;&#9;&#9;this.dimensione = new Dimension((int)w,(int)h);&#13;&#10;&#9;}&#13;&#10;&#13;&#10;&#13;&#10;&#9;&#13;&#10;&#9;&#13;&#10;}&#13;&#10;" Filename="DatiGenerazione.java" Intrnl_Id="1"/>
</SrcFileList>
<CritList>
<CritListEntry Name="org.codecover.model.utils.criteria.LoopCoverage" PluginName="org.codecover"/>
<CritListEntry Name="org.codecover.model.utils.criteria.ConditionCoverage" PluginName="org.codecover"/>
<CritListEntry Name="org.codecover.model.utils.criteria.BranchCoverage" PluginName="org.codecover"/>
<CritListEntry Name="org.codecover.model.utils.criteria.StatementCoverage" PluginName="org.codecover"/>
</CritList>
<BoolOpList>
<BoolOp Arity="2" Intrnl_Id="2" Name="conditional and (&amp;&amp;)">
<BoolAssgnmntBoolMapList>
<MapEntry BoolAssgnmnt="02" Value="false"/>
<MapEntry BoolAssgnmnt="10" Value="false"/>
<MapEntry BoolAssgnmnt="11" Value="true"/>
</BoolAssgnmntBoolMapList>
</BoolOp>
<BoolOp Arity="2" Intrnl_Id="3" Name="conditional or (||)">
<BoolAssgnmntBoolMapList>
<MapEntry BoolAssgnmnt="00" Value="false"/>
<MapEntry BoolAssgnmnt="01" Value="true"/>
<MapEntry BoolAssgnmnt="12" Value="true"/>
</BoolAssgnmntBoolMapList>
</BoolOp>
</BoolOpList>
<HierarchyLvlTypeList>
<HierarchyLvlType EnglishName="package" IntrnlName="package" Intrnl_Id="4"/>
<HierarchyLvlType EnglishName="method" IntrnlName="method" Intrnl_Id="5"/>
<HierarchyLvlType EnglishName="class" IntrnlName="class" Intrnl_Id="6"/>
<HierarchyLvlType EnglishName="default package" IntrnlName="default package" Intrnl_Id="7"/>
</HierarchyLvlTypeList>
<MASTRoot>
<HierarchyLvl HierarchyLvlId="55" HierarchyLvlTypeId="7" Intrnl_Id="8" Name="default package">
<Header/>
<LocList/>
<HierarchyLvl HierarchyLvlId="54" HierarchyLvlTypeId="4" Intrnl_Id="9" Name="libFSTest">
<Header/>
<LocList/>
<HierarchyLvl HierarchyLvlId="53" HierarchyLvlTypeId="4" Intrnl_Id="10" Name="test">
<Header/>
<LocList/>
<HierarchyLvl HierarchyLvlId="52" HierarchyLvlTypeId="6" Intrnl_Id="11" Name="DatiGenerazione">
<Header>
<Loc EndOffset="228" SrcFileId="1" StartOffset="200"/>
</Header>
<LocList>
<Loc EndOffset="6641" SrcFileId="1" StartOffset="200"/>
</LocList>
<HierarchyLvl HierarchyLvlId="13" HierarchyLvlTypeId="5" Intrnl_Id="12" Name="DatiGenerazione">
<Header>
<Loc EndOffset="721" SrcFileId="1" StartOffset="697"/>
</Header>
<LocList>
<Loc EndOffset="1113" SrcFileId="1" StartOffset="697"/>
</LocList>
<StmntSeq Intrnl_Id="13">
<LocList>
<Loc EndOffset="756" SrcFileId="1" StartOffset="726"/>
<Loc EndOffset="775" SrcFileId="1" StartOffset="760"/>
<Loc EndOffset="792" SrcFileId="1" StartOffset="779"/>
<Loc EndOffset="876" SrcFileId="1" StartOffset="796"/>
<Loc EndOffset="894" SrcFileId="1" StartOffset="880"/>
<Loc EndOffset="907" SrcFileId="1" StartOffset="898"/>
<Loc EndOffset="920" SrcFileId="1" StartOffset="911"/>
<Loc EndOffset="932" SrcFileId="1" StartOffset="924"/>
<Loc EndOffset="944" SrcFileId="1" StartOffset="936"/>
<Loc EndOffset="962" SrcFileId="1" StartOffset="948"/>
<Loc EndOffset="979" SrcFileId="1" StartOffset="966"/>
<Loc EndOffset="997" SrcFileId="1" StartOffset="983"/>
<Loc EndOffset="1011" SrcFileId="1" StartOffset="1001"/>
<Loc EndOffset="1025" SrcFileId="1" StartOffset="1015"/>
<Loc EndOffset="1039" SrcFileId="1" StartOffset="1029"/>
<Loc EndOffset="1054" SrcFileId="1" StartOffset="1043"/>
<Loc EndOffset="1068" SrcFileId="1" StartOffset="1058"/>
<Loc EndOffset="1105" SrcFileId="1" StartOffset="1072"/>
</LocList>
<BasicStmnt CovItemId="S1" CovItemPrefix="libFSTest.test.DatiGenerazione.java" Intrnl_Id="14">
<LocList>
<Loc EndOffset="756" SrcFileId="1" StartOffset="726"/>
</LocList>
</BasicStmnt>
<BasicStmnt CovItemId="S2" CovItemPrefix="libFSTest.test.DatiGenerazione.java" Intrnl_Id="15">
<LocList>
<Loc EndOffset="775" SrcFileId="1" StartOffset="760"/>
</LocList>
</BasicStmnt>
<BasicStmnt CovItemId="S3" CovItemPrefix="libFSTest.test.DatiGenerazione.java" Intrnl_Id="16">
<LocList>
<Loc EndOffset="792" SrcFileId="1" StartOffset="779"/>
</LocList>
</BasicStmnt>
<BasicStmnt CovItemId="S4" CovItemPrefix="libFSTest.test.DatiGenerazione.java" Intrnl_Id="17">
<LocList>
<Loc EndOffset="876" SrcFileId="1" StartOffset="796"/>
</LocList>
</BasicStmnt>
<BasicStmnt CovItemId="S5" CovItemPrefix="libFSTest.test.DatiGenerazione.java" Intrnl_Id="18">
<LocList>
<Loc EndOffset="894" SrcFileId="1" StartOffset="880"/>
</LocList>
</BasicStmnt>
<BasicStmnt CovItemId="S6" CovItemPrefix="libFSTest.test.DatiGenerazione.java" Intrnl_Id="19">
<LocList>
<Loc EndOffset="907" SrcFileId="1" StartOffset="898"/>
</LocList>
</BasicStmnt>
<BasicStmnt CovItemId="S7" CovItemPrefix="libFSTest.test.DatiGenerazione.java" Intrnl_Id="20">
<LocList>
<Loc EndOffset="920" SrcFileId="1" StartOffset="911"/>
</LocList>
</BasicStmnt>
<BasicStmnt CovItemId="S8" CovItemPrefix="libFSTest.test.DatiGenerazione.java" Intrnl_Id="21">
<LocList>
<Loc EndOffset="932" SrcFileId="1" StartOffset="924"/>
</LocList>
</BasicStmnt>
<BasicStmnt CovItemId="S9" CovItemPrefix="libFSTest.test.DatiGenerazione.java" Intrnl_Id="22">
<LocList>
<Loc EndOffset="944" SrcFileId="1" StartOffset="936"/>
</LocList>
</BasicStmnt>
<BasicStmnt CovItemId="S10" CovItemPrefix="libFSTest.test.DatiGenerazione.java" Intrnl_Id="23">
<LocList>
<Loc EndOffset="962" SrcFileId="1" StartOffset="948"/>
</LocList>
</BasicStmnt>
<BasicStmnt CovItemId="S11" CovItemPrefix="libFSTest.test.DatiGenerazione.java" Intrnl_Id="24">
<LocList>
<Loc EndOffset="979" SrcFileId="1" StartOffset="966"/>
</LocList>
</BasicStmnt>
<BasicStmnt CovItemId="S12" CovItemPrefix="libFSTest.test.DatiGenerazione.java" Intrnl_Id="25">
<LocList>
<Loc EndOffset="997" SrcFileId="1" StartOffset="983"/>
</LocList>
</BasicStmnt>
<BasicStmnt CovItemId="S13" CovItemPrefix="libFSTest.test.DatiGenerazione.java" Intrnl_Id="26">
<LocList>
<Loc EndOffset="1011" SrcFileId="1" StartOffset="1001"/>
</LocList>
</BasicStmnt>
<BasicStmnt CovItemId="S14" CovItemPrefix="libFSTest.test.DatiGenerazione.java" Intrnl_Id="27">
<LocList>
<Loc EndOffset="1025" SrcFileId="1" StartOffset="1015"/>
</LocList>
</BasicStmnt>
<BasicStmnt CovItemId="S15" CovItemPrefix="libFSTest.test.DatiGenerazione.java" Intrnl_Id="28">
<LocList>
<Loc EndOffset="1039" SrcFileId="1" StartOffset="1029"/>
</LocList>
</BasicStmnt>
<BasicStmnt CovItemId="S16" CovItemPrefix="libFSTest.test.DatiGenerazione.java" Intrnl_Id="29">
<LocList>
<Loc EndOffset="1054" SrcFileId="1" StartOffset="1043"/>
</LocList>
</BasicStmnt>
<BasicStmnt CovItemId="S17" CovItemPrefix="libFSTest.test.DatiGenerazione.java" Intrnl_Id="30">
<LocList>
<Loc EndOffset="1068" SrcFileId="1" StartOffset="1058"/>
</LocList>
</BasicStmnt>
<BasicStmnt CovItemId="S18" CovItemPrefix="libFSTest.test.DatiGenerazione.java" Intrnl_Id="31">
<LocList>
<Loc EndOffset="1105" SrcFileId="1" StartOffset="1072"/>
</LocList>
</BasicStmnt>
</StmntSeq>
</HierarchyLvl>
<HierarchyLvl HierarchyLvlId="14" HierarchyLvlTypeId="5" Intrnl_Id="32" Name="getNome">
<Header>
<Loc EndOffset="1179" SrcFileId="1" StartOffset="1156"/>
</Header>
<LocList>
<Loc EndOffset="1201" SrcFileId="1" StartOffset="1156"/>
</LocList>
<StmntSeq Intrnl_Id="33">
<LocList>
<Loc EndOffset="1197" SrcFileId="1" StartOffset="1185"/>
</LocList>
<BasicStmnt CovItemId="S19" CovItemPrefix="libFSTest.test.DatiGenerazione.java" Intrnl_Id="34">
<LocList>
<Loc EndOffset="1197" SrcFileId="1" StartOffset="1185"/>
</LocList>
</BasicStmnt>
</StmntSeq>
</HierarchyLvl>
<HierarchyLvl HierarchyLvlId="15" HierarchyLvlTypeId="5" Intrnl_Id="35" Name="setNome">
<Header>
<Loc EndOffset="1281" SrcFileId="1" StartOffset="1249"/>
</Header>
<LocList>
<Loc EndOffset="1303" SrcFileId="1" StartOffset="1249"/>
</LocList>
<StmntSeq Intrnl_Id="36">
<LocList>
<Loc EndOffset="1299" SrcFileId="1" StartOffset="1287"/>
</LocList>
<BasicStmnt CovItemId="S20" CovItemPrefix="libFSTest.test.DatiGenerazione.java" Intrnl_Id="37">
<LocList>
<Loc EndOffset="1299" SrcFileId="1" StartOffset="1287"/>
</LocList>
</BasicStmnt>
</StmntSeq>
</HierarchyLvl>
<HierarchyLvl HierarchyLvlId="16" HierarchyLvlTypeId="5" Intrnl_Id="38" Name="getSesso">
<Header>
<Loc EndOffset="1365" SrcFileId="1" StartOffset="1341"/>
</Header>
<LocList>
<Loc EndOffset="1388" SrcFileId="1" StartOffset="1341"/>
</LocList>
<StmntSeq Intrnl_Id="39">
<LocList>
<Loc EndOffset="1384" SrcFileId="1" StartOffset="1371"/>
</LocList>
<BasicStmnt CovItemId="S21" CovItemPrefix="libFSTest.test.DatiGenerazione.java" Intrnl_Id="40">
<LocList>
<Loc EndOffset="1384" SrcFileId="1" StartOffset="1371"/>
</LocList>
</BasicStmnt>
</StmntSeq>
</HierarchyLvl>
<HierarchyLvl HierarchyLvlId="17" HierarchyLvlTypeId="5" Intrnl_Id="41" Name="setSesso">
<Header>
<Loc EndOffset="1472" SrcFileId="1" StartOffset="1438"/>
</Header>
<LocList>
<Loc EndOffset="1496" SrcFileId="1" StartOffset="1438"/>
</LocList>
<StmntSeq Intrnl_Id="42">
<LocList>
<Loc EndOffset="1492" SrcFileId="1" StartOffset="1478"/>
</LocList>
<BasicStmnt CovItemId="S22" CovItemPrefix="libFSTest.test.DatiGenerazione.java" Intrnl_Id="43">
<LocList>
<Loc EndOffset="1492" SrcFileId="1" StartOffset="1478"/>
</LocList>
</BasicStmnt>
</StmntSeq>
</HierarchyLvl>
<HierarchyLvl HierarchyLvlId="18" HierarchyLvlTypeId="5" Intrnl_Id="44" Name="getDataNasc">
<Header>
<Loc EndOffset="1569" SrcFileId="1" StartOffset="1540"/>
</Header>
<LocList>
<Loc EndOffset="1595" SrcFileId="1" StartOffset="1540"/>
</LocList>
<StmntSeq Intrnl_Id="45">
<LocList>
<Loc EndOffset="1591" SrcFileId="1" StartOffset="1575"/>
</LocList>
<BasicStmnt CovItemId="S23" CovItemPrefix="libFSTest.test.DatiGenerazione.java" Intrnl_Id="46">
<LocList>
<Loc EndOffset="1591" SrcFileId="1" StartOffset="1575"/>
</LocList>
</BasicStmnt>
</StmntSeq>
</HierarchyLvl>
<HierarchyLvl HierarchyLvlId="19" HierarchyLvlTypeId="5" Intrnl_Id="47" Name="setDataNasc">
<Header>
<Loc EndOffset="1681" SrcFileId="1" StartOffset="1645"/>
</Header>
<LocList>
<Loc EndOffset="1830" SrcFileId="1" StartOffset="1645"/>
</LocList>
<StmntSeq Intrnl_Id="48">
<LocList>
<Loc EndOffset="1775" SrcFileId="1" StartOffset="1687"/>
<Loc EndOffset="1826" SrcFileId="1" StartOffset="1779"/>
</LocList>
<BasicStmnt CovItemId="S24" CovItemPrefix="libFSTest.test.DatiGenerazione.java" Intrnl_Id="49">
<LocList>
<Loc EndOffset="1775" SrcFileId="1" StartOffset="1687"/>
</LocList>
</BasicStmnt>
<CondStmnt CovItemId="S25" CovItemPrefix="libFSTest.test.DatiGenerazione.java" Intrnl_Id="50">
<Branch CovItemId="B1" CovItemPrefix="libFSTest.test.DatiGenerazione.java" Implct="false" Intrnl_Id="51">
<Cond/>
<LocList>
<Loc EndOffset="1826" SrcFileId="1" StartOffset="1801"/>
</LocList>
<StmntSeq Intrnl_Id="52">
<LocList>
<Loc EndOffset="1825" SrcFileId="1" StartOffset="1806"/>
</LocList>
<BasicStmnt CovItemId="S26" CovItemPrefix="libFSTest.test.DatiGenerazione.java" Intrnl_Id="53">
<LocList>
<Loc EndOffset="1825" SrcFileId="1" StartOffset="1806"/>
</LocList>
</BasicStmnt>
</StmntSeq>
</Branch>
<Branch CovItemId="B2" CovItemPrefix="libFSTest.test.DatiGenerazione.java" Implct="true" Intrnl_Id="54">
<Cond/>
<LocList/>
<StmntSeq Intrnl_Id="55">
<LocList/>
</StmntSeq>
</Branch>
<Keyword EndOffset="1781" SrcFileId="1" StartOffset="1779"/>
<LocList>
<Loc EndOffset="1826" SrcFileId="1" StartOffset="1779"/>
</LocList>
<RootTerm CovItemId="C1" CovItemPrefix="libFSTest.test.DatiGenerazione.java" Intrnl_Id="56">
<BasicBoolTerm Intrnl_Id="57">
<LocList>
<Loc EndOffset="1799" SrcFileId="1" StartOffset="1782"/>
</LocList>
</BasicBoolTerm>
</RootTerm>
</CondStmnt>
</StmntSeq>
</HierarchyLvl>
<HierarchyLvl HierarchyLvlId="20" HierarchyLvlTypeId="5" Intrnl_Id="58" Name="setDataNasc">
<Header>
<Loc EndOffset="1946" SrcFileId="1" StartOffset="1900"/>
</Header>
<LocList>
<Loc EndOffset="2645" SrcFileId="1" StartOffset="1900"/>
</LocList>
<StmntSeq Intrnl_Id="59">
<LocList>
<Loc EndOffset="2641" SrcFileId="1" StartOffset="1952"/>
</LocList>
<CondStmnt CovItemId="S27" CovItemPrefix="libFSTest.test.DatiGenerazione.java" Intrnl_Id="60">
<Branch CovItemId="B3" CovItemPrefix="libFSTest.test.DatiGenerazione.java" Implct="false" Intrnl_Id="61">
<Cond/>
<LocList>
<Loc EndOffset="2641" SrcFileId="1" StartOffset="2019"/>
</LocList>
<StmntSeq Intrnl_Id="62">
<LocList>
<Loc EndOffset="2109" SrcFileId="1" StartOffset="2025"/>
<Loc EndOffset="2161" SrcFileId="1" StartOffset="2114"/>
<Loc EndOffset="2185" SrcFileId="1" StartOffset="2166"/>
<Loc EndOffset="2224" SrcFileId="1" StartOffset="2190"/>
<Loc EndOffset="2268" SrcFileId="1" StartOffset="2229"/>
<Loc EndOffset="2309" SrcFileId="1" StartOffset="2273"/>
<Loc EndOffset="2338" SrcFileId="1" StartOffset="2314"/>
<Loc EndOffset="2367" SrcFileId="1" StartOffset="2343"/>
<Loc EndOffset="2636" SrcFileId="1" StartOffset="2372"/>
</LocList>
<BasicStmnt CovItemId="S28" CovItemPrefix="libFSTest.test.DatiGenerazione.java" Intrnl_Id="63">
<LocList>
<Loc EndOffset="2109" SrcFileId="1" StartOffset="2025"/>
</LocList>
</BasicStmnt>
<BasicStmnt CovItemId="S29" CovItemPrefix="libFSTest.test.DatiGenerazione.java" Intrnl_Id="64">
<LocList>
<Loc EndOffset="2161" SrcFileId="1" StartOffset="2114"/>
</LocList>
</BasicStmnt>
<BasicStmnt CovItemId="S30" CovItemPrefix="libFSTest.test.DatiGenerazione.java" Intrnl_Id="65">
<LocList>
<Loc EndOffset="2185" SrcFileId="1" StartOffset="2166"/>
</LocList>
</BasicStmnt>
<BasicStmnt CovItemId="S31" CovItemPrefix="libFSTest.test.DatiGenerazione.java" Intrnl_Id="66">
<LocList>
<Loc EndOffset="2224" SrcFileId="1" StartOffset="2190"/>
</LocList>
</BasicStmnt>
<BasicStmnt CovItemId="S32" CovItemPrefix="libFSTest.test.DatiGenerazione.java" Intrnl_Id="67">
<LocList>
<Loc EndOffset="2268" SrcFileId="1" StartOffset="2229"/>
</LocList>
</BasicStmnt>
<BasicStmnt CovItemId="S33" CovItemPrefix="libFSTest.test.DatiGenerazione.java" Intrnl_Id="68">
<LocList>
<Loc EndOffset="2309" SrcFileId="1" StartOffset="2273"/>
</LocList>
</BasicStmnt>
<BasicStmnt CovItemId="S34" CovItemPrefix="libFSTest.test.DatiGenerazione.java" Intrnl_Id="69">
<LocList>
<Loc EndOffset="2338" SrcFileId="1" StartOffset="2314"/>
</LocList>
</BasicStmnt>
<BasicStmnt CovItemId="S35" CovItemPrefix="libFSTest.test.DatiGenerazione.java" Intrnl_Id="70">
<LocList>
<Loc EndOffset="2367" SrcFileId="1" StartOffset="2343"/>
</LocList>
</BasicStmnt>
<CondStmnt CovItemId="S36" CovItemPrefix="libFSTest.test.DatiGenerazione.java" Intrnl_Id="71">
<Branch CovItemId="B5" CovItemPrefix="libFSTest.test.DatiGenerazione.java" Implct="false" Intrnl_Id="72">
<Cond/>
<LocList>
<Loc EndOffset="2636" SrcFileId="1" StartOffset="2423"/>
</LocList>
<StmntSeq Intrnl_Id="73">
<LocList>
<Loc EndOffset="2521" SrcFileId="1" StartOffset="2430"/>
<Loc EndOffset="2630" SrcFileId="1" StartOffset="2531"/>
</LocList>
<BasicStmnt CovItemId="S37" CovItemPrefix="libFSTest.test.DatiGenerazione.java" Intrnl_Id="74">
<LocList>
<Loc EndOffset="2521" SrcFileId="1" StartOffset="2430"/>
</LocList>
</BasicStmnt>
<CondStmnt CovItemId="S38" CovItemPrefix="libFSTest.test.DatiGenerazione.java" Intrnl_Id="75">
<Branch CovItemId="B7" CovItemPrefix="libFSTest.test.DatiGenerazione.java" Implct="false" Intrnl_Id="76">
<Cond/>
<LocList>
<Loc EndOffset="2630" SrcFileId="1" StartOffset="2577"/>
</LocList>
<StmntSeq Intrnl_Id="77">
<LocList>
<Loc EndOffset="2623" SrcFileId="1" StartOffset="2585"/>
</LocList>
<BasicStmnt CovItemId="S39" CovItemPrefix="libFSTest.test.DatiGenerazione.java" Intrnl_Id="78">
<LocList>
<Loc EndOffset="2623" SrcFileId="1" StartOffset="2585"/>
</LocList>
</BasicStmnt>
</StmntSeq>
</Branch>
<Branch CovItemId="B8" CovItemPrefix="libFSTest.test.DatiGenerazione.java" Implct="true" Intrnl_Id="79">
<Cond/>
<LocList/>
<StmntSeq Intrnl_Id="80">
<LocList/>
</StmntSeq>
</Branch>
<Keyword EndOffset="2533" SrcFileId="1" StartOffset="2531"/>
<LocList>
<Loc EndOffset="2630" SrcFileId="1" StartOffset="2531"/>
</LocList>
<RootTerm CovItemId="C4" CovItemPrefix="libFSTest.test.DatiGenerazione.java" Intrnl_Id="81">
<BasicBoolTerm Intrnl_Id="82">
<LocList>
<Loc EndOffset="2575" SrcFileId="1" StartOffset="2534"/>
</LocList>
</BasicBoolTerm>
</RootTerm>
</CondStmnt>
</StmntSeq>
</Branch>
<Branch CovItemId="B6" CovItemPrefix="libFSTest.test.DatiGenerazione.java" Implct="true" Intrnl_Id="83">
<Cond/>
<LocList/>
<StmntSeq Intrnl_Id="84">
<LocList/>
</StmntSeq>
</Branch>
<Keyword EndOffset="2374" SrcFileId="1" StartOffset="2372"/>
<LocList>
<Loc EndOffset="2636" SrcFileId="1" StartOffset="2372"/>
</LocList>
<RootTerm CovItemId="C3" CovItemPrefix="libFSTest.test.DatiGenerazione.java" Intrnl_Id="85">
<OpTerm BooleanOpId="3" Intrnl_Id="86">
<BasicBoolTerm Intrnl_Id="87">
<LocList>
<Loc EndOffset="2397" SrcFileId="1" StartOffset="2375"/>
</LocList>
</BasicBoolTerm>
<BasicBoolTerm Intrnl_Id="88">
<LocList>
<Loc EndOffset="2421" SrcFileId="1" StartOffset="2399"/>
</LocList>
</BasicBoolTerm>
<LocList>
<Loc EndOffset="2399" SrcFileId="1" StartOffset="2397"/>
</LocList>
</OpTerm>
</RootTerm>
</CondStmnt>
</StmntSeq>
</Branch>
<Branch CovItemId="B4" CovItemPrefix="libFSTest.test.DatiGenerazione.java" Implct="true" Intrnl_Id="89">
<Cond/>
<LocList/>
<StmntSeq Intrnl_Id="90">
<LocList/>
</StmntSeq>
</Branch>
<Keyword EndOffset="1954" SrcFileId="1" StartOffset="1952"/>
<LocList>
<Loc EndOffset="2641" SrcFileId="1" StartOffset="1952"/>
</LocList>
<RootTerm CovItemId="C2" CovItemPrefix="libFSTest.test.DatiGenerazione.java" Intrnl_Id="91">
<OpTerm BooleanOpId="2" Intrnl_Id="92">
<BasicBoolTerm Intrnl_Id="93">
<LocList>
<Loc EndOffset="1984" SrcFileId="1" StartOffset="1955"/>
</LocList>
</BasicBoolTerm>
<BasicBoolTerm Intrnl_Id="94">
<LocList>
<Loc EndOffset="2017" SrcFileId="1" StartOffset="1988"/>
</LocList>
</BasicBoolTerm>
<LocList>
<Loc EndOffset="1987" SrcFileId="1" StartOffset="1985"/>
</LocList>
</OpTerm>
</RootTerm>
</CondStmnt>
</StmntSeq>
</HierarchyLvl>
<HierarchyLvl HierarchyLvlId="21" HierarchyLvlTypeId="5" Intrnl_Id="95" Name="getMonitorSize">
<Header>
<Loc EndOffset="2716" SrcFileId="1" StartOffset="2689"/>
</Header>
<LocList>
<Loc EndOffset="2745" SrcFileId="1" StartOffset="2689"/>
</LocList>
<StmntSeq Intrnl_Id="96">
<LocList>
<Loc EndOffset="2741" SrcFileId="1" StartOffset="2722"/>
</LocList>
<BasicStmnt CovItemId="S40" CovItemPrefix="libFSTest.test.DatiGenerazione.java" Intrnl_Id="97">
<LocList>
<Loc EndOffset="2741" SrcFileId="1" StartOffset="2722"/>
</LocList>
</BasicStmnt>
</StmntSeq>
</HierarchyLvl>
<HierarchyLvl HierarchyLvlId="22" HierarchyLvlTypeId="5" Intrnl_Id="98" Name="setMonitorSize">
<Header>
<Loc EndOffset="2830" SrcFileId="1" StartOffset="2797"/>
</Header>
<LocList>
<Loc EndOffset="2867" SrcFileId="1" StartOffset="2797"/>
</LocList>
<StmntSeq Intrnl_Id="99">
<LocList>
<Loc EndOffset="2863" SrcFileId="1" StartOffset="2836"/>
</LocList>
<CondStmnt CovItemId="S41" CovItemPrefix="libFSTest.test.DatiGenerazione.java" Intrnl_Id="100">
<Branch CovItemId="B9" CovItemPrefix="libFSTest.test.DatiGenerazione.java" Implct="false" Intrnl_Id="101">
<Cond/>
<LocList>
<Loc EndOffset="2863" SrcFileId="1" StartOffset="2847"/>
</LocList>
<StmntSeq Intrnl_Id="102">
<LocList>
<Loc EndOffset="2863" SrcFileId="1" StartOffset="2847"/>
</LocList>
<BasicStmnt CovItemId="S42" CovItemPrefix="libFSTest.test.DatiGenerazione.java" Intrnl_Id="103">
<LocList>
<Loc EndOffset="2863" SrcFileId="1" StartOffset="2847"/>
</LocList>
</BasicStmnt>
</StmntSeq>
</Branch>
<Branch CovItemId="B10" CovItemPrefix="libFSTest.test.DatiGenerazione.java" Implct="true" Intrnl_Id="104">
<Cond/>
<LocList/>
<StmntSeq Intrnl_Id="105">
<LocList/>
</StmntSeq>
</Branch>
<Keyword EndOffset="2838" SrcFileId="1" StartOffset="2836"/>
<LocList>
<Loc EndOffset="2863" SrcFileId="1" StartOffset="2836"/>
</LocList>
<RootTerm CovItemId="C5" CovItemPrefix="libFSTest.test.DatiGenerazione.java" Intrnl_Id="106">
<BasicBoolTerm Intrnl_Id="107">
<LocList>
<Loc EndOffset="2842" SrcFileId="1" StartOffset="2839"/>
</LocList>
</BasicBoolTerm>
</RootTerm>
</CondStmnt>
</StmntSeq>
</HierarchyLvl>
<HierarchyLvl HierarchyLvlId="23" HierarchyLvlTypeId="5" Intrnl_Id="108" Name="getWRect">
<Header>
<Loc EndOffset="2926" SrcFileId="1" StartOffset="2905"/>
</Header>
<LocList>
<Loc EndOffset="2949" SrcFileId="1" StartOffset="2905"/>
</LocList>
<StmntSeq Intrnl_Id="109">
<LocList>
<Loc EndOffset="2945" SrcFileId="1" StartOffset="2932"/>
</LocList>
<BasicStmnt CovItemId="S43" CovItemPrefix="libFSTest.test.DatiGenerazione.java" Intrnl_Id="110">
<LocList>
<Loc EndOffset="2945" SrcFileId="1" StartOffset="2932"/>
</LocList>
</BasicStmnt>
</StmntSeq>
</HierarchyLvl>
<HierarchyLvl HierarchyLvlId="24" HierarchyLvlTypeId="5" Intrnl_Id="111" Name="setWRect">
<Header>
<Loc EndOffset="3030" SrcFileId="1" StartOffset="2999"/>
</Header>
<LocList>
<Loc EndOffset="3148" SrcFileId="1" StartOffset="2999"/>
</LocList>
<StmntSeq Intrnl_Id="112">
<LocList>
<Loc EndOffset="3144" SrcFileId="1" StartOffset="3036"/>
</LocList>
<CondStmnt CovItemId="S44" CovItemPrefix="libFSTest.test.DatiGenerazione.java" Intrnl_Id="113">
<Branch CovItemId="B11" CovItemPrefix="libFSTest.test.DatiGenerazione.java" Implct="false" Intrnl_Id="114">
<Cond/>
<LocList>
<Loc EndOffset="3096" SrcFileId="1" StartOffset="3082"/>
</LocList>
<StmntSeq Intrnl_Id="115">
<LocList>
<Loc EndOffset="3096" SrcFileId="1" StartOffset="3082"/>
</LocList>
<BasicStmnt CovItemId="S45" CovItemPrefix="libFSTest.test.DatiGenerazione.java" Intrnl_Id="116">
<LocList>
<Loc EndOffset="3096" SrcFileId="1" StartOffset="3082"/>
</LocList>
</BasicStmnt>
</StmntSeq>
</Branch>
<Branch CovItemId="B12" CovItemPrefix="libFSTest.test.DatiGenerazione.java" Implct="false" Intrnl_Id="117">
<Cond>
<Loc EndOffset="3104" SrcFileId="1" StartOffset="3100"/>
</Cond>
<LocList>
<Loc EndOffset="3144" SrcFileId="1" StartOffset="3105"/>
</LocList>
<StmntSeq Intrnl_Id="118">
<LocList>
<Loc EndOffset="3144" SrcFileId="1" StartOffset="3105"/>
</LocList>
<BasicStmnt CovItemId="S46" CovItemPrefix="libFSTest.test.DatiGenerazione.java" Intrnl_Id="119">
<LocList>
<Loc EndOffset="3144" SrcFileId="1" StartOffset="3105"/>
</LocList>
</BasicStmnt>
</StmntSeq>
</Branch>
<Keyword EndOffset="3038" SrcFileId="1" StartOffset="3036"/>
<LocList>
<Loc EndOffset="3144" SrcFileId="1" StartOffset="3036"/>
</LocList>
<RootTerm CovItemId="C6" CovItemPrefix="libFSTest.test.DatiGenerazione.java" Intrnl_Id="120">
<OpTerm BooleanOpId="2" Intrnl_Id="121">
<BasicBoolTerm Intrnl_Id="122">
<LocList>
<Loc EndOffset="3071" SrcFileId="1" StartOffset="3039"/>
</LocList>
</BasicBoolTerm>
<BasicBoolTerm Intrnl_Id="123">
<LocList>
<Loc EndOffset="3080" SrcFileId="1" StartOffset="3073"/>
</LocList>
</BasicBoolTerm>
<LocList>
<Loc EndOffset="3073" SrcFileId="1" StartOffset="3071"/>
</LocList>
</OpTerm>
</RootTerm>
</CondStmnt>
</StmntSeq>
</HierarchyLvl>
<HierarchyLvl HierarchyLvlId="25" HierarchyLvlTypeId="5" Intrnl_Id="124" Name="getHRect">
<Header>
<Loc EndOffset="3207" SrcFileId="1" StartOffset="3186"/>
</Header>
<LocList>
<Loc EndOffset="3230" SrcFileId="1" StartOffset="3186"/>
</LocList>
<StmntSeq Intrnl_Id="125">
<LocList>
<Loc EndOffset="3226" SrcFileId="1" StartOffset="3213"/>
</LocList>
<BasicStmnt CovItemId="S47" CovItemPrefix="libFSTest.test.DatiGenerazione.java" Intrnl_Id="126">
<LocList>
<Loc EndOffset="3226" SrcFileId="1" StartOffset="3213"/>
</LocList>
</BasicStmnt>
</StmntSeq>
</HierarchyLvl>
<HierarchyLvl HierarchyLvlId="26" HierarchyLvlTypeId="5" Intrnl_Id="127" Name="setHRect">
<Header>
<Loc EndOffset="3311" SrcFileId="1" StartOffset="3280"/>
</Header>
<LocList>
<Loc EndOffset="3431" SrcFileId="1" StartOffset="3280"/>
</LocList>
<StmntSeq Intrnl_Id="128">
<LocList>
<Loc EndOffset="3427" SrcFileId="1" StartOffset="3317"/>
</LocList>
<CondStmnt CovItemId="S48" CovItemPrefix="libFSTest.test.DatiGenerazione.java" Intrnl_Id="129">
<Branch CovItemId="B13" CovItemPrefix="libFSTest.test.DatiGenerazione.java" Implct="false" Intrnl_Id="130">
<Cond/>
<LocList>
<Loc EndOffset="3378" SrcFileId="1" StartOffset="3364"/>
</LocList>
<StmntSeq Intrnl_Id="131">
<LocList>
<Loc EndOffset="3378" SrcFileId="1" StartOffset="3364"/>
</LocList>
<BasicStmnt CovItemId="S49" CovItemPrefix="libFSTest.test.DatiGenerazione.java" Intrnl_Id="132">
<LocList>
<Loc EndOffset="3378" SrcFileId="1" StartOffset="3364"/>
</LocList>
</BasicStmnt>
</StmntSeq>
</Branch>
<Branch CovItemId="B14" CovItemPrefix="libFSTest.test.DatiGenerazione.java" Implct="false" Intrnl_Id="133">
<Cond>
<Loc EndOffset="3386" SrcFileId="1" StartOffset="3382"/>
</Cond>
<LocList>
<Loc EndOffset="3427" SrcFileId="1" StartOffset="3387"/>
</LocList>
<StmntSeq Intrnl_Id="134">
<LocList>
<Loc EndOffset="3427" SrcFileId="1" StartOffset="3387"/>
</LocList>
<BasicStmnt CovItemId="S50" CovItemPrefix="libFSTest.test.DatiGenerazione.java" Intrnl_Id="135">
<LocList>
<Loc EndOffset="3427" SrcFileId="1" StartOffset="3387"/>
</LocList>
</BasicStmnt>
</StmntSeq>
</Branch>
<Keyword EndOffset="3319" SrcFileId="1" StartOffset="3317"/>
<LocList>
<Loc EndOffset="3427" SrcFileId="1" StartOffset="3317"/>
</LocList>
<RootTerm CovItemId="C7" CovItemPrefix="libFSTest.test.DatiGenerazione.java" Intrnl_Id="136">
<OpTerm BooleanOpId="2" Intrnl_Id="137">
<BasicBoolTerm Intrnl_Id="138">
<LocList>
<Loc EndOffset="3353" SrcFileId="1" StartOffset="3320"/>
</LocList>
</BasicBoolTerm>
<BasicBoolTerm Intrnl_Id="139">
<LocList>
<Loc EndOffset="3362" SrcFileId="1" StartOffset="3355"/>
</LocList>
</BasicBoolTerm>
<LocList>
<Loc EndOffset="3355" SrcFileId="1" StartOffset="3353"/>
</LocList>
</OpTerm>
</RootTerm>
</CondStmnt>
</StmntSeq>
</HierarchyLvl>
<HierarchyLvl HierarchyLvlId="27" HierarchyLvlTypeId="5" Intrnl_Id="140" Name="getHBar">
<Header>
<Loc EndOffset="3488" SrcFileId="1" StartOffset="3468"/>
</Header>
<LocList>
<Loc EndOffset="3510" SrcFileId="1" StartOffset="3468"/>
</LocList>
<StmntSeq Intrnl_Id="141">
<LocList>
<Loc EndOffset="3506" SrcFileId="1" StartOffset="3494"/>
</LocList>
<BasicStmnt CovItemId="S51" CovItemPrefix="libFSTest.test.DatiGenerazione.java" Intrnl_Id="142">
<LocList>
<Loc EndOffset="3506" SrcFileId="1" StartOffset="3494"/>
</LocList>
</BasicStmnt>
</StmntSeq>
</HierarchyLvl>
<HierarchyLvl HierarchyLvlId="28" HierarchyLvlTypeId="5" Intrnl_Id="143" Name="setHBar">
<Header>
<Loc EndOffset="3587" SrcFileId="1" StartOffset="3558"/>
</Header>
<LocList>
<Loc EndOffset="3660" SrcFileId="1" StartOffset="3558"/>
</LocList>
<StmntSeq Intrnl_Id="144">
<LocList>
<Loc EndOffset="3656" SrcFileId="1" StartOffset="3593"/>
</LocList>
<CondStmnt CovItemId="S52" CovItemPrefix="libFSTest.test.DatiGenerazione.java" Intrnl_Id="145">
<Branch CovItemId="B15" CovItemPrefix="libFSTest.test.DatiGenerazione.java" Implct="false" Intrnl_Id="146">
<Cond/>
<LocList>
<Loc EndOffset="3633" SrcFileId="1" StartOffset="3621"/>
</LocList>
<StmntSeq Intrnl_Id="147">
<LocList>
<Loc EndOffset="3633" SrcFileId="1" StartOffset="3621"/>
</LocList>
<BasicStmnt CovItemId="S53" CovItemPrefix="libFSTest.test.DatiGenerazione.java" Intrnl_Id="148">
<LocList>
<Loc EndOffset="3633" SrcFileId="1" StartOffset="3621"/>
</LocList>
</BasicStmnt>
</StmntSeq>
</Branch>
<Branch CovItemId="B16" CovItemPrefix="libFSTest.test.DatiGenerazione.java" Implct="false" Intrnl_Id="149">
<Cond>
<Loc EndOffset="3641" SrcFileId="1" StartOffset="3637"/>
</Cond>
<LocList>
<Loc EndOffset="3656" SrcFileId="1" StartOffset="3642"/>
</LocList>
<StmntSeq Intrnl_Id="150">
<LocList>
<Loc EndOffset="3656" SrcFileId="1" StartOffset="3642"/>
</LocList>
<BasicStmnt CovItemId="S54" CovItemPrefix="libFSTest.test.DatiGenerazione.java" Intrnl_Id="151">
<LocList>
<Loc EndOffset="3656" SrcFileId="1" StartOffset="3642"/>
</LocList>
</BasicStmnt>
</StmntSeq>
</Branch>
<Keyword EndOffset="3595" SrcFileId="1" StartOffset="3593"/>
<LocList>
<Loc EndOffset="3656" SrcFileId="1" StartOffset="3593"/>
</LocList>
<RootTerm CovItemId="C8" CovItemPrefix="libFSTest.test.DatiGenerazione.java" Intrnl_Id="152">
<OpTerm BooleanOpId="2" Intrnl_Id="153">
<BasicBoolTerm Intrnl_Id="154">
<LocList>
<Loc EndOffset="3611" SrcFileId="1" StartOffset="3596"/>
</LocList>
</BasicBoolTerm>
<BasicBoolTerm Intrnl_Id="155">
<LocList>
<Loc EndOffset="3619" SrcFileId="1" StartOffset="3613"/>
</LocList>
</BasicBoolTerm>
<LocList>
<Loc EndOffset="3613" SrcFileId="1" StartOffset="3611"/>
</LocList>
</OpTerm>
</RootTerm>
</CondStmnt>
</StmntSeq>
</HierarchyLvl>
<HierarchyLvl HierarchyLvlId="29" HierarchyLvlTypeId="5" Intrnl_Id="156" Name="getXBar">
<Header>
<Loc EndOffset="3717" SrcFileId="1" StartOffset="3697"/>
</Header>
<LocList>
<Loc EndOffset="3739" SrcFileId="1" StartOffset="3697"/>
</LocList>
<StmntSeq Intrnl_Id="157">
<LocList>
<Loc EndOffset="3735" SrcFileId="1" StartOffset="3723"/>
</LocList>
<BasicStmnt CovItemId="S55" CovItemPrefix="libFSTest.test.DatiGenerazione.java" Intrnl_Id="158">
<LocList>
<Loc EndOffset="3735" SrcFileId="1" StartOffset="3723"/>
</LocList>
</BasicStmnt>
</StmntSeq>
</HierarchyLvl>
<HierarchyLvl HierarchyLvlId="30" HierarchyLvlTypeId="5" Intrnl_Id="159" Name="setXBar">
<Header>
<Loc EndOffset="3816" SrcFileId="1" StartOffset="3787"/>
</Header>
<LocList>
<Loc EndOffset="3960" SrcFileId="1" StartOffset="3787"/>
</LocList>
<StmntSeq Intrnl_Id="160">
<LocList>
<Loc EndOffset="3876" SrcFileId="1" StartOffset="3822"/>
<Loc EndOffset="3956" SrcFileId="1" StartOffset="3880"/>
</LocList>
<CondStmnt CovItemId="S56" CovItemPrefix="libFSTest.test.DatiGenerazione.java" Intrnl_Id="161">
<Branch CovItemId="B17" CovItemPrefix="libFSTest.test.DatiGenerazione.java" Implct="false" Intrnl_Id="162">
<Cond/>
<LocList>
<Loc EndOffset="3876" SrcFileId="1" StartOffset="3857"/>
</LocList>
<StmntSeq Intrnl_Id="163">
<LocList>
<Loc EndOffset="3876" SrcFileId="1" StartOffset="3857"/>
</LocList>
<BasicStmnt CovItemId="S57" CovItemPrefix="libFSTest.test.DatiGenerazione.java" Intrnl_Id="164">
<LocList>
<Loc EndOffset="3876" SrcFileId="1" StartOffset="3857"/>
</LocList>
</BasicStmnt>
</StmntSeq>
</Branch>
<Branch CovItemId="B18" CovItemPrefix="libFSTest.test.DatiGenerazione.java" Implct="true" Intrnl_Id="165">
<Cond/>
<LocList/>
<StmntSeq Intrnl_Id="166">
<LocList/>
</StmntSeq>
</Branch>
<Keyword EndOffset="3824" SrcFileId="1" StartOffset="3822"/>
<LocList>
<Loc EndOffset="3876" SrcFileId="1" StartOffset="3822"/>
</LocList>
<RootTerm CovItemId="C9" CovItemPrefix="libFSTest.test.DatiGenerazione.java" Intrnl_Id="167">
<OpTerm BooleanOpId="2" Intrnl_Id="168">
<BasicBoolTerm Intrnl_Id="169">
<LocList>
<Loc EndOffset="3835" SrcFileId="1" StartOffset="3825"/>
</LocList>
</BasicBoolTerm>
<BasicBoolTerm Intrnl_Id="170">
<LocList>
<Loc EndOffset="3851" SrcFileId="1" StartOffset="3837"/>
</LocList>
</BasicBoolTerm>
<LocList>
<Loc EndOffset="3837" SrcFileId="1" StartOffset="3835"/>
</LocList>
</OpTerm>
</RootTerm>
</CondStmnt>
<CondStmnt CovItemId="S58" CovItemPrefix="libFSTest.test.DatiGenerazione.java" Intrnl_Id="171">
<Branch CovItemId="B19" CovItemPrefix="libFSTest.test.DatiGenerazione.java" Implct="false" Intrnl_Id="172">
<Cond/>
<LocList>
<Loc EndOffset="3930" SrcFileId="1" StartOffset="3913"/>
</LocList>
<StmntSeq Intrnl_Id="173">
<LocList>
<Loc EndOffset="3930" SrcFileId="1" StartOffset="3913"/>
</LocList>
<BasicStmnt CovItemId="S59" CovItemPrefix="libFSTest.test.DatiGenerazione.java" Intrnl_Id="174">
<LocList>
<Loc EndOffset="3930" SrcFileId="1" StartOffset="3913"/>
</LocList>
</BasicStmnt>
</StmntSeq>
</Branch>
<Branch CovItemId="B20" CovItemPrefix="libFSTest.test.DatiGenerazione.java" Implct="false" Intrnl_Id="175">
<Cond>
<Loc EndOffset="3938" SrcFileId="1" StartOffset="3934"/>
</Cond>
<LocList>
<Loc EndOffset="3956" SrcFileId="1" StartOffset="3939"/>
</LocList>
<StmntSeq Intrnl_Id="176">
<LocList>
<Loc EndOffset="3956" SrcFileId="1" StartOffset="3939"/>
</LocList>
<BasicStmnt CovItemId="S60" CovItemPrefix="libFSTest.test.DatiGenerazione.java" Intrnl_Id="177">
<LocList>
<Loc EndOffset="3956" SrcFileId="1" StartOffset="3939"/>
</LocList>
</BasicStmnt>
</StmntSeq>
</Branch>
<Keyword EndOffset="3882" SrcFileId="1" StartOffset="3880"/>
<LocList>
<Loc EndOffset="3956" SrcFileId="1" StartOffset="3880"/>
</LocList>
<RootTerm CovItemId="C10" CovItemPrefix="libFSTest.test.DatiGenerazione.java" Intrnl_Id="178">
<OpTerm BooleanOpId="2" Intrnl_Id="179">
<BasicBoolTerm Intrnl_Id="180">
<LocList>
<Loc EndOffset="3895" SrcFileId="1" StartOffset="3883"/>
</LocList>
</BasicBoolTerm>
<BasicBoolTerm Intrnl_Id="181">
<LocList>
<Loc EndOffset="3911" SrcFileId="1" StartOffset="3899"/>
</LocList>
</BasicBoolTerm>
<LocList>
<Loc EndOffset="3898" SrcFileId="1" StartOffset="3896"/>
</LocList>
</OpTerm>
</RootTerm>
</CondStmnt>
</StmntSeq>
</HierarchyLvl>
<HierarchyLvl HierarchyLvlId="31" HierarchyLvlTypeId="5" Intrnl_Id="182" Name="getLivMax">
<Header>
<Loc EndOffset="4021" SrcFileId="1" StartOffset="3999"/>
</Header>
<LocList>
<Loc EndOffset="4045" SrcFileId="1" StartOffset="3999"/>
</LocList>
<StmntSeq Intrnl_Id="183">
<LocList>
<Loc EndOffset="4041" SrcFileId="1" StartOffset="4027"/>
</LocList>
<BasicStmnt CovItemId="S61" CovItemPrefix="libFSTest.test.DatiGenerazione.java" Intrnl_Id="184">
<LocList>
<Loc EndOffset="4041" SrcFileId="1" StartOffset="4027"/>
</LocList>
</BasicStmnt>
</StmntSeq>
</HierarchyLvl>
<HierarchyLvl HierarchyLvlId="32" HierarchyLvlTypeId="5" Intrnl_Id="185" Name="setLivMax">
<Header>
<Loc EndOffset="4134" SrcFileId="1" StartOffset="4101"/>
</Header>
<LocList>
<Loc EndOffset="4255" SrcFileId="1" StartOffset="4101"/>
</LocList>
<StmntSeq Intrnl_Id="186">
<LocList>
<Loc EndOffset="4225" SrcFileId="1" StartOffset="4140"/>
<Loc EndOffset="4251" SrcFileId="1" StartOffset="4229"/>
</LocList>
<CondStmnt CovItemId="S62" CovItemPrefix="libFSTest.test.DatiGenerazione.java" Intrnl_Id="187">
<Branch CovItemId="B21" CovItemPrefix="libFSTest.test.DatiGenerazione.java" Implct="false" Intrnl_Id="188">
<Cond/>
<LocList>
<Loc EndOffset="4193" SrcFileId="1" StartOffset="4172"/>
</LocList>
<StmntSeq Intrnl_Id="189">
<LocList>
<Loc EndOffset="4193" SrcFileId="1" StartOffset="4172"/>
</LocList>
<BasicStmnt CovItemId="S63" CovItemPrefix="libFSTest.test.DatiGenerazione.java" Intrnl_Id="190">
<LocList>
<Loc EndOffset="4193" SrcFileId="1" StartOffset="4172"/>
</LocList>
</BasicStmnt>
</StmntSeq>
</Branch>
<Branch CovItemId="B22" CovItemPrefix="libFSTest.test.DatiGenerazione.java" Implct="false" Intrnl_Id="191">
<Cond>
<Loc EndOffset="4201" SrcFileId="1" StartOffset="4197"/>
</Cond>
<LocList>
<Loc EndOffset="4225" SrcFileId="1" StartOffset="4202"/>
</LocList>
<StmntSeq Intrnl_Id="192">
<LocList>
<Loc EndOffset="4225" SrcFileId="1" StartOffset="4202"/>
</LocList>
<BasicStmnt CovItemId="S64" CovItemPrefix="libFSTest.test.DatiGenerazione.java" Intrnl_Id="193">
<LocList>
<Loc EndOffset="4225" SrcFileId="1" StartOffset="4202"/>
</LocList>
</BasicStmnt>
</StmntSeq>
</Branch>
<Keyword EndOffset="4142" SrcFileId="1" StartOffset="4140"/>
<LocList>
<Loc EndOffset="4225" SrcFileId="1" StartOffset="4140"/>
</LocList>
<RootTerm CovItemId="C11" CovItemPrefix="libFSTest.test.DatiGenerazione.java" Intrnl_Id="194">
<OpTerm BooleanOpId="2" Intrnl_Id="195">
<BasicBoolTerm Intrnl_Id="196">
<LocList>
<Loc EndOffset="4160" SrcFileId="1" StartOffset="4143"/>
</LocList>
</BasicBoolTerm>
<BasicBoolTerm Intrnl_Id="197">
<LocList>
<Loc EndOffset="4170" SrcFileId="1" StartOffset="4162"/>
</LocList>
</BasicBoolTerm>
<LocList>
<Loc EndOffset="4162" SrcFileId="1" StartOffset="4160"/>
</LocList>
</OpTerm>
</RootTerm>
</CondStmnt>
<BasicStmnt CovItemId="S65" CovItemPrefix="libFSTest.test.DatiGenerazione.java" Intrnl_Id="198">
<LocList>
<Loc EndOffset="4251" SrcFileId="1" StartOffset="4229"/>
</LocList>
</BasicStmnt>
</StmntSeq>
</HierarchyLvl>
<HierarchyLvl HierarchyLvlId="33" HierarchyLvlTypeId="5" Intrnl_Id="199" Name="getLivMin">
<Header>
<Loc EndOffset="4320" SrcFileId="1" StartOffset="4298"/>
</Header>
<LocList>
<Loc EndOffset="4344" SrcFileId="1" StartOffset="4298"/>
</LocList>
<StmntSeq Intrnl_Id="200">
<LocList>
<Loc EndOffset="4340" SrcFileId="1" StartOffset="4326"/>
</LocList>
<BasicStmnt CovItemId="S66" CovItemPrefix="libFSTest.test.DatiGenerazione.java" Intrnl_Id="201">
<LocList>
<Loc EndOffset="4340" SrcFileId="1" StartOffset="4326"/>
</LocList>
</BasicStmnt>
</StmntSeq>
</HierarchyLvl>
<HierarchyLvl HierarchyLvlId="34" HierarchyLvlTypeId="5" Intrnl_Id="202" Name="setLivMin">
<Header>
<Loc EndOffset="4433" SrcFileId="1" StartOffset="4400"/>
</Header>
<LocList>
<Loc EndOffset="4577" SrcFileId="1" StartOffset="4400"/>
</LocList>
<StmntSeq Intrnl_Id="203">
<LocList>
<Loc EndOffset="4472" SrcFileId="1" StartOffset="4439"/>
<Loc EndOffset="4573" SrcFileId="1" StartOffset="4476"/>
</LocList>
<CondStmnt CovItemId="S67" CovItemPrefix="libFSTest.test.DatiGenerazione.java" Intrnl_Id="204">
<Branch CovItemId="B23" CovItemPrefix="libFSTest.test.DatiGenerazione.java" Implct="false" Intrnl_Id="205">
<Cond/>
<LocList>
<Loc EndOffset="4472" SrcFileId="1" StartOffset="4458"/>
</LocList>
<StmntSeq Intrnl_Id="206">
<LocList>
<Loc EndOffset="4472" SrcFileId="1" StartOffset="4458"/>
</LocList>
<BasicStmnt CovItemId="S68" CovItemPrefix="libFSTest.test.DatiGenerazione.java" Intrnl_Id="207">
<LocList>
<Loc EndOffset="4472" SrcFileId="1" StartOffset="4458"/>
</LocList>
</BasicStmnt>
</StmntSeq>
</Branch>
<Branch CovItemId="B24" CovItemPrefix="libFSTest.test.DatiGenerazione.java" Implct="true" Intrnl_Id="208">
<Cond/>
<LocList/>
<StmntSeq Intrnl_Id="209">
<LocList/>
</StmntSeq>
</Branch>
<Keyword EndOffset="4441" SrcFileId="1" StartOffset="4439"/>
<LocList>
<Loc EndOffset="4472" SrcFileId="1" StartOffset="4439"/>
</LocList>
<RootTerm CovItemId="C12" CovItemPrefix="libFSTest.test.DatiGenerazione.java" Intrnl_Id="210">
<BasicBoolTerm Intrnl_Id="211">
<LocList>
<Loc EndOffset="4452" SrcFileId="1" StartOffset="4442"/>
</LocList>
</BasicBoolTerm>
</RootTerm>
</CondStmnt>
<CondStmnt CovItemId="S69" CovItemPrefix="libFSTest.test.DatiGenerazione.java" Intrnl_Id="212">
<Branch CovItemId="B25" CovItemPrefix="libFSTest.test.DatiGenerazione.java" Implct="false" Intrnl_Id="213">
<Cond/>
<LocList>
<Loc EndOffset="4545" SrcFileId="1" StartOffset="4524"/>
</LocList>
<StmntSeq Intrnl_Id="214">
<LocList>
<Loc EndOffset="4545" SrcFileId="1" StartOffset="4524"/>
</LocList>
<BasicStmnt CovItemId="S70" CovItemPrefix="libFSTest.test.DatiGenerazione.java" Intrnl_Id="215">
<LocList>
<Loc EndOffset="4545" SrcFileId="1" StartOffset="4524"/>
</LocList>
</BasicStmnt>
</StmntSeq>
</Branch>
<Branch CovItemId="B26" CovItemPrefix="libFSTest.test.DatiGenerazione.java" Implct="false" Intrnl_Id="216">
<Cond>
<Loc EndOffset="4553" SrcFileId="1" StartOffset="4549"/>
</Cond>
<LocList>
<Loc EndOffset="4573" SrcFileId="1" StartOffset="4554"/>
</LocList>
<StmntSeq Intrnl_Id="217">
<LocList>
<Loc EndOffset="4573" SrcFileId="1" StartOffset="4554"/>
</LocList>
<BasicStmnt CovItemId="S71" CovItemPrefix="libFSTest.test.DatiGenerazione.java" Intrnl_Id="218">
<LocList>
<Loc EndOffset="4573" SrcFileId="1" StartOffset="4554"/>
</LocList>
</BasicStmnt>
</StmntSeq>
</Branch>
<Keyword EndOffset="4478" SrcFileId="1" StartOffset="4476"/>
<LocList>
<Loc EndOffset="4573" SrcFileId="1" StartOffset="4476"/>
</LocList>
<RootTerm CovItemId="C13" CovItemPrefix="libFSTest.test.DatiGenerazione.java" Intrnl_Id="219">
<OpTerm BooleanOpId="2" Intrnl_Id="220">
<OpTerm BooleanOpId="2" Intrnl_Id="221">
<BasicBoolTerm Intrnl_Id="222">
<LocList>
<Loc EndOffset="4496" SrcFileId="1" StartOffset="4479"/>
</LocList>
</BasicBoolTerm>
<BasicBoolTerm Intrnl_Id="223">
<LocList>
<Loc EndOffset="4506" SrcFileId="1" StartOffset="4498"/>
</LocList>
</BasicBoolTerm>
<LocList>
<Loc EndOffset="4498" SrcFileId="1" StartOffset="4496"/>
</LocList>
</OpTerm>
<BasicBoolTerm Intrnl_Id="224">
<LocList>
<Loc EndOffset="4522" SrcFileId="1" StartOffset="4508"/>
</LocList>
</BasicBoolTerm>
<LocList>
<Loc EndOffset="4508" SrcFileId="1" StartOffset="4506"/>
</LocList>
</OpTerm>
</RootTerm>
</CondStmnt>
</StmntSeq>
</HierarchyLvl>
<HierarchyLvl HierarchyLvlId="35" HierarchyLvlTypeId="5" Intrnl_Id="225" Name="getDistSchermo">
<Header>
<Loc EndOffset="4652" SrcFileId="1" StartOffset="4625"/>
</Header>
<LocList>
<Loc EndOffset="4681" SrcFileId="1" StartOffset="4625"/>
</LocList>
<StmntSeq Intrnl_Id="226">
<LocList>
<Loc EndOffset="4677" SrcFileId="1" StartOffset="4658"/>
</LocList>
<BasicStmnt CovItemId="S72" CovItemPrefix="libFSTest.test.DatiGenerazione.java" Intrnl_Id="227">
<LocList>
<Loc EndOffset="4677" SrcFileId="1" StartOffset="4658"/>
</LocList>
</BasicStmnt>
</StmntSeq>
</HierarchyLvl>
<HierarchyLvl HierarchyLvlId="36" HierarchyLvlTypeId="5" Intrnl_Id="228" Name="setDistSchermo">
<Header>
<Loc EndOffset="4786" SrcFileId="1" StartOffset="4743"/>
</Header>
<LocList>
<Loc EndOffset="4830" SrcFileId="1" StartOffset="4743"/>
</LocList>
<StmntSeq Intrnl_Id="229">
<LocList>
<Loc EndOffset="4826" SrcFileId="1" StartOffset="4792"/>
</LocList>
<BasicStmnt CovItemId="S73" CovItemPrefix="libFSTest.test.DatiGenerazione.java" Intrnl_Id="230">
<LocList>
<Loc EndOffset="4826" SrcFileId="1" StartOffset="4792"/>
</LocList>
</BasicStmnt>
</StmntSeq>
</HierarchyLvl>
<HierarchyLvl HierarchyLvlId="37" HierarchyLvlTypeId="5" Intrnl_Id="231" Name="getC1">
<Header>
<Loc EndOffset="4885" SrcFileId="1" StartOffset="4865"/>
</Header>
<LocList>
<Loc EndOffset="4905" SrcFileId="1" StartOffset="4865"/>
</LocList>
<StmntSeq Intrnl_Id="232">
<LocList>
<Loc EndOffset="4901" SrcFileId="1" StartOffset="4891"/>
</LocList>
<BasicStmnt CovItemId="S74" CovItemPrefix="libFSTest.test.DatiGenerazione.java" Intrnl_Id="233">
<LocList>
<Loc EndOffset="4901" SrcFileId="1" StartOffset="4891"/>
</LocList>
</BasicStmnt>
</StmntSeq>
</HierarchyLvl>
<HierarchyLvl HierarchyLvlId="38" HierarchyLvlTypeId="5" Intrnl_Id="234" Name="setC1">
<Header>
<Loc EndOffset="4976" SrcFileId="1" StartOffset="4949"/>
</Header>
<LocList>
<Loc EndOffset="4999" SrcFileId="1" StartOffset="4949"/>
</LocList>
<StmntSeq Intrnl_Id="235">
<LocList>
<Loc EndOffset="4995" SrcFileId="1" StartOffset="4982"/>
</LocList>
<BasicStmnt CovItemId="S75" CovItemPrefix="libFSTest.test.DatiGenerazione.java" Intrnl_Id="236">
<LocList>
<Loc EndOffset="4995" SrcFileId="1" StartOffset="4982"/>
</LocList>
</BasicStmnt>
</StmntSeq>
</HierarchyLvl>
<HierarchyLvl HierarchyLvlId="39" HierarchyLvlTypeId="5" Intrnl_Id="237" Name="getC2">
<Header>
<Loc EndOffset="5054" SrcFileId="1" StartOffset="5034"/>
</Header>
<LocList>
<Loc EndOffset="5074" SrcFileId="1" StartOffset="5034"/>
</LocList>
<StmntSeq Intrnl_Id="238">
<LocList>
<Loc EndOffset="5070" SrcFileId="1" StartOffset="5060"/>
</LocList>
<BasicStmnt CovItemId="S76" CovItemPrefix="libFSTest.test.DatiGenerazione.java" Intrnl_Id="239">
<LocList>
<Loc EndOffset="5070" SrcFileId="1" StartOffset="5060"/>
</LocList>
</BasicStmnt>
</StmntSeq>
</HierarchyLvl>
<HierarchyLvl HierarchyLvlId="40" HierarchyLvlTypeId="5" Intrnl_Id="240" Name="setC2">
<Header>
<Loc EndOffset="5145" SrcFileId="1" StartOffset="5118"/>
</Header>
<LocList>
<Loc EndOffset="5168" SrcFileId="1" StartOffset="5118"/>
</LocList>
<StmntSeq Intrnl_Id="241">
<LocList>
<Loc EndOffset="5164" SrcFileId="1" StartOffset="5151"/>
</LocList>
<BasicStmnt CovItemId="S77" CovItemPrefix="libFSTest.test.DatiGenerazione.java" Intrnl_Id="242">
<LocList>
<Loc EndOffset="5164" SrcFileId="1" StartOffset="5151"/>
</LocList>
</BasicStmnt>
</StmntSeq>
</HierarchyLvl>
<HierarchyLvl HierarchyLvlId="41" HierarchyLvlTypeId="5" Intrnl_Id="243" Name="getPos">
<Header>
<Loc EndOffset="5230" SrcFileId="1" StartOffset="5207"/>
</Header>
<LocList>
<Loc EndOffset="5251" SrcFileId="1" StartOffset="5207"/>
</LocList>
<StmntSeq Intrnl_Id="244">
<LocList>
<Loc EndOffset="5247" SrcFileId="1" StartOffset="5236"/>
</LocList>
<BasicStmnt CovItemId="S78" CovItemPrefix="libFSTest.test.DatiGenerazione.java" Intrnl_Id="245">
<LocList>
<Loc EndOffset="5247" SrcFileId="1" StartOffset="5236"/>
</LocList>
</BasicStmnt>
</StmntSeq>
</HierarchyLvl>
<HierarchyLvl HierarchyLvlId="42" HierarchyLvlTypeId="5" Intrnl_Id="246" Name="setPos">
<Header>
<Loc EndOffset="5374" SrcFileId="1" StartOffset="5343"/>
</Header>
<LocList>
<Loc EndOffset="5494" SrcFileId="1" StartOffset="5343"/>
</LocList>
<StmntSeq Intrnl_Id="247">
<LocList>
<Loc EndOffset="5472" SrcFileId="1" StartOffset="5380"/>
<Loc EndOffset="5486" SrcFileId="1" StartOffset="5476"/>
</LocList>
<CondStmnt CovItemId="S79" CovItemPrefix="libFSTest.test.DatiGenerazione.java" Intrnl_Id="248">
<Branch CovItemId="B27" CovItemPrefix="libFSTest.test.DatiGenerazione.java" Implct="false" Intrnl_Id="249">
<Cond/>
<LocList>
<Loc EndOffset="5472" SrcFileId="1" StartOffset="5393"/>
</LocList>
<StmntSeq Intrnl_Id="250">
<LocList>
<Loc EndOffset="5419" SrcFileId="1" StartOffset="5399"/>
<Loc EndOffset="5444" SrcFileId="1" StartOffset="5424"/>
<Loc EndOffset="5467" SrcFileId="1" StartOffset="5449"/>
</LocList>
<BasicStmnt CovItemId="S80" CovItemPrefix="libFSTest.test.DatiGenerazione.java" Intrnl_Id="251">
<LocList>
<Loc EndOffset="5419" SrcFileId="1" StartOffset="5399"/>
</LocList>
</BasicStmnt>
<BasicStmnt CovItemId="S81" CovItemPrefix="libFSTest.test.DatiGenerazione.java" Intrnl_Id="252">
<LocList>
<Loc EndOffset="5444" SrcFileId="1" StartOffset="5424"/>
</LocList>
</BasicStmnt>
<BasicStmnt CovItemId="S82" CovItemPrefix="libFSTest.test.DatiGenerazione.java" Intrnl_Id="253">
<LocList>
<Loc EndOffset="5467" SrcFileId="1" StartOffset="5449"/>
</LocList>
</BasicStmnt>
</StmntSeq>
</Branch>
<Branch CovItemId="B28" CovItemPrefix="libFSTest.test.DatiGenerazione.java" Implct="true" Intrnl_Id="254">
<Cond/>
<LocList/>
<StmntSeq Intrnl_Id="255">
<LocList/>
</StmntSeq>
</Branch>
<Keyword EndOffset="5382" SrcFileId="1" StartOffset="5380"/>
<LocList>
<Loc EndOffset="5472" SrcFileId="1" StartOffset="5380"/>
</LocList>
<RootTerm CovItemId="C14" CovItemPrefix="libFSTest.test.DatiGenerazione.java" Intrnl_Id="256">
<BasicBoolTerm Intrnl_Id="257">
<LocList>
<Loc EndOffset="5391" SrcFileId="1" StartOffset="5383"/>
</LocList>
</BasicBoolTerm>
</RootTerm>
</CondStmnt>
<BasicStmnt CovItemId="S83" CovItemPrefix="libFSTest.test.DatiGenerazione.java" Intrnl_Id="258">
<LocList>
<Loc EndOffset="5486" SrcFileId="1" StartOffset="5476"/>
</LocList>
</BasicStmnt>
</StmntSeq>
</HierarchyLvl>
<HierarchyLvl HierarchyLvlId="43" HierarchyLvlTypeId="5" Intrnl_Id="259" Name="getLivello">
<Header>
<Loc EndOffset="5573" SrcFileId="1" StartOffset="5547"/>
</Header>
<LocList>
<Loc EndOffset="5598" SrcFileId="1" StartOffset="5547"/>
</LocList>
<StmntSeq Intrnl_Id="260">
<LocList>
<Loc EndOffset="5594" SrcFileId="1" StartOffset="5579"/>
</LocList>
<BasicStmnt CovItemId="S84" CovItemPrefix="libFSTest.test.DatiGenerazione.java" Intrnl_Id="261">
<LocList>
<Loc EndOffset="5594" SrcFileId="1" StartOffset="5579"/>
</LocList>
</BasicStmnt>
</StmntSeq>
</HierarchyLvl>
<HierarchyLvl HierarchyLvlId="44" HierarchyLvlTypeId="5" Intrnl_Id="262" Name="setLivello">
<Header>
<Loc EndOffset="5686" SrcFileId="1" StartOffset="5654"/>
</Header>
<LocList>
<Loc EndOffset="5708" SrcFileId="1" StartOffset="5654"/>
</LocList>
<StmntSeq Intrnl_Id="263">
<LocList>
<Loc EndOffset="5704" SrcFileId="1" StartOffset="5692"/>
</LocList>
<BasicStmnt CovItemId="S85" CovItemPrefix="libFSTest.test.DatiGenerazione.java" Intrnl_Id="264">
<LocList>
<Loc EndOffset="5704" SrcFileId="1" StartOffset="5692"/>
</LocList>
</BasicStmnt>
</StmntSeq>
</HierarchyLvl>
<HierarchyLvl HierarchyLvlId="45" HierarchyLvlTypeId="5" Intrnl_Id="265" Name="getAngolo">
<Header>
<Loc EndOffset="5772" SrcFileId="1" StartOffset="5747"/>
</Header>
<LocList>
<Loc EndOffset="5796" SrcFileId="1" StartOffset="5747"/>
</LocList>
<StmntSeq Intrnl_Id="266">
<LocList>
<Loc EndOffset="5792" SrcFileId="1" StartOffset="5778"/>
</LocList>
<BasicStmnt CovItemId="S86" CovItemPrefix="libFSTest.test.DatiGenerazione.java" Intrnl_Id="267">
<LocList>
<Loc EndOffset="5792" SrcFileId="1" StartOffset="5778"/>
</LocList>
</BasicStmnt>
</StmntSeq>
</HierarchyLvl>
<HierarchyLvl HierarchyLvlId="46" HierarchyLvlTypeId="5" Intrnl_Id="268" Name="setAngolo">
<Header>
<Loc EndOffset="5874" SrcFileId="1" StartOffset="5843"/>
</Header>
<LocList>
<Loc EndOffset="5900" SrcFileId="1" StartOffset="5843"/>
</LocList>
<StmntSeq Intrnl_Id="269">
<LocList>
<Loc EndOffset="5896" SrcFileId="1" StartOffset="5880"/>
</LocList>
<BasicStmnt CovItemId="S87" CovItemPrefix="libFSTest.test.DatiGenerazione.java" Intrnl_Id="270">
<LocList>
<Loc EndOffset="5896" SrcFileId="1" StartOffset="5880"/>
</LocList>
</BasicStmnt>
</StmntSeq>
</HierarchyLvl>
<HierarchyLvl HierarchyLvlId="47" HierarchyLvlTypeId="5" Intrnl_Id="271" Name="getDataEsame">
<Header>
<Loc EndOffset="5972" SrcFileId="1" StartOffset="5942"/>
</Header>
<LocList>
<Loc EndOffset="5999" SrcFileId="1" StartOffset="5942"/>
</LocList>
<StmntSeq Intrnl_Id="272">
<LocList>
<Loc EndOffset="5995" SrcFileId="1" StartOffset="5978"/>
</LocList>
<BasicStmnt CovItemId="S88" CovItemPrefix="libFSTest.test.DatiGenerazione.java" Intrnl_Id="273">
<LocList>
<Loc EndOffset="5995" SrcFileId="1" StartOffset="5978"/>
</LocList>
</BasicStmnt>
</StmntSeq>
</HierarchyLvl>
<HierarchyLvl HierarchyLvlId="48" HierarchyLvlTypeId="5" Intrnl_Id="274" Name="setDimensione">
<Header>
<Loc EndOffset="6127" SrcFileId="1" StartOffset="6080"/>
</Header>
<LocList>
<Loc EndOffset="6166" SrcFileId="1" StartOffset="6080"/>
</LocList>
<StmntSeq Intrnl_Id="275">
<LocList>
<Loc EndOffset="6162" SrcFileId="1" StartOffset="6133"/>
</LocList>
<BasicStmnt CovItemId="S89" CovItemPrefix="libFSTest.test.DatiGenerazione.java" Intrnl_Id="276">
<LocList>
<Loc EndOffset="6162" SrcFileId="1" StartOffset="6133"/>
</LocList>
</BasicStmnt>
</StmntSeq>
</HierarchyLvl>
<HierarchyLvl HierarchyLvlId="49" HierarchyLvlTypeId="5" Intrnl_Id="277" Name="getDimensione">
<Header>
<Loc EndOffset="6237" SrcFileId="1" StartOffset="6205"/>
</Header>
<LocList>
<Loc EndOffset="6265" SrcFileId="1" StartOffset="6205"/>
</LocList>
<StmntSeq Intrnl_Id="278">
<LocList>
<Loc EndOffset="6261" SrcFileId="1" StartOffset="6243"/>
</LocList>
<BasicStmnt CovItemId="S90" CovItemPrefix="libFSTest.test.DatiGenerazione.java" Intrnl_Id="279">
<LocList>
<Loc EndOffset="6261" SrcFileId="1" StartOffset="6243"/>
</LocList>
</BasicStmnt>
</StmntSeq>
</HierarchyLvl>
<HierarchyLvl HierarchyLvlId="50" HierarchyLvlTypeId="5" Intrnl_Id="280" Name="setDimensione">
<Header>
<Loc EndOffset="6392" SrcFileId="1" StartOffset="6354"/>
</Header>
<LocList>
<Loc EndOffset="6439" SrcFileId="1" StartOffset="6354"/>
</LocList>
<StmntSeq Intrnl_Id="281">
<LocList>
<Loc EndOffset="6435" SrcFileId="1" StartOffset="6398"/>
</LocList>
<BasicStmnt CovItemId="S91" CovItemPrefix="libFSTest.test.DatiGenerazione.java" Intrnl_Id="282">
<LocList>
<Loc EndOffset="6435" SrcFileId="1" StartOffset="6398"/>
</LocList>
</BasicStmnt>
</StmntSeq>
</HierarchyLvl>
<HierarchyLvl HierarchyLvlId="51" HierarchyLvlTypeId="5" Intrnl_Id="283" Name="setDimensione">
<Header>
<Loc EndOffset="6571" SrcFileId="1" StartOffset="6527"/>
</Header>
<LocList>
<Loc EndOffset="6628" SrcFileId="1" StartOffset="6527"/>
</LocList>
<StmntSeq Intrnl_Id="284">
<LocList>
<Loc EndOffset="6624" SrcFileId="1" StartOffset="6577"/>
</LocList>
<BasicStmnt CovItemId="S92" CovItemPrefix="libFSTest.test.DatiGenerazione.java" Intrnl_Id="285">
<LocList>
<Loc EndOffset="6624" SrcFileId="1" StartOffset="6577"/>
</LocList>
</BasicStmnt>
</StmntSeq>
</HierarchyLvl>
</HierarchyLvl>
</HierarchyLvl>
</HierarchyLvl>
</HierarchyLvl>
</MASTRoot>
<TestSession Comment="" Date="1620375128594" Name="7-mag-2021 10.12.08">
<TestCase Comment="" Date="1620375128343" Name="libFSTest.test.DatiGeneratoreTest:testDataNascStringType">
<CovList>
<CovPrefix CovItemPrefix="libFSTest.test.DatiGenerazione.java">
<Cov CovItemId="B3" Value="2"/>
<Cov CovItemId="B4" Value="2"/>
<Cov CovItemId="B5" Value="2"/>
<Cov CovItemId="B7" Value="1"/>
<Cov CovItemId="B8" Value="1"/>
<Cov CovItemId="S23" Value="4"/>
<Cov CovItemId="S27" Value="4"/>
<Cov CovItemId="S28" Value="2"/>
<Cov CovItemId="S29" Value="2"/>
<Cov CovItemId="S30" Value="2"/>
<Cov CovItemId="S31" Value="2"/>
<Cov CovItemId="S32" Value="2"/>
<Cov CovItemId="S33" Value="2"/>
<Cov CovItemId="S34" Value="2"/>
<Cov CovItemId="S35" Value="2"/>
<Cov CovItemId="S36" Value="2"/>
<Cov CovItemId="S37" Value="2"/>
<Cov CovItemId="S38" Value="2"/>
<Cov CovItemId="S39" Value="1"/>
</CovPrefix>
</CovList>
<AssgnmntList>
<AssgnmntPrefix RootTermCovItemPrefix="libFSTest.test.DatiGenerazione.java">
<AssgnmntListEntry Length="2" RootTermCovItemId="C2">
<MapEntry BoolAssgnmnt="02" Value="1"/>
<MapEntry BoolAssgnmnt="10" Value="1"/>
<MapEntry BoolAssgnmnt="11" Value="2"/>
</AssgnmntListEntry>
<AssgnmntListEntry Length="2" RootTermCovItemId="C3">
<MapEntry BoolAssgnmnt="01" Value="2"/>
</AssgnmntListEntry>
<AssgnmntListEntry Length="1" RootTermCovItemId="C4">
<MapEntry BoolAssgnmnt="0" Value="1"/>
<MapEntry BoolAssgnmnt="1" Value="1"/>
</AssgnmntListEntry>
</AssgnmntPrefix>
</AssgnmntList>
<ObjMetaDataList/>
<MetaDataList/>
</TestCase>
<TestCase Comment="" Date="1620375128351" Name="libFSTest.test.DatiGeneratoreTest:testPos">
<CovList>
<CovPrefix CovItemPrefix="libFSTest.test.DatiGenerazione.java">
<Cov CovItemId="B27" Value="1"/>
<Cov CovItemId="B28" Value="1"/>
<Cov CovItemId="S74" Value="3"/>
<Cov CovItemId="S75" Value="2"/>
<Cov CovItemId="S76" Value="3"/>
<Cov CovItemId="S77" Value="2"/>
<Cov CovItemId="S78" Value="2"/>
<Cov CovItemId="S79" Value="2"/>
<Cov CovItemId="S80" Value="1"/>
<Cov CovItemId="S81" Value="1"/>
<Cov CovItemId="S82" Value="1"/>
<Cov CovItemId="S83" Value="2"/>
</CovPrefix>
</CovList>
<AssgnmntList>
<AssgnmntPrefix RootTermCovItemPrefix="libFSTest.test.DatiGenerazione.java">
<AssgnmntListEntry Length="1" RootTermCovItemId="C14">
<MapEntry BoolAssgnmnt="0" Value="1"/>
<MapEntry BoolAssgnmnt="1" Value="1"/>
</AssgnmntListEntry>
</AssgnmntPrefix>
</AssgnmntList>
<ObjMetaDataList/>
<MetaDataList/>
</TestCase>
<TestCase Comment="" Date="1620375128352" Name="libFSTest.test.DatiGeneratoreTest:testHRect">
<CovList>
<CovPrefix CovItemPrefix="libFSTest.test.DatiGenerazione.java">
<Cov CovItemId="B13" Value="1"/>
<Cov CovItemId="B14" Value="2"/>
<Cov CovItemId="S47" Value="3"/>
<Cov CovItemId="S48" Value="3"/>
<Cov CovItemId="S49" Value="1"/>
<Cov CovItemId="S50" Value="2"/>
<Cov CovItemId="S89" Value="1"/>
</CovPrefix>
</CovList>
<AssgnmntList>
<AssgnmntPrefix RootTermCovItemPrefix="libFSTest.test.DatiGenerazione.java">
<AssgnmntListEntry Length="2" RootTermCovItemId="C7">
<MapEntry BoolAssgnmnt="02" Value="1"/>
<MapEntry BoolAssgnmnt="10" Value="1"/>
<MapEntry BoolAssgnmnt="11" Value="1"/>
</AssgnmntListEntry>
</AssgnmntPrefix>
</AssgnmntList>
<ObjMetaDataList/>
<MetaDataList/>
</TestCase>
<TestCase Comment="" Date="1620375128406" Name="libFSTest.test.DatiGeneratoreTest:testWRect">
<CovList>
<CovPrefix CovItemPrefix="libFSTest.test.DatiGenerazione.java">
<Cov CovItemId="B11" Value="1"/>
<Cov CovItemId="B12" Value="2"/>
<Cov CovItemId="S43" Value="3"/>
<Cov CovItemId="S44" Value="3"/>
<Cov CovItemId="S45" Value="1"/>
<Cov CovItemId="S46" Value="2"/>
<Cov CovItemId="S89" Value="1"/>
</CovPrefix>
</CovList>
<AssgnmntList>
<AssgnmntPrefix RootTermCovItemPrefix="libFSTest.test.DatiGenerazione.java">
<AssgnmntListEntry Length="2" RootTermCovItemId="C6">
<MapEntry BoolAssgnmnt="02" Value="1"/>
<MapEntry BoolAssgnmnt="10" Value="1"/>
<MapEntry BoolAssgnmnt="11" Value="1"/>
</AssgnmntListEntry>
</AssgnmntPrefix>
</AssgnmntList>
<ObjMetaDataList/>
<MetaDataList/>
</TestCase>
<TestCase Comment="" Date="1620375128408" Name="libFSTest.test.DatiGeneratoreTest:testHBar">
<CovList>
<CovPrefix CovItemPrefix="libFSTest.test.DatiGenerazione.java">
<Cov CovItemId="B13" Value="1"/>
<Cov CovItemId="B15" Value="1"/>
<Cov CovItemId="B16" Value="2"/>
<Cov CovItemId="S48" Value="1"/>
<Cov CovItemId="S49" Value="1"/>
<Cov CovItemId="S51" Value="3"/>
<Cov CovItemId="S52" Value="3"/>
<Cov CovItemId="S53" Value="1"/>
<Cov CovItemId="S54" Value="2"/>
</CovPrefix>
</CovList>
<AssgnmntList>
<AssgnmntPrefix RootTermCovItemPrefix="libFSTest.test.DatiGenerazione.java">
<AssgnmntListEntry Length="2" RootTermCovItemId="C7">
<MapEntry BoolAssgnmnt="11" Value="1"/>
</AssgnmntListEntry>
<AssgnmntListEntry Length="2" RootTermCovItemId="C8">
<MapEntry BoolAssgnmnt="02" Value="1"/>
<MapEntry BoolAssgnmnt="10" Value="1"/>
<MapEntry BoolAssgnmnt="11" Value="1"/>
</AssgnmntListEntry>
</AssgnmntPrefix>
</AssgnmntList>
<ObjMetaDataList/>
<MetaDataList/>
</TestCase>
<TestCase Comment="" Date="1620375128409" Name="libFSTest.test.DatiGeneratoreTest:testXBar">
<CovList>
<CovPrefix CovItemPrefix="libFSTest.test.DatiGenerazione.java">
<Cov CovItemId="B18" Value="5"/>
<Cov CovItemId="B19" Value="1"/>
<Cov CovItemId="B20" Value="4"/>
<Cov CovItemId="B21" Value="3"/>
<Cov CovItemId="B24" Value="3"/>
<Cov CovItemId="B25" Value="2"/>
<Cov CovItemId="B26" Value="1"/>
<Cov CovItemId="S55" Value="5"/>
<Cov CovItemId="S56" Value="5"/>
<Cov CovItemId="S58" Value="5"/>
<Cov CovItemId="S59" Value="1"/>
<Cov CovItemId="S60" Value="4"/>
<Cov CovItemId="S62" Value="3"/>
<Cov CovItemId="S63" Value="3"/>
<Cov CovItemId="S65" Value="3"/>
<Cov CovItemId="S67" Value="3"/>
<Cov CovItemId="S69" Value="3"/>
<Cov CovItemId="S70" Value="2"/>
<Cov CovItemId="S71" Value="1"/>
</CovPrefix>
</CovList>
<AssgnmntList>
<AssgnmntPrefix RootTermCovItemPrefix="libFSTest.test.DatiGenerazione.java">
<AssgnmntListEntry Length="2" RootTermCovItemId="C10">
<MapEntry BoolAssgnmnt="02" Value="2"/>
<MapEntry BoolAssgnmnt="10" Value="2"/>
<MapEntry BoolAssgnmnt="11" Value="1"/>
</AssgnmntListEntry>
<AssgnmntListEntry Length="2" RootTermCovItemId="C11">
<MapEntry BoolAssgnmnt="11" Value="3"/>
</AssgnmntListEntry>
<AssgnmntListEntry Length="1" RootTermCovItemId="C12">
<MapEntry BoolAssgnmnt="0" Value="3"/>
</AssgnmntListEntry>
<AssgnmntListEntry Length="3" RootTermCovItemId="C13">
<MapEntry BoolAssgnmnt="110" Value="1"/>
<MapEntry BoolAssgnmnt="111" Value="2"/>
</AssgnmntListEntry>
<AssgnmntListEntry Length="2" RootTermCovItemId="C9">
<MapEntry BoolAssgnmnt="02" Value="5"/>
</AssgnmntListEntry>
</AssgnmntPrefix>
</AssgnmntList>
<ObjMetaDataList/>
<MetaDataList/>
</TestCase>
<TestCase Comment="" Date="1620375128410" Name="libFSTest.test.DatiGeneratoreTest:testCostructor">
<CovList>
<CovPrefix CovItemPrefix="libFSTest.test.DatiGenerazione.java">
<Cov CovItemId="S1" Value="1"/>
<Cov CovItemId="S10" Value="1"/>
<Cov CovItemId="S11" Value="1"/>
<Cov CovItemId="S12" Value="1"/>
<Cov CovItemId="S13" Value="1"/>
<Cov CovItemId="S14" Value="1"/>
<Cov CovItemId="S15" Value="1"/>
<Cov CovItemId="S16" Value="1"/>
<Cov CovItemId="S17" Value="1"/>
<Cov CovItemId="S18" Value="1"/>
<Cov CovItemId="S19" Value="1"/>
<Cov CovItemId="S2" Value="1"/>
<Cov CovItemId="S21" Value="1"/>
<Cov CovItemId="S23" Value="1"/>
<Cov CovItemId="S3" Value="1"/>
<Cov CovItemId="S4" Value="1"/>
<Cov CovItemId="S40" Value="1"/>
<Cov CovItemId="S43" Value="1"/>
<Cov CovItemId="S47" Value="1"/>
<Cov CovItemId="S5" Value="1"/>
<Cov CovItemId="S51" Value="1"/>
<Cov CovItemId="S55" Value="1"/>
<Cov CovItemId="S6" Value="1"/>
<Cov CovItemId="S61" Value="1"/>
<Cov CovItemId="S66" Value="1"/>
<Cov CovItemId="S7" Value="1"/>
<Cov CovItemId="S72" Value="1"/>
<Cov CovItemId="S74" Value="1"/>
<Cov CovItemId="S76" Value="1"/>
<Cov CovItemId="S78" Value="1"/>
<Cov CovItemId="S8" Value="1"/>
<Cov CovItemId="S84" Value="1"/>
<Cov CovItemId="S86" Value="1"/>
<Cov CovItemId="S88" Value="1"/>
<Cov CovItemId="S9" Value="1"/>
<Cov CovItemId="S90" Value="1"/>
</CovPrefix>
</CovList>
<AssgnmntList/>
<ObjMetaDataList/>
<MetaDataList/>
</TestCase>
<TestCase Comment="" Date="1620375128411" Name="libFSTest.test.DatiGeneratoreTest:testDataInsert">
<CovList>
<CovPrefix CovItemPrefix="libFSTest.test.DatiGenerazione.java">
<Cov CovItemId="B11" Value="1"/>
<Cov CovItemId="B13" Value="1"/>
<Cov CovItemId="B15" Value="1"/>
<Cov CovItemId="B2" Value="1"/>
<Cov CovItemId="B21" Value="1"/>
<Cov CovItemId="B24" Value="1"/>
<Cov CovItemId="B25" Value="1"/>
<Cov CovItemId="B9" Value="1"/>
<Cov CovItemId="S19" Value="1"/>
<Cov CovItemId="S20" Value="1"/>
<Cov CovItemId="S21" Value="1"/>
<Cov CovItemId="S22" Value="1"/>
<Cov CovItemId="S23" Value="1"/>
<Cov CovItemId="S24" Value="1"/>
<Cov CovItemId="S25" Value="1"/>
<Cov CovItemId="S40" Value="1"/>
<Cov CovItemId="S41" Value="1"/>
<Cov CovItemId="S42" Value="1"/>
<Cov CovItemId="S43" Value="1"/>
<Cov CovItemId="S44" Value="1"/>
<Cov CovItemId="S45" Value="1"/>
<Cov CovItemId="S47" Value="1"/>
<Cov CovItemId="S48" Value="1"/>
<Cov CovItemId="S49" Value="1"/>
<Cov CovItemId="S51" Value="1"/>
<Cov CovItemId="S52" Value="1"/>
<Cov CovItemId="S53" Value="1"/>
<Cov CovItemId="S55" Value="1"/>
<Cov CovItemId="S61" Value="1"/>
<Cov CovItemId="S62" Value="1"/>
<Cov CovItemId="S63" Value="1"/>
<Cov CovItemId="S65" Value="1"/>
<Cov CovItemId="S66" Value="1"/>
<Cov CovItemId="S67" Value="1"/>
<Cov CovItemId="S69" Value="1"/>
<Cov CovItemId="S70" Value="1"/>
<Cov CovItemId="S72" Value="1"/>
<Cov CovItemId="S73" Value="1"/>
<Cov CovItemId="S74" Value="1"/>
<Cov CovItemId="S75" Value="1"/>
<Cov CovItemId="S76" Value="1"/>
<Cov CovItemId="S77" Value="1"/>
<Cov CovItemId="S89" Value="1"/>
<Cov CovItemId="S90" Value="1"/>
</CovPrefix>
</CovList>
<AssgnmntList>
<AssgnmntPrefix RootTermCovItemPrefix="libFSTest.test.DatiGenerazione.java">
<AssgnmntListEntry Length="1" RootTermCovItemId="C1">
<MapEntry BoolAssgnmnt="0" Value="1"/>
</AssgnmntListEntry>
<AssgnmntListEntry Length="2" RootTermCovItemId="C11">
<MapEntry BoolAssgnmnt="11" Value="1"/>
</AssgnmntListEntry>
<AssgnmntListEntry Length="1" RootTermCovItemId="C12">
<MapEntry BoolAssgnmnt="0" Value="1"/>
</AssgnmntListEntry>
<AssgnmntListEntry Length="3" RootTermCovItemId="C13">
<MapEntry BoolAssgnmnt="111" Value="1"/>
</AssgnmntListEntry>
<AssgnmntListEntry Length="1" RootTermCovItemId="C5">
<MapEntry BoolAssgnmnt="1" Value="1"/>
</AssgnmntListEntry>
<AssgnmntListEntry Length="2" RootTermCovItemId="C6">
<MapEntry BoolAssgnmnt="11" Value="1"/>
</AssgnmntListEntry>
<AssgnmntListEntry Length="2" RootTermCovItemId="C7">
<MapEntry BoolAssgnmnt="11" Value="1"/>
</AssgnmntListEntry>
<AssgnmntListEntry Length="2" RootTermCovItemId="C8">
<MapEntry BoolAssgnmnt="11" Value="1"/>
</AssgnmntListEntry>
</AssgnmntPrefix>
</AssgnmntList>
<ObjMetaDataList/>
<MetaDataList/>
</TestCase>
<TestCase Comment="" Date="1620375128413" Name="libFSTest.test.DatiGeneratoreTest:testDataNascCalendarType">
<CovList>
<CovPrefix CovItemPrefix="libFSTest.test.DatiGenerazione.java">
<Cov CovItemId="B1" Value="1"/>
<Cov CovItemId="S23" Value="4"/>
<Cov CovItemId="S24" Value="1"/>
<Cov CovItemId="S25" Value="1"/>
<Cov CovItemId="S26" Value="1"/>
</CovPrefix>
</CovList>
<AssgnmntList>
<AssgnmntPrefix RootTermCovItemPrefix="libFSTest.test.DatiGenerazione.java">
<AssgnmntListEntry Length="1" RootTermCovItemId="C1">
<MapEntry BoolAssgnmnt="1" Value="1"/>
</AssgnmntListEntry>
</AssgnmntPrefix>
</AssgnmntList>
<ObjMetaDataList/>
<MetaDataList/>
</TestCase>
<TestCase Comment="" Date="1620375128414" Name="libFSTest.test.DatiGeneratoreTest:testLivMax">
<CovList>
<CovPrefix CovItemPrefix="libFSTest.test.DatiGenerazione.java">
<Cov CovItemId="B11" Value="1"/>
<Cov CovItemId="B21" Value="1"/>
<Cov CovItemId="B22" Value="2"/>
<Cov CovItemId="S44" Value="1"/>
<Cov CovItemId="S45" Value="1"/>
<Cov CovItemId="S61" Value="3"/>
<Cov CovItemId="S62" Value="3"/>
<Cov CovItemId="S63" Value="1"/>
<Cov CovItemId="S64" Value="2"/>
<Cov CovItemId="S65" Value="3"/>
</CovPrefix>
</CovList>
<AssgnmntList>
<AssgnmntPrefix RootTermCovItemPrefix="libFSTest.test.DatiGenerazione.java">
<AssgnmntListEntry Length="2" RootTermCovItemId="C11">
<MapEntry BoolAssgnmnt="02" Value="1"/>
<MapEntry BoolAssgnmnt="10" Value="1"/>
<MapEntry BoolAssgnmnt="11" Value="1"/>
</AssgnmntListEntry>
<AssgnmntListEntry Length="2" RootTermCovItemId="C6">
<MapEntry BoolAssgnmnt="11" Value="1"/>
</AssgnmntListEntry>
</AssgnmntPrefix>
</AssgnmntList>
<ObjMetaDataList/>
<MetaDataList/>
</TestCase>
<TestCase Comment="" Date="1620375128415" Name="libFSTest.test.DatiGeneratoreTest:testLivMin">
<CovList>
<CovPrefix CovItemPrefix="libFSTest.test.DatiGenerazione.java">
<Cov CovItemId="B11" Value="1"/>
<Cov CovItemId="B21" Value="1"/>
<Cov CovItemId="B24" Value="5"/>
<Cov CovItemId="B25" Value="2"/>
<Cov CovItemId="B26" Value="3"/>
<Cov CovItemId="S44" Value="1"/>
<Cov CovItemId="S45" Value="1"/>
<Cov CovItemId="S61" Value="3"/>
<Cov CovItemId="S62" Value="1"/>
<Cov CovItemId="S63" Value="1"/>
<Cov CovItemId="S65" Value="1"/>
<Cov CovItemId="S66" Value="2"/>
<Cov CovItemId="S67" Value="5"/>
<Cov CovItemId="S69" Value="5"/>
<Cov CovItemId="S70" Value="2"/>
<Cov CovItemId="S71" Value="3"/>
</CovPrefix>
</CovList>
<AssgnmntList>
<AssgnmntPrefix RootTermCovItemPrefix="libFSTest.test.DatiGenerazione.java">
<AssgnmntListEntry Length="2" RootTermCovItemId="C11">
<MapEntry BoolAssgnmnt="11" Value="1"/>
</AssgnmntListEntry>
<AssgnmntListEntry Length="1" RootTermCovItemId="C12">
<MapEntry BoolAssgnmnt="0" Value="5"/>
</AssgnmntListEntry>
<AssgnmntListEntry Length="3" RootTermCovItemId="C13">
<MapEntry BoolAssgnmnt="022" Value="1"/>
<MapEntry BoolAssgnmnt="102" Value="1"/>
<MapEntry BoolAssgnmnt="110" Value="1"/>
<MapEntry BoolAssgnmnt="111" Value="2"/>
</AssgnmntListEntry>
<AssgnmntListEntry Length="2" RootTermCovItemId="C6">
<MapEntry BoolAssgnmnt="11" Value="1"/>
</AssgnmntListEntry>
</AssgnmntPrefix>
</AssgnmntList>
<ObjMetaDataList/>
<MetaDataList/>
</TestCase>
<MetaDataList/>
</TestSession>
</TestSessionContainer>
