<?xml version="1.0" encoding="UTF-8"?><TestSessionContainer xmlns="http://www.codecover.org/xml/testsession-container" Date="1620380215382" TestSessionContainerId="1bdf56c6-03e2-463f-92e2-1d3c97d047e8" version="1.0">
<SrcFileList/>
<CritList>
<CritListEntry Name="org.codecover.model.utils.criteria.LoopCoverage" PluginName="org.codecover"/>
<CritListEntry Name="org.codecover.model.utils.criteria.ConditionCoverage" PluginName="org.codecover"/>
<CritListEntry Name="org.codecover.model.utils.criteria.BranchCoverage" PluginName="org.codecover"/>
<CritListEntry Name="org.codecover.model.utils.criteria.StatementCoverage" PluginName="org.codecover"/>
</CritList>
<BoolOpList/>
<HierarchyLvlTypeList>
<HierarchyLvlType EnglishName="default package" IntrnlName="default package" Intrnl_Id="1"/>
</HierarchyLvlTypeList>
<MASTRoot>
<HierarchyLvl HierarchyLvlId="1535" HierarchyLvlTypeId="1" Intrnl_Id="2" Name="default package">
<Header/>
<LocList/>
</HierarchyLvl>
</MASTRoot>
</TestSessionContainer>
