<?xml version="1.0" encoding="UTF-8"?><TestSessionContainer xmlns="http://www.codecover.org/xml/testsession-container" Date="1620314604398" TestSessionContainerId="6cadcbc5-780c-49c4-b422-aea6da2e9e58" version="1.0">
<SrcFileList>
<SrcFile Content="package libFSTest.test;&#13;&#10;&#13;&#10;import java.awt.image.BufferedImage;&#13;&#10;&#13;&#10;&#13;&#10;import java.io.ByteArrayInputStream;&#13;&#10;import java.io.ByteArrayOutputStream;&#13;&#10;import java.io.IOException;&#13;&#10;import java.io.InputStream;&#13;&#10;import java.util.Observable;&#13;&#10;import java.util.Random;&#13;&#10;&#13;&#10;import javax.imageio.ImageIO;&#13;&#10;&#13;&#10;import libFSTest.session.PestBase.CertifierStatus;&#13;&#10;import libFSTest.draw.AngleCalculus;&#13;&#10;import libFSTest.draw.GeneraImg;&#13;&#10;import libFSTest.session.Test_session;&#13;&#10;import libFSTest.session.Test_session.Result;&#13;&#10;import libFSTest.test.*;&#13;&#10;&#13;&#10;public class FSTest extends Observable {&#13;&#10;&#9;&#13;&#10;&#9;/** The result. */&#13;&#10;&#9;private static DatiGenerazione risultato=new DatiGenerazione();&#13;&#10;&#13;&#10;&#9;/** the tester. */&#13;&#10;&#9;private static Test_session testSession=null;&#13;&#10;&#9;&#13;&#10;&#9;static ByteArrayOutputStream imagebuffer = null;&#13;&#10;&#9;&#13;&#10;&#9;&#13;&#10;&#9;/**&#13;&#10;&#9; * The Enum Scelta&#13;&#10;&#9; */&#13;&#10;&#9;public enum Scelta {&#13;&#10;&#9;&#9;/** Passa */&#13;&#10;&#9;&#9;PASSA,&#13;&#10;&#9;&#9;/** Corretto */&#13;&#10;&#9;&#9;CORRETTO,&#13;&#10;&#9;&#9;/** Sbagliato */&#13;&#10;&#9;&#9;SBAGLIATO,&#13;&#10;&#9;&#9;/** Finisci */&#13;&#10;&#9;&#9;FINISCI,&#13;&#10;&#9;}&#13;&#10;&#9;&#13;&#10;&#9;public FSTest() {&#13;&#10;&#9;&#9;&#13;&#10;&#9;&#9;//&#13;&#10;&#9;}&#13;&#10;&#9;&#13;&#10;&#9;&#9;&#13;&#10;&#9;&#9;&#9;/**&#13;&#10;&#9;&#9;* funzione di generazione immagine del test di freiburg dati i parametri di generazione&#13;&#10;&#9;&#9;*&#13;&#10;&#9;&#9;* @param result    dati di generazione strutturati come DatiGenerazione&#13;&#10;&#9;&#9;* &#13;&#10;&#9;&#9;* @return      Stream immagine&#13;&#10;&#9;&#9;*/&#9;&#9;&#13;&#10;&#9;public static InputStream IniziaTest(DatiGenerazione result) {&#13;&#10;&#9;&#9;if(risultato.getAngolo()==-1) {&#13;&#10;&#9;&#9;&#9;risultato=result;&#13;&#10;&#9;&#9;}&#13;&#10;&#9;&#9;else {&#13;&#10;&#9;&#9;&#9;risultato.setXBar(risultato.getLivMax());&#13;&#10;&#9;&#9;}&#13;&#10;&#9;&#9;&#13;&#10;&#9;&#9;testSession = new Test_session(risultato);&#13;&#10;&#9;&#9;Scelta inizio=Test_session.IniziaTest(risultato);&#13;&#10;&#9;&#9;if(inizio==Scelta.CORRETTO) {&#13;&#10;&#9;&#9;&#9;BufferedImage image=null;&#13;&#10;&#9;&#9;&#9;if(risultato.getDimensione().getWidth()==1) {&#13;&#10;&#9;&#9;        image=GeneraImg.GeneraImmagine(risultato.getWRect(), risultato.getHRect(), risultato.getHBar(), risultato.getXBar(), risultato.getC1(), risultato.getC2());&#9;&#9;&#13;&#10;&#9;&#9;&#9;}else {&#13;&#10;&#9;&#9;&#9;&#9;image=GeneraImg.GeneraImmagine(risultato.getDimensione().width,risultato.getDimensione().height,risultato.getWRect(), risultato.getHRect(), risultato.getHBar(), risultato.getXBar(), risultato.getC1(), risultato.getC2());&#9;&#13;&#10;&#9;&#9;&#9;}&#13;&#10;&#9;&#9;&#9;//prova di inserimento immagine nello stream&#13;&#10;&#9;&#9;&#9;&#9;try {&#13;&#10;&#9;&#9;&#9;&#9;&#9;// Write the image to a buffer&#13;&#10;&#9;&#9;&#9;&#9;&#9;&#9;&#9;imagebuffer = new ByteArrayOutputStream();&#13;&#10;&#9;&#9;&#9;&#9;&#9;&#9;&#9;ImageIO.write(image, &quot;png&quot;, imagebuffer);&#13;&#10;&#9;&#9;&#9;&#9;&#9;&#9;&#9;// Return a stream from the buffer&#13;&#10;&#9;&#9;&#9;&#9;&#9;&#9;&#9;return new ByteArrayInputStream(imagebuffer.toByteArray());&#13;&#10;&#9;&#9;&#9;&#9;}catch(IOException e) {&#13;&#10;&#9;&#9;&#9;&#9;&#9;return null;&#13;&#10;&#9;&#9;&#9;&#9;}&#13;&#10;&#9;&#9;}else&#9;&#9;return null;&#13;&#10;&#9;&#9;&#13;&#10;&#9;&#9;&#9;&#9;&#13;&#10;&#9;}&#13;&#10;&#9;&#13;&#10;&#9;/**&#13;&#10;&#9; * Return the current depth (as established by the certifier), be careful the&#13;&#10;&#9; * certifier may have decided to stop&#13;&#10;&#9; *&#13;&#10;&#9; * @return the current depth&#13;&#10;&#9; */&#13;&#10;&#9;public int getCurrentDepth() {&#13;&#10;&#9;&#9;return testSession.getProfonditaCorrente();&#13;&#10;&#9;}&#13;&#10;&#13;&#10;&#9;/**&#13;&#10;&#9; * Gets the current status&#13;&#10;&#9; *&#13;&#10;&#9; * @return the current status&#13;&#10;&#9; */&#13;&#10;&#9;public static CertifierStatus getCurrentStatus() {&#13;&#10;&#9;&#9;return testSession.getStatoCorrente();&#13;&#10;&#9;}&#13;&#10;&#9;&#13;&#10;&#9;&#13;&#10;&#9;&#13;&#10;&#9;public static Scelta ControlloRisposta(String rispostaData) {&#13;&#10;&#9;&#9;Scelta scelta;&#13;&#10;&#9;&#9;scelta=testSession.ControlloRisposta(rispostaData); // Initialized before computeNextDepth()&#13;&#10;&#9;&#9;if(testSession.getStatoCorrente().currentResult!=Result.CONTINUA) {&#13;&#10;&#9;&#9;&#9;if(testSession.getStatoCorrente().currentResult==Result.FINE_NON_CERTIFICATA) {&#13;&#10;&#9;&#9;&#9;&#9;risultato.setAngolo(0);&#13;&#10;&#9;&#9;&#9;&#9;risultato.setLivello(0);&#13;&#10;&#9;&#9;&#9;}else {&#13;&#10;&#9;&#9;&#9;&#9;risultato.setAngolo(AngleCalculus.calcolaAngolo(risultato));&#13;&#10;&#9;&#9;&#9;    risultato.setLivello(1000* (AngleCalculus.MonitorWidthMM(risultato.getMonitorSize(),(int)risultato.getDimensione().getWidth(),(int)risultato.getDimensione().getHeight())*risultato.getXBar())/(int)risultato.getDimensione().getWidth());&#13;&#10;&#9;&#9;    }&#13;&#10;&#9;&#9;}&#13;&#10;&#9;&#9;return scelta;&#13;&#10;&#9;&#9;&#13;&#10;&#9;}&#13;&#10;&#9;&#13;&#10;&#9;&#13;&#10;&#9;public static InputStream settaNuovaImg() {&#13;&#10;&#9;&#9;&#13;&#10;&#9;&#9;assert testSession.getStatoCorrente().currentResult == Test_session.Result.CONTINUA;&#13;&#10;&#9;&#9;BufferedImage image = null;&#13;&#10;&#9;&#9;&#13;&#10;&#9;&#9;risultato.setPos(new Random().nextBoolean());&#13;&#10;&#9;&#9;image=GeneraImg.modificaM(risultato.getXBar(), risultato);&#13;&#10;&#9;&#9;//risultato.setAngolo(AngleCalculus.calcolaAngolo(risultato));&#13;&#10;&#9;&#9;&#9;&#9;&#9;&#9;&#13;&#10;&#9;&#9;if(image!=null)&#9;{&#13;&#10;&#9;&#9;//prova di inserimento immagine nello stream&#13;&#10;&#9;&#9;try {&#13;&#10;&#9;&#9;&#9;// Write the image to a buffer&#13;&#10;&#9;&#9;&#9;&#9;&#9;imagebuffer = new ByteArrayOutputStream();&#13;&#10;&#9;&#9;&#9;&#9;&#9;ImageIO.write(image, &quot;png&quot;, imagebuffer);&#13;&#10;&#9;&#9;&#9;&#9;&#9;// Return a stream from the buffer&#13;&#10;&#9;&#9;&#9;&#9;&#9;return new ByteArrayInputStream(imagebuffer.toByteArray());&#13;&#10;&#9;&#9;}catch(IOException e) {&#13;&#10;&#9;&#9;&#9;return null;&#13;&#10;&#9;&#9;}&#13;&#10;&#9;&#9;&#9;}else return null;&#13;&#10;&#9;&#9;&#13;&#10;&#9;}&#13;&#10;&#9;&#13;&#10;&#9;&#13;&#10;&#9;&#13;&#10;}&#13;&#10;" Filename="FSTest.java" Intrnl_Id="1"/>
</SrcFileList>
<CritList>
<CritListEntry Name="org.codecover.model.utils.criteria.LoopCoverage" PluginName="org.codecover"/>
<CritListEntry Name="org.codecover.model.utils.criteria.ConditionCoverage" PluginName="org.codecover"/>
<CritListEntry Name="org.codecover.model.utils.criteria.BranchCoverage" PluginName="org.codecover"/>
<CritListEntry Name="org.codecover.model.utils.criteria.StatementCoverage" PluginName="org.codecover"/>
</CritList>
<BoolOpList/>
<HierarchyLvlTypeList>
<HierarchyLvlType EnglishName="enumeration" IntrnlName="enum" Intrnl_Id="2"/>
<HierarchyLvlType EnglishName="package" IntrnlName="package" Intrnl_Id="3"/>
<HierarchyLvlType EnglishName="method" IntrnlName="method" Intrnl_Id="4"/>
<HierarchyLvlType EnglishName="class" IntrnlName="class" Intrnl_Id="5"/>
<HierarchyLvlType EnglishName="default package" IntrnlName="default package" Intrnl_Id="6"/>
</HierarchyLvlTypeList>
<MASTRoot>
<HierarchyLvl HierarchyLvlId="276" HierarchyLvlTypeId="6" Intrnl_Id="7" Name="default package">
<Header/>
<LocList/>
<HierarchyLvl HierarchyLvlId="275" HierarchyLvlTypeId="3" Intrnl_Id="8" Name="libFSTest">
<Header/>
<LocList/>
<HierarchyLvl HierarchyLvlId="274" HierarchyLvlTypeId="3" Intrnl_Id="9" Name="test">
<Header/>
<LocList/>
<HierarchyLvl HierarchyLvlId="273" HierarchyLvlTypeId="5" Intrnl_Id="10" Name="FSTest">
<Header>
<Loc EndOffset="572" SrcFileId="1" StartOffset="534"/>
</Header>
<LocList>
<Loc EndOffset="831" SrcFileId="1" StartOffset="534"/>
<Loc EndOffset="4436" SrcFileId="1" StartOffset="977"/>
</LocList>
<StmntSeq Intrnl_Id="11">
<LocList>
<Loc EndOffset="664" SrcFileId="1" StartOffset="601"/>
<Loc EndOffset="735" SrcFileId="1" StartOffset="690"/>
<Loc EndOffset="789" SrcFileId="1" StartOffset="741"/>
</LocList>
<BasicStmnt CovItemId="S1" CovItemPrefix="libFSTest.test.FSTest.java" Intrnl_Id="12">
<LocList>
<Loc EndOffset="664" SrcFileId="1" StartOffset="601"/>
</LocList>
</BasicStmnt>
<BasicStmnt CovItemId="S2" CovItemPrefix="libFSTest.test.FSTest.java" Intrnl_Id="13">
<LocList>
<Loc EndOffset="735" SrcFileId="1" StartOffset="690"/>
</LocList>
</BasicStmnt>
<BasicStmnt CovItemId="S3" CovItemPrefix="libFSTest.test.FSTest.java" Intrnl_Id="14">
<LocList>
<Loc EndOffset="789" SrcFileId="1" StartOffset="741"/>
</LocList>
</BasicStmnt>
</StmntSeq>
<HierarchyLvl HierarchyLvlId="266" HierarchyLvlTypeId="2" Intrnl_Id="15" Name="Scelta">
<Header>
<Loc EndOffset="849" SrcFileId="1" StartOffset="831"/>
</Header>
<LocList>
<Loc EndOffset="977" SrcFileId="1" StartOffset="831"/>
</LocList>
</HierarchyLvl>
<HierarchyLvl HierarchyLvlId="267" HierarchyLvlTypeId="4" Intrnl_Id="16" Name="FSTest">
<Header>
<Loc EndOffset="998" SrcFileId="1" StartOffset="983"/>
</Header>
<LocList>
<Loc EndOffset="1014" SrcFileId="1" StartOffset="983"/>
</LocList>
</HierarchyLvl>
<HierarchyLvl HierarchyLvlId="268" HierarchyLvlTypeId="4" Intrnl_Id="17" Name="IniziaTest">
<Header>
<Loc EndOffset="1311" SrcFileId="1" StartOffset="1251"/>
</Header>
<LocList>
<Loc EndOffset="2467" SrcFileId="1" StartOffset="1251"/>
</LocList>
<StmntSeq Intrnl_Id="18">
<LocList>
<Loc EndOffset="1436" SrcFileId="1" StartOffset="1317"/>
<Loc EndOffset="1486" SrcFileId="1" StartOffset="1444"/>
<Loc EndOffset="1539" SrcFileId="1" StartOffset="1490"/>
<Loc EndOffset="2453" SrcFileId="1" StartOffset="1543"/>
</LocList>
<CondStmnt CovItemId="S4" CovItemPrefix="libFSTest.test.FSTest.java" Intrnl_Id="19">
<Branch CovItemId="B1" CovItemPrefix="libFSTest.test.FSTest.java" Implct="false" Intrnl_Id="20">
<Cond/>
<LocList>
<Loc EndOffset="1375" SrcFileId="1" StartOffset="1347"/>
</LocList>
<StmntSeq Intrnl_Id="21">
<LocList>
<Loc EndOffset="1370" SrcFileId="1" StartOffset="1353"/>
</LocList>
<BasicStmnt CovItemId="S5" CovItemPrefix="libFSTest.test.FSTest.java" Intrnl_Id="22">
<LocList>
<Loc EndOffset="1370" SrcFileId="1" StartOffset="1353"/>
</LocList>
</BasicStmnt>
</StmntSeq>
</Branch>
<Branch CovItemId="B2" CovItemPrefix="libFSTest.test.FSTest.java" Implct="false" Intrnl_Id="23">
<Cond>
<Loc EndOffset="1383" SrcFileId="1" StartOffset="1379"/>
</Cond>
<LocList>
<Loc EndOffset="1436" SrcFileId="1" StartOffset="1384"/>
</LocList>
<StmntSeq Intrnl_Id="24">
<LocList>
<Loc EndOffset="1431" SrcFileId="1" StartOffset="1390"/>
</LocList>
<BasicStmnt CovItemId="S6" CovItemPrefix="libFSTest.test.FSTest.java" Intrnl_Id="25">
<LocList>
<Loc EndOffset="1431" SrcFileId="1" StartOffset="1390"/>
</LocList>
</BasicStmnt>
</StmntSeq>
</Branch>
<Keyword EndOffset="1319" SrcFileId="1" StartOffset="1317"/>
<LocList>
<Loc EndOffset="1436" SrcFileId="1" StartOffset="1317"/>
</LocList>
<RootTerm CovItemId="C1" CovItemPrefix="libFSTest.test.FSTest.java" Intrnl_Id="26">
<BasicBoolTerm Intrnl_Id="27">
<LocList>
<Loc EndOffset="1345" SrcFileId="1" StartOffset="1320"/>
</LocList>
</BasicBoolTerm>
</RootTerm>
</CondStmnt>
<BasicStmnt CovItemId="S7" CovItemPrefix="libFSTest.test.FSTest.java" Intrnl_Id="28">
<LocList>
<Loc EndOffset="1486" SrcFileId="1" StartOffset="1444"/>
</LocList>
</BasicStmnt>
<BasicStmnt CovItemId="S8" CovItemPrefix="libFSTest.test.FSTest.java" Intrnl_Id="29">
<LocList>
<Loc EndOffset="1539" SrcFileId="1" StartOffset="1490"/>
</LocList>
</BasicStmnt>
<CondStmnt CovItemId="S9" CovItemPrefix="libFSTest.test.FSTest.java" Intrnl_Id="30">
<Branch CovItemId="B3" CovItemPrefix="libFSTest.test.FSTest.java" Implct="false" Intrnl_Id="31">
<Cond/>
<LocList>
<Loc EndOffset="2435" SrcFileId="1" StartOffset="1571"/>
</LocList>
<StmntSeq Intrnl_Id="32">
<LocList>
<Loc EndOffset="1602" SrcFileId="1" StartOffset="1577"/>
<Loc EndOffset="2066" SrcFileId="1" StartOffset="1607"/>
<Loc EndOffset="2214" SrcFileId="1" StartOffset="2172"/>
<Loc EndOffset="2264" SrcFileId="1" StartOffset="2223"/>
<Loc EndOffset="2375" SrcFileId="1" StartOffset="2316"/>
<Loc EndOffset="2430" SrcFileId="1" StartOffset="2121"/>
</LocList>
<BasicStmnt CovItemId="S10" CovItemPrefix="libFSTest.test.FSTest.java" Intrnl_Id="33">
<LocList>
<Loc EndOffset="1602" SrcFileId="1" StartOffset="1577"/>
</LocList>
</BasicStmnt>
<CondStmnt CovItemId="S11" CovItemPrefix="libFSTest.test.FSTest.java" Intrnl_Id="34">
<Branch CovItemId="B5" CovItemPrefix="libFSTest.test.FSTest.java" Implct="false" Intrnl_Id="35">
<Cond/>
<LocList>
<Loc EndOffset="1827" SrcFileId="1" StartOffset="1651"/>
</LocList>
<StmntSeq Intrnl_Id="36">
<LocList>
<Loc EndOffset="1819" SrcFileId="1" StartOffset="1664"/>
</LocList>
<BasicStmnt CovItemId="S12" CovItemPrefix="libFSTest.test.FSTest.java" Intrnl_Id="37">
<LocList>
<Loc EndOffset="1819" SrcFileId="1" StartOffset="1664"/>
</LocList>
</BasicStmnt>
</StmntSeq>
</Branch>
<Branch CovItemId="B6" CovItemPrefix="libFSTest.test.FSTest.java" Implct="false" Intrnl_Id="38">
<Cond>
<Loc EndOffset="1831" SrcFileId="1" StartOffset="1827"/>
</Cond>
<LocList>
<Loc EndOffset="2066" SrcFileId="1" StartOffset="1832"/>
</LocList>
<StmntSeq Intrnl_Id="39">
<LocList>
<Loc EndOffset="2059" SrcFileId="1" StartOffset="1839"/>
</LocList>
<BasicStmnt CovItemId="S13" CovItemPrefix="libFSTest.test.FSTest.java" Intrnl_Id="40">
<LocList>
<Loc EndOffset="2059" SrcFileId="1" StartOffset="1839"/>
</LocList>
</BasicStmnt>
</StmntSeq>
</Branch>
<Keyword EndOffset="1609" SrcFileId="1" StartOffset="1607"/>
<LocList>
<Loc EndOffset="2066" SrcFileId="1" StartOffset="1607"/>
</LocList>
<RootTerm CovItemId="C3" CovItemPrefix="libFSTest.test.FSTest.java" Intrnl_Id="41">
<BasicBoolTerm Intrnl_Id="42">
<LocList>
<Loc EndOffset="1649" SrcFileId="1" StartOffset="1610"/>
</LocList>
</BasicBoolTerm>
</RootTerm>
</CondStmnt>
<BasicStmnt CovItemId="S15" CovItemPrefix="libFSTest.test.FSTest.java" Intrnl_Id="43">
<LocList>
<Loc EndOffset="2214" SrcFileId="1" StartOffset="2172"/>
</LocList>
</BasicStmnt>
<BasicStmnt CovItemId="S16" CovItemPrefix="libFSTest.test.FSTest.java" Intrnl_Id="44">
<LocList>
<Loc EndOffset="2264" SrcFileId="1" StartOffset="2223"/>
</LocList>
</BasicStmnt>
<BasicStmnt CovItemId="S17" CovItemPrefix="libFSTest.test.FSTest.java" Intrnl_Id="45">
<LocList>
<Loc EndOffset="2375" SrcFileId="1" StartOffset="2316"/>
</LocList>
</BasicStmnt>
<CondStmnt CovItemId="S14" CovItemPrefix="libFSTest.test.FSTest.java" Intrnl_Id="46">
<Branch CovItemId="B7" CovItemPrefix="libFSTest.test.FSTest.java" Implct="true" Intrnl_Id="47">
<Cond/>
<LocList/>
<StmntSeq Intrnl_Id="48">
<LocList/>
</StmntSeq>
</Branch>
<Branch CovItemId="B8" CovItemPrefix="libFSTest.test.FSTest.java" Implct="false" Intrnl_Id="49">
<Cond>
<Loc EndOffset="2402" SrcFileId="1" StartOffset="2382"/>
</Cond>
<LocList>
<Loc EndOffset="2430" SrcFileId="1" StartOffset="2403"/>
</LocList>
<StmntSeq Intrnl_Id="50">
<LocList>
<Loc EndOffset="2423" SrcFileId="1" StartOffset="2411"/>
</LocList>
<BasicStmnt CovItemId="S18" CovItemPrefix="libFSTest.test.FSTest.java" Intrnl_Id="51">
<LocList>
<Loc EndOffset="2423" SrcFileId="1" StartOffset="2411"/>
</LocList>
</BasicStmnt>
</StmntSeq>
</Branch>
<Keyword EndOffset="2124" SrcFileId="1" StartOffset="2121"/>
<LocList>
<Loc EndOffset="2430" SrcFileId="1" StartOffset="2121"/>
</LocList>
</CondStmnt>
</StmntSeq>
</Branch>
<Branch CovItemId="B4" CovItemPrefix="libFSTest.test.FSTest.java" Implct="false" Intrnl_Id="52">
<Cond>
<Loc EndOffset="2439" SrcFileId="1" StartOffset="2435"/>
</Cond>
<LocList>
<Loc EndOffset="2453" SrcFileId="1" StartOffset="2441"/>
</LocList>
<StmntSeq Intrnl_Id="53">
<LocList>
<Loc EndOffset="2453" SrcFileId="1" StartOffset="2441"/>
</LocList>
<BasicStmnt CovItemId="S19" CovItemPrefix="libFSTest.test.FSTest.java" Intrnl_Id="54">
<LocList>
<Loc EndOffset="2453" SrcFileId="1" StartOffset="2441"/>
</LocList>
</BasicStmnt>
</StmntSeq>
</Branch>
<Keyword EndOffset="1545" SrcFileId="1" StartOffset="1543"/>
<LocList>
<Loc EndOffset="2453" SrcFileId="1" StartOffset="1543"/>
</LocList>
<RootTerm CovItemId="C2" CovItemPrefix="libFSTest.test.FSTest.java" Intrnl_Id="55">
<BasicBoolTerm Intrnl_Id="56">
<LocList>
<Loc EndOffset="1569" SrcFileId="1" StartOffset="1546"/>
</LocList>
</BasicBoolTerm>
</RootTerm>
</CondStmnt>
</StmntSeq>
</HierarchyLvl>
<HierarchyLvl HierarchyLvlId="269" HierarchyLvlTypeId="4" Intrnl_Id="57" Name="getCurrentDepth">
<Header>
<Loc EndOffset="2669" SrcFileId="1" StartOffset="2641"/>
</Header>
<LocList>
<Loc EndOffset="2722" SrcFileId="1" StartOffset="2641"/>
</LocList>
<StmntSeq Intrnl_Id="58">
<LocList>
<Loc EndOffset="2718" SrcFileId="1" StartOffset="2675"/>
</LocList>
<BasicStmnt CovItemId="S20" CovItemPrefix="libFSTest.test.FSTest.java" Intrnl_Id="59">
<LocList>
<Loc EndOffset="2718" SrcFileId="1" StartOffset="2675"/>
</LocList>
</BasicStmnt>
</StmntSeq>
</HierarchyLvl>
<HierarchyLvl HierarchyLvlId="270" HierarchyLvlTypeId="4" Intrnl_Id="60" Name="getCurrentStatus">
<Header>
<Loc EndOffset="2853" SrcFileId="1" StartOffset="2805"/>
</Header>
<LocList>
<Loc EndOffset="2901" SrcFileId="1" StartOffset="2805"/>
</LocList>
<StmntSeq Intrnl_Id="61">
<LocList>
<Loc EndOffset="2897" SrcFileId="1" StartOffset="2859"/>
</LocList>
<BasicStmnt CovItemId="S21" CovItemPrefix="libFSTest.test.FSTest.java" Intrnl_Id="62">
<LocList>
<Loc EndOffset="2897" SrcFileId="1" StartOffset="2859"/>
</LocList>
</BasicStmnt>
</StmntSeq>
</HierarchyLvl>
<HierarchyLvl HierarchyLvlId="271" HierarchyLvlTypeId="4" Intrnl_Id="63" Name="ControlloRisposta">
<Header>
<Loc EndOffset="2972" SrcFileId="1" StartOffset="2913"/>
</Header>
<LocList>
<Loc EndOffset="3663" SrcFileId="1" StartOffset="2913"/>
</LocList>
<StmntSeq Intrnl_Id="64">
<LocList>
<Loc EndOffset="3047" SrcFileId="1" StartOffset="2996"/>
<Loc EndOffset="3637" SrcFileId="1" StartOffset="3092"/>
<Loc EndOffset="3655" SrcFileId="1" StartOffset="3641"/>
</LocList>
<BasicStmnt CovItemId="S22" CovItemPrefix="libFSTest.test.FSTest.java" Intrnl_Id="65">
<LocList>
<Loc EndOffset="3047" SrcFileId="1" StartOffset="2996"/>
</LocList>
</BasicStmnt>
<CondStmnt CovItemId="S23" CovItemPrefix="libFSTest.test.FSTest.java" Intrnl_Id="66">
<Branch CovItemId="B9" CovItemPrefix="libFSTest.test.FSTest.java" Implct="false" Intrnl_Id="67">
<Cond/>
<LocList>
<Loc EndOffset="3637" SrcFileId="1" StartOffset="3158"/>
</LocList>
<StmntSeq Intrnl_Id="68">
<LocList>
<Loc EndOffset="3632" SrcFileId="1" StartOffset="3164"/>
</LocList>
<CondStmnt CovItemId="S24" CovItemPrefix="libFSTest.test.FSTest.java" Intrnl_Id="69">
<Branch CovItemId="B11" CovItemPrefix="libFSTest.test.FSTest.java" Implct="false" Intrnl_Id="70">
<Cond/>
<LocList>
<Loc EndOffset="3308" SrcFileId="1" StartOffset="3242"/>
</LocList>
<StmntSeq Intrnl_Id="71">
<LocList>
<Loc EndOffset="3272" SrcFileId="1" StartOffset="3249"/>
<Loc EndOffset="3302" SrcFileId="1" StartOffset="3278"/>
</LocList>
<BasicStmnt CovItemId="S25" CovItemPrefix="libFSTest.test.FSTest.java" Intrnl_Id="72">
<LocList>
<Loc EndOffset="3272" SrcFileId="1" StartOffset="3249"/>
</LocList>
</BasicStmnt>
<BasicStmnt CovItemId="S26" CovItemPrefix="libFSTest.test.FSTest.java" Intrnl_Id="73">
<LocList>
<Loc EndOffset="3302" SrcFileId="1" StartOffset="3278"/>
</LocList>
</BasicStmnt>
</StmntSeq>
</Branch>
<Branch CovItemId="B12" CovItemPrefix="libFSTest.test.FSTest.java" Implct="false" Intrnl_Id="74">
<Cond>
<Loc EndOffset="3312" SrcFileId="1" StartOffset="3308"/>
</Cond>
<LocList>
<Loc EndOffset="3632" SrcFileId="1" StartOffset="3313"/>
</LocList>
<StmntSeq Intrnl_Id="75">
<LocList>
<Loc EndOffset="3380" SrcFileId="1" StartOffset="3320"/>
<Loc EndOffset="3623" SrcFileId="1" StartOffset="3389"/>
</LocList>
<BasicStmnt CovItemId="S27" CovItemPrefix="libFSTest.test.FSTest.java" Intrnl_Id="76">
<LocList>
<Loc EndOffset="3380" SrcFileId="1" StartOffset="3320"/>
</LocList>
</BasicStmnt>
<BasicStmnt CovItemId="S28" CovItemPrefix="libFSTest.test.FSTest.java" Intrnl_Id="77">
<LocList>
<Loc EndOffset="3623" SrcFileId="1" StartOffset="3389"/>
</LocList>
</BasicStmnt>
</StmntSeq>
</Branch>
<Keyword EndOffset="3166" SrcFileId="1" StartOffset="3164"/>
<LocList>
<Loc EndOffset="3632" SrcFileId="1" StartOffset="3164"/>
</LocList>
<RootTerm CovItemId="C5" CovItemPrefix="libFSTest.test.FSTest.java" Intrnl_Id="78">
<BasicBoolTerm Intrnl_Id="79">
<LocList>
<Loc EndOffset="3240" SrcFileId="1" StartOffset="3167"/>
</LocList>
</BasicBoolTerm>
</RootTerm>
</CondStmnt>
</StmntSeq>
</Branch>
<Branch CovItemId="B10" CovItemPrefix="libFSTest.test.FSTest.java" Implct="true" Intrnl_Id="80">
<Cond/>
<LocList/>
<StmntSeq Intrnl_Id="81">
<LocList/>
</StmntSeq>
</Branch>
<Keyword EndOffset="3094" SrcFileId="1" StartOffset="3092"/>
<LocList>
<Loc EndOffset="3637" SrcFileId="1" StartOffset="3092"/>
</LocList>
<RootTerm CovItemId="C4" CovItemPrefix="libFSTest.test.FSTest.java" Intrnl_Id="82">
<BasicBoolTerm Intrnl_Id="83">
<LocList>
<Loc EndOffset="3156" SrcFileId="1" StartOffset="3095"/>
</LocList>
</BasicBoolTerm>
</RootTerm>
</CondStmnt>
<BasicStmnt CovItemId="S29" CovItemPrefix="libFSTest.test.FSTest.java" Intrnl_Id="84">
<LocList>
<Loc EndOffset="3655" SrcFileId="1" StartOffset="3641"/>
</LocList>
</BasicStmnt>
</StmntSeq>
</HierarchyLvl>
<HierarchyLvl HierarchyLvlId="272" HierarchyLvlTypeId="4" Intrnl_Id="85" Name="settaNuovaImg">
<Header>
<Loc EndOffset="3713" SrcFileId="1" StartOffset="3672"/>
</Header>
<LocList>
<Loc EndOffset="4424" SrcFileId="1" StartOffset="3672"/>
</LocList>
<StmntSeq Intrnl_Id="86">
<LocList>
<Loc EndOffset="3838" SrcFileId="1" StartOffset="3811"/>
<Loc EndOffset="3891" SrcFileId="1" StartOffset="3846"/>
<Loc EndOffset="3953" SrcFileId="1" StartOffset="3895"/>
<Loc EndOffset="4416" SrcFileId="1" StartOffset="4031"/>
</LocList>
<BasicStmnt CovItemId="S30" CovItemPrefix="libFSTest.test.FSTest.java" Intrnl_Id="87">
<LocList>
<Loc EndOffset="3838" SrcFileId="1" StartOffset="3811"/>
</LocList>
</BasicStmnt>
<BasicStmnt CovItemId="S31" CovItemPrefix="libFSTest.test.FSTest.java" Intrnl_Id="88">
<LocList>
<Loc EndOffset="3891" SrcFileId="1" StartOffset="3846"/>
</LocList>
</BasicStmnt>
<BasicStmnt CovItemId="S32" CovItemPrefix="libFSTest.test.FSTest.java" Intrnl_Id="89">
<LocList>
<Loc EndOffset="3953" SrcFileId="1" StartOffset="3895"/>
</LocList>
</BasicStmnt>
<CondStmnt CovItemId="S33" CovItemPrefix="libFSTest.test.FSTest.java" Intrnl_Id="90">
<Branch CovItemId="B13" CovItemPrefix="libFSTest.test.FSTest.java" Implct="false" Intrnl_Id="91">
<Cond/>
<LocList>
<Loc EndOffset="4399" SrcFileId="1" StartOffset="4047"/>
</LocList>
<StmntSeq Intrnl_Id="92">
<LocList>
<Loc EndOffset="4189" SrcFileId="1" StartOffset="4147"/>
<Loc EndOffset="4237" SrcFileId="1" StartOffset="4196"/>
<Loc EndOffset="4344" SrcFileId="1" StartOffset="4285"/>
<Loc EndOffset="4393" SrcFileId="1" StartOffset="4100"/>
</LocList>
<BasicStmnt CovItemId="S35" CovItemPrefix="libFSTest.test.FSTest.java" Intrnl_Id="93">
<LocList>
<Loc EndOffset="4189" SrcFileId="1" StartOffset="4147"/>
</LocList>
</BasicStmnt>
<BasicStmnt CovItemId="S36" CovItemPrefix="libFSTest.test.FSTest.java" Intrnl_Id="94">
<LocList>
<Loc EndOffset="4237" SrcFileId="1" StartOffset="4196"/>
</LocList>
</BasicStmnt>
<BasicStmnt CovItemId="S37" CovItemPrefix="libFSTest.test.FSTest.java" Intrnl_Id="95">
<LocList>
<Loc EndOffset="4344" SrcFileId="1" StartOffset="4285"/>
</LocList>
</BasicStmnt>
<CondStmnt CovItemId="S34" CovItemPrefix="libFSTest.test.FSTest.java" Intrnl_Id="96">
<Branch CovItemId="B15" CovItemPrefix="libFSTest.test.FSTest.java" Implct="true" Intrnl_Id="97">
<Cond/>
<LocList/>
<StmntSeq Intrnl_Id="98">
<LocList/>
</StmntSeq>
</Branch>
<Branch CovItemId="B16" CovItemPrefix="libFSTest.test.FSTest.java" Implct="false" Intrnl_Id="99">
<Cond>
<Loc EndOffset="4369" SrcFileId="1" StartOffset="4349"/>
</Cond>
<LocList>
<Loc EndOffset="4393" SrcFileId="1" StartOffset="4370"/>
</LocList>
<StmntSeq Intrnl_Id="100">
<LocList>
<Loc EndOffset="4388" SrcFileId="1" StartOffset="4376"/>
</LocList>
<BasicStmnt CovItemId="S38" CovItemPrefix="libFSTest.test.FSTest.java" Intrnl_Id="101">
<LocList>
<Loc EndOffset="4388" SrcFileId="1" StartOffset="4376"/>
</LocList>
</BasicStmnt>
</StmntSeq>
</Branch>
<Keyword EndOffset="4103" SrcFileId="1" StartOffset="4100"/>
<LocList>
<Loc EndOffset="4393" SrcFileId="1" StartOffset="4100"/>
</LocList>
</CondStmnt>
</StmntSeq>
</Branch>
<Branch CovItemId="B14" CovItemPrefix="libFSTest.test.FSTest.java" Implct="false" Intrnl_Id="102">
<Cond>
<Loc EndOffset="4403" SrcFileId="1" StartOffset="4399"/>
</Cond>
<LocList>
<Loc EndOffset="4416" SrcFileId="1" StartOffset="4404"/>
</LocList>
<StmntSeq Intrnl_Id="103">
<LocList>
<Loc EndOffset="4416" SrcFileId="1" StartOffset="4404"/>
</LocList>
<BasicStmnt CovItemId="S39" CovItemPrefix="libFSTest.test.FSTest.java" Intrnl_Id="104">
<LocList>
<Loc EndOffset="4416" SrcFileId="1" StartOffset="4404"/>
</LocList>
</BasicStmnt>
</StmntSeq>
</Branch>
<Keyword EndOffset="4033" SrcFileId="1" StartOffset="4031"/>
<LocList>
<Loc EndOffset="4416" SrcFileId="1" StartOffset="4031"/>
</LocList>
<RootTerm CovItemId="C6" CovItemPrefix="libFSTest.test.FSTest.java" Intrnl_Id="105">
<BasicBoolTerm Intrnl_Id="106">
<LocList>
<Loc EndOffset="4045" SrcFileId="1" StartOffset="4034"/>
</LocList>
</BasicBoolTerm>
</RootTerm>
</CondStmnt>
</StmntSeq>
</HierarchyLvl>
</HierarchyLvl>
</HierarchyLvl>
</HierarchyLvl>
</HierarchyLvl>
</MASTRoot>
</TestSessionContainer>
