<?xml version="1.0" encoding="UTF-8"?><TestSessionContainer xmlns="http://www.codecover.org/xml/testsession-container" Date="1620809439618" TestSessionContainerId="7338723b-af07-4e69-b241-05e98bcba644" version="1.0">
<SrcFileList>
<SrcFile Content="package libFSTest.session;&#13;&#10;&#13;&#10;import java.util.ArrayList;&#13;&#10;import java.util.Date;&#13;&#10;import java.util.List;&#13;&#10;&#13;&#10;import libFSTest.draw.AngleCalculus;&#13;&#10;import libFSTest.session.PestBase.CertifierStatus;&#13;&#10;import libFSTest.test.DatiGenerazione;&#13;&#10;import libFSTest.test.FSTest.Scelta;&#13;&#10;&#13;&#10;public class Test_session{&#13;&#10;&#9;&#13;&#10;    private static DatiGenerazione risultato=new DatiGenerazione();&#13;&#10;&#9;/** the tester. */&#13;&#10;&#9;private static BestPestElaboratorNew testElab;&#13;&#10;&#9;&#13;&#10;&#9;// Single answer given by the user&#13;&#10;&#9;&#9;public static class rispostaSingola {&#13;&#10;&#9;&#9;&#9;String risposta;&#13;&#10;&#13;&#10;&#9;&#9;&#9;/**&#13;&#10;&#9;&#9;&#9; * Costruzione della singola risposta della sessione&#13;&#10;&#9;&#9;&#9; * &#13;&#10;&#9;&#9;&#9; * @param timeTaken istante nel quale è stata data la risposta risposta &#13;&#10;&#9;&#9;&#9; */&#13;&#10;&#9;&#9;&#9;public rispostaSingola(String sceltaFatta, String sceltaCorrente, int profonditaCorrente, double angolo, Date timeTaken) {&#13;&#10;&#9;&#9;&#9;&#9;String sceltaFattaS = (sceltaFatta == &quot;stop&quot;) ? &quot;skip&quot; : sceltaFatta.toString();&#13;&#10;&#9;&#9;&#9;&#9;risposta = sceltaFattaS + &quot;,&quot; + sceltaCorrente.toString() + &quot;,&quot; + profonditaCorrente + &quot;,&quot; + angolo + &quot;,&quot; + timeTaken;&#13;&#10;&#9;&#9;&#9;}&#13;&#10;&#13;&#10;&#9;&#9;&#9;@Override&#13;&#10;&#9;&#9;&#9;public String toString() {&#13;&#10;&#9;&#9;&#9;&#9;return risposta;&#13;&#10;&#9;&#9;&#9;}&#13;&#10;&#9;&#9;}&#13;&#10;&#9;&#13;&#10;&#9;/**&#13;&#10;&#9; * The Enum Result della sessione alla fine&#13;&#10;&#9; */&#13;&#10;&#9;public enum Result {&#13;&#10;&#9;&#9;/** Continua test */&#13;&#10;&#9;&#9;CONTINUA,&#13;&#10;&#9;&#9;/** Fine certificata */&#13;&#10;&#9;&#9;FINE_CERTIFICATA,&#13;&#10;&#9;&#9;/** Fine non certificata */&#13;&#10;&#9;&#9;FINE_NON_CERTIFICATA // non può essere registrata profondità&#13;&#10;&#9;}&#13;&#10;&#9;&#13;&#10;&#9;static List&lt;rispostaSingola&gt; sessionStory = new ArrayList&lt;rispostaSingola&gt;();&#9;&#13;&#10;&#9;&#13;&#10;&#9;/**&#13;&#10;&#9; * costruttore&#13;&#10;&#9; */&#13;&#10;&#9;public Test_session() {&#13;&#10;&#9;&#9;sessionStory.clear();&#13;&#10;&#9;}&#13;&#10;&#9;&#13;&#10;&#9;&#9;&#13;&#10;&#9;&#13;&#10;&#9;&#13;&#10;&#9;&#13;&#10;&#9;/**&#13;&#10;&#9; * Ritorna la profondità corrente (come stabilito dal certificatore) - fare attenzione &#13;&#10;&#9; * che il certificatore potrebbe voler concluder il test&#13;&#10;&#9; *&#13;&#10;&#9; * @return profondità corrente&#13;&#10;&#9; */&#13;&#10;&#9;public int getProfonditaCorrente() {&#13;&#10;&#9;&#9;return testElab.getCurrentDepth();&#13;&#10;&#9;}&#13;&#10;&#13;&#10;&#9;/**&#13;&#10;&#9; * Ritorna lo stato corrente&#13;&#10;&#9; *&#13;&#10;&#9; * @return stato corrente&#13;&#10;&#9; */&#13;&#10;&#9;public CertifierStatus getStatoCorrente() {&#13;&#10;&#9;&#9;return testElab.getCurrentStatus();&#13;&#10;&#9;}&#13;&#10;&#9;&#13;&#10;&#9;&#13;&#10;&#9;&#9;/**&#13;&#10;&#9;&#9;* funzione di inzio del test dati i dati di generazione&#13;&#10;&#9;&#9;*&#13;&#10;&#9;&#9;* @param result    dati di generazione strutturati come DatiGenerazione&#13;&#10;&#9;&#9;* &#13;&#10;&#9;&#9;* @return      Stream immagine&#13;&#10;&#9;&#9;*/&#9;&#9;&#13;&#10;&#9;public static Scelta IniziaTest(DatiGenerazione result) {&#13;&#10;&#9;&#9;&#13;&#10;&#9;&#9;&#13;&#10;&#9;&#9;if(risultato.getAngolo()==-1) {&#13;&#10;&#9;&#9;&#9;risultato=result;&#13;&#10;&#9;&#9;&#9;risultato.setAngolo(AngleCalculus.calcolaAngolo(risultato));&#13;&#10;&#9;&#9;}&#13;&#10;&#9;&#9;else {&#13;&#10;&#9;&#9;&#9;risultato.setXBar(risultato.getLivMax());&#13;&#10;&#9;&#9;}&#13;&#10;&#9;&#9;&#13;&#10;&#9;&#9;testElab=new BestPestElaboratorNew(risultato.getLivMax(), risultato.getLivMin());&#13;&#10;&#9;&#9;return Scelta.CORRETTO;&#13;&#10;&#9;&#9;&#13;&#10;&#9;&#9;&#9;&#9;&#13;&#10;&#9;}&#13;&#10;&#9;/**&#13;&#10;&#9; * controllo della risposta e restituzione della scelta&#13;&#10;&#9; * &#13;&#10;&#9; * @param rispostaData la risposta data dall'utente&#13;&#10;&#9; * @return Scelta scelta decisa dal tester&#13;&#10;&#9; */&#13;&#10;&#9;public Scelta ControlloRisposta(String rispostaData) {&#13;&#10;&#9;&#9;Scelta res;&#13;&#10;&#9;&#9;int currentDepth = testElab.getCurrentDepth(); // Initialized before computeNextDepth()&#13;&#10;&#9;&#9;if (rispostaData== &quot;stop&quot;) {&#13;&#10;&#9;&#9;&#9;testElab.computeNextDepth(PestBase.Soluzione.STOP);&#13;&#10;&#9;&#9;&#9;res = Scelta.FINISCI;&#13;&#10;&#9;&#9;} else if (rispostaData==(risultato.getPos()==true ? &quot;forward&quot; : &quot;behind&quot;)) {&#13;&#10;&#9;&#9;&#9;testElab.computeNextDepth(PestBase.Soluzione.GIUSTA);&#13;&#10;&#9;&#9;&#9;if(testElab.getCurrentStatus().currentResult!=Result.CONTINUA) {&#13;&#10;&#9;&#9;&#9;&#9;res=Scelta.FINISCI;&#13;&#10;&#9;&#9;&#9;}else {&#13;&#10;&#9;&#9;&#9;&#9;res = Scelta.CORRETTO;&#13;&#10;&#9;&#9;&#9;}&#13;&#10;&#9;&#9;} else {&#13;&#10;&#9;&#9;&#9;assert (rispostaData != (risultato.getPos()==true ? &quot;forward&quot; : &quot;behind&quot;) &amp;&amp; rispostaData != &quot;stop&quot;);&#13;&#10;&#9;&#9;&#9;testElab.computeNextDepth(PestBase.Soluzione.SBAGLIATA);&#13;&#10;&#9;&#9;&#9;if(testElab.getCurrentStatus().currentResult!=Result.CONTINUA) {&#13;&#10;&#9;&#9;&#9;&#9;res=Scelta.FINISCI;&#13;&#10;&#9;&#9;&#9;}else {&#13;&#10;&#9;&#9;&#9;&#9;res = Scelta.SBAGLIATO;&#13;&#10;&#9;&#9;&#9;}&#13;&#10;&#13;&#10;&#13;&#10;&#9;&#9;}&#13;&#10;&#13;&#10;&#9;&#9;risultato.setXBar(getProfonditaCorrente());&#13;&#10;&#9;&#9;sessionStory.add(new rispostaSingola(rispostaData, risultato.getPos()==true ? &quot;forward&quot; : &quot;behind&quot;, currentDepth, risultato.getAngolo(), new Date()));&#13;&#10;&#13;&#10;&#9;&#9;return res;&#13;&#10;&#9;}&#13;&#10;&#9;&#13;&#10;&#9;/**&#13;&#10;&#9; * Ritorna la lista di stringhe rappresentanti la sessione&#13;&#10;&#9; * &#13;&#10;&#9; * @return result&#13;&#10;&#9; */&#13;&#10;&#9;public List&lt;String&gt; getSessionResults() {&#13;&#10;&#9;&#9;List&lt;String&gt; result = new ArrayList&lt;String&gt;();&#13;&#10;&#9;&#9;for (rispostaSingola sa : sessionStory) {&#13;&#10;&#9;&#9;&#9;result.add(sa.toString());&#13;&#10;&#9;&#9;}&#13;&#10;&#9;&#9;return result;&#13;&#10;&#9;}&#13;&#10;&#13;&#10;&#9;/**&#13;&#10;&#9; * Ritorna le risposte della sessione&#13;&#10;&#9; *&#13;&#10;&#9; * @return risposte della sessione&#13;&#10;&#9; */&#13;&#10;&#9;public List&lt;rispostaSingola&gt; getSessionAnswers() {&#13;&#10;&#9;&#9;return java.util.Collections.unmodifiableList(sessionStory);&#13;&#10;&#9;}&#13;&#10;&#9;&#13;&#10;&#9;&#13;&#10;}&#13;&#10;" Filename="Test_session.java" Intrnl_Id="1"/>
</SrcFileList>
<CritList>
<CritListEntry Name="org.codecover.model.utils.criteria.LoopCoverage" PluginName="org.codecover"/>
<CritListEntry Name="org.codecover.model.utils.criteria.ConditionCoverage" PluginName="org.codecover"/>
<CritListEntry Name="org.codecover.model.utils.criteria.BranchCoverage" PluginName="org.codecover"/>
<CritListEntry Name="org.codecover.model.utils.criteria.StatementCoverage" PluginName="org.codecover"/>
</CritList>
<BoolOpList/>
<HierarchyLvlTypeList>
<HierarchyLvlType EnglishName="enumeration" IntrnlName="enum" Intrnl_Id="2"/>
<HierarchyLvlType EnglishName="package" IntrnlName="package" Intrnl_Id="3"/>
<HierarchyLvlType EnglishName="method" IntrnlName="method" Intrnl_Id="4"/>
<HierarchyLvlType EnglishName="class" IntrnlName="class" Intrnl_Id="5"/>
<HierarchyLvlType EnglishName="default package" IntrnlName="default package" Intrnl_Id="6"/>
</HierarchyLvlTypeList>
<MASTRoot>
<HierarchyLvl HierarchyLvlId="105" HierarchyLvlTypeId="6" Intrnl_Id="7" Name="default package">
<Header/>
<LocList/>
<HierarchyLvl HierarchyLvlId="104" HierarchyLvlTypeId="3" Intrnl_Id="8" Name="libFSTest">
<Header/>
<LocList/>
<HierarchyLvl HierarchyLvlId="103" HierarchyLvlTypeId="3" Intrnl_Id="9" Name="session">
<Header/>
<LocList/>
<HierarchyLvl HierarchyLvlId="102" HierarchyLvlTypeId="5" Intrnl_Id="10" Name="Test_session">
<Header>
<Loc EndOffset="304" SrcFileId="1" StartOffset="279"/>
</Header>
<LocList>
<Loc EndOffset="491" SrcFileId="1" StartOffset="279"/>
<Loc EndOffset="1196" SrcFileId="1" StartOffset="1132"/>
<Loc EndOffset="4429" SrcFileId="1" StartOffset="1400"/>
</LocList>
<StmntSeq Intrnl_Id="11">
<LocList>
<Loc EndOffset="377" SrcFileId="1" StartOffset="314"/>
<Loc EndOffset="1483" SrcFileId="1" StartOffset="1406"/>
</LocList>
<BasicStmnt CovItemId="S1" CovItemPrefix="libFSTest.session.Test_session.java" Intrnl_Id="12">
<LocList>
<Loc EndOffset="377" SrcFileId="1" StartOffset="314"/>
</LocList>
</BasicStmnt>
<BasicStmnt CovItemId="S5" CovItemPrefix="libFSTest.session.Test_session.java" Intrnl_Id="13">
<LocList>
<Loc EndOffset="1483" SrcFileId="1" StartOffset="1406"/>
</LocList>
</BasicStmnt>
</StmntSeq>
<HierarchyLvl HierarchyLvlId="93" HierarchyLvlTypeId="5" Intrnl_Id="14" Name="rispostaSingola">
<Header>
<Loc EndOffset="526" SrcFileId="1" StartOffset="491"/>
</Header>
<LocList>
<Loc EndOffset="1132" SrcFileId="1" StartOffset="491"/>
</LocList>
<HierarchyLvl HierarchyLvlId="91" HierarchyLvlTypeId="4" Intrnl_Id="15" Name="rispostaSingola">
<Header>
<Loc EndOffset="834" SrcFileId="1" StartOffset="714"/>
</Header>
<LocList>
<Loc EndOffset="1052" SrcFileId="1" StartOffset="714"/>
</LocList>
<StmntSeq Intrnl_Id="16">
<LocList>
<Loc EndOffset="922" SrcFileId="1" StartOffset="842"/>
<Loc EndOffset="1046" SrcFileId="1" StartOffset="928"/>
</LocList>
<BasicStmnt CovItemId="S2" CovItemPrefix="libFSTest.session.Test_session.java" Intrnl_Id="17">
<LocList>
<Loc EndOffset="922" SrcFileId="1" StartOffset="842"/>
</LocList>
<QMO CovItemId="Q0" CovItemPrefix="libFSTest.session.Test_session.java" Intrnl_Id="18">
<LocList>
<Loc EndOffset="887" SrcFileId="1" StartOffset="864"/>
</LocList>
<QMO_E CovItemId="Q0-0" CovItemPrefix="libFSTest.session.Test_session.java" Intrnl_Id="19">
<LocList>
<Loc EndOffset="896" SrcFileId="1" StartOffset="890"/>
</LocList>
</QMO_E>
<QMO_E CovItemId="Q0-1" CovItemPrefix="libFSTest.session.Test_session.java" Intrnl_Id="20">
<LocList>
<Loc EndOffset="921" SrcFileId="1" StartOffset="899"/>
</LocList>
</QMO_E>
</QMO>
</BasicStmnt>
<BasicStmnt CovItemId="S3" CovItemPrefix="libFSTest.session.Test_session.java" Intrnl_Id="21">
<LocList>
<Loc EndOffset="1046" SrcFileId="1" StartOffset="928"/>
</LocList>
</BasicStmnt>
</StmntSeq>
</HierarchyLvl>
<HierarchyLvl HierarchyLvlId="92" HierarchyLvlTypeId="4" Intrnl_Id="22" Name="toString">
<Header>
<Loc EndOffset="1097" SrcFileId="1" StartOffset="1059"/>
</Header>
<LocList>
<Loc EndOffset="1127" SrcFileId="1" StartOffset="1059"/>
</LocList>
<StmntSeq Intrnl_Id="23">
<LocList>
<Loc EndOffset="1121" SrcFileId="1" StartOffset="1105"/>
</LocList>
<BasicStmnt CovItemId="S4" CovItemPrefix="libFSTest.session.Test_session.java" Intrnl_Id="24">
<LocList>
<Loc EndOffset="1121" SrcFileId="1" StartOffset="1105"/>
</LocList>
</BasicStmnt>
</StmntSeq>
</HierarchyLvl>
</HierarchyLvl>
<HierarchyLvl HierarchyLvlId="94" HierarchyLvlTypeId="2" Intrnl_Id="25" Name="Result">
<Header>
<Loc EndOffset="1214" SrcFileId="1" StartOffset="1196"/>
</Header>
<LocList>
<Loc EndOffset="1400" SrcFileId="1" StartOffset="1196"/>
</LocList>
</HierarchyLvl>
<HierarchyLvl HierarchyLvlId="95" HierarchyLvlTypeId="4" Intrnl_Id="26" Name="Test_session">
<Header>
<Loc EndOffset="1540" SrcFileId="1" StartOffset="1519"/>
</Header>
<LocList>
<Loc EndOffset="1571" SrcFileId="1" StartOffset="1519"/>
</LocList>
<StmntSeq Intrnl_Id="27">
<LocList>
<Loc EndOffset="1567" SrcFileId="1" StartOffset="1546"/>
</LocList>
<BasicStmnt CovItemId="S6" CovItemPrefix="libFSTest.session.Test_session.java" Intrnl_Id="28">
<LocList>
<Loc EndOffset="1567" SrcFileId="1" StartOffset="1546"/>
</LocList>
</BasicStmnt>
</StmntSeq>
</HierarchyLvl>
<HierarchyLvl HierarchyLvlId="96" HierarchyLvlTypeId="4" Intrnl_Id="29" Name="getProfonditaCorrente">
<Header>
<Loc EndOffset="1823" SrcFileId="1" StartOffset="1789"/>
</Header>
<LocList>
<Loc EndOffset="1867" SrcFileId="1" StartOffset="1789"/>
</LocList>
<StmntSeq Intrnl_Id="30">
<LocList>
<Loc EndOffset="1863" SrcFileId="1" StartOffset="1829"/>
</LocList>
<BasicStmnt CovItemId="S7" CovItemPrefix="libFSTest.session.Test_session.java" Intrnl_Id="31">
<LocList>
<Loc EndOffset="1863" SrcFileId="1" StartOffset="1829"/>
</LocList>
</BasicStmnt>
</StmntSeq>
</HierarchyLvl>
<HierarchyLvl HierarchyLvlId="97" HierarchyLvlTypeId="4" Intrnl_Id="32" Name="getStatoCorrente">
<Header>
<Loc EndOffset="1989" SrcFileId="1" StartOffset="1948"/>
</Header>
<LocList>
<Loc EndOffset="2034" SrcFileId="1" StartOffset="1948"/>
</LocList>
<StmntSeq Intrnl_Id="33">
<LocList>
<Loc EndOffset="2030" SrcFileId="1" StartOffset="1995"/>
</LocList>
<BasicStmnt CovItemId="S8" CovItemPrefix="libFSTest.session.Test_session.java" Intrnl_Id="34">
<LocList>
<Loc EndOffset="2030" SrcFileId="1" StartOffset="1995"/>
</LocList>
</BasicStmnt>
</StmntSeq>
</HierarchyLvl>
<HierarchyLvl HierarchyLvlId="98" HierarchyLvlTypeId="4" Intrnl_Id="35" Name="IniziaTest">
<Header>
<Loc EndOffset="2292" SrcFileId="1" StartOffset="2237"/>
</Header>
<LocList>
<Loc EndOffset="2620" SrcFileId="1" StartOffset="2237"/>
</LocList>
<StmntSeq Intrnl_Id="36">
<LocList>
<Loc EndOffset="2490" SrcFileId="1" StartOffset="2306"/>
<Loc EndOffset="2579" SrcFileId="1" StartOffset="2498"/>
<Loc EndOffset="2606" SrcFileId="1" StartOffset="2583"/>
</LocList>
<CondStmnt CovItemId="S9" CovItemPrefix="libFSTest.session.Test_session.java" Intrnl_Id="37">
<Branch CovItemId="B1" CovItemPrefix="libFSTest.session.Test_session.java" Implct="false" Intrnl_Id="38">
<Cond/>
<LocList>
<Loc EndOffset="2429" SrcFileId="1" StartOffset="2336"/>
</LocList>
<StmntSeq Intrnl_Id="39">
<LocList>
<Loc EndOffset="2359" SrcFileId="1" StartOffset="2342"/>
<Loc EndOffset="2424" SrcFileId="1" StartOffset="2364"/>
</LocList>
<BasicStmnt CovItemId="S10" CovItemPrefix="libFSTest.session.Test_session.java" Intrnl_Id="40">
<LocList>
<Loc EndOffset="2359" SrcFileId="1" StartOffset="2342"/>
</LocList>
</BasicStmnt>
<BasicStmnt CovItemId="S11" CovItemPrefix="libFSTest.session.Test_session.java" Intrnl_Id="41">
<LocList>
<Loc EndOffset="2424" SrcFileId="1" StartOffset="2364"/>
</LocList>
</BasicStmnt>
</StmntSeq>
</Branch>
<Branch CovItemId="B2" CovItemPrefix="libFSTest.session.Test_session.java" Implct="false" Intrnl_Id="42">
<Cond>
<Loc EndOffset="2437" SrcFileId="1" StartOffset="2433"/>
</Cond>
<LocList>
<Loc EndOffset="2490" SrcFileId="1" StartOffset="2438"/>
</LocList>
<StmntSeq Intrnl_Id="43">
<LocList>
<Loc EndOffset="2485" SrcFileId="1" StartOffset="2444"/>
</LocList>
<BasicStmnt CovItemId="S12" CovItemPrefix="libFSTest.session.Test_session.java" Intrnl_Id="44">
<LocList>
<Loc EndOffset="2485" SrcFileId="1" StartOffset="2444"/>
</LocList>
</BasicStmnt>
</StmntSeq>
</Branch>
<Keyword EndOffset="2308" SrcFileId="1" StartOffset="2306"/>
<LocList>
<Loc EndOffset="2490" SrcFileId="1" StartOffset="2306"/>
</LocList>
<RootTerm CovItemId="C1" CovItemPrefix="libFSTest.session.Test_session.java" Intrnl_Id="45">
<BasicBoolTerm Intrnl_Id="46">
<LocList>
<Loc EndOffset="2334" SrcFileId="1" StartOffset="2309"/>
</LocList>
</BasicBoolTerm>
</RootTerm>
</CondStmnt>
<BasicStmnt CovItemId="S13" CovItemPrefix="libFSTest.session.Test_session.java" Intrnl_Id="47">
<LocList>
<Loc EndOffset="2579" SrcFileId="1" StartOffset="2498"/>
</LocList>
</BasicStmnt>
<BasicStmnt CovItemId="S14" CovItemPrefix="libFSTest.session.Test_session.java" Intrnl_Id="48">
<LocList>
<Loc EndOffset="2606" SrcFileId="1" StartOffset="2583"/>
</LocList>
</BasicStmnt>
</StmntSeq>
</HierarchyLvl>
<HierarchyLvl HierarchyLvlId="99" HierarchyLvlTypeId="4" Intrnl_Id="49" Name="ControlloRisposta">
<Header>
<Loc EndOffset="2850" SrcFileId="1" StartOffset="2798"/>
</Header>
<LocList>
<Loc EndOffset="3904" SrcFileId="1" StartOffset="2798"/>
</LocList>
<StmntSeq Intrnl_Id="50">
<LocList>
<Loc EndOffset="2917" SrcFileId="1" StartOffset="2871"/>
<Loc EndOffset="3680" SrcFileId="1" StartOffset="2962"/>
<Loc EndOffset="3729" SrcFileId="1" StartOffset="3686"/>
<Loc EndOffset="3883" SrcFileId="1" StartOffset="3733"/>
<Loc EndOffset="3900" SrcFileId="1" StartOffset="3889"/>
</LocList>
<BasicStmnt CovItemId="S15" CovItemPrefix="libFSTest.session.Test_session.java" Intrnl_Id="51">
<LocList>
<Loc EndOffset="2917" SrcFileId="1" StartOffset="2871"/>
</LocList>
</BasicStmnt>
<CondStmnt CovItemId="S16" CovItemPrefix="libFSTest.session.Test_session.java" Intrnl_Id="52">
<Branch CovItemId="B3" CovItemPrefix="libFSTest.session.Test_session.java" Implct="false" Intrnl_Id="53">
<Cond/>
<LocList>
<Loc EndOffset="3077" SrcFileId="1" StartOffset="2989"/>
</LocList>
<StmntSeq Intrnl_Id="54">
<LocList>
<Loc EndOffset="3046" SrcFileId="1" StartOffset="2995"/>
<Loc EndOffset="3072" SrcFileId="1" StartOffset="3051"/>
</LocList>
<BasicStmnt CovItemId="S17" CovItemPrefix="libFSTest.session.Test_session.java" Intrnl_Id="55">
<LocList>
<Loc EndOffset="3046" SrcFileId="1" StartOffset="2995"/>
</LocList>
</BasicStmnt>
<BasicStmnt CovItemId="S18" CovItemPrefix="libFSTest.session.Test_session.java" Intrnl_Id="56">
<LocList>
<Loc EndOffset="3072" SrcFileId="1" StartOffset="3051"/>
</LocList>
</BasicStmnt>
</StmntSeq>
</Branch>
<Branch CovItemId="B4" CovItemPrefix="libFSTest.session.Test_session.java" Implct="false" Intrnl_Id="57">
<Cond>
<Loc EndOffset="3082" SrcFileId="1" StartOffset="3078"/>
</Cond>
<LocList>
<Loc EndOffset="3680" SrcFileId="1" StartOffset="3083"/>
</LocList>
<StmntSeq Intrnl_Id="58">
<LocList>
<Loc EndOffset="3680" SrcFileId="1" StartOffset="3083"/>
</LocList>
<CondStmnt CovItemId="S19" CovItemPrefix="libFSTest.session.Test_session.java" Intrnl_Id="59">
<Branch CovItemId="B5" CovItemPrefix="libFSTest.session.Test_session.java" Implct="false" Intrnl_Id="60">
<Cond/>
<LocList>
<Loc EndOffset="3356" SrcFileId="1" StartOffset="3152"/>
</LocList>
<StmntSeq Intrnl_Id="61">
<LocList>
<Loc EndOffset="3211" SrcFileId="1" StartOffset="3158"/>
<Loc EndOffset="3351" SrcFileId="1" StartOffset="3216"/>
</LocList>
<BasicStmnt CovItemId="S20" CovItemPrefix="libFSTest.session.Test_session.java" Intrnl_Id="62">
<LocList>
<Loc EndOffset="3211" SrcFileId="1" StartOffset="3158"/>
</LocList>
</BasicStmnt>
<CondStmnt CovItemId="S21" CovItemPrefix="libFSTest.session.Test_session.java" Intrnl_Id="63">
<Branch CovItemId="B7" CovItemPrefix="libFSTest.session.Test_session.java" Implct="false" Intrnl_Id="64">
<Cond/>
<LocList>
<Loc EndOffset="3311" SrcFileId="1" StartOffset="3279"/>
</LocList>
<StmntSeq Intrnl_Id="65">
<LocList>
<Loc EndOffset="3305" SrcFileId="1" StartOffset="3286"/>
</LocList>
<BasicStmnt CovItemId="S22" CovItemPrefix="libFSTest.session.Test_session.java" Intrnl_Id="66">
<LocList>
<Loc EndOffset="3305" SrcFileId="1" StartOffset="3286"/>
</LocList>
</BasicStmnt>
</StmntSeq>
</Branch>
<Branch CovItemId="B8" CovItemPrefix="libFSTest.session.Test_session.java" Implct="false" Intrnl_Id="67">
<Cond>
<Loc EndOffset="3315" SrcFileId="1" StartOffset="3311"/>
</Cond>
<LocList>
<Loc EndOffset="3351" SrcFileId="1" StartOffset="3316"/>
</LocList>
<StmntSeq Intrnl_Id="68">
<LocList>
<Loc EndOffset="3345" SrcFileId="1" StartOffset="3323"/>
</LocList>
<BasicStmnt CovItemId="S23" CovItemPrefix="libFSTest.session.Test_session.java" Intrnl_Id="69">
<LocList>
<Loc EndOffset="3345" SrcFileId="1" StartOffset="3323"/>
</LocList>
</BasicStmnt>
</StmntSeq>
</Branch>
<Keyword EndOffset="3218" SrcFileId="1" StartOffset="3216"/>
<LocList>
<Loc EndOffset="3351" SrcFileId="1" StartOffset="3216"/>
</LocList>
<RootTerm CovItemId="C4" CovItemPrefix="libFSTest.session.Test_session.java" Intrnl_Id="70">
<BasicBoolTerm Intrnl_Id="71">
<LocList>
<Loc EndOffset="3277" SrcFileId="1" StartOffset="3219"/>
</LocList>
</BasicBoolTerm>
</RootTerm>
</CondStmnt>
</StmntSeq>
</Branch>
<Branch CovItemId="B6" CovItemPrefix="libFSTest.session.Test_session.java" Implct="false" Intrnl_Id="72">
<Cond>
<Loc EndOffset="3361" SrcFileId="1" StartOffset="3357"/>
</Cond>
<LocList>
<Loc EndOffset="3680" SrcFileId="1" StartOffset="3362"/>
</LocList>
<StmntSeq Intrnl_Id="73">
<LocList>
<Loc EndOffset="3530" SrcFileId="1" StartOffset="3474"/>
<Loc EndOffset="3671" SrcFileId="1" StartOffset="3535"/>
</LocList>
<BasicStmnt CovItemId="S24" CovItemPrefix="libFSTest.session.Test_session.java" Intrnl_Id="74">
<LocList>
<Loc EndOffset="3530" SrcFileId="1" StartOffset="3474"/>
</LocList>
<QMO CovItemId="Q1" CovItemPrefix="libFSTest.session.Test_session.java" Intrnl_Id="75">
<LocList>
<Loc EndOffset="3417" SrcFileId="1" StartOffset="3393"/>
</LocList>
<QMO_E CovItemId="Q1-0" CovItemPrefix="libFSTest.session.Test_session.java" Intrnl_Id="76">
<LocList>
<Loc EndOffset="3429" SrcFileId="1" StartOffset="3420"/>
</LocList>
</QMO_E>
<QMO_E CovItemId="Q1-1" CovItemPrefix="libFSTest.session.Test_session.java" Intrnl_Id="77">
<LocList>
<Loc EndOffset="3440" SrcFileId="1" StartOffset="3432"/>
</LocList>
</QMO_E>
</QMO>
</BasicStmnt>
<CondStmnt CovItemId="S25" CovItemPrefix="libFSTest.session.Test_session.java" Intrnl_Id="78">
<Branch CovItemId="B9" CovItemPrefix="libFSTest.session.Test_session.java" Implct="false" Intrnl_Id="79">
<Cond/>
<LocList>
<Loc EndOffset="3630" SrcFileId="1" StartOffset="3598"/>
</LocList>
<StmntSeq Intrnl_Id="80">
<LocList>
<Loc EndOffset="3624" SrcFileId="1" StartOffset="3605"/>
</LocList>
<BasicStmnt CovItemId="S26" CovItemPrefix="libFSTest.session.Test_session.java" Intrnl_Id="81">
<LocList>
<Loc EndOffset="3624" SrcFileId="1" StartOffset="3605"/>
</LocList>
</BasicStmnt>
</StmntSeq>
</Branch>
<Branch CovItemId="B10" CovItemPrefix="libFSTest.session.Test_session.java" Implct="false" Intrnl_Id="82">
<Cond>
<Loc EndOffset="3634" SrcFileId="1" StartOffset="3630"/>
</Cond>
<LocList>
<Loc EndOffset="3671" SrcFileId="1" StartOffset="3635"/>
</LocList>
<StmntSeq Intrnl_Id="83">
<LocList>
<Loc EndOffset="3665" SrcFileId="1" StartOffset="3642"/>
</LocList>
<BasicStmnt CovItemId="S27" CovItemPrefix="libFSTest.session.Test_session.java" Intrnl_Id="84">
<LocList>
<Loc EndOffset="3665" SrcFileId="1" StartOffset="3642"/>
</LocList>
</BasicStmnt>
</StmntSeq>
</Branch>
<Keyword EndOffset="3537" SrcFileId="1" StartOffset="3535"/>
<LocList>
<Loc EndOffset="3671" SrcFileId="1" StartOffset="3535"/>
</LocList>
<RootTerm CovItemId="C5" CovItemPrefix="libFSTest.session.Test_session.java" Intrnl_Id="85">
<BasicBoolTerm Intrnl_Id="86">
<LocList>
<Loc EndOffset="3596" SrcFileId="1" StartOffset="3538"/>
</LocList>
</BasicBoolTerm>
</RootTerm>
</CondStmnt>
</StmntSeq>
</Branch>
<Keyword EndOffset="3085" SrcFileId="1" StartOffset="3083"/>
<LocList>
<Loc EndOffset="3680" SrcFileId="1" StartOffset="3083"/>
</LocList>
<RootTerm CovItemId="C3" CovItemPrefix="libFSTest.session.Test_session.java" Intrnl_Id="87">
<BasicBoolTerm Intrnl_Id="88">
<LocList>
<Loc EndOffset="3150" SrcFileId="1" StartOffset="3087"/>
</LocList>
</BasicBoolTerm>
</RootTerm>
</CondStmnt>
</StmntSeq>
</Branch>
<Keyword EndOffset="2964" SrcFileId="1" StartOffset="2962"/>
<LocList>
<Loc EndOffset="3680" SrcFileId="1" StartOffset="2962"/>
</LocList>
<RootTerm CovItemId="C2" CovItemPrefix="libFSTest.session.Test_session.java" Intrnl_Id="89">
<BasicBoolTerm Intrnl_Id="90">
<LocList>
<Loc EndOffset="2987" SrcFileId="1" StartOffset="2966"/>
</LocList>
</BasicBoolTerm>
</RootTerm>
</CondStmnt>
<BasicStmnt CovItemId="S28" CovItemPrefix="libFSTest.session.Test_session.java" Intrnl_Id="91">
<LocList>
<Loc EndOffset="3729" SrcFileId="1" StartOffset="3686"/>
</LocList>
</BasicStmnt>
<BasicStmnt CovItemId="S29" CovItemPrefix="libFSTest.session.Test_session.java" Intrnl_Id="92">
<LocList>
<Loc EndOffset="3883" SrcFileId="1" StartOffset="3733"/>
</LocList>
<QMO CovItemId="Q2" CovItemPrefix="libFSTest.session.Test_session.java" Intrnl_Id="93">
<LocList>
<Loc EndOffset="3808" SrcFileId="1" StartOffset="3784"/>
</LocList>
<QMO_E CovItemId="Q2-0" CovItemPrefix="libFSTest.session.Test_session.java" Intrnl_Id="94">
<LocList>
<Loc EndOffset="3820" SrcFileId="1" StartOffset="3811"/>
</LocList>
</QMO_E>
<QMO_E CovItemId="Q2-1" CovItemPrefix="libFSTest.session.Test_session.java" Intrnl_Id="95">
<LocList>
<Loc EndOffset="3831" SrcFileId="1" StartOffset="3823"/>
</LocList>
</QMO_E>
</QMO>
</BasicStmnt>
<BasicStmnt CovItemId="S30" CovItemPrefix="libFSTest.session.Test_session.java" Intrnl_Id="96">
<LocList>
<Loc EndOffset="3900" SrcFileId="1" StartOffset="3889"/>
</LocList>
</BasicStmnt>
</StmntSeq>
</HierarchyLvl>
<HierarchyLvl HierarchyLvlId="100" HierarchyLvlTypeId="4" Intrnl_Id="97" Name="getSessionResults">
<Header>
<Loc EndOffset="4048" SrcFileId="1" StartOffset="4009"/>
</Header>
<LocList>
<Loc EndOffset="4203" SrcFileId="1" StartOffset="4009"/>
</LocList>
<StmntSeq Intrnl_Id="98">
<LocList>
<Loc EndOffset="4100" SrcFileId="1" StartOffset="4054"/>
<Loc EndOffset="4181" SrcFileId="1" StartOffset="4104"/>
<Loc EndOffset="4199" SrcFileId="1" StartOffset="4185"/>
</LocList>
<BasicStmnt CovItemId="S31" CovItemPrefix="libFSTest.session.Test_session.java" Intrnl_Id="99">
<LocList>
<Loc EndOffset="4100" SrcFileId="1" StartOffset="4054"/>
</LocList>
</BasicStmnt>
<LoopStmnt CovItemId="S32" CovItemPrefix="libFSTest.session.Test_session.java" Intrnl_Id="100" MltplExecId="L1-2" MltplExecPrefix="libFSTest.session.Test_session.java" NvrExecId="L1-0" NvrExecPrefix="libFSTest.session.Test_session.java" OnceExecutedId="L1-1" OnceExecutedPrefix="libFSTest.session.Test_session.java" OptBodyExec="true">
<StmntSeq Intrnl_Id="101">
<LocList>
<Loc EndOffset="4176" SrcFileId="1" StartOffset="4150"/>
</LocList>
<BasicStmnt CovItemId="S33" CovItemPrefix="libFSTest.session.Test_session.java" Intrnl_Id="102">
<LocList>
<Loc EndOffset="4176" SrcFileId="1" StartOffset="4150"/>
</LocList>
</BasicStmnt>
</StmntSeq>
<Keyword EndOffset="4107" SrcFileId="1" StartOffset="4104"/>
<LocList>
<Loc EndOffset="4181" SrcFileId="1" StartOffset="4104"/>
</LocList>
</LoopStmnt>
<BasicStmnt CovItemId="S34" CovItemPrefix="libFSTest.session.Test_session.java" Intrnl_Id="103">
<LocList>
<Loc EndOffset="4199" SrcFileId="1" StartOffset="4185"/>
</LocList>
</BasicStmnt>
</StmntSeq>
</HierarchyLvl>
<HierarchyLvl HierarchyLvlId="101" HierarchyLvlTypeId="4" Intrnl_Id="104" Name="getSessionAnswers">
<Header>
<Loc EndOffset="4350" SrcFileId="1" StartOffset="4302"/>
</Header>
<LocList>
<Loc EndOffset="4420" SrcFileId="1" StartOffset="4302"/>
</LocList>
<StmntSeq Intrnl_Id="105">
<LocList>
<Loc EndOffset="4416" SrcFileId="1" StartOffset="4356"/>
</LocList>
<BasicStmnt CovItemId="S35" CovItemPrefix="libFSTest.session.Test_session.java" Intrnl_Id="106">
<LocList>
<Loc EndOffset="4416" SrcFileId="1" StartOffset="4356"/>
</LocList>
</BasicStmnt>
</StmntSeq>
</HierarchyLvl>
</HierarchyLvl>
</HierarchyLvl>
</HierarchyLvl>
</HierarchyLvl>
</MASTRoot>
</TestSessionContainer>
