<?xml version="1.0" encoding="UTF-8"?><TestSessionContainer xmlns="http://www.codecover.org/xml/testsession-container" Date="1620375534785" TestSessionContainerId="ca1f1cba-d321-4c2b-8892-d22756a7e21d" version="1.0">
<SrcFileList>
<SrcFile Content="package libFSTest.test;&#13;&#10;&#13;&#10;import java.awt.Color;&#13;&#10;import java.awt.Dimension;&#13;&#10;import java.util.Calendar;&#13;&#10;import java.util.GregorianCalendar;&#13;&#10;import java.util.Locale;&#13;&#10;import java.util.TimeZone;&#13;&#10;&#13;&#10;public class DatiGenerazione {&#13;&#10;&#9;private Dimension dimensione;&#13;&#10;&#9;private String Nome;&#13;&#10;&#9;private String Sesso;&#13;&#10;&#9;private Calendar dataNasc;&#13;&#10;&#9;private int MonitorSize;&#13;&#10;&#9;private int WRect;&#13;&#10;&#9;private int HRect;&#13;&#10;&#9;private int HBar;&#13;&#10;&#9;private int XBar;&#13;&#10;&#9;private int livMax;&#13;&#10;&#9;private int livMin;&#13;&#10;&#9;private int distSchermo;&#13;&#10;&#9;private Color c1;&#13;&#10;&#9;private Color c2;&#13;&#10;&#9;private boolean Pos;&#13;&#10;&#9;private double Livello;&#13;&#10;&#9;private double Angolo;&#13;&#10;&#9;private Calendar DataEsame;&#13;&#10;&#9;&#13;&#10;&#9;/**&#13;&#10;&#9; * Costruttore&#13;&#10;&#9; */&#13;&#10;&#9;public DatiGenerazione(){&#13;&#10;&#9;&#9;dimensione=new Dimension(1,1);&#13;&#10;&#9;&#9;Nome=&quot;Unnamed&quot;;&#13;&#10;&#9;&#9;Sesso=&quot;null&quot;;&#13;&#10;&#9;&#9;dataNasc=Calendar.getInstance(TimeZone.getTimeZone(&quot;Europe/Rome&quot;),Locale.ITALY);&#13;&#10;&#9;&#9;MonitorSize=0;&#13;&#10;&#9;&#9;WRect=-1;&#13;&#10;&#9;&#9;HRect=-1;&#13;&#10;&#9;&#9;HBar=-1;&#13;&#10;&#9;&#9;XBar=-1;&#13;&#10;&#9;&#9;distSchermo=0;&#13;&#10;&#9;&#9;c1=Color.RED;&#13;&#10;&#9;&#9;c2=Color.BLUE;&#13;&#10;&#9;&#9;livMin=-1;&#13;&#10;&#9;&#9;livMax=-1;&#13;&#10;&#9;&#9;Pos=false;&#13;&#10;&#9;&#9;Livello=-1;&#13;&#10;&#9;&#9;Angolo=-1;&#13;&#10;&#9;&#9;DataEsame=Calendar.getInstance();&#13;&#10;&#9;&#9;&#13;&#10;&#9;}&#13;&#10;&#9;&#13;&#10;&#9;&#13;&#10;&#9;/**&#13;&#10;&#9; * @return the nome&#13;&#10;&#9; */&#13;&#10;&#9;public String getNome() {&#13;&#10;&#9;&#9;return Nome;&#13;&#10;&#9;}&#13;&#10;&#9;/**&#13;&#10;&#9; * @param nome the nome to set&#13;&#10;&#9; */&#13;&#10;&#9;public void setNome(String nome) {&#13;&#10;&#9;&#9;Nome = nome;&#13;&#10;&#9;}&#13;&#10;&#9;/**&#13;&#10;&#9; * @return the sesso&#13;&#10;&#9; */&#13;&#10;&#9;public String getSesso() {&#13;&#10;&#9;&#9;return Sesso;&#13;&#10;&#9;}&#13;&#10;&#9;/**&#13;&#10;&#9; * @param sesso the sesso to set&#13;&#10;&#9; */&#13;&#10;&#9;public void setSesso(String sesso) {&#13;&#10;&#9;&#9;Sesso = sesso;&#13;&#10;&#9;}&#13;&#10;&#9;&#13;&#10;&#9;/**&#13;&#10;&#9; * @return the dataNasc&#13;&#10;&#9; */&#13;&#10;&#9;public Calendar getDataNasc() {&#13;&#10;&#9;&#9;return dataNasc;&#13;&#10;&#9;}&#13;&#10;&#9;/**&#13;&#10;&#9; * @param dn the dataNasc to set&#13;&#10;&#9; */&#13;&#10;&#9;public void setDataNasc(Calendar dn) {&#13;&#10;&#9;&#9;Calendar dateNow=Calendar.getInstance(TimeZone.getTimeZone(&quot;Europe/Rome&quot;),Locale.ITALY);&#13;&#10;&#9;&#9;if(dateNow.after(dn)) {&#13;&#10;&#9;&#9;this.dataNasc = dn;}&#13;&#10;&#9;}&#13;&#10;&#9;/**&#13;&#10;&#9; * @param dataNasc the dataNasc to set in dd/mm/yyyy&#13;&#10;&#9; */&#13;&#10;&#9;public void setDataNasc(String dataNascString) {&#13;&#10;&#9;&#9;if(dataNascString.charAt(2)=='/' &amp;&amp; dataNascString.charAt(5)=='/') {&#13;&#10;&#9;&#9;&#9;Calendar d = Calendar.getInstance(TimeZone.getTimeZone(&quot;Europe/Rome&quot;),Locale.ITALY);&#13;&#10;&#9;&#9;&#9;GregorianCalendar data=new GregorianCalendar();&#13;&#10;&#9;&#9;&#9;DataEsame=dataNasc;&#13;&#10;&#9;&#9;&#9;DataEsame.setTime(data.getTime());&#13;&#10;&#9;&#9;&#9;char[] cD=dataNascString.toCharArray();&#13;&#10;&#9;&#9;&#9;String a=&quot;&quot;+cD[6]+cD[7]+cD[8]+cD[9];&#13;&#10;&#9;&#9;&#9;String m=&quot;&quot;+cD[3]+cD[4];&#13;&#10;&#9;&#9;&#9;String g=&quot;&quot;+cD[0]+cD[1];&#13;&#10;&#9;&#9;&#9;if(Integer.parseInt(m)&lt;=11||Integer.parseInt(g)&lt;=31) {&#13;&#10;&#9;&#9;&#9;&#9;data=new GregorianCalendar(Integer.parseInt(a),Integer.parseInt(m)-1, Integer.parseInt(g));&#13;&#10;&#9;&#9;&#13;&#10;&#9;&#9;&#9;&#9;if(DataEsame.getTime().after(data.getTime())) {&#13;&#10;&#9;&#9;&#9;&#9;&#9;this.dataNasc.setTime(data.getTime());&#13;&#10;&#9;&#9;&#9;&#9;}&#13;&#10;&#9;&#9;&#9;}&#13;&#10;&#9;&#9;}&#13;&#10;&#9;}&#13;&#10;&#9;/**&#13;&#10;&#9; * @return the monitorSize&#13;&#10;&#9; */&#13;&#10;&#9;public int getMonitorSize() {&#13;&#10;&#9;&#9;return MonitorSize;&#13;&#10;&#9;}&#13;&#10;&#9;/**&#13;&#10;&#9; * @param d the monitorSize to set&#13;&#10;&#9; */&#13;&#10;&#9;public void setMonitorSize(int d) {&#13;&#10;&#9;&#9;if(d&gt;0)&#13;&#10;&#9;&#9;MonitorSize = d;&#13;&#10;&#9;}&#13;&#10;&#9;/**&#13;&#10;&#9; * @return the wRect&#13;&#10;&#9; */&#13;&#10;&#9;public int getWRect() {&#13;&#10;&#9;&#9;return WRect;&#13;&#10;&#9;}&#13;&#10;&#9;/**&#13;&#10;&#9; * @param wRect the wRect to set&#13;&#10;&#9; */&#13;&#10;&#9;public void setWRect(int wRect) {&#13;&#10;&#9;&#9;if(wRect&lt;(dimensione.getWidth()-20)&amp;&amp;wRect&gt;0) WRect = wRect;&#13;&#10;&#9;&#9;else WRect=(int) (dimensione.getWidth()-20);&#13;&#10;&#9;}&#13;&#10;&#9;/**&#13;&#10;&#9; * @return the hRect&#13;&#10;&#9; */&#13;&#10;&#9;public int getHRect() {&#13;&#10;&#9;&#9;return HRect;&#13;&#10;&#9;}&#13;&#10;&#9;/**&#13;&#10;&#9; * @param hRect the hRect to set&#13;&#10;&#9; */&#13;&#10;&#9;public void setHRect(int hRect) {&#13;&#10;&#9;&#9;if(hRect&lt;(dimensione.getHeight()-20)&amp;&amp;hRect&gt;0) HRect = hRect;&#13;&#10;&#9;&#9;else HRect=(int) (dimensione.getHeight()-20);&#13;&#10;&#9;}&#13;&#10;&#9;/**&#13;&#10;&#9; * @return the hBar&#13;&#10;&#9; */&#13;&#10;&#9;public int getHBar() {&#13;&#10;&#9;&#9;return HBar;&#13;&#10;&#9;}&#13;&#10;&#9;/**&#13;&#10;&#9; * @param hBar the hBar to set&#13;&#10;&#9; */&#13;&#10;&#9;public void setHBar(int hBar) {&#13;&#10;&#9;&#9;if(hBar&lt;(HRect-10)&amp;&amp;hBar&gt;0)&#9;HBar = hBar;&#13;&#10;&#9;&#9;else HBar=HRect-10;&#13;&#10;&#9;}&#13;&#10;&#9;/**&#13;&#10;&#9; * @return the xBar&#13;&#10;&#9; */&#13;&#10;&#9;public int getXBar() {&#13;&#10;&#9;&#9;return XBar;&#13;&#10;&#9;}&#13;&#10;&#9;/**&#13;&#10;&#9; * @param xBar the xBar to set&#13;&#10;&#9; */&#13;&#10;&#9;public void setXBar(int xBar) {&#13;&#10;&#9;&#9;if(livMin==-1&amp;&amp;livMax&gt;=livMin)&#13;&#10;&#9;&#9;&#9;this.livMin=livMax;&#13;&#10;&#9;&#9;if(xBar&lt;=livMax &amp;&amp; xBar&gt;=livMin)&#9;this.XBar = xBar;&#13;&#10;&#9;&#9;else this.XBar=livMax;&#13;&#10;&#9;}&#13;&#10;&#9;/**&#13;&#10;&#9; * @return the livMax&#13;&#10;&#9; */&#13;&#10;&#9;public int getLivMax() {&#13;&#10;&#9;&#9;return livMax;&#13;&#10;&#9;}&#13;&#10;&#13;&#10;&#13;&#10;&#9;/**&#13;&#10;&#9; * @param livMax the livMax to set&#13;&#10;&#9; */&#13;&#10;&#9;public void setLivMax(int livMax) {&#13;&#10;&#9;&#9;if(livMax&lt;(WRect-10)&amp;&amp;livMax&gt;0)&#9;this.livMax = livMax;&#13;&#10;&#9;&#9;else this.livMax = WRect-10;&#13;&#10;&#9;&#9;this.XBar=this.livMax;&#13;&#10;&#9;}&#13;&#10;&#13;&#10;&#13;&#10;&#9;/**&#13;&#10;&#9; * @return the livMin&#13;&#10;&#9; */&#13;&#10;&#9;public int getLivMin() {&#13;&#10;&#9;&#9;return livMin;&#13;&#10;&#9;}&#13;&#10;&#13;&#10;&#13;&#10;&#9;/**&#13;&#10;&#9; * @param livMin the livMin to set&#13;&#10;&#9; */&#13;&#10;&#9;public void setLivMin(int livMin) {&#13;&#10;&#9;&#9;if(livMax==-1)&#13;&#10;&#9;&#9;&#9;livMax=livMin;&#13;&#10;&#9;&#9;if(livMin&lt;(WRect-10)&amp;&amp;livMin&gt;0&amp;&amp;livMin&lt;=livMax)&#9;this.livMin = livMin;&#13;&#10;&#9;&#9;else this.livMin=livMax;&#13;&#10;&#9;}&#13;&#10;&#13;&#10;&#13;&#10;&#9;/**&#13;&#10;&#9; * @return the distSchermo&#13;&#10;&#9; */&#13;&#10;&#9;public int getDistSchermo() {&#13;&#10;&#9;&#9;return distSchermo;&#13;&#10;&#9;}&#13;&#10;&#9;/**&#13;&#10;&#9; * @param distSchermo the distSchermo to set&#13;&#10;&#9; */&#13;&#10;&#9;public void setDistSchermo(int distSchermo) {&#13;&#10;&#9;&#9;this.distSchermo = distSchermo*10;&#13;&#10;&#9;}&#13;&#10;&#9;/**&#13;&#10;&#9; * @return the c1&#13;&#10;&#9; */&#13;&#10;&#9;public Color getC1() {&#13;&#10;&#9;&#9;return c1;&#13;&#10;&#9;}&#13;&#10;&#9;/**&#13;&#10;&#9; * @param c1 the c1 to set&#13;&#10;&#9; */&#13;&#10;&#9;public void setC1(Color c1) {&#13;&#10;&#9;&#9;this.c1 = c1;&#13;&#10;&#9;}&#13;&#10;&#9;/**&#13;&#10;&#9; * @return the c2&#13;&#10;&#9; */&#13;&#10;&#9;public Color getC2() {&#13;&#10;&#9;&#9;return c2;&#13;&#10;&#9;}&#13;&#10;&#9;/**&#13;&#10;&#9; * @param c2 the c2 to set&#13;&#10;&#9; */&#13;&#10;&#9;public void setC2(Color c2) {&#13;&#10;&#9;&#9;this.c2 = c2;&#13;&#10;&#9;}&#13;&#10;&#9;&#13;&#10;&#9;/**&#13;&#10;&#9; * @return the pos&#13;&#10;&#9; */&#13;&#10;&#9;public boolean getPos() {&#13;&#10;&#9;&#9;return Pos;&#13;&#10;&#9;}&#13;&#10;&#13;&#10;&#13;&#10;&#9;/**&#13;&#10;&#9; * @param pos the position to set, false if behind or true if in front&#13;&#10;&#9; */&#13;&#10;&#9;public void setPos(boolean pos) {&#13;&#10;&#9;&#9;if(pos!=Pos) {&#13;&#10;&#9;&#9;&#9;Color cTemp=getC1();&#13;&#10;&#9;&#9;&#9;this.setC1(getC2());&#13;&#10;&#9;&#9;&#9;this.setC2(cTemp);&#13;&#10;&#9;&#9;}&#13;&#10;&#9;&#9;Pos = pos;&#13;&#10;&#9;&#9;&#13;&#10;&#9;}&#13;&#10;&#13;&#10;&#13;&#10;&#9;&#13;&#10;&#9;/**&#13;&#10;&#9; * @return the livello in µm&#13;&#10;&#9; */&#13;&#10;&#9;public double getLivello() {&#13;&#10;&#9;&#9;return Livello;&#13;&#10;&#9;}&#13;&#10;&#9;/**&#13;&#10;&#9; * @param i the livello to set (in µm)&#13;&#10;&#9; */&#13;&#10;&#9;public void setLivello(double i) {&#13;&#10;&#9;&#9;Livello = i;&#13;&#10;&#9;}&#13;&#10;&#9;/**&#13;&#10;&#9; * @return the angolo&#13;&#10;&#9; */&#13;&#10;&#9;public double getAngolo() {&#13;&#10;&#9;&#9;return Angolo;&#13;&#10;&#9;}&#13;&#10;&#9;/**&#13;&#10;&#9; * @param d the angolo to set&#13;&#10;&#9; */&#13;&#10;&#9;public void setAngolo(double d) {&#13;&#10;&#9;&#9;this.Angolo = d;&#13;&#10;&#9;}&#13;&#10;&#9;/**&#13;&#10;&#9; * @return the dataEsame&#13;&#10;&#9; */&#13;&#10;&#9;public Calendar getDataEsame() {&#13;&#10;&#9;&#9;return DataEsame;&#13;&#10;&#9;}&#13;&#10;&#9;&#13;&#10;&#9;/**&#13;&#10;&#9; * @param dimensione the dimension to set (Dimension format)&#13;&#10;&#9; */&#13;&#10;&#9;public void setDimensione(Dimension dimensione) {&#13;&#10;&#9;&#9;this.dimensione = dimensione;&#13;&#10;&#9;}&#13;&#10;&#9;/**&#13;&#10;&#9; * @return dimensione&#13;&#10;&#9; */&#13;&#10;&#9;public Dimension getDimensione() {&#13;&#10;&#9;&#9;return dimensione;&#13;&#10;&#9;}&#13;&#10;&#9;/**&#13;&#10;&#9; * @param dimensione the dimension to set (width and height in integer)&#13;&#10;&#9; */&#13;&#10;&#9;public void setDimensione(int w,int h) {&#13;&#10;&#9;&#9;this.dimensione = new Dimension(w,h);&#13;&#10;&#9;}&#13;&#10;&#9;/**&#13;&#10;&#9; * @param dimensione the dimension to set (width and height in double)&#13;&#10;&#9; */&#13;&#10;&#9;public void setDimensione(double w,double h) {&#13;&#10;&#9;&#9;this.dimensione = new Dimension((int)w,(int)h);&#13;&#10;&#9;}&#13;&#10;&#13;&#10;&#13;&#10;&#9;&#13;&#10;&#9;&#13;&#10;}&#13;&#10;" Filename="DatiGenerazione.java" Intrnl_Id="1"/>
</SrcFileList>
<CritList>
<CritListEntry Name="org.codecover.model.utils.criteria.LoopCoverage" PluginName="org.codecover"/>
<CritListEntry Name="org.codecover.model.utils.criteria.ConditionCoverage" PluginName="org.codecover"/>
<CritListEntry Name="org.codecover.model.utils.criteria.BranchCoverage" PluginName="org.codecover"/>
<CritListEntry Name="org.codecover.model.utils.criteria.StatementCoverage" PluginName="org.codecover"/>
</CritList>
<BoolOpList>
<BoolOp Arity="2" Intrnl_Id="2" Name="conditional and (&amp;&amp;)">
<BoolAssgnmntBoolMapList>
<MapEntry BoolAssgnmnt="02" Value="false"/>
<MapEntry BoolAssgnmnt="10" Value="false"/>
<MapEntry BoolAssgnmnt="11" Value="true"/>
</BoolAssgnmntBoolMapList>
</BoolOp>
<BoolOp Arity="2" Intrnl_Id="3" Name="conditional or (||)">
<BoolAssgnmntBoolMapList>
<MapEntry BoolAssgnmnt="00" Value="false"/>
<MapEntry BoolAssgnmnt="01" Value="true"/>
<MapEntry BoolAssgnmnt="12" Value="true"/>
</BoolAssgnmntBoolMapList>
</BoolOp>
</BoolOpList>
<HierarchyLvlTypeList>
<HierarchyLvlType EnglishName="package" IntrnlName="package" Intrnl_Id="4"/>
<HierarchyLvlType EnglishName="method" IntrnlName="method" Intrnl_Id="5"/>
<HierarchyLvlType EnglishName="class" IntrnlName="class" Intrnl_Id="6"/>
<HierarchyLvlType EnglishName="default package" IntrnlName="default package" Intrnl_Id="7"/>
</HierarchyLvlTypeList>
<MASTRoot>
<HierarchyLvl HierarchyLvlId="227" HierarchyLvlTypeId="7" Intrnl_Id="8" Name="default package">
<Header/>
<LocList/>
<HierarchyLvl HierarchyLvlId="226" HierarchyLvlTypeId="4" Intrnl_Id="9" Name="libFSTest">
<Header/>
<LocList/>
<HierarchyLvl HierarchyLvlId="225" HierarchyLvlTypeId="4" Intrnl_Id="10" Name="test">
<Header/>
<LocList/>
<HierarchyLvl HierarchyLvlId="224" HierarchyLvlTypeId="6" Intrnl_Id="11" Name="DatiGenerazione">
<Header>
<Loc EndOffset="228" SrcFileId="1" StartOffset="200"/>
</Header>
<LocList>
<Loc EndOffset="6643" SrcFileId="1" StartOffset="200"/>
</LocList>
<HierarchyLvl HierarchyLvlId="185" HierarchyLvlTypeId="5" Intrnl_Id="12" Name="DatiGenerazione">
<Header>
<Loc EndOffset="721" SrcFileId="1" StartOffset="697"/>
</Header>
<LocList>
<Loc EndOffset="1113" SrcFileId="1" StartOffset="697"/>
</LocList>
<StmntSeq Intrnl_Id="13">
<LocList>
<Loc EndOffset="756" SrcFileId="1" StartOffset="726"/>
<Loc EndOffset="775" SrcFileId="1" StartOffset="760"/>
<Loc EndOffset="792" SrcFileId="1" StartOffset="779"/>
<Loc EndOffset="876" SrcFileId="1" StartOffset="796"/>
<Loc EndOffset="894" SrcFileId="1" StartOffset="880"/>
<Loc EndOffset="907" SrcFileId="1" StartOffset="898"/>
<Loc EndOffset="920" SrcFileId="1" StartOffset="911"/>
<Loc EndOffset="932" SrcFileId="1" StartOffset="924"/>
<Loc EndOffset="944" SrcFileId="1" StartOffset="936"/>
<Loc EndOffset="962" SrcFileId="1" StartOffset="948"/>
<Loc EndOffset="979" SrcFileId="1" StartOffset="966"/>
<Loc EndOffset="997" SrcFileId="1" StartOffset="983"/>
<Loc EndOffset="1011" SrcFileId="1" StartOffset="1001"/>
<Loc EndOffset="1025" SrcFileId="1" StartOffset="1015"/>
<Loc EndOffset="1039" SrcFileId="1" StartOffset="1029"/>
<Loc EndOffset="1054" SrcFileId="1" StartOffset="1043"/>
<Loc EndOffset="1068" SrcFileId="1" StartOffset="1058"/>
<Loc EndOffset="1105" SrcFileId="1" StartOffset="1072"/>
</LocList>
<BasicStmnt CovItemId="S1" CovItemPrefix="libFSTest.test.DatiGenerazione.java" Intrnl_Id="14">
<LocList>
<Loc EndOffset="756" SrcFileId="1" StartOffset="726"/>
</LocList>
</BasicStmnt>
<BasicStmnt CovItemId="S2" CovItemPrefix="libFSTest.test.DatiGenerazione.java" Intrnl_Id="15">
<LocList>
<Loc EndOffset="775" SrcFileId="1" StartOffset="760"/>
</LocList>
</BasicStmnt>
<BasicStmnt CovItemId="S3" CovItemPrefix="libFSTest.test.DatiGenerazione.java" Intrnl_Id="16">
<LocList>
<Loc EndOffset="792" SrcFileId="1" StartOffset="779"/>
</LocList>
</BasicStmnt>
<BasicStmnt CovItemId="S4" CovItemPrefix="libFSTest.test.DatiGenerazione.java" Intrnl_Id="17">
<LocList>
<Loc EndOffset="876" SrcFileId="1" StartOffset="796"/>
</LocList>
</BasicStmnt>
<BasicStmnt CovItemId="S5" CovItemPrefix="libFSTest.test.DatiGenerazione.java" Intrnl_Id="18">
<LocList>
<Loc EndOffset="894" SrcFileId="1" StartOffset="880"/>
</LocList>
</BasicStmnt>
<BasicStmnt CovItemId="S6" CovItemPrefix="libFSTest.test.DatiGenerazione.java" Intrnl_Id="19">
<LocList>
<Loc EndOffset="907" SrcFileId="1" StartOffset="898"/>
</LocList>
</BasicStmnt>
<BasicStmnt CovItemId="S7" CovItemPrefix="libFSTest.test.DatiGenerazione.java" Intrnl_Id="20">
<LocList>
<Loc EndOffset="920" SrcFileId="1" StartOffset="911"/>
</LocList>
</BasicStmnt>
<BasicStmnt CovItemId="S8" CovItemPrefix="libFSTest.test.DatiGenerazione.java" Intrnl_Id="21">
<LocList>
<Loc EndOffset="932" SrcFileId="1" StartOffset="924"/>
</LocList>
</BasicStmnt>
<BasicStmnt CovItemId="S9" CovItemPrefix="libFSTest.test.DatiGenerazione.java" Intrnl_Id="22">
<LocList>
<Loc EndOffset="944" SrcFileId="1" StartOffset="936"/>
</LocList>
</BasicStmnt>
<BasicStmnt CovItemId="S10" CovItemPrefix="libFSTest.test.DatiGenerazione.java" Intrnl_Id="23">
<LocList>
<Loc EndOffset="962" SrcFileId="1" StartOffset="948"/>
</LocList>
</BasicStmnt>
<BasicStmnt CovItemId="S11" CovItemPrefix="libFSTest.test.DatiGenerazione.java" Intrnl_Id="24">
<LocList>
<Loc EndOffset="979" SrcFileId="1" StartOffset="966"/>
</LocList>
</BasicStmnt>
<BasicStmnt CovItemId="S12" CovItemPrefix="libFSTest.test.DatiGenerazione.java" Intrnl_Id="25">
<LocList>
<Loc EndOffset="997" SrcFileId="1" StartOffset="983"/>
</LocList>
</BasicStmnt>
<BasicStmnt CovItemId="S13" CovItemPrefix="libFSTest.test.DatiGenerazione.java" Intrnl_Id="26">
<LocList>
<Loc EndOffset="1011" SrcFileId="1" StartOffset="1001"/>
</LocList>
</BasicStmnt>
<BasicStmnt CovItemId="S14" CovItemPrefix="libFSTest.test.DatiGenerazione.java" Intrnl_Id="27">
<LocList>
<Loc EndOffset="1025" SrcFileId="1" StartOffset="1015"/>
</LocList>
</BasicStmnt>
<BasicStmnt CovItemId="S15" CovItemPrefix="libFSTest.test.DatiGenerazione.java" Intrnl_Id="28">
<LocList>
<Loc EndOffset="1039" SrcFileId="1" StartOffset="1029"/>
</LocList>
</BasicStmnt>
<BasicStmnt CovItemId="S16" CovItemPrefix="libFSTest.test.DatiGenerazione.java" Intrnl_Id="29">
<LocList>
<Loc EndOffset="1054" SrcFileId="1" StartOffset="1043"/>
</LocList>
</BasicStmnt>
<BasicStmnt CovItemId="S17" CovItemPrefix="libFSTest.test.DatiGenerazione.java" Intrnl_Id="30">
<LocList>
<Loc EndOffset="1068" SrcFileId="1" StartOffset="1058"/>
</LocList>
</BasicStmnt>
<BasicStmnt CovItemId="S18" CovItemPrefix="libFSTest.test.DatiGenerazione.java" Intrnl_Id="31">
<LocList>
<Loc EndOffset="1105" SrcFileId="1" StartOffset="1072"/>
</LocList>
</BasicStmnt>
</StmntSeq>
</HierarchyLvl>
<HierarchyLvl HierarchyLvlId="186" HierarchyLvlTypeId="5" Intrnl_Id="32" Name="getNome">
<Header>
<Loc EndOffset="1179" SrcFileId="1" StartOffset="1156"/>
</Header>
<LocList>
<Loc EndOffset="1201" SrcFileId="1" StartOffset="1156"/>
</LocList>
<StmntSeq Intrnl_Id="33">
<LocList>
<Loc EndOffset="1197" SrcFileId="1" StartOffset="1185"/>
</LocList>
<BasicStmnt CovItemId="S19" CovItemPrefix="libFSTest.test.DatiGenerazione.java" Intrnl_Id="34">
<LocList>
<Loc EndOffset="1197" SrcFileId="1" StartOffset="1185"/>
</LocList>
</BasicStmnt>
</StmntSeq>
</HierarchyLvl>
<HierarchyLvl HierarchyLvlId="187" HierarchyLvlTypeId="5" Intrnl_Id="35" Name="setNome">
<Header>
<Loc EndOffset="1281" SrcFileId="1" StartOffset="1249"/>
</Header>
<LocList>
<Loc EndOffset="1303" SrcFileId="1" StartOffset="1249"/>
</LocList>
<StmntSeq Intrnl_Id="36">
<LocList>
<Loc EndOffset="1299" SrcFileId="1" StartOffset="1287"/>
</LocList>
<BasicStmnt CovItemId="S20" CovItemPrefix="libFSTest.test.DatiGenerazione.java" Intrnl_Id="37">
<LocList>
<Loc EndOffset="1299" SrcFileId="1" StartOffset="1287"/>
</LocList>
</BasicStmnt>
</StmntSeq>
</HierarchyLvl>
<HierarchyLvl HierarchyLvlId="188" HierarchyLvlTypeId="5" Intrnl_Id="38" Name="getSesso">
<Header>
<Loc EndOffset="1365" SrcFileId="1" StartOffset="1341"/>
</Header>
<LocList>
<Loc EndOffset="1388" SrcFileId="1" StartOffset="1341"/>
</LocList>
<StmntSeq Intrnl_Id="39">
<LocList>
<Loc EndOffset="1384" SrcFileId="1" StartOffset="1371"/>
</LocList>
<BasicStmnt CovItemId="S21" CovItemPrefix="libFSTest.test.DatiGenerazione.java" Intrnl_Id="40">
<LocList>
<Loc EndOffset="1384" SrcFileId="1" StartOffset="1371"/>
</LocList>
</BasicStmnt>
</StmntSeq>
</HierarchyLvl>
<HierarchyLvl HierarchyLvlId="189" HierarchyLvlTypeId="5" Intrnl_Id="41" Name="setSesso">
<Header>
<Loc EndOffset="1472" SrcFileId="1" StartOffset="1438"/>
</Header>
<LocList>
<Loc EndOffset="1496" SrcFileId="1" StartOffset="1438"/>
</LocList>
<StmntSeq Intrnl_Id="42">
<LocList>
<Loc EndOffset="1492" SrcFileId="1" StartOffset="1478"/>
</LocList>
<BasicStmnt CovItemId="S22" CovItemPrefix="libFSTest.test.DatiGenerazione.java" Intrnl_Id="43">
<LocList>
<Loc EndOffset="1492" SrcFileId="1" StartOffset="1478"/>
</LocList>
</BasicStmnt>
</StmntSeq>
</HierarchyLvl>
<HierarchyLvl HierarchyLvlId="190" HierarchyLvlTypeId="5" Intrnl_Id="44" Name="getDataNasc">
<Header>
<Loc EndOffset="1569" SrcFileId="1" StartOffset="1540"/>
</Header>
<LocList>
<Loc EndOffset="1595" SrcFileId="1" StartOffset="1540"/>
</LocList>
<StmntSeq Intrnl_Id="45">
<LocList>
<Loc EndOffset="1591" SrcFileId="1" StartOffset="1575"/>
</LocList>
<BasicStmnt CovItemId="S23" CovItemPrefix="libFSTest.test.DatiGenerazione.java" Intrnl_Id="46">
<LocList>
<Loc EndOffset="1591" SrcFileId="1" StartOffset="1575"/>
</LocList>
</BasicStmnt>
</StmntSeq>
</HierarchyLvl>
<HierarchyLvl HierarchyLvlId="191" HierarchyLvlTypeId="5" Intrnl_Id="47" Name="setDataNasc">
<Header>
<Loc EndOffset="1681" SrcFileId="1" StartOffset="1645"/>
</Header>
<LocList>
<Loc EndOffset="1830" SrcFileId="1" StartOffset="1645"/>
</LocList>
<StmntSeq Intrnl_Id="48">
<LocList>
<Loc EndOffset="1775" SrcFileId="1" StartOffset="1687"/>
<Loc EndOffset="1826" SrcFileId="1" StartOffset="1779"/>
</LocList>
<BasicStmnt CovItemId="S24" CovItemPrefix="libFSTest.test.DatiGenerazione.java" Intrnl_Id="49">
<LocList>
<Loc EndOffset="1775" SrcFileId="1" StartOffset="1687"/>
</LocList>
</BasicStmnt>
<CondStmnt CovItemId="S25" CovItemPrefix="libFSTest.test.DatiGenerazione.java" Intrnl_Id="50">
<Branch CovItemId="B1" CovItemPrefix="libFSTest.test.DatiGenerazione.java" Implct="false" Intrnl_Id="51">
<Cond/>
<LocList>
<Loc EndOffset="1826" SrcFileId="1" StartOffset="1801"/>
</LocList>
<StmntSeq Intrnl_Id="52">
<LocList>
<Loc EndOffset="1825" SrcFileId="1" StartOffset="1806"/>
</LocList>
<BasicStmnt CovItemId="S26" CovItemPrefix="libFSTest.test.DatiGenerazione.java" Intrnl_Id="53">
<LocList>
<Loc EndOffset="1825" SrcFileId="1" StartOffset="1806"/>
</LocList>
</BasicStmnt>
</StmntSeq>
</Branch>
<Branch CovItemId="B2" CovItemPrefix="libFSTest.test.DatiGenerazione.java" Implct="true" Intrnl_Id="54">
<Cond/>
<LocList/>
<StmntSeq Intrnl_Id="55">
<LocList/>
</StmntSeq>
</Branch>
<Keyword EndOffset="1781" SrcFileId="1" StartOffset="1779"/>
<LocList>
<Loc EndOffset="1826" SrcFileId="1" StartOffset="1779"/>
</LocList>
<RootTerm CovItemId="C1" CovItemPrefix="libFSTest.test.DatiGenerazione.java" Intrnl_Id="56">
<BasicBoolTerm Intrnl_Id="57">
<LocList>
<Loc EndOffset="1799" SrcFileId="1" StartOffset="1782"/>
</LocList>
</BasicBoolTerm>
</RootTerm>
</CondStmnt>
</StmntSeq>
</HierarchyLvl>
<HierarchyLvl HierarchyLvlId="192" HierarchyLvlTypeId="5" Intrnl_Id="58" Name="setDataNasc">
<Header>
<Loc EndOffset="1946" SrcFileId="1" StartOffset="1900"/>
</Header>
<LocList>
<Loc EndOffset="2647" SrcFileId="1" StartOffset="1900"/>
</LocList>
<StmntSeq Intrnl_Id="59">
<LocList>
<Loc EndOffset="2643" SrcFileId="1" StartOffset="1952"/>
</LocList>
<CondStmnt CovItemId="S27" CovItemPrefix="libFSTest.test.DatiGenerazione.java" Intrnl_Id="60">
<Branch CovItemId="B3" CovItemPrefix="libFSTest.test.DatiGenerazione.java" Implct="false" Intrnl_Id="61">
<Cond/>
<LocList>
<Loc EndOffset="2643" SrcFileId="1" StartOffset="2019"/>
</LocList>
<StmntSeq Intrnl_Id="62">
<LocList>
<Loc EndOffset="2109" SrcFileId="1" StartOffset="2025"/>
<Loc EndOffset="2161" SrcFileId="1" StartOffset="2114"/>
<Loc EndOffset="2185" SrcFileId="1" StartOffset="2166"/>
<Loc EndOffset="2224" SrcFileId="1" StartOffset="2190"/>
<Loc EndOffset="2268" SrcFileId="1" StartOffset="2229"/>
<Loc EndOffset="2309" SrcFileId="1" StartOffset="2273"/>
<Loc EndOffset="2338" SrcFileId="1" StartOffset="2314"/>
<Loc EndOffset="2367" SrcFileId="1" StartOffset="2343"/>
<Loc EndOffset="2638" SrcFileId="1" StartOffset="2372"/>
</LocList>
<BasicStmnt CovItemId="S28" CovItemPrefix="libFSTest.test.DatiGenerazione.java" Intrnl_Id="63">
<LocList>
<Loc EndOffset="2109" SrcFileId="1" StartOffset="2025"/>
</LocList>
</BasicStmnt>
<BasicStmnt CovItemId="S29" CovItemPrefix="libFSTest.test.DatiGenerazione.java" Intrnl_Id="64">
<LocList>
<Loc EndOffset="2161" SrcFileId="1" StartOffset="2114"/>
</LocList>
</BasicStmnt>
<BasicStmnt CovItemId="S30" CovItemPrefix="libFSTest.test.DatiGenerazione.java" Intrnl_Id="65">
<LocList>
<Loc EndOffset="2185" SrcFileId="1" StartOffset="2166"/>
</LocList>
</BasicStmnt>
<BasicStmnt CovItemId="S31" CovItemPrefix="libFSTest.test.DatiGenerazione.java" Intrnl_Id="66">
<LocList>
<Loc EndOffset="2224" SrcFileId="1" StartOffset="2190"/>
</LocList>
</BasicStmnt>
<BasicStmnt CovItemId="S32" CovItemPrefix="libFSTest.test.DatiGenerazione.java" Intrnl_Id="67">
<LocList>
<Loc EndOffset="2268" SrcFileId="1" StartOffset="2229"/>
</LocList>
</BasicStmnt>
<BasicStmnt CovItemId="S33" CovItemPrefix="libFSTest.test.DatiGenerazione.java" Intrnl_Id="68">
<LocList>
<Loc EndOffset="2309" SrcFileId="1" StartOffset="2273"/>
</LocList>
</BasicStmnt>
<BasicStmnt CovItemId="S34" CovItemPrefix="libFSTest.test.DatiGenerazione.java" Intrnl_Id="69">
<LocList>
<Loc EndOffset="2338" SrcFileId="1" StartOffset="2314"/>
</LocList>
</BasicStmnt>
<BasicStmnt CovItemId="S35" CovItemPrefix="libFSTest.test.DatiGenerazione.java" Intrnl_Id="70">
<LocList>
<Loc EndOffset="2367" SrcFileId="1" StartOffset="2343"/>
</LocList>
</BasicStmnt>
<CondStmnt CovItemId="S36" CovItemPrefix="libFSTest.test.DatiGenerazione.java" Intrnl_Id="71">
<Branch CovItemId="B5" CovItemPrefix="libFSTest.test.DatiGenerazione.java" Implct="false" Intrnl_Id="72">
<Cond/>
<LocList>
<Loc EndOffset="2638" SrcFileId="1" StartOffset="2425"/>
</LocList>
<StmntSeq Intrnl_Id="73">
<LocList>
<Loc EndOffset="2523" SrcFileId="1" StartOffset="2432"/>
<Loc EndOffset="2632" SrcFileId="1" StartOffset="2533"/>
</LocList>
<BasicStmnt CovItemId="S37" CovItemPrefix="libFSTest.test.DatiGenerazione.java" Intrnl_Id="74">
<LocList>
<Loc EndOffset="2523" SrcFileId="1" StartOffset="2432"/>
</LocList>
</BasicStmnt>
<CondStmnt CovItemId="S38" CovItemPrefix="libFSTest.test.DatiGenerazione.java" Intrnl_Id="75">
<Branch CovItemId="B7" CovItemPrefix="libFSTest.test.DatiGenerazione.java" Implct="false" Intrnl_Id="76">
<Cond/>
<LocList>
<Loc EndOffset="2632" SrcFileId="1" StartOffset="2579"/>
</LocList>
<StmntSeq Intrnl_Id="77">
<LocList>
<Loc EndOffset="2625" SrcFileId="1" StartOffset="2587"/>
</LocList>
<BasicStmnt CovItemId="S39" CovItemPrefix="libFSTest.test.DatiGenerazione.java" Intrnl_Id="78">
<LocList>
<Loc EndOffset="2625" SrcFileId="1" StartOffset="2587"/>
</LocList>
</BasicStmnt>
</StmntSeq>
</Branch>
<Branch CovItemId="B8" CovItemPrefix="libFSTest.test.DatiGenerazione.java" Implct="true" Intrnl_Id="79">
<Cond/>
<LocList/>
<StmntSeq Intrnl_Id="80">
<LocList/>
</StmntSeq>
</Branch>
<Keyword EndOffset="2535" SrcFileId="1" StartOffset="2533"/>
<LocList>
<Loc EndOffset="2632" SrcFileId="1" StartOffset="2533"/>
</LocList>
<RootTerm CovItemId="C4" CovItemPrefix="libFSTest.test.DatiGenerazione.java" Intrnl_Id="81">
<BasicBoolTerm Intrnl_Id="82">
<LocList>
<Loc EndOffset="2577" SrcFileId="1" StartOffset="2536"/>
</LocList>
</BasicBoolTerm>
</RootTerm>
</CondStmnt>
</StmntSeq>
</Branch>
<Branch CovItemId="B6" CovItemPrefix="libFSTest.test.DatiGenerazione.java" Implct="true" Intrnl_Id="83">
<Cond/>
<LocList/>
<StmntSeq Intrnl_Id="84">
<LocList/>
</StmntSeq>
</Branch>
<Keyword EndOffset="2374" SrcFileId="1" StartOffset="2372"/>
<LocList>
<Loc EndOffset="2638" SrcFileId="1" StartOffset="2372"/>
</LocList>
<RootTerm CovItemId="C3" CovItemPrefix="libFSTest.test.DatiGenerazione.java" Intrnl_Id="85">
<OpTerm BooleanOpId="3" Intrnl_Id="86">
<BasicBoolTerm Intrnl_Id="87">
<LocList>
<Loc EndOffset="2398" SrcFileId="1" StartOffset="2375"/>
</LocList>
</BasicBoolTerm>
<BasicBoolTerm Intrnl_Id="88">
<LocList>
<Loc EndOffset="2423" SrcFileId="1" StartOffset="2400"/>
</LocList>
</BasicBoolTerm>
<LocList>
<Loc EndOffset="2400" SrcFileId="1" StartOffset="2398"/>
</LocList>
</OpTerm>
</RootTerm>
</CondStmnt>
</StmntSeq>
</Branch>
<Branch CovItemId="B4" CovItemPrefix="libFSTest.test.DatiGenerazione.java" Implct="true" Intrnl_Id="89">
<Cond/>
<LocList/>
<StmntSeq Intrnl_Id="90">
<LocList/>
</StmntSeq>
</Branch>
<Keyword EndOffset="1954" SrcFileId="1" StartOffset="1952"/>
<LocList>
<Loc EndOffset="2643" SrcFileId="1" StartOffset="1952"/>
</LocList>
<RootTerm CovItemId="C2" CovItemPrefix="libFSTest.test.DatiGenerazione.java" Intrnl_Id="91">
<OpTerm BooleanOpId="2" Intrnl_Id="92">
<BasicBoolTerm Intrnl_Id="93">
<LocList>
<Loc EndOffset="1984" SrcFileId="1" StartOffset="1955"/>
</LocList>
</BasicBoolTerm>
<BasicBoolTerm Intrnl_Id="94">
<LocList>
<Loc EndOffset="2017" SrcFileId="1" StartOffset="1988"/>
</LocList>
</BasicBoolTerm>
<LocList>
<Loc EndOffset="1987" SrcFileId="1" StartOffset="1985"/>
</LocList>
</OpTerm>
</RootTerm>
</CondStmnt>
</StmntSeq>
</HierarchyLvl>
<HierarchyLvl HierarchyLvlId="193" HierarchyLvlTypeId="5" Intrnl_Id="95" Name="getMonitorSize">
<Header>
<Loc EndOffset="2718" SrcFileId="1" StartOffset="2691"/>
</Header>
<LocList>
<Loc EndOffset="2747" SrcFileId="1" StartOffset="2691"/>
</LocList>
<StmntSeq Intrnl_Id="96">
<LocList>
<Loc EndOffset="2743" SrcFileId="1" StartOffset="2724"/>
</LocList>
<BasicStmnt CovItemId="S40" CovItemPrefix="libFSTest.test.DatiGenerazione.java" Intrnl_Id="97">
<LocList>
<Loc EndOffset="2743" SrcFileId="1" StartOffset="2724"/>
</LocList>
</BasicStmnt>
</StmntSeq>
</HierarchyLvl>
<HierarchyLvl HierarchyLvlId="194" HierarchyLvlTypeId="5" Intrnl_Id="98" Name="setMonitorSize">
<Header>
<Loc EndOffset="2832" SrcFileId="1" StartOffset="2799"/>
</Header>
<LocList>
<Loc EndOffset="2869" SrcFileId="1" StartOffset="2799"/>
</LocList>
<StmntSeq Intrnl_Id="99">
<LocList>
<Loc EndOffset="2865" SrcFileId="1" StartOffset="2838"/>
</LocList>
<CondStmnt CovItemId="S41" CovItemPrefix="libFSTest.test.DatiGenerazione.java" Intrnl_Id="100">
<Branch CovItemId="B9" CovItemPrefix="libFSTest.test.DatiGenerazione.java" Implct="false" Intrnl_Id="101">
<Cond/>
<LocList>
<Loc EndOffset="2865" SrcFileId="1" StartOffset="2849"/>
</LocList>
<StmntSeq Intrnl_Id="102">
<LocList>
<Loc EndOffset="2865" SrcFileId="1" StartOffset="2849"/>
</LocList>
<BasicStmnt CovItemId="S42" CovItemPrefix="libFSTest.test.DatiGenerazione.java" Intrnl_Id="103">
<LocList>
<Loc EndOffset="2865" SrcFileId="1" StartOffset="2849"/>
</LocList>
</BasicStmnt>
</StmntSeq>
</Branch>
<Branch CovItemId="B10" CovItemPrefix="libFSTest.test.DatiGenerazione.java" Implct="true" Intrnl_Id="104">
<Cond/>
<LocList/>
<StmntSeq Intrnl_Id="105">
<LocList/>
</StmntSeq>
</Branch>
<Keyword EndOffset="2840" SrcFileId="1" StartOffset="2838"/>
<LocList>
<Loc EndOffset="2865" SrcFileId="1" StartOffset="2838"/>
</LocList>
<RootTerm CovItemId="C5" CovItemPrefix="libFSTest.test.DatiGenerazione.java" Intrnl_Id="106">
<BasicBoolTerm Intrnl_Id="107">
<LocList>
<Loc EndOffset="2844" SrcFileId="1" StartOffset="2841"/>
</LocList>
</BasicBoolTerm>
</RootTerm>
</CondStmnt>
</StmntSeq>
</HierarchyLvl>
<HierarchyLvl HierarchyLvlId="195" HierarchyLvlTypeId="5" Intrnl_Id="108" Name="getWRect">
<Header>
<Loc EndOffset="2928" SrcFileId="1" StartOffset="2907"/>
</Header>
<LocList>
<Loc EndOffset="2951" SrcFileId="1" StartOffset="2907"/>
</LocList>
<StmntSeq Intrnl_Id="109">
<LocList>
<Loc EndOffset="2947" SrcFileId="1" StartOffset="2934"/>
</LocList>
<BasicStmnt CovItemId="S43" CovItemPrefix="libFSTest.test.DatiGenerazione.java" Intrnl_Id="110">
<LocList>
<Loc EndOffset="2947" SrcFileId="1" StartOffset="2934"/>
</LocList>
</BasicStmnt>
</StmntSeq>
</HierarchyLvl>
<HierarchyLvl HierarchyLvlId="196" HierarchyLvlTypeId="5" Intrnl_Id="111" Name="setWRect">
<Header>
<Loc EndOffset="3032" SrcFileId="1" StartOffset="3001"/>
</Header>
<LocList>
<Loc EndOffset="3150" SrcFileId="1" StartOffset="3001"/>
</LocList>
<StmntSeq Intrnl_Id="112">
<LocList>
<Loc EndOffset="3146" SrcFileId="1" StartOffset="3038"/>
</LocList>
<CondStmnt CovItemId="S44" CovItemPrefix="libFSTest.test.DatiGenerazione.java" Intrnl_Id="113">
<Branch CovItemId="B11" CovItemPrefix="libFSTest.test.DatiGenerazione.java" Implct="false" Intrnl_Id="114">
<Cond/>
<LocList>
<Loc EndOffset="3098" SrcFileId="1" StartOffset="3084"/>
</LocList>
<StmntSeq Intrnl_Id="115">
<LocList>
<Loc EndOffset="3098" SrcFileId="1" StartOffset="3084"/>
</LocList>
<BasicStmnt CovItemId="S45" CovItemPrefix="libFSTest.test.DatiGenerazione.java" Intrnl_Id="116">
<LocList>
<Loc EndOffset="3098" SrcFileId="1" StartOffset="3084"/>
</LocList>
</BasicStmnt>
</StmntSeq>
</Branch>
<Branch CovItemId="B12" CovItemPrefix="libFSTest.test.DatiGenerazione.java" Implct="false" Intrnl_Id="117">
<Cond>
<Loc EndOffset="3106" SrcFileId="1" StartOffset="3102"/>
</Cond>
<LocList>
<Loc EndOffset="3146" SrcFileId="1" StartOffset="3107"/>
</LocList>
<StmntSeq Intrnl_Id="118">
<LocList>
<Loc EndOffset="3146" SrcFileId="1" StartOffset="3107"/>
</LocList>
<BasicStmnt CovItemId="S46" CovItemPrefix="libFSTest.test.DatiGenerazione.java" Intrnl_Id="119">
<LocList>
<Loc EndOffset="3146" SrcFileId="1" StartOffset="3107"/>
</LocList>
</BasicStmnt>
</StmntSeq>
</Branch>
<Keyword EndOffset="3040" SrcFileId="1" StartOffset="3038"/>
<LocList>
<Loc EndOffset="3146" SrcFileId="1" StartOffset="3038"/>
</LocList>
<RootTerm CovItemId="C6" CovItemPrefix="libFSTest.test.DatiGenerazione.java" Intrnl_Id="120">
<OpTerm BooleanOpId="2" Intrnl_Id="121">
<BasicBoolTerm Intrnl_Id="122">
<LocList>
<Loc EndOffset="3073" SrcFileId="1" StartOffset="3041"/>
</LocList>
</BasicBoolTerm>
<BasicBoolTerm Intrnl_Id="123">
<LocList>
<Loc EndOffset="3082" SrcFileId="1" StartOffset="3075"/>
</LocList>
</BasicBoolTerm>
<LocList>
<Loc EndOffset="3075" SrcFileId="1" StartOffset="3073"/>
</LocList>
</OpTerm>
</RootTerm>
</CondStmnt>
</StmntSeq>
</HierarchyLvl>
<HierarchyLvl HierarchyLvlId="197" HierarchyLvlTypeId="5" Intrnl_Id="124" Name="getHRect">
<Header>
<Loc EndOffset="3209" SrcFileId="1" StartOffset="3188"/>
</Header>
<LocList>
<Loc EndOffset="3232" SrcFileId="1" StartOffset="3188"/>
</LocList>
<StmntSeq Intrnl_Id="125">
<LocList>
<Loc EndOffset="3228" SrcFileId="1" StartOffset="3215"/>
</LocList>
<BasicStmnt CovItemId="S47" CovItemPrefix="libFSTest.test.DatiGenerazione.java" Intrnl_Id="126">
<LocList>
<Loc EndOffset="3228" SrcFileId="1" StartOffset="3215"/>
</LocList>
</BasicStmnt>
</StmntSeq>
</HierarchyLvl>
<HierarchyLvl HierarchyLvlId="198" HierarchyLvlTypeId="5" Intrnl_Id="127" Name="setHRect">
<Header>
<Loc EndOffset="3313" SrcFileId="1" StartOffset="3282"/>
</Header>
<LocList>
<Loc EndOffset="3433" SrcFileId="1" StartOffset="3282"/>
</LocList>
<StmntSeq Intrnl_Id="128">
<LocList>
<Loc EndOffset="3429" SrcFileId="1" StartOffset="3319"/>
</LocList>
<CondStmnt CovItemId="S48" CovItemPrefix="libFSTest.test.DatiGenerazione.java" Intrnl_Id="129">
<Branch CovItemId="B13" CovItemPrefix="libFSTest.test.DatiGenerazione.java" Implct="false" Intrnl_Id="130">
<Cond/>
<LocList>
<Loc EndOffset="3380" SrcFileId="1" StartOffset="3366"/>
</LocList>
<StmntSeq Intrnl_Id="131">
<LocList>
<Loc EndOffset="3380" SrcFileId="1" StartOffset="3366"/>
</LocList>
<BasicStmnt CovItemId="S49" CovItemPrefix="libFSTest.test.DatiGenerazione.java" Intrnl_Id="132">
<LocList>
<Loc EndOffset="3380" SrcFileId="1" StartOffset="3366"/>
</LocList>
</BasicStmnt>
</StmntSeq>
</Branch>
<Branch CovItemId="B14" CovItemPrefix="libFSTest.test.DatiGenerazione.java" Implct="false" Intrnl_Id="133">
<Cond>
<Loc EndOffset="3388" SrcFileId="1" StartOffset="3384"/>
</Cond>
<LocList>
<Loc EndOffset="3429" SrcFileId="1" StartOffset="3389"/>
</LocList>
<StmntSeq Intrnl_Id="134">
<LocList>
<Loc EndOffset="3429" SrcFileId="1" StartOffset="3389"/>
</LocList>
<BasicStmnt CovItemId="S50" CovItemPrefix="libFSTest.test.DatiGenerazione.java" Intrnl_Id="135">
<LocList>
<Loc EndOffset="3429" SrcFileId="1" StartOffset="3389"/>
</LocList>
</BasicStmnt>
</StmntSeq>
</Branch>
<Keyword EndOffset="3321" SrcFileId="1" StartOffset="3319"/>
<LocList>
<Loc EndOffset="3429" SrcFileId="1" StartOffset="3319"/>
</LocList>
<RootTerm CovItemId="C7" CovItemPrefix="libFSTest.test.DatiGenerazione.java" Intrnl_Id="136">
<OpTerm BooleanOpId="2" Intrnl_Id="137">
<BasicBoolTerm Intrnl_Id="138">
<LocList>
<Loc EndOffset="3355" SrcFileId="1" StartOffset="3322"/>
</LocList>
</BasicBoolTerm>
<BasicBoolTerm Intrnl_Id="139">
<LocList>
<Loc EndOffset="3364" SrcFileId="1" StartOffset="3357"/>
</LocList>
</BasicBoolTerm>
<LocList>
<Loc EndOffset="3357" SrcFileId="1" StartOffset="3355"/>
</LocList>
</OpTerm>
</RootTerm>
</CondStmnt>
</StmntSeq>
</HierarchyLvl>
<HierarchyLvl HierarchyLvlId="199" HierarchyLvlTypeId="5" Intrnl_Id="140" Name="getHBar">
<Header>
<Loc EndOffset="3490" SrcFileId="1" StartOffset="3470"/>
</Header>
<LocList>
<Loc EndOffset="3512" SrcFileId="1" StartOffset="3470"/>
</LocList>
<StmntSeq Intrnl_Id="141">
<LocList>
<Loc EndOffset="3508" SrcFileId="1" StartOffset="3496"/>
</LocList>
<BasicStmnt CovItemId="S51" CovItemPrefix="libFSTest.test.DatiGenerazione.java" Intrnl_Id="142">
<LocList>
<Loc EndOffset="3508" SrcFileId="1" StartOffset="3496"/>
</LocList>
</BasicStmnt>
</StmntSeq>
</HierarchyLvl>
<HierarchyLvl HierarchyLvlId="200" HierarchyLvlTypeId="5" Intrnl_Id="143" Name="setHBar">
<Header>
<Loc EndOffset="3589" SrcFileId="1" StartOffset="3560"/>
</Header>
<LocList>
<Loc EndOffset="3662" SrcFileId="1" StartOffset="3560"/>
</LocList>
<StmntSeq Intrnl_Id="144">
<LocList>
<Loc EndOffset="3658" SrcFileId="1" StartOffset="3595"/>
</LocList>
<CondStmnt CovItemId="S52" CovItemPrefix="libFSTest.test.DatiGenerazione.java" Intrnl_Id="145">
<Branch CovItemId="B15" CovItemPrefix="libFSTest.test.DatiGenerazione.java" Implct="false" Intrnl_Id="146">
<Cond/>
<LocList>
<Loc EndOffset="3635" SrcFileId="1" StartOffset="3623"/>
</LocList>
<StmntSeq Intrnl_Id="147">
<LocList>
<Loc EndOffset="3635" SrcFileId="1" StartOffset="3623"/>
</LocList>
<BasicStmnt CovItemId="S53" CovItemPrefix="libFSTest.test.DatiGenerazione.java" Intrnl_Id="148">
<LocList>
<Loc EndOffset="3635" SrcFileId="1" StartOffset="3623"/>
</LocList>
</BasicStmnt>
</StmntSeq>
</Branch>
<Branch CovItemId="B16" CovItemPrefix="libFSTest.test.DatiGenerazione.java" Implct="false" Intrnl_Id="149">
<Cond>
<Loc EndOffset="3643" SrcFileId="1" StartOffset="3639"/>
</Cond>
<LocList>
<Loc EndOffset="3658" SrcFileId="1" StartOffset="3644"/>
</LocList>
<StmntSeq Intrnl_Id="150">
<LocList>
<Loc EndOffset="3658" SrcFileId="1" StartOffset="3644"/>
</LocList>
<BasicStmnt CovItemId="S54" CovItemPrefix="libFSTest.test.DatiGenerazione.java" Intrnl_Id="151">
<LocList>
<Loc EndOffset="3658" SrcFileId="1" StartOffset="3644"/>
</LocList>
</BasicStmnt>
</StmntSeq>
</Branch>
<Keyword EndOffset="3597" SrcFileId="1" StartOffset="3595"/>
<LocList>
<Loc EndOffset="3658" SrcFileId="1" StartOffset="3595"/>
</LocList>
<RootTerm CovItemId="C8" CovItemPrefix="libFSTest.test.DatiGenerazione.java" Intrnl_Id="152">
<OpTerm BooleanOpId="2" Intrnl_Id="153">
<BasicBoolTerm Intrnl_Id="154">
<LocList>
<Loc EndOffset="3613" SrcFileId="1" StartOffset="3598"/>
</LocList>
</BasicBoolTerm>
<BasicBoolTerm Intrnl_Id="155">
<LocList>
<Loc EndOffset="3621" SrcFileId="1" StartOffset="3615"/>
</LocList>
</BasicBoolTerm>
<LocList>
<Loc EndOffset="3615" SrcFileId="1" StartOffset="3613"/>
</LocList>
</OpTerm>
</RootTerm>
</CondStmnt>
</StmntSeq>
</HierarchyLvl>
<HierarchyLvl HierarchyLvlId="201" HierarchyLvlTypeId="5" Intrnl_Id="156" Name="getXBar">
<Header>
<Loc EndOffset="3719" SrcFileId="1" StartOffset="3699"/>
</Header>
<LocList>
<Loc EndOffset="3741" SrcFileId="1" StartOffset="3699"/>
</LocList>
<StmntSeq Intrnl_Id="157">
<LocList>
<Loc EndOffset="3737" SrcFileId="1" StartOffset="3725"/>
</LocList>
<BasicStmnt CovItemId="S55" CovItemPrefix="libFSTest.test.DatiGenerazione.java" Intrnl_Id="158">
<LocList>
<Loc EndOffset="3737" SrcFileId="1" StartOffset="3725"/>
</LocList>
</BasicStmnt>
</StmntSeq>
</HierarchyLvl>
<HierarchyLvl HierarchyLvlId="202" HierarchyLvlTypeId="5" Intrnl_Id="159" Name="setXBar">
<Header>
<Loc EndOffset="3818" SrcFileId="1" StartOffset="3789"/>
</Header>
<LocList>
<Loc EndOffset="3962" SrcFileId="1" StartOffset="3789"/>
</LocList>
<StmntSeq Intrnl_Id="160">
<LocList>
<Loc EndOffset="3878" SrcFileId="1" StartOffset="3824"/>
<Loc EndOffset="3958" SrcFileId="1" StartOffset="3882"/>
</LocList>
<CondStmnt CovItemId="S56" CovItemPrefix="libFSTest.test.DatiGenerazione.java" Intrnl_Id="161">
<Branch CovItemId="B17" CovItemPrefix="libFSTest.test.DatiGenerazione.java" Implct="false" Intrnl_Id="162">
<Cond/>
<LocList>
<Loc EndOffset="3878" SrcFileId="1" StartOffset="3859"/>
</LocList>
<StmntSeq Intrnl_Id="163">
<LocList>
<Loc EndOffset="3878" SrcFileId="1" StartOffset="3859"/>
</LocList>
<BasicStmnt CovItemId="S57" CovItemPrefix="libFSTest.test.DatiGenerazione.java" Intrnl_Id="164">
<LocList>
<Loc EndOffset="3878" SrcFileId="1" StartOffset="3859"/>
</LocList>
</BasicStmnt>
</StmntSeq>
</Branch>
<Branch CovItemId="B18" CovItemPrefix="libFSTest.test.DatiGenerazione.java" Implct="true" Intrnl_Id="165">
<Cond/>
<LocList/>
<StmntSeq Intrnl_Id="166">
<LocList/>
</StmntSeq>
</Branch>
<Keyword EndOffset="3826" SrcFileId="1" StartOffset="3824"/>
<LocList>
<Loc EndOffset="3878" SrcFileId="1" StartOffset="3824"/>
</LocList>
<RootTerm CovItemId="C9" CovItemPrefix="libFSTest.test.DatiGenerazione.java" Intrnl_Id="167">
<OpTerm BooleanOpId="2" Intrnl_Id="168">
<BasicBoolTerm Intrnl_Id="169">
<LocList>
<Loc EndOffset="3837" SrcFileId="1" StartOffset="3827"/>
</LocList>
</BasicBoolTerm>
<BasicBoolTerm Intrnl_Id="170">
<LocList>
<Loc EndOffset="3853" SrcFileId="1" StartOffset="3839"/>
</LocList>
</BasicBoolTerm>
<LocList>
<Loc EndOffset="3839" SrcFileId="1" StartOffset="3837"/>
</LocList>
</OpTerm>
</RootTerm>
</CondStmnt>
<CondStmnt CovItemId="S58" CovItemPrefix="libFSTest.test.DatiGenerazione.java" Intrnl_Id="171">
<Branch CovItemId="B19" CovItemPrefix="libFSTest.test.DatiGenerazione.java" Implct="false" Intrnl_Id="172">
<Cond/>
<LocList>
<Loc EndOffset="3932" SrcFileId="1" StartOffset="3915"/>
</LocList>
<StmntSeq Intrnl_Id="173">
<LocList>
<Loc EndOffset="3932" SrcFileId="1" StartOffset="3915"/>
</LocList>
<BasicStmnt CovItemId="S59" CovItemPrefix="libFSTest.test.DatiGenerazione.java" Intrnl_Id="174">
<LocList>
<Loc EndOffset="3932" SrcFileId="1" StartOffset="3915"/>
</LocList>
</BasicStmnt>
</StmntSeq>
</Branch>
<Branch CovItemId="B20" CovItemPrefix="libFSTest.test.DatiGenerazione.java" Implct="false" Intrnl_Id="175">
<Cond>
<Loc EndOffset="3940" SrcFileId="1" StartOffset="3936"/>
</Cond>
<LocList>
<Loc EndOffset="3958" SrcFileId="1" StartOffset="3941"/>
</LocList>
<StmntSeq Intrnl_Id="176">
<LocList>
<Loc EndOffset="3958" SrcFileId="1" StartOffset="3941"/>
</LocList>
<BasicStmnt CovItemId="S60" CovItemPrefix="libFSTest.test.DatiGenerazione.java" Intrnl_Id="177">
<LocList>
<Loc EndOffset="3958" SrcFileId="1" StartOffset="3941"/>
</LocList>
</BasicStmnt>
</StmntSeq>
</Branch>
<Keyword EndOffset="3884" SrcFileId="1" StartOffset="3882"/>
<LocList>
<Loc EndOffset="3958" SrcFileId="1" StartOffset="3882"/>
</LocList>
<RootTerm CovItemId="C10" CovItemPrefix="libFSTest.test.DatiGenerazione.java" Intrnl_Id="178">
<OpTerm BooleanOpId="2" Intrnl_Id="179">
<BasicBoolTerm Intrnl_Id="180">
<LocList>
<Loc EndOffset="3897" SrcFileId="1" StartOffset="3885"/>
</LocList>
</BasicBoolTerm>
<BasicBoolTerm Intrnl_Id="181">
<LocList>
<Loc EndOffset="3913" SrcFileId="1" StartOffset="3901"/>
</LocList>
</BasicBoolTerm>
<LocList>
<Loc EndOffset="3900" SrcFileId="1" StartOffset="3898"/>
</LocList>
</OpTerm>
</RootTerm>
</CondStmnt>
</StmntSeq>
</HierarchyLvl>
<HierarchyLvl HierarchyLvlId="203" HierarchyLvlTypeId="5" Intrnl_Id="182" Name="getLivMax">
<Header>
<Loc EndOffset="4023" SrcFileId="1" StartOffset="4001"/>
</Header>
<LocList>
<Loc EndOffset="4047" SrcFileId="1" StartOffset="4001"/>
</LocList>
<StmntSeq Intrnl_Id="183">
<LocList>
<Loc EndOffset="4043" SrcFileId="1" StartOffset="4029"/>
</LocList>
<BasicStmnt CovItemId="S61" CovItemPrefix="libFSTest.test.DatiGenerazione.java" Intrnl_Id="184">
<LocList>
<Loc EndOffset="4043" SrcFileId="1" StartOffset="4029"/>
</LocList>
</BasicStmnt>
</StmntSeq>
</HierarchyLvl>
<HierarchyLvl HierarchyLvlId="204" HierarchyLvlTypeId="5" Intrnl_Id="185" Name="setLivMax">
<Header>
<Loc EndOffset="4136" SrcFileId="1" StartOffset="4103"/>
</Header>
<LocList>
<Loc EndOffset="4257" SrcFileId="1" StartOffset="4103"/>
</LocList>
<StmntSeq Intrnl_Id="186">
<LocList>
<Loc EndOffset="4227" SrcFileId="1" StartOffset="4142"/>
<Loc EndOffset="4253" SrcFileId="1" StartOffset="4231"/>
</LocList>
<CondStmnt CovItemId="S62" CovItemPrefix="libFSTest.test.DatiGenerazione.java" Intrnl_Id="187">
<Branch CovItemId="B21" CovItemPrefix="libFSTest.test.DatiGenerazione.java" Implct="false" Intrnl_Id="188">
<Cond/>
<LocList>
<Loc EndOffset="4195" SrcFileId="1" StartOffset="4174"/>
</LocList>
<StmntSeq Intrnl_Id="189">
<LocList>
<Loc EndOffset="4195" SrcFileId="1" StartOffset="4174"/>
</LocList>
<BasicStmnt CovItemId="S63" CovItemPrefix="libFSTest.test.DatiGenerazione.java" Intrnl_Id="190">
<LocList>
<Loc EndOffset="4195" SrcFileId="1" StartOffset="4174"/>
</LocList>
</BasicStmnt>
</StmntSeq>
</Branch>
<Branch CovItemId="B22" CovItemPrefix="libFSTest.test.DatiGenerazione.java" Implct="false" Intrnl_Id="191">
<Cond>
<Loc EndOffset="4203" SrcFileId="1" StartOffset="4199"/>
</Cond>
<LocList>
<Loc EndOffset="4227" SrcFileId="1" StartOffset="4204"/>
</LocList>
<StmntSeq Intrnl_Id="192">
<LocList>
<Loc EndOffset="4227" SrcFileId="1" StartOffset="4204"/>
</LocList>
<BasicStmnt CovItemId="S64" CovItemPrefix="libFSTest.test.DatiGenerazione.java" Intrnl_Id="193">
<LocList>
<Loc EndOffset="4227" SrcFileId="1" StartOffset="4204"/>
</LocList>
</BasicStmnt>
</StmntSeq>
</Branch>
<Keyword EndOffset="4144" SrcFileId="1" StartOffset="4142"/>
<LocList>
<Loc EndOffset="4227" SrcFileId="1" StartOffset="4142"/>
</LocList>
<RootTerm CovItemId="C11" CovItemPrefix="libFSTest.test.DatiGenerazione.java" Intrnl_Id="194">
<OpTerm BooleanOpId="2" Intrnl_Id="195">
<BasicBoolTerm Intrnl_Id="196">
<LocList>
<Loc EndOffset="4162" SrcFileId="1" StartOffset="4145"/>
</LocList>
</BasicBoolTerm>
<BasicBoolTerm Intrnl_Id="197">
<LocList>
<Loc EndOffset="4172" SrcFileId="1" StartOffset="4164"/>
</LocList>
</BasicBoolTerm>
<LocList>
<Loc EndOffset="4164" SrcFileId="1" StartOffset="4162"/>
</LocList>
</OpTerm>
</RootTerm>
</CondStmnt>
<BasicStmnt CovItemId="S65" CovItemPrefix="libFSTest.test.DatiGenerazione.java" Intrnl_Id="198">
<LocList>
<Loc EndOffset="4253" SrcFileId="1" StartOffset="4231"/>
</LocList>
</BasicStmnt>
</StmntSeq>
</HierarchyLvl>
<HierarchyLvl HierarchyLvlId="205" HierarchyLvlTypeId="5" Intrnl_Id="199" Name="getLivMin">
<Header>
<Loc EndOffset="4322" SrcFileId="1" StartOffset="4300"/>
</Header>
<LocList>
<Loc EndOffset="4346" SrcFileId="1" StartOffset="4300"/>
</LocList>
<StmntSeq Intrnl_Id="200">
<LocList>
<Loc EndOffset="4342" SrcFileId="1" StartOffset="4328"/>
</LocList>
<BasicStmnt CovItemId="S66" CovItemPrefix="libFSTest.test.DatiGenerazione.java" Intrnl_Id="201">
<LocList>
<Loc EndOffset="4342" SrcFileId="1" StartOffset="4328"/>
</LocList>
</BasicStmnt>
</StmntSeq>
</HierarchyLvl>
<HierarchyLvl HierarchyLvlId="206" HierarchyLvlTypeId="5" Intrnl_Id="202" Name="setLivMin">
<Header>
<Loc EndOffset="4435" SrcFileId="1" StartOffset="4402"/>
</Header>
<LocList>
<Loc EndOffset="4579" SrcFileId="1" StartOffset="4402"/>
</LocList>
<StmntSeq Intrnl_Id="203">
<LocList>
<Loc EndOffset="4474" SrcFileId="1" StartOffset="4441"/>
<Loc EndOffset="4575" SrcFileId="1" StartOffset="4478"/>
</LocList>
<CondStmnt CovItemId="S67" CovItemPrefix="libFSTest.test.DatiGenerazione.java" Intrnl_Id="204">
<Branch CovItemId="B23" CovItemPrefix="libFSTest.test.DatiGenerazione.java" Implct="false" Intrnl_Id="205">
<Cond/>
<LocList>
<Loc EndOffset="4474" SrcFileId="1" StartOffset="4460"/>
</LocList>
<StmntSeq Intrnl_Id="206">
<LocList>
<Loc EndOffset="4474" SrcFileId="1" StartOffset="4460"/>
</LocList>
<BasicStmnt CovItemId="S68" CovItemPrefix="libFSTest.test.DatiGenerazione.java" Intrnl_Id="207">
<LocList>
<Loc EndOffset="4474" SrcFileId="1" StartOffset="4460"/>
</LocList>
</BasicStmnt>
</StmntSeq>
</Branch>
<Branch CovItemId="B24" CovItemPrefix="libFSTest.test.DatiGenerazione.java" Implct="true" Intrnl_Id="208">
<Cond/>
<LocList/>
<StmntSeq Intrnl_Id="209">
<LocList/>
</StmntSeq>
</Branch>
<Keyword EndOffset="4443" SrcFileId="1" StartOffset="4441"/>
<LocList>
<Loc EndOffset="4474" SrcFileId="1" StartOffset="4441"/>
</LocList>
<RootTerm CovItemId="C12" CovItemPrefix="libFSTest.test.DatiGenerazione.java" Intrnl_Id="210">
<BasicBoolTerm Intrnl_Id="211">
<LocList>
<Loc EndOffset="4454" SrcFileId="1" StartOffset="4444"/>
</LocList>
</BasicBoolTerm>
</RootTerm>
</CondStmnt>
<CondStmnt CovItemId="S69" CovItemPrefix="libFSTest.test.DatiGenerazione.java" Intrnl_Id="212">
<Branch CovItemId="B25" CovItemPrefix="libFSTest.test.DatiGenerazione.java" Implct="false" Intrnl_Id="213">
<Cond/>
<LocList>
<Loc EndOffset="4547" SrcFileId="1" StartOffset="4526"/>
</LocList>
<StmntSeq Intrnl_Id="214">
<LocList>
<Loc EndOffset="4547" SrcFileId="1" StartOffset="4526"/>
</LocList>
<BasicStmnt CovItemId="S70" CovItemPrefix="libFSTest.test.DatiGenerazione.java" Intrnl_Id="215">
<LocList>
<Loc EndOffset="4547" SrcFileId="1" StartOffset="4526"/>
</LocList>
</BasicStmnt>
</StmntSeq>
</Branch>
<Branch CovItemId="B26" CovItemPrefix="libFSTest.test.DatiGenerazione.java" Implct="false" Intrnl_Id="216">
<Cond>
<Loc EndOffset="4555" SrcFileId="1" StartOffset="4551"/>
</Cond>
<LocList>
<Loc EndOffset="4575" SrcFileId="1" StartOffset="4556"/>
</LocList>
<StmntSeq Intrnl_Id="217">
<LocList>
<Loc EndOffset="4575" SrcFileId="1" StartOffset="4556"/>
</LocList>
<BasicStmnt CovItemId="S71" CovItemPrefix="libFSTest.test.DatiGenerazione.java" Intrnl_Id="218">
<LocList>
<Loc EndOffset="4575" SrcFileId="1" StartOffset="4556"/>
</LocList>
</BasicStmnt>
</StmntSeq>
</Branch>
<Keyword EndOffset="4480" SrcFileId="1" StartOffset="4478"/>
<LocList>
<Loc EndOffset="4575" SrcFileId="1" StartOffset="4478"/>
</LocList>
<RootTerm CovItemId="C13" CovItemPrefix="libFSTest.test.DatiGenerazione.java" Intrnl_Id="219">
<OpTerm BooleanOpId="2" Intrnl_Id="220">
<OpTerm BooleanOpId="2" Intrnl_Id="221">
<BasicBoolTerm Intrnl_Id="222">
<LocList>
<Loc EndOffset="4498" SrcFileId="1" StartOffset="4481"/>
</LocList>
</BasicBoolTerm>
<BasicBoolTerm Intrnl_Id="223">
<LocList>
<Loc EndOffset="4508" SrcFileId="1" StartOffset="4500"/>
</LocList>
</BasicBoolTerm>
<LocList>
<Loc EndOffset="4500" SrcFileId="1" StartOffset="4498"/>
</LocList>
</OpTerm>
<BasicBoolTerm Intrnl_Id="224">
<LocList>
<Loc EndOffset="4524" SrcFileId="1" StartOffset="4510"/>
</LocList>
</BasicBoolTerm>
<LocList>
<Loc EndOffset="4510" SrcFileId="1" StartOffset="4508"/>
</LocList>
</OpTerm>
</RootTerm>
</CondStmnt>
</StmntSeq>
</HierarchyLvl>
<HierarchyLvl HierarchyLvlId="207" HierarchyLvlTypeId="5" Intrnl_Id="225" Name="getDistSchermo">
<Header>
<Loc EndOffset="4654" SrcFileId="1" StartOffset="4627"/>
</Header>
<LocList>
<Loc EndOffset="4683" SrcFileId="1" StartOffset="4627"/>
</LocList>
<StmntSeq Intrnl_Id="226">
<LocList>
<Loc EndOffset="4679" SrcFileId="1" StartOffset="4660"/>
</LocList>
<BasicStmnt CovItemId="S72" CovItemPrefix="libFSTest.test.DatiGenerazione.java" Intrnl_Id="227">
<LocList>
<Loc EndOffset="4679" SrcFileId="1" StartOffset="4660"/>
</LocList>
</BasicStmnt>
</StmntSeq>
</HierarchyLvl>
<HierarchyLvl HierarchyLvlId="208" HierarchyLvlTypeId="5" Intrnl_Id="228" Name="setDistSchermo">
<Header>
<Loc EndOffset="4788" SrcFileId="1" StartOffset="4745"/>
</Header>
<LocList>
<Loc EndOffset="4832" SrcFileId="1" StartOffset="4745"/>
</LocList>
<StmntSeq Intrnl_Id="229">
<LocList>
<Loc EndOffset="4828" SrcFileId="1" StartOffset="4794"/>
</LocList>
<BasicStmnt CovItemId="S73" CovItemPrefix="libFSTest.test.DatiGenerazione.java" Intrnl_Id="230">
<LocList>
<Loc EndOffset="4828" SrcFileId="1" StartOffset="4794"/>
</LocList>
</BasicStmnt>
</StmntSeq>
</HierarchyLvl>
<HierarchyLvl HierarchyLvlId="209" HierarchyLvlTypeId="5" Intrnl_Id="231" Name="getC1">
<Header>
<Loc EndOffset="4887" SrcFileId="1" StartOffset="4867"/>
</Header>
<LocList>
<Loc EndOffset="4907" SrcFileId="1" StartOffset="4867"/>
</LocList>
<StmntSeq Intrnl_Id="232">
<LocList>
<Loc EndOffset="4903" SrcFileId="1" StartOffset="4893"/>
</LocList>
<BasicStmnt CovItemId="S74" CovItemPrefix="libFSTest.test.DatiGenerazione.java" Intrnl_Id="233">
<LocList>
<Loc EndOffset="4903" SrcFileId="1" StartOffset="4893"/>
</LocList>
</BasicStmnt>
</StmntSeq>
</HierarchyLvl>
<HierarchyLvl HierarchyLvlId="210" HierarchyLvlTypeId="5" Intrnl_Id="234" Name="setC1">
<Header>
<Loc EndOffset="4978" SrcFileId="1" StartOffset="4951"/>
</Header>
<LocList>
<Loc EndOffset="5001" SrcFileId="1" StartOffset="4951"/>
</LocList>
<StmntSeq Intrnl_Id="235">
<LocList>
<Loc EndOffset="4997" SrcFileId="1" StartOffset="4984"/>
</LocList>
<BasicStmnt CovItemId="S75" CovItemPrefix="libFSTest.test.DatiGenerazione.java" Intrnl_Id="236">
<LocList>
<Loc EndOffset="4997" SrcFileId="1" StartOffset="4984"/>
</LocList>
</BasicStmnt>
</StmntSeq>
</HierarchyLvl>
<HierarchyLvl HierarchyLvlId="211" HierarchyLvlTypeId="5" Intrnl_Id="237" Name="getC2">
<Header>
<Loc EndOffset="5056" SrcFileId="1" StartOffset="5036"/>
</Header>
<LocList>
<Loc EndOffset="5076" SrcFileId="1" StartOffset="5036"/>
</LocList>
<StmntSeq Intrnl_Id="238">
<LocList>
<Loc EndOffset="5072" SrcFileId="1" StartOffset="5062"/>
</LocList>
<BasicStmnt CovItemId="S76" CovItemPrefix="libFSTest.test.DatiGenerazione.java" Intrnl_Id="239">
<LocList>
<Loc EndOffset="5072" SrcFileId="1" StartOffset="5062"/>
</LocList>
</BasicStmnt>
</StmntSeq>
</HierarchyLvl>
<HierarchyLvl HierarchyLvlId="212" HierarchyLvlTypeId="5" Intrnl_Id="240" Name="setC2">
<Header>
<Loc EndOffset="5147" SrcFileId="1" StartOffset="5120"/>
</Header>
<LocList>
<Loc EndOffset="5170" SrcFileId="1" StartOffset="5120"/>
</LocList>
<StmntSeq Intrnl_Id="241">
<LocList>
<Loc EndOffset="5166" SrcFileId="1" StartOffset="5153"/>
</LocList>
<BasicStmnt CovItemId="S77" CovItemPrefix="libFSTest.test.DatiGenerazione.java" Intrnl_Id="242">
<LocList>
<Loc EndOffset="5166" SrcFileId="1" StartOffset="5153"/>
</LocList>
</BasicStmnt>
</StmntSeq>
</HierarchyLvl>
<HierarchyLvl HierarchyLvlId="213" HierarchyLvlTypeId="5" Intrnl_Id="243" Name="getPos">
<Header>
<Loc EndOffset="5232" SrcFileId="1" StartOffset="5209"/>
</Header>
<LocList>
<Loc EndOffset="5253" SrcFileId="1" StartOffset="5209"/>
</LocList>
<StmntSeq Intrnl_Id="244">
<LocList>
<Loc EndOffset="5249" SrcFileId="1" StartOffset="5238"/>
</LocList>
<BasicStmnt CovItemId="S78" CovItemPrefix="libFSTest.test.DatiGenerazione.java" Intrnl_Id="245">
<LocList>
<Loc EndOffset="5249" SrcFileId="1" StartOffset="5238"/>
</LocList>
</BasicStmnt>
</StmntSeq>
</HierarchyLvl>
<HierarchyLvl HierarchyLvlId="214" HierarchyLvlTypeId="5" Intrnl_Id="246" Name="setPos">
<Header>
<Loc EndOffset="5376" SrcFileId="1" StartOffset="5345"/>
</Header>
<LocList>
<Loc EndOffset="5496" SrcFileId="1" StartOffset="5345"/>
</LocList>
<StmntSeq Intrnl_Id="247">
<LocList>
<Loc EndOffset="5474" SrcFileId="1" StartOffset="5382"/>
<Loc EndOffset="5488" SrcFileId="1" StartOffset="5478"/>
</LocList>
<CondStmnt CovItemId="S79" CovItemPrefix="libFSTest.test.DatiGenerazione.java" Intrnl_Id="248">
<Branch CovItemId="B27" CovItemPrefix="libFSTest.test.DatiGenerazione.java" Implct="false" Intrnl_Id="249">
<Cond/>
<LocList>
<Loc EndOffset="5474" SrcFileId="1" StartOffset="5395"/>
</LocList>
<StmntSeq Intrnl_Id="250">
<LocList>
<Loc EndOffset="5421" SrcFileId="1" StartOffset="5401"/>
<Loc EndOffset="5446" SrcFileId="1" StartOffset="5426"/>
<Loc EndOffset="5469" SrcFileId="1" StartOffset="5451"/>
</LocList>
<BasicStmnt CovItemId="S80" CovItemPrefix="libFSTest.test.DatiGenerazione.java" Intrnl_Id="251">
<LocList>
<Loc EndOffset="5421" SrcFileId="1" StartOffset="5401"/>
</LocList>
</BasicStmnt>
<BasicStmnt CovItemId="S81" CovItemPrefix="libFSTest.test.DatiGenerazione.java" Intrnl_Id="252">
<LocList>
<Loc EndOffset="5446" SrcFileId="1" StartOffset="5426"/>
</LocList>
</BasicStmnt>
<BasicStmnt CovItemId="S82" CovItemPrefix="libFSTest.test.DatiGenerazione.java" Intrnl_Id="253">
<LocList>
<Loc EndOffset="5469" SrcFileId="1" StartOffset="5451"/>
</LocList>
</BasicStmnt>
</StmntSeq>
</Branch>
<Branch CovItemId="B28" CovItemPrefix="libFSTest.test.DatiGenerazione.java" Implct="true" Intrnl_Id="254">
<Cond/>
<LocList/>
<StmntSeq Intrnl_Id="255">
<LocList/>
</StmntSeq>
</Branch>
<Keyword EndOffset="5384" SrcFileId="1" StartOffset="5382"/>
<LocList>
<Loc EndOffset="5474" SrcFileId="1" StartOffset="5382"/>
</LocList>
<RootTerm CovItemId="C14" CovItemPrefix="libFSTest.test.DatiGenerazione.java" Intrnl_Id="256">
<BasicBoolTerm Intrnl_Id="257">
<LocList>
<Loc EndOffset="5393" SrcFileId="1" StartOffset="5385"/>
</LocList>
</BasicBoolTerm>
</RootTerm>
</CondStmnt>
<BasicStmnt CovItemId="S83" CovItemPrefix="libFSTest.test.DatiGenerazione.java" Intrnl_Id="258">
<LocList>
<Loc EndOffset="5488" SrcFileId="1" StartOffset="5478"/>
</LocList>
</BasicStmnt>
</StmntSeq>
</HierarchyLvl>
<HierarchyLvl HierarchyLvlId="215" HierarchyLvlTypeId="5" Intrnl_Id="259" Name="getLivello">
<Header>
<Loc EndOffset="5575" SrcFileId="1" StartOffset="5549"/>
</Header>
<LocList>
<Loc EndOffset="5600" SrcFileId="1" StartOffset="5549"/>
</LocList>
<StmntSeq Intrnl_Id="260">
<LocList>
<Loc EndOffset="5596" SrcFileId="1" StartOffset="5581"/>
</LocList>
<BasicStmnt CovItemId="S84" CovItemPrefix="libFSTest.test.DatiGenerazione.java" Intrnl_Id="261">
<LocList>
<Loc EndOffset="5596" SrcFileId="1" StartOffset="5581"/>
</LocList>
</BasicStmnt>
</StmntSeq>
</HierarchyLvl>
<HierarchyLvl HierarchyLvlId="216" HierarchyLvlTypeId="5" Intrnl_Id="262" Name="setLivello">
<Header>
<Loc EndOffset="5688" SrcFileId="1" StartOffset="5656"/>
</Header>
<LocList>
<Loc EndOffset="5710" SrcFileId="1" StartOffset="5656"/>
</LocList>
<StmntSeq Intrnl_Id="263">
<LocList>
<Loc EndOffset="5706" SrcFileId="1" StartOffset="5694"/>
</LocList>
<BasicStmnt CovItemId="S85" CovItemPrefix="libFSTest.test.DatiGenerazione.java" Intrnl_Id="264">
<LocList>
<Loc EndOffset="5706" SrcFileId="1" StartOffset="5694"/>
</LocList>
</BasicStmnt>
</StmntSeq>
</HierarchyLvl>
<HierarchyLvl HierarchyLvlId="217" HierarchyLvlTypeId="5" Intrnl_Id="265" Name="getAngolo">
<Header>
<Loc EndOffset="5774" SrcFileId="1" StartOffset="5749"/>
</Header>
<LocList>
<Loc EndOffset="5798" SrcFileId="1" StartOffset="5749"/>
</LocList>
<StmntSeq Intrnl_Id="266">
<LocList>
<Loc EndOffset="5794" SrcFileId="1" StartOffset="5780"/>
</LocList>
<BasicStmnt CovItemId="S86" CovItemPrefix="libFSTest.test.DatiGenerazione.java" Intrnl_Id="267">
<LocList>
<Loc EndOffset="5794" SrcFileId="1" StartOffset="5780"/>
</LocList>
</BasicStmnt>
</StmntSeq>
</HierarchyLvl>
<HierarchyLvl HierarchyLvlId="218" HierarchyLvlTypeId="5" Intrnl_Id="268" Name="setAngolo">
<Header>
<Loc EndOffset="5876" SrcFileId="1" StartOffset="5845"/>
</Header>
<LocList>
<Loc EndOffset="5902" SrcFileId="1" StartOffset="5845"/>
</LocList>
<StmntSeq Intrnl_Id="269">
<LocList>
<Loc EndOffset="5898" SrcFileId="1" StartOffset="5882"/>
</LocList>
<BasicStmnt CovItemId="S87" CovItemPrefix="libFSTest.test.DatiGenerazione.java" Intrnl_Id="270">
<LocList>
<Loc EndOffset="5898" SrcFileId="1" StartOffset="5882"/>
</LocList>
</BasicStmnt>
</StmntSeq>
</HierarchyLvl>
<HierarchyLvl HierarchyLvlId="219" HierarchyLvlTypeId="5" Intrnl_Id="271" Name="getDataEsame">
<Header>
<Loc EndOffset="5974" SrcFileId="1" StartOffset="5944"/>
</Header>
<LocList>
<Loc EndOffset="6001" SrcFileId="1" StartOffset="5944"/>
</LocList>
<StmntSeq Intrnl_Id="272">
<LocList>
<Loc EndOffset="5997" SrcFileId="1" StartOffset="5980"/>
</LocList>
<BasicStmnt CovItemId="S88" CovItemPrefix="libFSTest.test.DatiGenerazione.java" Intrnl_Id="273">
<LocList>
<Loc EndOffset="5997" SrcFileId="1" StartOffset="5980"/>
</LocList>
</BasicStmnt>
</StmntSeq>
</HierarchyLvl>
<HierarchyLvl HierarchyLvlId="220" HierarchyLvlTypeId="5" Intrnl_Id="274" Name="setDimensione">
<Header>
<Loc EndOffset="6129" SrcFileId="1" StartOffset="6082"/>
</Header>
<LocList>
<Loc EndOffset="6168" SrcFileId="1" StartOffset="6082"/>
</LocList>
<StmntSeq Intrnl_Id="275">
<LocList>
<Loc EndOffset="6164" SrcFileId="1" StartOffset="6135"/>
</LocList>
<BasicStmnt CovItemId="S89" CovItemPrefix="libFSTest.test.DatiGenerazione.java" Intrnl_Id="276">
<LocList>
<Loc EndOffset="6164" SrcFileId="1" StartOffset="6135"/>
</LocList>
</BasicStmnt>
</StmntSeq>
</HierarchyLvl>
<HierarchyLvl HierarchyLvlId="221" HierarchyLvlTypeId="5" Intrnl_Id="277" Name="getDimensione">
<Header>
<Loc EndOffset="6239" SrcFileId="1" StartOffset="6207"/>
</Header>
<LocList>
<Loc EndOffset="6267" SrcFileId="1" StartOffset="6207"/>
</LocList>
<StmntSeq Intrnl_Id="278">
<LocList>
<Loc EndOffset="6263" SrcFileId="1" StartOffset="6245"/>
</LocList>
<BasicStmnt CovItemId="S90" CovItemPrefix="libFSTest.test.DatiGenerazione.java" Intrnl_Id="279">
<LocList>
<Loc EndOffset="6263" SrcFileId="1" StartOffset="6245"/>
</LocList>
</BasicStmnt>
</StmntSeq>
</HierarchyLvl>
<HierarchyLvl HierarchyLvlId="222" HierarchyLvlTypeId="5" Intrnl_Id="280" Name="setDimensione">
<Header>
<Loc EndOffset="6394" SrcFileId="1" StartOffset="6356"/>
</Header>
<LocList>
<Loc EndOffset="6441" SrcFileId="1" StartOffset="6356"/>
</LocList>
<StmntSeq Intrnl_Id="281">
<LocList>
<Loc EndOffset="6437" SrcFileId="1" StartOffset="6400"/>
</LocList>
<BasicStmnt CovItemId="S91" CovItemPrefix="libFSTest.test.DatiGenerazione.java" Intrnl_Id="282">
<LocList>
<Loc EndOffset="6437" SrcFileId="1" StartOffset="6400"/>
</LocList>
</BasicStmnt>
</StmntSeq>
</HierarchyLvl>
<HierarchyLvl HierarchyLvlId="223" HierarchyLvlTypeId="5" Intrnl_Id="283" Name="setDimensione">
<Header>
<Loc EndOffset="6573" SrcFileId="1" StartOffset="6529"/>
</Header>
<LocList>
<Loc EndOffset="6630" SrcFileId="1" StartOffset="6529"/>
</LocList>
<StmntSeq Intrnl_Id="284">
<LocList>
<Loc EndOffset="6626" SrcFileId="1" StartOffset="6579"/>
</LocList>
<BasicStmnt CovItemId="S92" CovItemPrefix="libFSTest.test.DatiGenerazione.java" Intrnl_Id="285">
<LocList>
<Loc EndOffset="6626" SrcFileId="1" StartOffset="6579"/>
</LocList>
</BasicStmnt>
</StmntSeq>
</HierarchyLvl>
</HierarchyLvl>
</HierarchyLvl>
</HierarchyLvl>
</HierarchyLvl>
</MASTRoot>
</TestSessionContainer>
